#! /c/Source/iverilog-install/bin/vvp
:ivl_version "12.0 (devel)" "(s20150603-1110-g18392a46)";
:ivl_delay_selection "TYPICAL";
:vpi_time_precision + 0;
:vpi_module "C:\iverilog\lib\ivl\system.vpi";
:vpi_module "C:\iverilog\lib\ivl\vhdl_sys.vpi";
:vpi_module "C:\iverilog\lib\ivl\vhdl_textio.vpi";
:vpi_module "C:\iverilog\lib\ivl\v2005_math.vpi";
:vpi_module "C:\iverilog\lib\ivl\va_math.vpi";
S_000001570e3b70d0 .scope module, "test_bench" "test_bench" 2 1;
 .timescale 0 0;
v000001570e42a640_0 .var "S", 1 0;
v000001570e42aa00_0 .var "clk", 0 0;
v000001570e42afa0_0 .var "p_din", 3 0;
v000001570e42ac80_0 .net "p_dout", 3 0, v000001570e3c4d80_0;  1 drivers
v000001570e42a140_0 .var "rst_n", 0 0;
v000001570e42a6e0_0 .var "sl_in", 0 0;
v000001570e42a5a0_0 .net "sl_out", 0 0, v000001570e3b8a80_0;  1 drivers
v000001570e42a320_0 .var "sr_in", 0 0;
v000001570e42af00_0 .net "sr_out", 0 0, v000001570e3b8bc0_0;  1 drivers
E_000001570e3c3e90 .event posedge, v000001570e3c73d0_0;
S_000001570e3b7e20 .scope module, "DUT" "universal_shift_register" 2 10, 3 1 0, S_000001570e3b70d0;
 .timescale 0 0;
    .port_info 0 /INPUT 1 "clk";
    .port_info 1 /INPUT 1 "rst_n";
    .port_info 2 /INPUT 2 "S";
    .port_info 3 /INPUT 1 "sl_in";
    .port_info 4 /INPUT 1 "sr_in";
    .port_info 5 /INPUT 4 "p_din";
    .port_info 6 /OUTPUT 4 "p_dout";
    .port_info 7 /OUTPUT 1 "sr_out";
    .port_info 8 /OUTPUT 1 "sl_out";
v000001570e3bf710_0 .net "S", 1 0, v000001570e42a640_0;  1 drivers
v000001570e3c73d0_0 .net "clk", 0 0, v000001570e42aa00_0;  1 drivers
v000001570e3c4ce0_0 .net "p_din", 3 0, v000001570e42afa0_0;  1 drivers
v000001570e3c4d80_0 .var "p_dout", 3 0;
v000001570e3c4e20_0 .net "rst_n", 0 0, v000001570e42a140_0;  1 drivers
v000001570e3c4ec0_0 .net "sl_in", 0 0, v000001570e42a6e0_0;  1 drivers
v000001570e3b8a80_0 .var "sl_out", 0 0;
v000001570e3b8b20_0 .net "sr_in", 0 0, v000001570e42a320_0;  1 drivers
v000001570e3b8bc0_0 .var "sr_out", 0 0;
E_000001570e3c3a50/0 .event negedge, v000001570e3c4e20_0;
E_000001570e3c3a50/1 .event posedge, v000001570e3c73d0_0;
E_000001570e3c3a50 .event/or E_000001570e3c3a50/0, E_000001570e3c3a50/1;
S_000001570e4aac70 .scope task, "check_result" "check_result" 2 77, 2 77 0, S_000001570e3b70d0;
 .timescale 0 0;
v000001570e3b8c60_0 .var "a", 3 0;
v000001570e3b8d00_0 .var "b", 3 0;
TD_test_bench.check_result ;
    %load/vec4 v000001570e3b8c60_0;
    %load/vec4 v000001570e3b8d00_0;
    %cmp/ne;
    %jmp/0xz  T_0.0, 4;
    %vpi_call 2 81 "$display", "===== t=%d FAILED, output does not match =====", $time {0 0 0};
    %vpi_call 2 82 "$display", "===== t=%d Expected value is %b, Actual value is %b =====", $time, v000001570e3b8c60_0, v000001570e3b8d00_0 {0 0 0};
    %jmp T_0.1;
T_0.0 ;
    %vpi_call 2 85 "$display", "===== t=%d PASSED SUCCESSFULLY =====", $time {0 0 0};
T_0.1 ;
    %end;
S_000001570e4aae00 .scope task, "check_shift" "check_shift" 2 89, 2 89 0, S_000001570e3b70d0;
 .timescale 0 0;
v000001570e392b80_0 .var "c", 0 0;
v000001570e42b040_0 .var "d", 0 0;
TD_test_bench.check_shift ;
    %load/vec4 v000001570e392b80_0;
    %load/vec4 v000001570e42b040_0;
    %cmp/ne;
    %jmp/0xz  T_1.2, 4;
    %vpi_call 2 93 "$display", "===== t=%d FAILED, shift value does not match =====", $time {0 0 0};
    %vpi_call 2 94 "$display", "===== t=%d Expected value is %b, Actual value is %b =====", $time, v000001570e392b80_0, v000001570e42b040_0 {0 0 0};
    %jmp T_1.3;
T_1.2 ;
    %vpi_call 2 97 "$display", "===== t=%d PASSED SUCCESSFULLY =====", $time {0 0 0};
T_1.3 ;
    %end;
    .scope S_000001570e3b7e20;
T_2 ;
    %wait E_000001570e3c3a50;
    %load/vec4 v000001570e3c4e20_0;
    %nor/r;
    %flag_set/vec4 8;
    %jmp/0xz  T_2.0, 8;
    %pushi/vec4 0, 0, 4;
    %assign/vec4 v000001570e3c4d80_0, 0;
    %jmp T_2.1;
T_2.0 ;
    %load/vec4 v000001570e3bf710_0;
    %dup/vec4;
    %pushi/vec4 0, 0, 2;
    %cmp/u;
    %jmp/1 T_2.2, 6;
    %dup/vec4;
    %pushi/vec4 1, 0, 2;
    %cmp/u;
    %jmp/1 T_2.3, 6;
    %dup/vec4;
    %pushi/vec4 2, 0, 2;
    %cmp/u;
    %jmp/1 T_2.4, 6;
    %dup/vec4;
    %pushi/vec4 3, 0, 2;
    %cmp/u;
    %jmp/1 T_2.5, 6;
    %jmp T_2.6;
T_2.2 ;
    %load/vec4 v000001570e3c4d80_0;
    %assign/vec4 v000001570e3c4d80_0, 0;
    %jmp T_2.6;
T_2.3 ;
    %load/vec4 v000001570e3c4d80_0;
    %parti/s 1, 0, 2;
    %assign/vec4 v000001570e3b8bc0_0, 0;
    %load/vec4 v000001570e3b8b20_0;
    %load/vec4 v000001570e3c4d80_0;
    %parti/s 3, 1, 2;
    %concat/vec4; draw_concat_vec4
    %assign/vec4 v000001570e3c4d80_0, 0;
    %jmp T_2.6;
T_2.4 ;
    %load/vec4 v000001570e3c4d80_0;
    %parti/s 1, 3, 3;
    %store/vec4 v000001570e3b8a80_0, 0, 1;
    %load/vec4 v000001570e3c4d80_0;
    %parti/s 3, 0, 2;
    %load/vec4 v000001570e3c4ec0_0;
    %concat/vec4; draw_concat_vec4
    %assign/vec4 v000001570e3c4d80_0, 0;
    %jmp T_2.6;
T_2.5 ;
    %load/vec4 v000001570e3c4ce0_0;
    %assign/vec4 v000001570e3c4d80_0, 0;
    %jmp T_2.6;
T_2.6 ;
    %pop/vec4 1;
T_2.1 ;
    %jmp T_2;
    .thread T_2;
    .scope S_000001570e3b70d0;
T_3 ;
    %pushi/vec4 0, 0, 1;
    %store/vec4 v000001570e42aa00_0, 0, 1;
T_3.0 ;
    %delay 25, 0;
    %load/vec4 v000001570e42aa00_0;
    %inv;
    %store/vec4 v000001570e42aa00_0, 0, 1;
    %jmp T_3.0;
    %end;
    .thread T_3;
    .scope S_000001570e3b70d0;
T_4 ;
    %vpi_call 2 18 "$dumpfile", "wave.vcd" {0 0 0};
    %vpi_call 2 19 "$dumpvars", 32'sb00000000000000000000000000000000, S_000001570e3b70d0 {0 0 0};
    %vpi_call 2 20 "$display", "===== Universal Shift Register Testbench =====" {0 0 0};
    %vpi_call 2 21 "$monitor", "\012===== Input value is %4b, Selection's value is %2b, New right value is %b, New left value is %b =====", v000001570e42afa0_0, v000001570e42a640_0, v000001570e42a320_0, v000001570e42a6e0_0 {0 0 0};
    %vpi_call 2 22 "$display", "===== Initial Case: Reset value is Low =====" {0 0 0};
    %pushi/vec4 0, 0, 1;
    %store/vec4 v000001570e42a140_0, 0, 1;
    %delay 1, 0;
    %pushi/vec4 0, 0, 4;
    %store/vec4 v000001570e3b8c60_0, 0, 4;
    %load/vec4 v000001570e42ac80_0;
    %store/vec4 v000001570e3b8d00_0, 0, 4;
    %fork TD_test_bench.check_result, S_000001570e4aac70;
    %join;
    %vpi_call 2 27 "$display", "===== Case: Reset value is High =====" {0 0 0};
    %pushi/vec4 1, 0, 1;
    %store/vec4 v000001570e42a140_0, 0, 1;
    %pushi/vec4 0, 0, 4;
    %store/vec4 v000001570e42afa0_0, 0, 4;
    %pushi/vec4 0, 0, 1;
    %store/vec4 v000001570e42a320_0, 0, 1;
    %pushi/vec4 0, 0, 1;
    %store/vec4 v000001570e42a6e0_0, 0, 1;
    %pushi/vec4 0, 0, 2;
    %store/vec4 v000001570e42a640_0, 0, 2;
    %wait E_000001570e3c3e90;
    %delay 1, 0;
    %pushi/vec4 0, 0, 4;
    %store/vec4 v000001570e3b8c60_0, 0, 4;
    %load/vec4 v000001570e42ac80_0;
    %store/vec4 v000001570e3b8d00_0, 0, 4;
    %fork TD_test_bench.check_result, S_000001570e4aac70;
    %join;
    %pushi/vec4 15, 0, 4;
    %store/vec4 v000001570e42afa0_0, 0, 4;
    %pushi/vec4 0, 0, 1;
    %store/vec4 v000001570e42a320_0, 0, 1;
    %pushi/vec4 0, 0, 1;
    %store/vec4 v000001570e42a6e0_0, 0, 1;
    %pushi/vec4 0, 0, 2;
    %store/vec4 v000001570e42a640_0, 0, 2;
    %wait E_000001570e3c3e90;
    %delay 1, 0;
    %pushi/vec4 0, 0, 4;
    %store/vec4 v000001570e3b8c60_0, 0, 4;
    %load/vec4 v000001570e42ac80_0;
    %store/vec4 v000001570e3b8d00_0, 0, 4;
    %fork TD_test_bench.check_result, S_000001570e4aac70;
    %join;
    %pushi/vec4 15, 0, 4;
    %store/vec4 v000001570e42afa0_0, 0, 4;
    %pushi/vec4 0, 0, 1;
    %store/vec4 v000001570e42a320_0, 0, 1;
    %pushi/vec4 0, 0, 1;
    %store/vec4 v000001570e42a6e0_0, 0, 1;
    %pushi/vec4 3, 0, 2;
    %store/vec4 v000001570e42a640_0, 0, 2;
    %wait E_000001570e3c3e90;
    %delay 1, 0;
    %pushi/vec4 15, 0, 4;
    %store/vec4 v000001570e3b8c60_0, 0, 4;
    %load/vec4 v000001570e42ac80_0;
    %store/vec4 v000001570e3b8d00_0, 0, 4;
    %fork TD_test_bench.check_result, S_000001570e4aac70;
    %join;
    %pushi/vec4 15, 0, 4;
    %store/vec4 v000001570e42afa0_0, 0, 4;
    %pushi/vec4 0, 0, 1;
    %store/vec4 v000001570e42a320_0, 0, 1;
    %pushi/vec4 0, 0, 1;
    %store/vec4 v000001570e42a6e0_0, 0, 1;
    %pushi/vec4 2, 0, 2;
    %store/vec4 v000001570e42a640_0, 0, 2;
    %wait E_000001570e3c3e90;
    %delay 1, 0;
    %pushi/vec4 14, 0, 4;
    %store/vec4 v000001570e3b8c60_0, 0, 4;
    %load/vec4 v000001570e42ac80_0;
    %store/vec4 v000001570e3b8d00_0, 0, 4;
    %fork TD_test_bench.check_result, S_000001570e4aac70;
    %join;
    %pushi/vec4 1, 0, 1;
    %store/vec4 v000001570e392b80_0, 0, 1;
    %load/vec4 v000001570e42a5a0_0;
    %store/vec4 v000001570e42b040_0, 0, 1;
    %fork TD_test_bench.check_shift, S_000001570e4aae00;
    %join;
    %pushi/vec4 15, 0, 4;
    %store/vec4 v000001570e42afa0_0, 0, 4;
    %pushi/vec4 0, 0, 1;
    %store/vec4 v000001570e42a320_0, 0, 1;
    %pushi/vec4 0, 0, 1;
    %store/vec4 v000001570e42a6e0_0, 0, 1;
    %pushi/vec4 1, 0, 2;
    %store/vec4 v000001570e42a640_0, 0, 2;
    %wait E_000001570e3c3e90;
    %delay 1, 0;
    %pushi/vec4 7, 0, 4;
    %store/vec4 v000001570e3b8c60_0, 0, 4;
    %load/vec4 v000001570e42ac80_0;
    %store/vec4 v000001570e3b8d00_0, 0, 4;
    %fork TD_test_bench.check_result, S_000001570e4aac70;
    %join;
    %pushi/vec4 1, 0, 1;
    %store/vec4 v000001570e392b80_0, 0, 1;
    %load/vec4 v000001570e42af00_0;
    %store/vec4 v000001570e42b040_0, 0, 1;
    %fork TD_test_bench.check_shift, S_000001570e4aae00;
    %join;
    %pushi/vec4 9, 0, 4;
    %store/vec4 v000001570e42afa0_0, 0, 4;
    %pushi/vec4 0, 0, 1;
    %store/vec4 v000001570e42a320_0, 0, 1;
    %pushi/vec4 0, 0, 1;
    %store/vec4 v000001570e42a6e0_0, 0, 1;
    %pushi/vec4 3, 0, 2;
    %store/vec4 v000001570e42a640_0, 0, 2;
    %wait E_000001570e3c3e90;
    %delay 1, 0;
    %pushi/vec4 9, 0, 4;
    %store/vec4 v000001570e3b8c60_0, 0, 4;
    %load/vec4 v000001570e42ac80_0;
    %store/vec4 v000001570e3b8d00_0, 0, 4;
    %fork TD_test_bench.check_result, S_000001570e4aac70;
    %join;
    %pushi/vec4 0, 0, 1;
    %store/vec4 v000001570e42a320_0, 0, 1;
    %pushi/vec4 1, 0, 1;
    %store/vec4 v000001570e42a6e0_0, 0, 1;
    %pushi/vec4 2, 0, 2;
    %store/vec4 v000001570e42a640_0, 0, 2;
    %wait E_000001570e3c3e90;
    %delay 1, 0;
    %pushi/vec4 3, 0, 4;
    %store/vec4 v000001570e3b8c60_0, 0, 4;
    %load/vec4 v000001570e42ac80_0;
    %store/vec4 v000001570e3b8d00_0, 0, 4;
    %fork TD_test_bench.check_result, S_000001570e4aac70;
    %join;
    %pushi/vec4 1, 0, 1;
    %store/vec4 v000001570e392b80_0, 0, 1;
    %load/vec4 v000001570e42a5a0_0;
    %store/vec4 v000001570e42b040_0, 0, 1;
    %fork TD_test_bench.check_shift, S_000001570e4aae00;
    %join;
    %pushi/vec4 0, 0, 1;
    %store/vec4 v000001570e42a320_0, 0, 1;
    %pushi/vec4 1, 0, 1;
    %store/vec4 v000001570e42a6e0_0, 0, 1;
    %pushi/vec4 1, 0, 2;
    %store/vec4 v000001570e42a640_0, 0, 2;
    %wait E_000001570e3c3e90;
    %delay 1, 0;
    %pushi/vec4 1, 0, 4;
    %store/vec4 v000001570e3b8c60_0, 0, 4;
    %load/vec4 v000001570e42ac80_0;
    %store/vec4 v000001570e3b8d00_0, 0, 4;
    %fork TD_test_bench.check_result, S_000001570e4aac70;
    %join;
    %pushi/vec4 1, 0, 1;
    %store/vec4 v000001570e392b80_0, 0, 1;
    %load/vec4 v000001570e42af00_0;
    %store/vec4 v000001570e42b040_0, 0, 1;
    %fork TD_test_bench.check_shift, S_000001570e4aae00;
    %join;
    %delay 10, 0;
    %vpi_call 2 74 "$finish" {0 0 0};
    %end;
    .thread T_4;
# The file index is used to find the file name in the following table.
:file_names 4;
    "N/A";
    "<interactive>";
    "../tb/test_bench.v";
    "../rtl/universal_shift_register.v";
