#! /c/Source/iverilog-install/bin/vvp
:ivl_version "12.0 (devel)" "(s20150603-1110-g18392a46)";
:ivl_delay_selection "TYPICAL";
:vpi_time_precision + 0;
:vpi_module "C:\iverilog\lib\ivl\system.vpi";
:vpi_module "C:\iverilog\lib\ivl\vhdl_sys.vpi";
:vpi_module "C:\iverilog\lib\ivl\vhdl_textio.vpi";
:vpi_module "C:\iverilog\lib\ivl\v2005_math.vpi";
:vpi_module "C:\iverilog\lib\ivl\va_math.vpi";
S_000001ddc6c68000 .scope module, "test_bench20" "test_bench20" 2 1;
 .timescale 0 0;
v000001ddc6cff8a0_0 .var "SL", 1 0;
v000001ddc6cffee0_0 .var "a", 1 0;
v000001ddc6cff440_0 .var "b", 1 0;
v000001ddc6cffa80_0 .net "behav_carry", 0 0, v000001ddc6c99c70_0;  1 drivers
v000001ddc6cfff80_0 .net "behav_out", 1 0, v000001ddc6c99db0_0;  1 drivers
v000001ddc6cff580_0 .net "data_carry", 0 0, L_000001ddc6d002a0;  1 drivers
v000001ddc6cfe9a0_0 .net "data_out", 1 0, L_000001ddc6d00200;  1 drivers
S_000001ddc6c74c60 .scope module, "DUT" "alu_2bit" 2 7, 3 1 0, S_000001ddc6c68000;
 .timescale 0 0;
    .port_info 0 /INPUT 2 "a";
    .port_info 1 /INPUT 2 "b";
    .port_info 2 /INPUT 2 "SL";
    .port_info 3 /OUTPUT 2 "data_out";
    .port_info 4 /OUTPUT 2 "behav_out";
    .port_info 5 /OUTPUT 1 "data_carry";
    .port_info 6 /OUTPUT 1 "behav_carry";
L_000001ddc6c90000 .functor XOR 1, L_000001ddc6cfea40, L_000001ddc6cff080, C4<0>, C4<0>;
L_000001ddc6c90070 .functor AND 1, L_000001ddc6cffc60, L_000001ddc6cff800, C4<1>, C4<1>;
L_000001ddc6d00be0 .functor XOR 1, L_000001ddc6cfe680, L_000001ddc6cfe720, C4<0>, C4<0>;
L_000001ddc6d010b0 .functor XOR 1, L_000001ddc6d00be0, L_000001ddc6c90070, C4<0>, C4<0>;
L_000001ddc6d01190 .functor AND 1, L_000001ddc6cffd00, L_000001ddc6cfe7c0, C4<1>, C4<1>;
L_000001ddc6d00b00 .functor AND 1, L_000001ddc6cfe860, L_000001ddc6c90070, C4<1>, C4<1>;
L_000001ddc6d013c0 .functor OR 1, L_000001ddc6d01190, L_000001ddc6d00b00, C4<0>, C4<0>;
L_000001ddc6d00b70 .functor AND 1, L_000001ddc6d003e0, L_000001ddc6c90070, C4<1>, C4<1>;
L_000001ddc6d00780 .functor OR 1, L_000001ddc6d013c0, L_000001ddc6d00b70, C4<0>, C4<0>;
L_000001ddc6d01200 .functor BUFZ 1, L_000001ddc6d00780, C4<0>, C4<0>, C4<0>;
L_000001ddc6d01430 .functor AND 2, v000001ddc6cffee0_0, v000001ddc6cff440_0, C4<11>, C4<11>;
L_000001ddc6d01270 .functor OR 2, v000001ddc6cffee0_0, v000001ddc6cff440_0, C4<00>, C4<00>;
v000001ddc6c99e50_0 .net "SL", 1 0, v000001ddc6cff8a0_0;  1 drivers
v000001ddc6c98f50_0 .net *"_ivl_11", 0 0, L_000001ddc6cff800;  1 drivers
v000001ddc6c99130_0 .net *"_ivl_17", 0 0, L_000001ddc6cfe680;  1 drivers
v000001ddc6c98ff0_0 .net *"_ivl_19", 0 0, L_000001ddc6cfe720;  1 drivers
v000001ddc6c97fb0_0 .net *"_ivl_20", 0 0, L_000001ddc6d00be0;  1 drivers
v000001ddc6c99810_0 .net *"_ivl_22", 0 0, L_000001ddc6d010b0;  1 drivers
v000001ddc6c998b0_0 .net *"_ivl_25", 0 0, L_000001ddc6cffd00;  1 drivers
v000001ddc6c999f0_0 .net *"_ivl_27", 0 0, L_000001ddc6cfe7c0;  1 drivers
v000001ddc6c99090_0 .net *"_ivl_28", 0 0, L_000001ddc6d01190;  1 drivers
v000001ddc6c989b0_0 .net *"_ivl_3", 0 0, L_000001ddc6cfea40;  1 drivers
v000001ddc6c98690_0 .net *"_ivl_31", 0 0, L_000001ddc6cfe860;  1 drivers
v000001ddc6c99d10_0 .net *"_ivl_32", 0 0, L_000001ddc6d00b00;  1 drivers
v000001ddc6c993b0_0 .net *"_ivl_34", 0 0, L_000001ddc6d013c0;  1 drivers
v000001ddc6c984b0_0 .net *"_ivl_37", 0 0, L_000001ddc6d003e0;  1 drivers
v000001ddc6c99450_0 .net *"_ivl_38", 0 0, L_000001ddc6d00b70;  1 drivers
v000001ddc6c99310_0 .net *"_ivl_46", 0 0, L_000001ddc6d01200;  1 drivers
v000001ddc6c994f0_0 .net *"_ivl_5", 0 0, L_000001ddc6cff080;  1 drivers
L_000001ddc6d40088 .functor BUFT 1, C4<00>, C4<0>, C4<0>, C4<0>;
v000001ddc6c98730_0 .net/2u *"_ivl_51", 1 0, L_000001ddc6d40088;  1 drivers
v000001ddc6c99950_0 .net *"_ivl_53", 0 0, L_000001ddc6cff260;  1 drivers
v000001ddc6c991d0_0 .net *"_ivl_55", 1 0, L_000001ddc6d01430;  1 drivers
L_000001ddc6d400d0 .functor BUFT 1, C4<01>, C4<0>, C4<0>, C4<0>;
v000001ddc6c98230_0 .net/2u *"_ivl_57", 1 0, L_000001ddc6d400d0;  1 drivers
v000001ddc6c99a90_0 .net *"_ivl_59", 0 0, L_000001ddc6d00020;  1 drivers
v000001ddc6c98410_0 .net *"_ivl_6", 0 0, L_000001ddc6c90000;  1 drivers
v000001ddc6c98cd0_0 .net *"_ivl_61", 1 0, L_000001ddc6d01270;  1 drivers
L_000001ddc6d40118 .functor BUFT 1, C4<10>, C4<0>, C4<0>, C4<0>;
v000001ddc6c98a50_0 .net/2u *"_ivl_63", 1 0, L_000001ddc6d40118;  1 drivers
v000001ddc6c99270_0 .net *"_ivl_65", 0 0, L_000001ddc6d000c0;  1 drivers
L_000001ddc6d40160 .functor BUFT 1, C4<00>, C4<0>, C4<0>, C4<0>;
v000001ddc6c99b30_0 .net/2u *"_ivl_67", 1 0, L_000001ddc6d40160;  1 drivers
v000001ddc6c99590_0 .net *"_ivl_69", 1 0, L_000001ddc6d00160;  1 drivers
v000001ddc6c982d0_0 .net *"_ivl_71", 1 0, L_000001ddc6cffda0;  1 drivers
L_000001ddc6d401a8 .functor BUFT 1, C4<10>, C4<0>, C4<0>, C4<0>;
v000001ddc6c98550_0 .net/2u *"_ivl_75", 1 0, L_000001ddc6d401a8;  1 drivers
v000001ddc6c98370_0 .net *"_ivl_77", 0 0, L_000001ddc6cfeb80;  1 drivers
L_000001ddc6d401f0 .functor BUFT 1, C4<0>, C4<0>, C4<0>, C4<0>;
v000001ddc6c980f0_0 .net/2u *"_ivl_79", 0 0, L_000001ddc6d401f0;  1 drivers
v000001ddc6c985f0_0 .net *"_ivl_9", 0 0, L_000001ddc6cffc60;  1 drivers
v000001ddc6c99bd0_0 .net "a", 1 0, v000001ddc6cffee0_0;  1 drivers
v000001ddc6c98b90_0 .net "add_carry", 0 0, L_000001ddc6cfe900;  1 drivers
v000001ddc6c996d0_0 .net "add_result", 1 0, L_000001ddc6cffb20;  1 drivers
v000001ddc6c987d0_0 .net "b", 1 0, v000001ddc6cff440_0;  1 drivers
v000001ddc6c99c70_0 .var "behav_carry", 0 0;
v000001ddc6c99db0_0 .var "behav_out", 1 0;
v000001ddc6c98870_0 .net "carry0", 0 0, L_000001ddc6c90070;  1 drivers
v000001ddc6c98050_0 .net "carry1", 0 0, L_000001ddc6d00780;  1 drivers
v000001ddc6c98190_0 .net "data_carry", 0 0, L_000001ddc6d002a0;  alias, 1 drivers
v000001ddc6c98910_0 .net "data_out", 1 0, L_000001ddc6d00200;  alias, 1 drivers
v000001ddc6c98c30_0 .net "sum", 2 0, L_000001ddc6cfeae0;  1 drivers
E_000001ddc6ca19a0 .event anyedge, v000001ddc6c99e50_0, v000001ddc6c99bd0_0, v000001ddc6c987d0_0;
L_000001ddc6cfea40 .part v000001ddc6cffee0_0, 0, 1;
L_000001ddc6cff080 .part v000001ddc6cff440_0, 0, 1;
L_000001ddc6cffc60 .part v000001ddc6cffee0_0, 0, 1;
L_000001ddc6cff800 .part v000001ddc6cff440_0, 0, 1;
L_000001ddc6cfe680 .part v000001ddc6cffee0_0, 1, 1;
L_000001ddc6cfe720 .part v000001ddc6cff440_0, 1, 1;
L_000001ddc6cffd00 .part v000001ddc6cffee0_0, 1, 1;
L_000001ddc6cfe7c0 .part v000001ddc6cff440_0, 1, 1;
L_000001ddc6cfe860 .part v000001ddc6cffee0_0, 1, 1;
L_000001ddc6d003e0 .part v000001ddc6cff440_0, 1, 1;
L_000001ddc6cfeae0 .concat8 [ 1 1 1 0], L_000001ddc6c90000, L_000001ddc6d010b0, L_000001ddc6d01200;
L_000001ddc6cffb20 .part L_000001ddc6cfeae0, 0, 2;
L_000001ddc6cfe900 .part L_000001ddc6cfeae0, 2, 1;
L_000001ddc6cff260 .cmp/eq 2, v000001ddc6cff8a0_0, L_000001ddc6d40088;
L_000001ddc6d00020 .cmp/eq 2, v000001ddc6cff8a0_0, L_000001ddc6d400d0;
L_000001ddc6d000c0 .cmp/eq 2, v000001ddc6cff8a0_0, L_000001ddc6d40118;
L_000001ddc6d00160 .functor MUXZ 2, L_000001ddc6d40160, L_000001ddc6cffb20, L_000001ddc6d000c0, C4<>;
L_000001ddc6cffda0 .functor MUXZ 2, L_000001ddc6d00160, L_000001ddc6d01270, L_000001ddc6d00020, C4<>;
L_000001ddc6d00200 .functor MUXZ 2, L_000001ddc6cffda0, L_000001ddc6d01430, L_000001ddc6cff260, C4<>;
L_000001ddc6cfeb80 .cmp/eq 2, v000001ddc6cff8a0_0, L_000001ddc6d401a8;
L_000001ddc6d002a0 .functor MUXZ 1, L_000001ddc6d401f0, L_000001ddc6cfe900, L_000001ddc6cfeb80, C4<>;
S_000001ddc6c74df0 .scope task, "check_carry" "check_carry" 2 156, 2 156 0, S_000001ddc6c68000;
 .timescale 0 0;
v000001ddc6c98d70_0 .var "b_carry", 0 0;
v000001ddc6c98e10_0 .var "d_carry", 0 0;
v000001ddc6c98eb0_0 .var "expected_carry", 0 0;
TD_test_bench20.check_carry ;
    %load/vec4 v000001ddc6c98e10_0;
    %load/vec4 v000001ddc6c98eb0_0;
    %cmp/ne;
    %flag_mov 8, 4;
    %load/vec4 v000001ddc6c98d70_0;
    %load/vec4 v000001ddc6c98eb0_0;
    %cmp/ne;
    %flag_or 4, 8;
    %jmp/0xz  T_0.0, 4;
    %vpi_call 2 161 "$display", "===== t=%d FAILED, output does not match =====", $time {0 0 0};
    %vpi_call 2 162 "$display", "===== t=%d Expected carry is %b, Actual dataflow carry is %b, Actual behavioral carry is %b =====", $time, v000001ddc6c98eb0_0, v000001ddc6c98e10_0, v000001ddc6c98d70_0 {0 0 0};
    %jmp T_0.1;
T_0.0 ;
    %vpi_call 2 165 "$display", "===== t=%d PASSED SUCCESSFULLY =====", $time {0 0 0};
T_0.1 ;
    %end;
S_000001ddc6c424d0 .scope task, "check_result" "check_result" 2 143, 2 143 0, S_000001ddc6c68000;
 .timescale 0 0;
v000001ddc6cfec20_0 .var "b_out", 1 0;
v000001ddc6cffe40_0 .var "d_out", 1 0;
v000001ddc6cff4e0_0 .var "expected_result", 1 0;
TD_test_bench20.check_result ;
    %load/vec4 v000001ddc6cffe40_0;
    %load/vec4 v000001ddc6cff4e0_0;
    %cmp/ne;
    %flag_mov 8, 4;
    %load/vec4 v000001ddc6cfec20_0;
    %load/vec4 v000001ddc6cff4e0_0;
    %cmp/ne;
    %flag_or 4, 8;
    %jmp/0xz  T_1.2, 4;
    %vpi_call 2 148 "$display", "===== t=%d FAILED, output does not match =====", $time {0 0 0};
    %vpi_call 2 149 "$display", "===== t=%d Expected output is %b, Actual dataflow output is %b, Actual behavioral output is %b =====", $time, v000001ddc6cff4e0_0, v000001ddc6cffe40_0, v000001ddc6cfec20_0 {0 0 0};
    %jmp T_1.3;
T_1.2 ;
    %vpi_call 2 152 "$display", "===== t=%d PASSED SUCCESSFULLY =====", $time {0 0 0};
T_1.3 ;
    %end;
    .scope S_000001ddc6c74c60;
T_2 ;
    %wait E_000001ddc6ca19a0;
    %load/vec4 v000001ddc6c99e50_0;
    %dup/vec4;
    %pushi/vec4 0, 0, 2;
    %cmp/u;
    %jmp/1 T_2.0, 6;
    %dup/vec4;
    %pushi/vec4 1, 0, 2;
    %cmp/u;
    %jmp/1 T_2.1, 6;
    %dup/vec4;
    %pushi/vec4 2, 0, 2;
    %cmp/u;
    %jmp/1 T_2.2, 6;
    %pushi/vec4 0, 0, 2;
    %store/vec4 v000001ddc6c99db0_0, 0, 2;
    %pushi/vec4 0, 0, 1;
    %store/vec4 v000001ddc6c99c70_0, 0, 1;
    %jmp T_2.4;
T_2.0 ;
    %load/vec4 v000001ddc6c99bd0_0;
    %load/vec4 v000001ddc6c987d0_0;
    %and;
    %store/vec4 v000001ddc6c99db0_0, 0, 2;
    %pushi/vec4 0, 0, 1;
    %store/vec4 v000001ddc6c99c70_0, 0, 1;
    %jmp T_2.4;
T_2.1 ;
    %load/vec4 v000001ddc6c99bd0_0;
    %load/vec4 v000001ddc6c987d0_0;
    %or;
    %store/vec4 v000001ddc6c99db0_0, 0, 2;
    %pushi/vec4 0, 0, 1;
    %store/vec4 v000001ddc6c99c70_0, 0, 1;
    %jmp T_2.4;
T_2.2 ;
    %load/vec4 v000001ddc6c99bd0_0;
    %pad/u 3;
    %load/vec4 v000001ddc6c987d0_0;
    %pad/u 3;
    %add;
    %split/vec4 2;
    %store/vec4 v000001ddc6c99db0_0, 0, 2;
    %store/vec4 v000001ddc6c99c70_0, 0, 1;
    %jmp T_2.4;
T_2.4 ;
    %pop/vec4 1;
    %jmp T_2;
    .thread T_2, $push;
    .scope S_000001ddc6c68000;
T_3 ;
    %vpi_call 2 10 "$dumpfile", "wave20.vcd" {0 0 0};
    %vpi_call 2 11 "$dumpvars", 32'sb00000000000000000000000000000000, S_000001ddc6c68000 {0 0 0};
    %vpi_call 2 12 "$display", "===== Test Alu 2bit =====" {0 0 0};
    %vpi_call 2 13 "$monitor", "===== A = %b , B = %b, Control bits = %b =====", v000001ddc6cffee0_0, v000001ddc6cff440_0, v000001ddc6cff8a0_0 {0 0 0};
    %vpi_call 2 14 "$display", "===== Check AND Case =====" {0 0 0};
    %pushi/vec4 0, 0, 2;
    %store/vec4 v000001ddc6cffee0_0, 0, 2;
    %pushi/vec4 0, 0, 2;
    %store/vec4 v000001ddc6cff440_0, 0, 2;
    %pushi/vec4 0, 0, 2;
    %store/vec4 v000001ddc6cff8a0_0, 0, 2;
    %delay 1, 0;
    %pushi/vec4 0, 0, 2;
    %store/vec4 v000001ddc6cff4e0_0, 0, 2;
    %load/vec4 v000001ddc6cfe9a0_0;
    %store/vec4 v000001ddc6cffe40_0, 0, 2;
    %load/vec4 v000001ddc6cfff80_0;
    %store/vec4 v000001ddc6cfec20_0, 0, 2;
    %fork TD_test_bench20.check_result, S_000001ddc6c424d0;
    %join;
    %pushi/vec4 0, 0, 1;
    %store/vec4 v000001ddc6c98eb0_0, 0, 1;
    %load/vec4 v000001ddc6cff580_0;
    %store/vec4 v000001ddc6c98e10_0, 0, 1;
    %load/vec4 v000001ddc6cffa80_0;
    %store/vec4 v000001ddc6c98d70_0, 0, 1;
    %fork TD_test_bench20.check_carry, S_000001ddc6c74df0;
    %join;
    %pushi/vec4 0, 0, 2;
    %store/vec4 v000001ddc6cffee0_0, 0, 2;
    %pushi/vec4 1, 0, 2;
    %store/vec4 v000001ddc6cff440_0, 0, 2;
    %pushi/vec4 0, 0, 2;
    %store/vec4 v000001ddc6cff8a0_0, 0, 2;
    %delay 1, 0;
    %pushi/vec4 0, 0, 2;
    %store/vec4 v000001ddc6cff4e0_0, 0, 2;
    %load/vec4 v000001ddc6cfe9a0_0;
    %store/vec4 v000001ddc6cffe40_0, 0, 2;
    %load/vec4 v000001ddc6cfff80_0;
    %store/vec4 v000001ddc6cfec20_0, 0, 2;
    %fork TD_test_bench20.check_result, S_000001ddc6c424d0;
    %join;
    %pushi/vec4 0, 0, 1;
    %store/vec4 v000001ddc6c98eb0_0, 0, 1;
    %load/vec4 v000001ddc6cff580_0;
    %store/vec4 v000001ddc6c98e10_0, 0, 1;
    %load/vec4 v000001ddc6cffa80_0;
    %store/vec4 v000001ddc6c98d70_0, 0, 1;
    %fork TD_test_bench20.check_carry, S_000001ddc6c74df0;
    %join;
    %pushi/vec4 0, 0, 2;
    %store/vec4 v000001ddc6cffee0_0, 0, 2;
    %pushi/vec4 2, 0, 2;
    %store/vec4 v000001ddc6cff440_0, 0, 2;
    %pushi/vec4 0, 0, 2;
    %store/vec4 v000001ddc6cff8a0_0, 0, 2;
    %delay 1, 0;
    %pushi/vec4 0, 0, 2;
    %store/vec4 v000001ddc6cff4e0_0, 0, 2;
    %load/vec4 v000001ddc6cfe9a0_0;
    %store/vec4 v000001ddc6cffe40_0, 0, 2;
    %load/vec4 v000001ddc6cfff80_0;
    %store/vec4 v000001ddc6cfec20_0, 0, 2;
    %fork TD_test_bench20.check_result, S_000001ddc6c424d0;
    %join;
    %pushi/vec4 0, 0, 1;
    %store/vec4 v000001ddc6c98eb0_0, 0, 1;
    %load/vec4 v000001ddc6cff580_0;
    %store/vec4 v000001ddc6c98e10_0, 0, 1;
    %load/vec4 v000001ddc6cffa80_0;
    %store/vec4 v000001ddc6c98d70_0, 0, 1;
    %fork TD_test_bench20.check_carry, S_000001ddc6c74df0;
    %join;
    %pushi/vec4 1, 0, 2;
    %store/vec4 v000001ddc6cffee0_0, 0, 2;
    %pushi/vec4 1, 0, 2;
    %store/vec4 v000001ddc6cff440_0, 0, 2;
    %pushi/vec4 0, 0, 2;
    %store/vec4 v000001ddc6cff8a0_0, 0, 2;
    %delay 1, 0;
    %pushi/vec4 1, 0, 2;
    %store/vec4 v000001ddc6cff4e0_0, 0, 2;
    %load/vec4 v000001ddc6cfe9a0_0;
    %store/vec4 v000001ddc6cffe40_0, 0, 2;
    %load/vec4 v000001ddc6cfff80_0;
    %store/vec4 v000001ddc6cfec20_0, 0, 2;
    %fork TD_test_bench20.check_result, S_000001ddc6c424d0;
    %join;
    %pushi/vec4 0, 0, 1;
    %store/vec4 v000001ddc6c98eb0_0, 0, 1;
    %load/vec4 v000001ddc6cff580_0;
    %store/vec4 v000001ddc6c98e10_0, 0, 1;
    %load/vec4 v000001ddc6cffa80_0;
    %store/vec4 v000001ddc6c98d70_0, 0, 1;
    %fork TD_test_bench20.check_carry, S_000001ddc6c74df0;
    %join;
    %pushi/vec4 2, 0, 2;
    %store/vec4 v000001ddc6cffee0_0, 0, 2;
    %pushi/vec4 2, 0, 2;
    %store/vec4 v000001ddc6cff440_0, 0, 2;
    %pushi/vec4 0, 0, 2;
    %store/vec4 v000001ddc6cff8a0_0, 0, 2;
    %delay 1, 0;
    %pushi/vec4 2, 0, 2;
    %store/vec4 v000001ddc6cff4e0_0, 0, 2;
    %load/vec4 v000001ddc6cfe9a0_0;
    %store/vec4 v000001ddc6cffe40_0, 0, 2;
    %load/vec4 v000001ddc6cfff80_0;
    %store/vec4 v000001ddc6cfec20_0, 0, 2;
    %fork TD_test_bench20.check_result, S_000001ddc6c424d0;
    %join;
    %pushi/vec4 0, 0, 1;
    %store/vec4 v000001ddc6c98eb0_0, 0, 1;
    %load/vec4 v000001ddc6cff580_0;
    %store/vec4 v000001ddc6c98e10_0, 0, 1;
    %load/vec4 v000001ddc6cffa80_0;
    %store/vec4 v000001ddc6c98d70_0, 0, 1;
    %fork TD_test_bench20.check_carry, S_000001ddc6c74df0;
    %join;
    %pushi/vec4 1, 0, 2;
    %store/vec4 v000001ddc6cffee0_0, 0, 2;
    %pushi/vec4 2, 0, 2;
    %store/vec4 v000001ddc6cff440_0, 0, 2;
    %pushi/vec4 0, 0, 2;
    %store/vec4 v000001ddc6cff8a0_0, 0, 2;
    %delay 1, 0;
    %pushi/vec4 0, 0, 2;
    %store/vec4 v000001ddc6cff4e0_0, 0, 2;
    %load/vec4 v000001ddc6cfe9a0_0;
    %store/vec4 v000001ddc6cffe40_0, 0, 2;
    %load/vec4 v000001ddc6cfff80_0;
    %store/vec4 v000001ddc6cfec20_0, 0, 2;
    %fork TD_test_bench20.check_result, S_000001ddc6c424d0;
    %join;
    %pushi/vec4 0, 0, 1;
    %store/vec4 v000001ddc6c98eb0_0, 0, 1;
    %load/vec4 v000001ddc6cff580_0;
    %store/vec4 v000001ddc6c98e10_0, 0, 1;
    %load/vec4 v000001ddc6cffa80_0;
    %store/vec4 v000001ddc6c98d70_0, 0, 1;
    %fork TD_test_bench20.check_carry, S_000001ddc6c74df0;
    %join;
    %pushi/vec4 3, 0, 2;
    %store/vec4 v000001ddc6cffee0_0, 0, 2;
    %pushi/vec4 1, 0, 2;
    %store/vec4 v000001ddc6cff440_0, 0, 2;
    %pushi/vec4 0, 0, 2;
    %store/vec4 v000001ddc6cff8a0_0, 0, 2;
    %delay 1, 0;
    %pushi/vec4 1, 0, 2;
    %store/vec4 v000001ddc6cff4e0_0, 0, 2;
    %load/vec4 v000001ddc6cfe9a0_0;
    %store/vec4 v000001ddc6cffe40_0, 0, 2;
    %load/vec4 v000001ddc6cfff80_0;
    %store/vec4 v000001ddc6cfec20_0, 0, 2;
    %fork TD_test_bench20.check_result, S_000001ddc6c424d0;
    %join;
    %pushi/vec4 0, 0, 1;
    %store/vec4 v000001ddc6c98eb0_0, 0, 1;
    %load/vec4 v000001ddc6cff580_0;
    %store/vec4 v000001ddc6c98e10_0, 0, 1;
    %load/vec4 v000001ddc6cffa80_0;
    %store/vec4 v000001ddc6c98d70_0, 0, 1;
    %fork TD_test_bench20.check_carry, S_000001ddc6c74df0;
    %join;
    %pushi/vec4 3, 0, 2;
    %store/vec4 v000001ddc6cffee0_0, 0, 2;
    %pushi/vec4 3, 0, 2;
    %store/vec4 v000001ddc6cff440_0, 0, 2;
    %pushi/vec4 0, 0, 2;
    %store/vec4 v000001ddc6cff8a0_0, 0, 2;
    %delay 1, 0;
    %pushi/vec4 3, 0, 2;
    %store/vec4 v000001ddc6cff4e0_0, 0, 2;
    %load/vec4 v000001ddc6cfe9a0_0;
    %store/vec4 v000001ddc6cffe40_0, 0, 2;
    %load/vec4 v000001ddc6cfff80_0;
    %store/vec4 v000001ddc6cfec20_0, 0, 2;
    %fork TD_test_bench20.check_result, S_000001ddc6c424d0;
    %join;
    %pushi/vec4 0, 0, 1;
    %store/vec4 v000001ddc6c98eb0_0, 0, 1;
    %load/vec4 v000001ddc6cff580_0;
    %store/vec4 v000001ddc6c98e10_0, 0, 1;
    %load/vec4 v000001ddc6cffa80_0;
    %store/vec4 v000001ddc6c98d70_0, 0, 1;
    %fork TD_test_bench20.check_carry, S_000001ddc6c74df0;
    %join;
    %vpi_call 2 55 "$display", "===== Check OR Case =====" {0 0 0};
    %pushi/vec4 0, 0, 2;
    %store/vec4 v000001ddc6cffee0_0, 0, 2;
    %pushi/vec4 0, 0, 2;
    %store/vec4 v000001ddc6cff440_0, 0, 2;
    %pushi/vec4 1, 0, 2;
    %store/vec4 v000001ddc6cff8a0_0, 0, 2;
    %delay 1, 0;
    %pushi/vec4 0, 0, 2;
    %store/vec4 v000001ddc6cff4e0_0, 0, 2;
    %load/vec4 v000001ddc6cfe9a0_0;
    %store/vec4 v000001ddc6cffe40_0, 0, 2;
    %load/vec4 v000001ddc6cfff80_0;
    %store/vec4 v000001ddc6cfec20_0, 0, 2;
    %fork TD_test_bench20.check_result, S_000001ddc6c424d0;
    %join;
    %pushi/vec4 0, 0, 1;
    %store/vec4 v000001ddc6c98eb0_0, 0, 1;
    %load/vec4 v000001ddc6cff580_0;
    %store/vec4 v000001ddc6c98e10_0, 0, 1;
    %load/vec4 v000001ddc6cffa80_0;
    %store/vec4 v000001ddc6c98d70_0, 0, 1;
    %fork TD_test_bench20.check_carry, S_000001ddc6c74df0;
    %join;
    %pushi/vec4 0, 0, 2;
    %store/vec4 v000001ddc6cffee0_0, 0, 2;
    %pushi/vec4 1, 0, 2;
    %store/vec4 v000001ddc6cff440_0, 0, 2;
    %pushi/vec4 1, 0, 2;
    %store/vec4 v000001ddc6cff8a0_0, 0, 2;
    %delay 1, 0;
    %pushi/vec4 1, 0, 2;
    %store/vec4 v000001ddc6cff4e0_0, 0, 2;
    %load/vec4 v000001ddc6cfe9a0_0;
    %store/vec4 v000001ddc6cffe40_0, 0, 2;
    %load/vec4 v000001ddc6cfff80_0;
    %store/vec4 v000001ddc6cfec20_0, 0, 2;
    %fork TD_test_bench20.check_result, S_000001ddc6c424d0;
    %join;
    %pushi/vec4 0, 0, 1;
    %store/vec4 v000001ddc6c98eb0_0, 0, 1;
    %load/vec4 v000001ddc6cff580_0;
    %store/vec4 v000001ddc6c98e10_0, 0, 1;
    %load/vec4 v000001ddc6cffa80_0;
    %store/vec4 v000001ddc6c98d70_0, 0, 1;
    %fork TD_test_bench20.check_carry, S_000001ddc6c74df0;
    %join;
    %pushi/vec4 0, 0, 2;
    %store/vec4 v000001ddc6cffee0_0, 0, 2;
    %pushi/vec4 2, 0, 2;
    %store/vec4 v000001ddc6cff440_0, 0, 2;
    %pushi/vec4 1, 0, 2;
    %store/vec4 v000001ddc6cff8a0_0, 0, 2;
    %delay 1, 0;
    %pushi/vec4 2, 0, 2;
    %store/vec4 v000001ddc6cff4e0_0, 0, 2;
    %load/vec4 v000001ddc6cfe9a0_0;
    %store/vec4 v000001ddc6cffe40_0, 0, 2;
    %load/vec4 v000001ddc6cfff80_0;
    %store/vec4 v000001ddc6cfec20_0, 0, 2;
    %fork TD_test_bench20.check_result, S_000001ddc6c424d0;
    %join;
    %pushi/vec4 0, 0, 1;
    %store/vec4 v000001ddc6c98eb0_0, 0, 1;
    %load/vec4 v000001ddc6cff580_0;
    %store/vec4 v000001ddc6c98e10_0, 0, 1;
    %load/vec4 v000001ddc6cffa80_0;
    %store/vec4 v000001ddc6c98d70_0, 0, 1;
    %fork TD_test_bench20.check_carry, S_000001ddc6c74df0;
    %join;
    %pushi/vec4 1, 0, 2;
    %store/vec4 v000001ddc6cffee0_0, 0, 2;
    %pushi/vec4 1, 0, 2;
    %store/vec4 v000001ddc6cff440_0, 0, 2;
    %pushi/vec4 1, 0, 2;
    %store/vec4 v000001ddc6cff8a0_0, 0, 2;
    %delay 1, 0;
    %pushi/vec4 1, 0, 2;
    %store/vec4 v000001ddc6cff4e0_0, 0, 2;
    %load/vec4 v000001ddc6cfe9a0_0;
    %store/vec4 v000001ddc6cffe40_0, 0, 2;
    %load/vec4 v000001ddc6cfff80_0;
    %store/vec4 v000001ddc6cfec20_0, 0, 2;
    %fork TD_test_bench20.check_result, S_000001ddc6c424d0;
    %join;
    %pushi/vec4 0, 0, 1;
    %store/vec4 v000001ddc6c98eb0_0, 0, 1;
    %load/vec4 v000001ddc6cff580_0;
    %store/vec4 v000001ddc6c98e10_0, 0, 1;
    %load/vec4 v000001ddc6cffa80_0;
    %store/vec4 v000001ddc6c98d70_0, 0, 1;
    %fork TD_test_bench20.check_carry, S_000001ddc6c74df0;
    %join;
    %pushi/vec4 2, 0, 2;
    %store/vec4 v000001ddc6cffee0_0, 0, 2;
    %pushi/vec4 2, 0, 2;
    %store/vec4 v000001ddc6cff440_0, 0, 2;
    %pushi/vec4 1, 0, 2;
    %store/vec4 v000001ddc6cff8a0_0, 0, 2;
    %delay 1, 0;
    %pushi/vec4 2, 0, 2;
    %store/vec4 v000001ddc6cff4e0_0, 0, 2;
    %load/vec4 v000001ddc6cfe9a0_0;
    %store/vec4 v000001ddc6cffe40_0, 0, 2;
    %load/vec4 v000001ddc6cfff80_0;
    %store/vec4 v000001ddc6cfec20_0, 0, 2;
    %fork TD_test_bench20.check_result, S_000001ddc6c424d0;
    %join;
    %pushi/vec4 0, 0, 1;
    %store/vec4 v000001ddc6c98eb0_0, 0, 1;
    %load/vec4 v000001ddc6cff580_0;
    %store/vec4 v000001ddc6c98e10_0, 0, 1;
    %load/vec4 v000001ddc6cffa80_0;
    %store/vec4 v000001ddc6c98d70_0, 0, 1;
    %fork TD_test_bench20.check_carry, S_000001ddc6c74df0;
    %join;
    %pushi/vec4 1, 0, 2;
    %store/vec4 v000001ddc6cffee0_0, 0, 2;
    %pushi/vec4 2, 0, 2;
    %store/vec4 v000001ddc6cff440_0, 0, 2;
    %pushi/vec4 1, 0, 2;
    %store/vec4 v000001ddc6cff8a0_0, 0, 2;
    %delay 1, 0;
    %pushi/vec4 3, 0, 2;
    %store/vec4 v000001ddc6cff4e0_0, 0, 2;
    %load/vec4 v000001ddc6cfe9a0_0;
    %store/vec4 v000001ddc6cffe40_0, 0, 2;
    %load/vec4 v000001ddc6cfff80_0;
    %store/vec4 v000001ddc6cfec20_0, 0, 2;
    %fork TD_test_bench20.check_result, S_000001ddc6c424d0;
    %join;
    %pushi/vec4 0, 0, 1;
    %store/vec4 v000001ddc6c98eb0_0, 0, 1;
    %load/vec4 v000001ddc6cff580_0;
    %store/vec4 v000001ddc6c98e10_0, 0, 1;
    %load/vec4 v000001ddc6cffa80_0;
    %store/vec4 v000001ddc6c98d70_0, 0, 1;
    %fork TD_test_bench20.check_carry, S_000001ddc6c74df0;
    %join;
    %pushi/vec4 3, 0, 2;
    %store/vec4 v000001ddc6cffee0_0, 0, 2;
    %pushi/vec4 1, 0, 2;
    %store/vec4 v000001ddc6cff440_0, 0, 2;
    %pushi/vec4 1, 0, 2;
    %store/vec4 v000001ddc6cff8a0_0, 0, 2;
    %delay 1, 0;
    %pushi/vec4 3, 0, 2;
    %store/vec4 v000001ddc6cff4e0_0, 0, 2;
    %load/vec4 v000001ddc6cfe9a0_0;
    %store/vec4 v000001ddc6cffe40_0, 0, 2;
    %load/vec4 v000001ddc6cfff80_0;
    %store/vec4 v000001ddc6cfec20_0, 0, 2;
    %fork TD_test_bench20.check_result, S_000001ddc6c424d0;
    %join;
    %pushi/vec4 0, 0, 1;
    %store/vec4 v000001ddc6c98eb0_0, 0, 1;
    %load/vec4 v000001ddc6cff580_0;
    %store/vec4 v000001ddc6c98e10_0, 0, 1;
    %load/vec4 v000001ddc6cffa80_0;
    %store/vec4 v000001ddc6c98d70_0, 0, 1;
    %fork TD_test_bench20.check_carry, S_000001ddc6c74df0;
    %join;
    %pushi/vec4 3, 0, 2;
    %store/vec4 v000001ddc6cffee0_0, 0, 2;
    %pushi/vec4 3, 0, 2;
    %store/vec4 v000001ddc6cff440_0, 0, 2;
    %pushi/vec4 1, 0, 2;
    %store/vec4 v000001ddc6cff8a0_0, 0, 2;
    %delay 1, 0;
    %pushi/vec4 3, 0, 2;
    %store/vec4 v000001ddc6cff4e0_0, 0, 2;
    %load/vec4 v000001ddc6cfe9a0_0;
    %store/vec4 v000001ddc6cffe40_0, 0, 2;
    %load/vec4 v000001ddc6cfff80_0;
    %store/vec4 v000001ddc6cfec20_0, 0, 2;
    %fork TD_test_bench20.check_result, S_000001ddc6c424d0;
    %join;
    %pushi/vec4 0, 0, 1;
    %store/vec4 v000001ddc6c98eb0_0, 0, 1;
    %load/vec4 v000001ddc6cff580_0;
    %store/vec4 v000001ddc6c98e10_0, 0, 1;
    %load/vec4 v000001ddc6cffa80_0;
    %store/vec4 v000001ddc6c98d70_0, 0, 1;
    %fork TD_test_bench20.check_carry, S_000001ddc6c74df0;
    %join;
    %vpi_call 2 96 "$display", "===== Check ADD Case =====" {0 0 0};
    %pushi/vec4 0, 0, 2;
    %store/vec4 v000001ddc6cffee0_0, 0, 2;
    %pushi/vec4 0, 0, 2;
    %store/vec4 v000001ddc6cff440_0, 0, 2;
    %pushi/vec4 2, 0, 2;
    %store/vec4 v000001ddc6cff8a0_0, 0, 2;
    %delay 1, 0;
    %pushi/vec4 0, 0, 2;
    %store/vec4 v000001ddc6cff4e0_0, 0, 2;
    %load/vec4 v000001ddc6cfe9a0_0;
    %store/vec4 v000001ddc6cffe40_0, 0, 2;
    %load/vec4 v000001ddc6cfff80_0;
    %store/vec4 v000001ddc6cfec20_0, 0, 2;
    %fork TD_test_bench20.check_result, S_000001ddc6c424d0;
    %join;
    %pushi/vec4 0, 0, 1;
    %store/vec4 v000001ddc6c98eb0_0, 0, 1;
    %load/vec4 v000001ddc6cff580_0;
    %store/vec4 v000001ddc6c98e10_0, 0, 1;
    %load/vec4 v000001ddc6cffa80_0;
    %store/vec4 v000001ddc6c98d70_0, 0, 1;
    %fork TD_test_bench20.check_carry, S_000001ddc6c74df0;
    %join;
    %pushi/vec4 0, 0, 2;
    %store/vec4 v000001ddc6cffee0_0, 0, 2;
    %pushi/vec4 1, 0, 2;
    %store/vec4 v000001ddc6cff440_0, 0, 2;
    %pushi/vec4 2, 0, 2;
    %store/vec4 v000001ddc6cff8a0_0, 0, 2;
    %delay 1, 0;
    %pushi/vec4 1, 0, 2;
    %store/vec4 v000001ddc6cff4e0_0, 0, 2;
    %load/vec4 v000001ddc6cfe9a0_0;
    %store/vec4 v000001ddc6cffe40_0, 0, 2;
    %load/vec4 v000001ddc6cfff80_0;
    %store/vec4 v000001ddc6cfec20_0, 0, 2;
    %fork TD_test_bench20.check_result, S_000001ddc6c424d0;
    %join;
    %pushi/vec4 0, 0, 1;
    %store/vec4 v000001ddc6c98eb0_0, 0, 1;
    %load/vec4 v000001ddc6cff580_0;
    %store/vec4 v000001ddc6c98e10_0, 0, 1;
    %load/vec4 v000001ddc6cffa80_0;
    %store/vec4 v000001ddc6c98d70_0, 0, 1;
    %fork TD_test_bench20.check_carry, S_000001ddc6c74df0;
    %join;
    %pushi/vec4 0, 0, 2;
    %store/vec4 v000001ddc6cffee0_0, 0, 2;
    %pushi/vec4 2, 0, 2;
    %store/vec4 v000001ddc6cff440_0, 0, 2;
    %pushi/vec4 2, 0, 2;
    %store/vec4 v000001ddc6cff8a0_0, 0, 2;
    %delay 1, 0;
    %pushi/vec4 2, 0, 2;
    %store/vec4 v000001ddc6cff4e0_0, 0, 2;
    %load/vec4 v000001ddc6cfe9a0_0;
    %store/vec4 v000001ddc6cffe40_0, 0, 2;
    %load/vec4 v000001ddc6cfff80_0;
    %store/vec4 v000001ddc6cfec20_0, 0, 2;
    %fork TD_test_bench20.check_result, S_000001ddc6c424d0;
    %join;
    %pushi/vec4 0, 0, 1;
    %store/vec4 v000001ddc6c98eb0_0, 0, 1;
    %load/vec4 v000001ddc6cff580_0;
    %store/vec4 v000001ddc6c98e10_0, 0, 1;
    %load/vec4 v000001ddc6cffa80_0;
    %store/vec4 v000001ddc6c98d70_0, 0, 1;
    %fork TD_test_bench20.check_carry, S_000001ddc6c74df0;
    %join;
    %pushi/vec4 1, 0, 2;
    %store/vec4 v000001ddc6cffee0_0, 0, 2;
    %pushi/vec4 1, 0, 2;
    %store/vec4 v000001ddc6cff440_0, 0, 2;
    %pushi/vec4 2, 0, 2;
    %store/vec4 v000001ddc6cff8a0_0, 0, 2;
    %delay 1, 0;
    %pushi/vec4 2, 0, 2;
    %store/vec4 v000001ddc6cff4e0_0, 0, 2;
    %load/vec4 v000001ddc6cfe9a0_0;
    %store/vec4 v000001ddc6cffe40_0, 0, 2;
    %load/vec4 v000001ddc6cfff80_0;
    %store/vec4 v000001ddc6cfec20_0, 0, 2;
    %fork TD_test_bench20.check_result, S_000001ddc6c424d0;
    %join;
    %pushi/vec4 0, 0, 1;
    %store/vec4 v000001ddc6c98eb0_0, 0, 1;
    %load/vec4 v000001ddc6cff580_0;
    %store/vec4 v000001ddc6c98e10_0, 0, 1;
    %load/vec4 v000001ddc6cffa80_0;
    %store/vec4 v000001ddc6c98d70_0, 0, 1;
    %fork TD_test_bench20.check_carry, S_000001ddc6c74df0;
    %join;
    %pushi/vec4 2, 0, 2;
    %store/vec4 v000001ddc6cffee0_0, 0, 2;
    %pushi/vec4 2, 0, 2;
    %store/vec4 v000001ddc6cff440_0, 0, 2;
    %pushi/vec4 2, 0, 2;
    %store/vec4 v000001ddc6cff8a0_0, 0, 2;
    %delay 1, 0;
    %pushi/vec4 0, 0, 2;
    %store/vec4 v000001ddc6cff4e0_0, 0, 2;
    %load/vec4 v000001ddc6cfe9a0_0;
    %store/vec4 v000001ddc6cffe40_0, 0, 2;
    %load/vec4 v000001ddc6cfff80_0;
    %store/vec4 v000001ddc6cfec20_0, 0, 2;
    %fork TD_test_bench20.check_result, S_000001ddc6c424d0;
    %join;
    %pushi/vec4 1, 0, 1;
    %store/vec4 v000001ddc6c98eb0_0, 0, 1;
    %load/vec4 v000001ddc6cff580_0;
    %store/vec4 v000001ddc6c98e10_0, 0, 1;
    %load/vec4 v000001ddc6cffa80_0;
    %store/vec4 v000001ddc6c98d70_0, 0, 1;
    %fork TD_test_bench20.check_carry, S_000001ddc6c74df0;
    %join;
    %pushi/vec4 1, 0, 2;
    %store/vec4 v000001ddc6cffee0_0, 0, 2;
    %pushi/vec4 2, 0, 2;
    %store/vec4 v000001ddc6cff440_0, 0, 2;
    %pushi/vec4 2, 0, 2;
    %store/vec4 v000001ddc6cff8a0_0, 0, 2;
    %delay 1, 0;
    %pushi/vec4 3, 0, 2;
    %store/vec4 v000001ddc6cff4e0_0, 0, 2;
    %load/vec4 v000001ddc6cfe9a0_0;
    %store/vec4 v000001ddc6cffe40_0, 0, 2;
    %load/vec4 v000001ddc6cfff80_0;
    %store/vec4 v000001ddc6cfec20_0, 0, 2;
    %fork TD_test_bench20.check_result, S_000001ddc6c424d0;
    %join;
    %pushi/vec4 0, 0, 1;
    %store/vec4 v000001ddc6c98eb0_0, 0, 1;
    %load/vec4 v000001ddc6cff580_0;
    %store/vec4 v000001ddc6c98e10_0, 0, 1;
    %load/vec4 v000001ddc6cffa80_0;
    %store/vec4 v000001ddc6c98d70_0, 0, 1;
    %fork TD_test_bench20.check_carry, S_000001ddc6c74df0;
    %join;
    %pushi/vec4 3, 0, 2;
    %store/vec4 v000001ddc6cffee0_0, 0, 2;
    %pushi/vec4 1, 0, 2;
    %store/vec4 v000001ddc6cff440_0, 0, 2;
    %pushi/vec4 2, 0, 2;
    %store/vec4 v000001ddc6cff8a0_0, 0, 2;
    %delay 1, 0;
    %pushi/vec4 0, 0, 2;
    %store/vec4 v000001ddc6cff4e0_0, 0, 2;
    %load/vec4 v000001ddc6cfe9a0_0;
    %store/vec4 v000001ddc6cffe40_0, 0, 2;
    %load/vec4 v000001ddc6cfff80_0;
    %store/vec4 v000001ddc6cfec20_0, 0, 2;
    %fork TD_test_bench20.check_result, S_000001ddc6c424d0;
    %join;
    %pushi/vec4 1, 0, 1;
    %store/vec4 v000001ddc6c98eb0_0, 0, 1;
    %load/vec4 v000001ddc6cff580_0;
    %store/vec4 v000001ddc6c98e10_0, 0, 1;
    %load/vec4 v000001ddc6cffa80_0;
    %store/vec4 v000001ddc6c98d70_0, 0, 1;
    %fork TD_test_bench20.check_carry, S_000001ddc6c74df0;
    %join;
    %pushi/vec4 3, 0, 2;
    %store/vec4 v000001ddc6cffee0_0, 0, 2;
    %pushi/vec4 3, 0, 2;
    %store/vec4 v000001ddc6cff440_0, 0, 2;
    %pushi/vec4 2, 0, 2;
    %store/vec4 v000001ddc6cff8a0_0, 0, 2;
    %delay 1, 0;
    %pushi/vec4 2, 0, 2;
    %store/vec4 v000001ddc6cff4e0_0, 0, 2;
    %load/vec4 v000001ddc6cfe9a0_0;
    %store/vec4 v000001ddc6cffe40_0, 0, 2;
    %load/vec4 v000001ddc6cfff80_0;
    %store/vec4 v000001ddc6cfec20_0, 0, 2;
    %fork TD_test_bench20.check_result, S_000001ddc6c424d0;
    %join;
    %pushi/vec4 1, 0, 1;
    %store/vec4 v000001ddc6c98eb0_0, 0, 1;
    %load/vec4 v000001ddc6cff580_0;
    %store/vec4 v000001ddc6c98e10_0, 0, 1;
    %load/vec4 v000001ddc6cffa80_0;
    %store/vec4 v000001ddc6c98d70_0, 0, 1;
    %fork TD_test_bench20.check_carry, S_000001ddc6c74df0;
    %join;
    %delay 1, 0;
    %vpi_call 2 139 "$finish" {0 0 0};
    %end;
    .thread T_3;
# The file index is used to find the file name in the following table.
:file_names 4;
    "N/A";
    "<interactive>";
    "test_bench20.v";
    "alu_2bit.v";
