#! /c/Source/iverilog-install/bin/vvp
:ivl_version "12.0 (devel)" "(s20150603-1110-g18392a46)";
:ivl_delay_selection "TYPICAL";
:vpi_time_precision + 0;
:vpi_module "C:\iverilog\lib\ivl\system.vpi";
:vpi_module "C:\iverilog\lib\ivl\vhdl_sys.vpi";
:vpi_module "C:\iverilog\lib\ivl\vhdl_textio.vpi";
:vpi_module "C:\iverilog\lib\ivl\v2005_math.vpi";
:vpi_module "C:\iverilog\lib\ivl\va_math.vpi";
S_00000213b8627400 .scope module, "test_bench" "test_bench" 2 1;
 .timescale 0 0;
v00000213b868a830_0 .net "behav_sum", 3 0, v00000213b868a3d0_0;  1 drivers
v00000213b8689cf0_0 .var "bin", 3 0;
v00000213b8689c50_0 .net "data_sum", 3 0, L_00000213b868aab0;  1 drivers
RS_00000213b86384e8 .resolv tri, L_00000213b8689e30, L_00000213b868a5b0;
v00000213b868ae70_0 .net8 "gate_sum", 3 0, RS_00000213b86384e8;  2 drivers
S_00000213b8627590 .scope module, "DUT" "bin_to_gray" 2 6, 3 1 0, S_00000213b8627400;
 .timescale 0 0;
    .port_info 0 /INPUT 4 "bin";
    .port_info 1 /OUTPUT 4 "gate_sum";
    .port_info 2 /OUTPUT 4 "data_sum";
    .port_info 3 /OUTPUT 4 "behav_sum";
L_00000213b861ca80 .functor BUF 1, L_00000213b8689d90, C4<0>, C4<0>, C4<0>;
L_00000213b861d340 .functor XOR 1, L_00000213b868b730, L_00000213b868ac90, C4<0>, C4<0>;
L_00000213b861ccb0 .functor XOR 1, L_00000213b868ad30, L_00000213b868a010, C4<0>, C4<0>;
L_00000213b861c850 .functor XOR 1, L_00000213b868a0b0, L_00000213b868a510, C4<0>, C4<0>;
L_00000213b861d180 .functor XOR 1, L_00000213b868a6f0, L_00000213b868a790, C4<0>, C4<0>;
L_00000213b861ca10 .functor XOR 1, L_00000213b868b050, L_00000213b868a8d0, C4<0>, C4<0>;
L_00000213b861d1f0 .functor XOR 1, L_00000213b868a970, L_00000213b868b7d0, C4<0>, C4<0>;
L_00000213b861d6c0 .functor XOR 1, L_00000213b868b370, L_00000213b868ab50, C4<0>, C4<0>;
v00000213b8618910_0 .net *"_ivl_1", 0 0, L_00000213b861ca80;  1 drivers
v00000213b86187d0_0 .net *"_ivl_11", 0 0, L_00000213b868ac90;  1 drivers
v00000213b8617e70_0 .net *"_ivl_13", 0 0, L_00000213b861ccb0;  1 drivers
v00000213b86185f0_0 .net *"_ivl_16", 0 0, L_00000213b868ad30;  1 drivers
v00000213b8617f10_0 .net *"_ivl_18", 0 0, L_00000213b868a010;  1 drivers
v00000213b8617fb0_0 .net *"_ivl_20", 0 0, L_00000213b861c850;  1 drivers
v00000213b8618050_0 .net *"_ivl_23", 0 0, L_00000213b868a0b0;  1 drivers
v00000213b86180f0_0 .net *"_ivl_25", 0 0, L_00000213b868a510;  1 drivers
v00000213b868a1f0_0 .net *"_ivl_27", 0 0, L_00000213b861d180;  1 drivers
v00000213b8689b10_0 .net *"_ivl_31", 0 0, L_00000213b868a6f0;  1 drivers
v00000213b868a330_0 .net *"_ivl_33", 0 0, L_00000213b868a790;  1 drivers
v00000213b868b0f0_0 .net *"_ivl_37", 0 0, L_00000213b868b4b0;  1 drivers
v00000213b868b550_0 .net *"_ivl_4", 0 0, L_00000213b8689d90;  1 drivers
v00000213b868b410_0 .net *"_ivl_41", 0 0, L_00000213b868b050;  1 drivers
v00000213b868a290_0 .net *"_ivl_43", 0 0, L_00000213b868a8d0;  1 drivers
v00000213b868b190_0 .net *"_ivl_44", 0 0, L_00000213b861ca10;  1 drivers
v00000213b8689ed0_0 .net *"_ivl_49", 0 0, L_00000213b868a970;  1 drivers
v00000213b8689bb0_0 .net *"_ivl_51", 0 0, L_00000213b868b7d0;  1 drivers
v00000213b868b5f0_0 .net *"_ivl_52", 0 0, L_00000213b861d1f0;  1 drivers
v00000213b868aa10_0 .net *"_ivl_58", 0 0, L_00000213b868b370;  1 drivers
v00000213b868a650_0 .net *"_ivl_6", 0 0, L_00000213b861d340;  1 drivers
v00000213b868b230_0 .net *"_ivl_60", 0 0, L_00000213b868ab50;  1 drivers
v00000213b868af10_0 .net *"_ivl_61", 0 0, L_00000213b861d6c0;  1 drivers
v00000213b868add0_0 .net *"_ivl_9", 0 0, L_00000213b868b730;  1 drivers
v00000213b868a3d0_0 .var "behav_sum", 3 0;
v00000213b8689f70_0 .net "bin", 3 0, v00000213b8689cf0_0;  1 drivers
v00000213b868b2d0_0 .net "data_sum", 3 0, L_00000213b868aab0;  alias, 1 drivers
v00000213b868a470_0 .net8 "gate_sum", 3 0, RS_00000213b86384e8;  alias, 2 drivers
E_00000213b8620d70 .event anyedge, v00000213b8689f70_0;
L_00000213b8689d90 .part v00000213b8689cf0_0, 3, 1;
L_00000213b8689e30 .part/pv L_00000213b861d340, 2, 1, 4;
L_00000213b868b730 .part v00000213b8689cf0_0, 3, 1;
L_00000213b868ac90 .part v00000213b8689cf0_0, 2, 1;
L_00000213b868ad30 .part v00000213b8689cf0_0, 3, 1;
L_00000213b868a010 .part v00000213b8689cf0_0, 2, 1;
L_00000213b868a0b0 .part v00000213b8689cf0_0, 1, 1;
L_00000213b868a510 .part v00000213b8689cf0_0, 2, 1;
L_00000213b868a5b0 .concat8 [ 1 1 1 1], L_00000213b861d180, L_00000213b861c850, L_00000213b861ccb0, L_00000213b861ca80;
L_00000213b868a6f0 .part v00000213b8689cf0_0, 1, 1;
L_00000213b868a790 .part v00000213b8689cf0_0, 0, 1;
L_00000213b868b4b0 .part v00000213b8689cf0_0, 3, 1;
L_00000213b868b050 .part v00000213b8689cf0_0, 3, 1;
L_00000213b868a8d0 .part v00000213b8689cf0_0, 2, 1;
L_00000213b868a970 .part v00000213b8689cf0_0, 1, 1;
L_00000213b868b7d0 .part v00000213b8689cf0_0, 2, 1;
L_00000213b868aab0 .concat8 [ 1 1 1 1], L_00000213b861d6c0, L_00000213b861d1f0, L_00000213b861ca10, L_00000213b868b4b0;
L_00000213b868b370 .part v00000213b8689cf0_0, 1, 1;
L_00000213b868ab50 .part v00000213b8689cf0_0, 0, 1;
S_00000213b8627720 .scope task, "check_result" "check_result" 2 82, 2 82 0, S_00000213b8627400;
 .timescale 0 0;
v00000213b868abf0_0 .var "e", 3 0;
v00000213b868a150_0 .var "expected_result", 3 0;
v00000213b868afb0_0 .var "f", 3 0;
v00000213b868b690_0 .var "g", 3 0;
TD_test_bench.check_result ;
    %load/vec4 v00000213b868abf0_0;
    %load/vec4 v00000213b868a150_0;
    %cmp/ne;
    %flag_mov 8, 4;
    %load/vec4 v00000213b868afb0_0;
    %load/vec4 v00000213b868a150_0;
    %cmp/ne;
    %flag_or 4, 8;
    %flag_mov 8, 4;
    %load/vec4 v00000213b868b690_0;
    %load/vec4 v00000213b868a150_0;
    %cmp/ne;
    %flag_or 4, 8;
    %jmp/0xz  T_0.0, 4;
    %vpi_call 2 89 "$display", "===== t=%d FAILED, output value does not match =====", $time {0 0 0};
    %vpi_call 2 90 "$display", "===== t=%d Expected value is %2d, Actual gate_model value is %2d, Actual dataflow value is %2d, Actual behavioral_model value is %2d =====", $time, v00000213b868a150_0, v00000213b868abf0_0, v00000213b868afb0_0, v00000213b868b690_0 {0 0 0};
    %jmp T_0.1;
T_0.0 ;
    %vpi_call 2 93 "$display", "===== t=%d PASSED SUCCESSFULLY =====", $time {0 0 0};
T_0.1 ;
    %end;
    .scope S_00000213b8627590;
T_1 ;
    %wait E_00000213b8620d70;
    %load/vec4 v00000213b8689f70_0;
    %parti/s 1, 3, 3;
    %ix/load 4, 3, 0;
    %flag_set/imm 4, 0;
    %store/vec4 v00000213b868a3d0_0, 4, 1;
    %load/vec4 v00000213b8689f70_0;
    %parti/s 1, 3, 3;
    %load/vec4 v00000213b8689f70_0;
    %parti/s 1, 2, 3;
    %xor;
    %ix/load 4, 2, 0;
    %flag_set/imm 4, 0;
    %store/vec4 v00000213b868a3d0_0, 4, 1;
    %load/vec4 v00000213b8689f70_0;
    %parti/s 1, 1, 2;
    %load/vec4 v00000213b8689f70_0;
    %parti/s 1, 2, 3;
    %xor;
    %ix/load 4, 1, 0;
    %flag_set/imm 4, 0;
    %store/vec4 v00000213b868a3d0_0, 4, 1;
    %load/vec4 v00000213b8689f70_0;
    %parti/s 1, 1, 2;
    %load/vec4 v00000213b8689f70_0;
    %parti/s 1, 0, 2;
    %xor;
    %ix/load 4, 0, 0;
    %flag_set/imm 4, 0;
    %store/vec4 v00000213b868a3d0_0, 4, 1;
    %jmp T_1;
    .thread T_1, $push;
    .scope S_00000213b8627400;
T_2 ;
    %vpi_call 2 9 "$dumpfile", "wave.vcd" {0 0 0};
    %vpi_call 2 10 "$dumpvars", 32'sb00000000000000000000000000000000, S_00000213b8627400 {0 0 0};
    %vpi_call 2 11 "$display", "===== Binary to Gray Code Converter =====" {0 0 0};
    %vpi_call 2 12 "$monitor", "\012===== t=%d With Binary Code = %b =====", $time, v00000213b8689cf0_0 {0 0 0};
    %pushi/vec4 0, 0, 4;
    %store/vec4 v00000213b8689cf0_0, 0, 4;
    %delay 1, 0;
    %pushi/vec4 0, 0, 4;
    %store/vec4 v00000213b868a150_0, 0, 4;
    %load/vec4 v00000213b868ae70_0;
    %store/vec4 v00000213b868abf0_0, 0, 4;
    %load/vec4 v00000213b8689c50_0;
    %store/vec4 v00000213b868afb0_0, 0, 4;
    %load/vec4 v00000213b868a830_0;
    %store/vec4 v00000213b868b690_0, 0, 4;
    %fork TD_test_bench.check_result, S_00000213b8627720;
    %join;
    %pushi/vec4 1, 0, 4;
    %store/vec4 v00000213b8689cf0_0, 0, 4;
    %delay 1, 0;
    %pushi/vec4 1, 0, 4;
    %store/vec4 v00000213b868a150_0, 0, 4;
    %load/vec4 v00000213b868ae70_0;
    %store/vec4 v00000213b868abf0_0, 0, 4;
    %load/vec4 v00000213b8689c50_0;
    %store/vec4 v00000213b868afb0_0, 0, 4;
    %load/vec4 v00000213b868a830_0;
    %store/vec4 v00000213b868b690_0, 0, 4;
    %fork TD_test_bench.check_result, S_00000213b8627720;
    %join;
    %pushi/vec4 2, 0, 4;
    %store/vec4 v00000213b8689cf0_0, 0, 4;
    %delay 1, 0;
    %pushi/vec4 3, 0, 4;
    %store/vec4 v00000213b868a150_0, 0, 4;
    %load/vec4 v00000213b868ae70_0;
    %store/vec4 v00000213b868abf0_0, 0, 4;
    %load/vec4 v00000213b8689c50_0;
    %store/vec4 v00000213b868afb0_0, 0, 4;
    %load/vec4 v00000213b868a830_0;
    %store/vec4 v00000213b868b690_0, 0, 4;
    %fork TD_test_bench.check_result, S_00000213b8627720;
    %join;
    %pushi/vec4 3, 0, 4;
    %store/vec4 v00000213b8689cf0_0, 0, 4;
    %delay 1, 0;
    %pushi/vec4 2, 0, 4;
    %store/vec4 v00000213b868a150_0, 0, 4;
    %load/vec4 v00000213b868ae70_0;
    %store/vec4 v00000213b868abf0_0, 0, 4;
    %load/vec4 v00000213b8689c50_0;
    %store/vec4 v00000213b868afb0_0, 0, 4;
    %load/vec4 v00000213b868a830_0;
    %store/vec4 v00000213b868b690_0, 0, 4;
    %fork TD_test_bench.check_result, S_00000213b8627720;
    %join;
    %pushi/vec4 4, 0, 4;
    %store/vec4 v00000213b8689cf0_0, 0, 4;
    %delay 1, 0;
    %pushi/vec4 6, 0, 4;
    %store/vec4 v00000213b868a150_0, 0, 4;
    %load/vec4 v00000213b868ae70_0;
    %store/vec4 v00000213b868abf0_0, 0, 4;
    %load/vec4 v00000213b8689c50_0;
    %store/vec4 v00000213b868afb0_0, 0, 4;
    %load/vec4 v00000213b868a830_0;
    %store/vec4 v00000213b868b690_0, 0, 4;
    %fork TD_test_bench.check_result, S_00000213b8627720;
    %join;
    %pushi/vec4 5, 0, 4;
    %store/vec4 v00000213b8689cf0_0, 0, 4;
    %delay 1, 0;
    %pushi/vec4 7, 0, 4;
    %store/vec4 v00000213b868a150_0, 0, 4;
    %load/vec4 v00000213b868ae70_0;
    %store/vec4 v00000213b868abf0_0, 0, 4;
    %load/vec4 v00000213b8689c50_0;
    %store/vec4 v00000213b868afb0_0, 0, 4;
    %load/vec4 v00000213b868a830_0;
    %store/vec4 v00000213b868b690_0, 0, 4;
    %fork TD_test_bench.check_result, S_00000213b8627720;
    %join;
    %pushi/vec4 6, 0, 4;
    %store/vec4 v00000213b8689cf0_0, 0, 4;
    %delay 1, 0;
    %pushi/vec4 5, 0, 4;
    %store/vec4 v00000213b868a150_0, 0, 4;
    %load/vec4 v00000213b868ae70_0;
    %store/vec4 v00000213b868abf0_0, 0, 4;
    %load/vec4 v00000213b8689c50_0;
    %store/vec4 v00000213b868afb0_0, 0, 4;
    %load/vec4 v00000213b868a830_0;
    %store/vec4 v00000213b868b690_0, 0, 4;
    %fork TD_test_bench.check_result, S_00000213b8627720;
    %join;
    %pushi/vec4 7, 0, 4;
    %store/vec4 v00000213b8689cf0_0, 0, 4;
    %delay 1, 0;
    %pushi/vec4 4, 0, 4;
    %store/vec4 v00000213b868a150_0, 0, 4;
    %load/vec4 v00000213b868ae70_0;
    %store/vec4 v00000213b868abf0_0, 0, 4;
    %load/vec4 v00000213b8689c50_0;
    %store/vec4 v00000213b868afb0_0, 0, 4;
    %load/vec4 v00000213b868a830_0;
    %store/vec4 v00000213b868b690_0, 0, 4;
    %fork TD_test_bench.check_result, S_00000213b8627720;
    %join;
    %pushi/vec4 8, 0, 4;
    %store/vec4 v00000213b8689cf0_0, 0, 4;
    %delay 1, 0;
    %pushi/vec4 12, 0, 4;
    %store/vec4 v00000213b868a150_0, 0, 4;
    %load/vec4 v00000213b868ae70_0;
    %store/vec4 v00000213b868abf0_0, 0, 4;
    %load/vec4 v00000213b8689c50_0;
    %store/vec4 v00000213b868afb0_0, 0, 4;
    %load/vec4 v00000213b868a830_0;
    %store/vec4 v00000213b868b690_0, 0, 4;
    %fork TD_test_bench.check_result, S_00000213b8627720;
    %join;
    %pushi/vec4 9, 0, 4;
    %store/vec4 v00000213b8689cf0_0, 0, 4;
    %delay 1, 0;
    %pushi/vec4 13, 0, 4;
    %store/vec4 v00000213b868a150_0, 0, 4;
    %load/vec4 v00000213b868ae70_0;
    %store/vec4 v00000213b868abf0_0, 0, 4;
    %load/vec4 v00000213b8689c50_0;
    %store/vec4 v00000213b868afb0_0, 0, 4;
    %load/vec4 v00000213b868a830_0;
    %store/vec4 v00000213b868b690_0, 0, 4;
    %fork TD_test_bench.check_result, S_00000213b8627720;
    %join;
    %pushi/vec4 10, 0, 4;
    %store/vec4 v00000213b8689cf0_0, 0, 4;
    %delay 1, 0;
    %pushi/vec4 15, 0, 4;
    %store/vec4 v00000213b868a150_0, 0, 4;
    %load/vec4 v00000213b868ae70_0;
    %store/vec4 v00000213b868abf0_0, 0, 4;
    %load/vec4 v00000213b8689c50_0;
    %store/vec4 v00000213b868afb0_0, 0, 4;
    %load/vec4 v00000213b868a830_0;
    %store/vec4 v00000213b868b690_0, 0, 4;
    %fork TD_test_bench.check_result, S_00000213b8627720;
    %join;
    %pushi/vec4 11, 0, 4;
    %store/vec4 v00000213b8689cf0_0, 0, 4;
    %delay 1, 0;
    %pushi/vec4 14, 0, 4;
    %store/vec4 v00000213b868a150_0, 0, 4;
    %load/vec4 v00000213b868ae70_0;
    %store/vec4 v00000213b868abf0_0, 0, 4;
    %load/vec4 v00000213b8689c50_0;
    %store/vec4 v00000213b868afb0_0, 0, 4;
    %load/vec4 v00000213b868a830_0;
    %store/vec4 v00000213b868b690_0, 0, 4;
    %fork TD_test_bench.check_result, S_00000213b8627720;
    %join;
    %pushi/vec4 12, 0, 4;
    %store/vec4 v00000213b8689cf0_0, 0, 4;
    %delay 1, 0;
    %pushi/vec4 10, 0, 4;
    %store/vec4 v00000213b868a150_0, 0, 4;
    %load/vec4 v00000213b868ae70_0;
    %store/vec4 v00000213b868abf0_0, 0, 4;
    %load/vec4 v00000213b8689c50_0;
    %store/vec4 v00000213b868afb0_0, 0, 4;
    %load/vec4 v00000213b868a830_0;
    %store/vec4 v00000213b868b690_0, 0, 4;
    %fork TD_test_bench.check_result, S_00000213b8627720;
    %join;
    %pushi/vec4 13, 0, 4;
    %store/vec4 v00000213b8689cf0_0, 0, 4;
    %delay 1, 0;
    %pushi/vec4 11, 0, 4;
    %store/vec4 v00000213b868a150_0, 0, 4;
    %load/vec4 v00000213b868ae70_0;
    %store/vec4 v00000213b868abf0_0, 0, 4;
    %load/vec4 v00000213b8689c50_0;
    %store/vec4 v00000213b868afb0_0, 0, 4;
    %load/vec4 v00000213b868a830_0;
    %store/vec4 v00000213b868b690_0, 0, 4;
    %fork TD_test_bench.check_result, S_00000213b8627720;
    %join;
    %pushi/vec4 14, 0, 4;
    %store/vec4 v00000213b8689cf0_0, 0, 4;
    %delay 1, 0;
    %pushi/vec4 9, 0, 4;
    %store/vec4 v00000213b868a150_0, 0, 4;
    %load/vec4 v00000213b868ae70_0;
    %store/vec4 v00000213b868abf0_0, 0, 4;
    %load/vec4 v00000213b8689c50_0;
    %store/vec4 v00000213b868afb0_0, 0, 4;
    %load/vec4 v00000213b868a830_0;
    %store/vec4 v00000213b868b690_0, 0, 4;
    %fork TD_test_bench.check_result, S_00000213b8627720;
    %join;
    %pushi/vec4 15, 0, 4;
    %store/vec4 v00000213b8689cf0_0, 0, 4;
    %delay 1, 0;
    %pushi/vec4 8, 0, 4;
    %store/vec4 v00000213b868a150_0, 0, 4;
    %load/vec4 v00000213b868ae70_0;
    %store/vec4 v00000213b868abf0_0, 0, 4;
    %load/vec4 v00000213b8689c50_0;
    %store/vec4 v00000213b868afb0_0, 0, 4;
    %load/vec4 v00000213b868a830_0;
    %store/vec4 v00000213b868b690_0, 0, 4;
    %fork TD_test_bench.check_result, S_00000213b8627720;
    %join;
    %vpi_call 2 78 "$finish" {0 0 0};
    %end;
    .thread T_2;
# The file index is used to find the file name in the following table.
:file_names 4;
    "N/A";
    "<interactive>";
    "../tb/test_bench.v";
    "../rtl/bin_to_gray.v";
