#! /c/Source/iverilog-install/bin/vvp
:ivl_version "12.0 (devel)" "(s20150603-1110-g18392a46)";
:ivl_delay_selection "TYPICAL";
:vpi_time_precision + 0;
:vpi_module "C:\iverilog\lib\ivl\system.vpi";
:vpi_module "C:\iverilog\lib\ivl\vhdl_sys.vpi";
:vpi_module "C:\iverilog\lib\ivl\vhdl_textio.vpi";
:vpi_module "C:\iverilog\lib\ivl\v2005_math.vpi";
:vpi_module "C:\iverilog\lib\ivl\va_math.vpi";
S_00000221a6a4bca0 .scope module, "test_bench" "test_bench" 2 1;
 .timescale 0 0;
v00000221a69d4890_0 .var "a", 0 0;
v00000221a69d4570_0 .net "behav_out_0", 0 0, v00000221a6a4d5f0_0;  1 drivers
v00000221a69d4610_0 .net "behav_out_1", 0 0, v00000221a696d720_0;  1 drivers
v00000221a69d4750_0 .net "data_out_0", 0 0, L_00000221a69d41b0;  1 drivers
v00000221a69d4110_0 .net "data_out_1", 0 0, L_00000221a69d4cf0;  1 drivers
v00000221a69d5010_0 .net "gate_out_0", 0 0, L_00000221a696b350;  1 drivers
v00000221a69d4390_0 .net "gate_out_1", 0 0, L_00000221a696aef0;  1 drivers
v00000221a69d4d90_0 .var "s", 0 0;
S_00000221a6968cb0 .scope module, "DUT" "demux_1to2" 2 7, 3 1 0, S_00000221a6a4bca0;
 .timescale 0 0;
    .port_info 0 /INPUT 1 "a";
    .port_info 1 /INPUT 1 "s";
    .port_info 2 /OUTPUT 1 "gate_out_0";
    .port_info 3 /OUTPUT 1 "gate_out_1";
    .port_info 4 /OUTPUT 1 "data_out_0";
    .port_info 5 /OUTPUT 1 "data_out_1";
    .port_info 6 /OUTPUT 1 "behav_out_0";
    .port_info 7 /OUTPUT 1 "behav_out_1";
L_00000221a696b7b0 .functor NOT 1, v00000221a69d4d90_0, C4<0>, C4<0>, C4<0>;
L_00000221a696b350 .functor AND 1, L_00000221a696b7b0, v00000221a69d4890_0, C4<1>, C4<1>;
L_00000221a696aef0 .functor AND 1, v00000221a69d4d90_0, v00000221a69d4890_0, C4<1>, C4<1>;
L_00000221a69d50d8 .functor BUFT 1, C4<0>, C4<0>, C4<0>, C4<0>;
v00000221a6968e40_0 .net/2u *"_ivl_3", 0 0, L_00000221a69d50d8;  1 drivers
L_00000221a69d5120 .functor BUFT 1, C4<0>, C4<0>, C4<0>, C4<0>;
v00000221a6942be0_0 .net/2u *"_ivl_7", 0 0, L_00000221a69d5120;  1 drivers
v00000221a6942e00_0 .net "a", 0 0, v00000221a69d4890_0;  1 drivers
v00000221a6a4d5f0_0 .var "behav_out_0", 0 0;
v00000221a696d720_0 .var "behav_out_1", 0 0;
v00000221a6972730_0 .net "data_out_0", 0 0, L_00000221a69d41b0;  alias, 1 drivers
v00000221a69727d0_0 .net "data_out_1", 0 0, L_00000221a69d4cf0;  alias, 1 drivers
v00000221a69d4e30_0 .net "gate_out_0", 0 0, L_00000221a696b350;  alias, 1 drivers
v00000221a69d4250_0 .net "gate_out_1", 0 0, L_00000221a696aef0;  alias, 1 drivers
v00000221a69d4bb0_0 .net "s", 0 0, v00000221a69d4d90_0;  1 drivers
v00000221a69d42f0_0 .net "s_or", 0 0, L_00000221a696b7b0;  1 drivers
E_00000221a6971350 .event anyedge, v00000221a69d4bb0_0, v00000221a6942e00_0;
L_00000221a69d41b0 .functor MUXZ 1, v00000221a69d4890_0, L_00000221a69d50d8, v00000221a69d4d90_0, C4<>;
L_00000221a69d4cf0 .functor MUXZ 1, L_00000221a69d5120, v00000221a69d4890_0, v00000221a69d4d90_0, C4<>;
    .scope S_00000221a6968cb0;
T_0 ;
    %wait E_00000221a6971350;
    %pushi/vec4 0, 0, 1;
    %assign/vec4 v00000221a696d720_0, 0;
    %pushi/vec4 0, 0, 1;
    %assign/vec4 v00000221a6a4d5f0_0, 0;
    %load/vec4 v00000221a69d4bb0_0;
    %flag_set/vec4 8;
    %jmp/0xz  T_0.0, 8;
    %load/vec4 v00000221a6942e00_0;
    %assign/vec4 v00000221a696d720_0, 0;
    %jmp T_0.1;
T_0.0 ;
    %load/vec4 v00000221a6942e00_0;
    %assign/vec4 v00000221a6a4d5f0_0, 0;
T_0.1 ;
    %jmp T_0;
    .thread T_0, $push;
    .scope S_00000221a6a4bca0;
T_1 ;
    %vpi_call 2 10 "$dumpfile", "wave.vcd" {0 0 0};
    %vpi_call 2 11 "$dumpvars", 32'sb00000000000000000000000000000000, S_00000221a6a4bca0 {0 0 0};
    %vpi_call 2 12 "$display", "===== Test DEMUX 1 to 2 =====" {0 0 0};
    %vpi_call 2 13 "$display", "====== A = 0, S = 0  =======" {0 0 0};
    %pushi/vec4 0, 0, 1;
    %store/vec4 v00000221a69d4890_0, 0, 1;
    %pushi/vec4 0, 0, 1;
    %store/vec4 v00000221a69d4d90_0, 0, 1;
    %delay 1, 0;
    %load/vec4 v00000221a69d4750_0;
    %load/vec4 v00000221a69d4890_0;
    %cmp/ne;
    %flag_mov 8, 4;
    %load/vec4 v00000221a69d5010_0;
    %load/vec4 v00000221a69d4890_0;
    %cmp/ne;
    %flag_or 4, 8;
    %flag_mov 8, 4;
    %load/vec4 v00000221a69d4570_0;
    %load/vec4 v00000221a69d4890_0;
    %cmp/ne;
    %flag_or 4, 8;
    %jmp/0xz  T_1.0, 4;
    %vpi_call 2 17 "$display", "===== t=%d FAILED, output does not match =====", $time {0 0 0};
    %vpi_call 2 18 "$display", "===== t=%d Expected value is %b, Actual gate value is %b, Actual data value is %b, Actual behavioral value is %b =====", $time, v00000221a69d5010_0, v00000221a69d4750_0, v00000221a69d4570_0 {0 0 0};
    %jmp T_1.1;
T_1.0 ;
    %vpi_call 2 21 "$display", "===== t=%d PASSED SUCCESSFULLY =====", $time {0 0 0};
T_1.1 ;
    %vpi_call 2 24 "$display", "====== A = 1, S = 0 =======" {0 0 0};
    %pushi/vec4 1, 0, 1;
    %store/vec4 v00000221a69d4890_0, 0, 1;
    %pushi/vec4 0, 0, 1;
    %store/vec4 v00000221a69d4d90_0, 0, 1;
    %delay 1, 0;
    %load/vec4 v00000221a69d4750_0;
    %load/vec4 v00000221a69d4890_0;
    %cmp/ne;
    %flag_mov 8, 4;
    %load/vec4 v00000221a69d5010_0;
    %load/vec4 v00000221a69d4890_0;
    %cmp/ne;
    %flag_or 4, 8;
    %flag_mov 8, 4;
    %load/vec4 v00000221a69d4570_0;
    %load/vec4 v00000221a69d4890_0;
    %cmp/ne;
    %flag_or 4, 8;
    %jmp/0xz  T_1.2, 4;
    %vpi_call 2 28 "$display", "===== t=%d FAILED, output does not match =====", $time {0 0 0};
    %vpi_call 2 29 "$display", "===== t=%d Expected value is %b, Actual gate value is %b, Actual data value is %b, Actual behavioral value is %b =====", $time, v00000221a69d4890_0, v00000221a69d5010_0, v00000221a69d4750_0, v00000221a69d4570_0 {0 0 0};
    %jmp T_1.3;
T_1.2 ;
    %vpi_call 2 32 "$display", "===== t=%d PASSED SUCCESSFULLY =====", $time {0 0 0};
T_1.3 ;
    %vpi_call 2 35 "$display", "====== A = 0, S = 1  =======" {0 0 0};
    %pushi/vec4 0, 0, 1;
    %store/vec4 v00000221a69d4890_0, 0, 1;
    %pushi/vec4 0, 0, 1;
    %store/vec4 v00000221a69d4d90_0, 0, 1;
    %delay 1, 0;
    %load/vec4 v00000221a69d4110_0;
    %load/vec4 v00000221a69d4890_0;
    %cmp/ne;
    %flag_mov 8, 4;
    %load/vec4 v00000221a69d4390_0;
    %load/vec4 v00000221a69d4890_0;
    %cmp/ne;
    %flag_or 4, 8;
    %flag_mov 8, 4;
    %load/vec4 v00000221a69d4610_0;
    %load/vec4 v00000221a69d4890_0;
    %cmp/ne;
    %flag_or 4, 8;
    %jmp/0xz  T_1.4, 4;
    %vpi_call 2 39 "$display", "===== t=%d FAILED, output does not match =====", $time {0 0 0};
    %vpi_call 2 40 "$display", "===== t=%d Expected value is %b, Actual gate value is %b, Actual data value is %b, Actual behavioral value is %b =====", $time, v00000221a69d4390_0, v00000221a69d4110_0, v00000221a69d4610_0 {0 0 0};
    %jmp T_1.5;
T_1.4 ;
    %vpi_call 2 43 "$display", "===== t=%d PASSED SUCCESSFULLY =====", $time {0 0 0};
T_1.5 ;
    %vpi_call 2 46 "$display", "====== A = 1, S = 1 =======" {0 0 0};
    %pushi/vec4 1, 0, 1;
    %store/vec4 v00000221a69d4890_0, 0, 1;
    %pushi/vec4 1, 0, 1;
    %store/vec4 v00000221a69d4d90_0, 0, 1;
    %delay 1, 0;
    %load/vec4 v00000221a69d4110_0;
    %load/vec4 v00000221a69d4890_0;
    %cmp/ne;
    %flag_mov 8, 4;
    %load/vec4 v00000221a69d4390_0;
    %load/vec4 v00000221a69d4890_0;
    %cmp/ne;
    %flag_or 4, 8;
    %flag_mov 8, 4;
    %load/vec4 v00000221a69d4610_0;
    %load/vec4 v00000221a69d4890_0;
    %cmp/ne;
    %flag_or 4, 8;
    %jmp/0xz  T_1.6, 4;
    %vpi_call 2 50 "$display", "===== t=%d FAILED, output does not match =====", $time {0 0 0};
    %vpi_call 2 51 "$display", "===== t=%d Expected value is %b, Actual gate value is %b, Actual data value is %b, Actual behavioral value is %b =====", $time, v00000221a69d4890_0, v00000221a69d4390_0, v00000221a69d4110_0, v00000221a69d4610_0 {0 0 0};
    %jmp T_1.7;
T_1.6 ;
    %vpi_call 2 54 "$display", "===== t=%d PASSED SUCCESSFULLY =====", $time {0 0 0};
T_1.7 ;
    %delay 1, 0;
    %vpi_call 2 57 "$finish" {0 0 0};
    %end;
    .thread T_1;
# The file index is used to find the file name in the following table.
:file_names 4;
    "N/A";
    "<interactive>";
    "../tb/test_bench.v";
    "../rtl/demux_1to2.v";
