#! /c/Source/iverilog-install/bin/vvp
:ivl_version "12.0 (devel)" "(s20150603-1110-g18392a46)";
:ivl_delay_selection "TYPICAL";
:vpi_time_precision + 0;
:vpi_module "C:\iverilog\lib\ivl\system.vpi";
:vpi_module "C:\iverilog\lib\ivl\vhdl_sys.vpi";
:vpi_module "C:\iverilog\lib\ivl\vhdl_textio.vpi";
:vpi_module "C:\iverilog\lib\ivl\v2005_math.vpi";
:vpi_module "C:\iverilog\lib\ivl\va_math.vpi";
S_00000222a229cab0 .scope module, "test_bench10" "test_bench10" 2 1;
 .timescale 0 0;
v00000222a2316c80_0 .net "behav_out", 7 0, v00000222a2317540_0;  1 drivers
v00000222a2317680_0 .net "data_out", 7 0, L_00000222a23183a0;  1 drivers
v00000222a23177c0_0 .net "gate_out", 7 0, L_00000222a2318120;  1 drivers
v00000222a2318300_0 .var "s", 2 0;
S_00000222a22be800 .scope module, "DUT" "decoder_3to8" 2 6, 3 1 0, S_00000222a229cab0;
 .timescale 0 0;
    .port_info 0 /INPUT 3 "s";
    .port_info 1 /OUTPUT 8 "gate_out";
    .port_info 2 /OUTPUT 8 "data_out";
    .port_info 3 /OUTPUT 8 "behav_out";
L_00000222a22c1d70 .functor NOT 1, L_00000222a2316e60, C4<0>, C4<0>, C4<0>;
L_00000222a22c1440 .functor NOT 1, L_00000222a2317040, C4<0>, C4<0>, C4<0>;
L_00000222a22c1f30 .functor NOT 1, L_00000222a2317860, C4<0>, C4<0>, C4<0>;
L_00000222a22c1fa0 .functor AND 1, L_00000222a22c1f30, L_00000222a22c1440, L_00000222a22c1d70, C4<1>;
L_00000222a22c18a0 .functor AND 1, L_00000222a22c1f30, L_00000222a22c1440, L_00000222a2318620, C4<1>;
L_00000222a22c1750 .functor AND 1, L_00000222a22c1f30, L_00000222a23186c0, L_00000222a22c1d70, C4<1>;
L_00000222a22c17c0 .functor AND 1, L_00000222a22c1f30, L_00000222a2316960, L_00000222a2317d60, C4<1>;
L_00000222a22c1830 .functor AND 1, L_00000222a2317e00, L_00000222a22c1440, L_00000222a22c1d70, C4<1>;
L_00000222a22c14b0 .functor AND 1, L_00000222a2316b40, L_00000222a22c1440, L_00000222a2317ea0, C4<1>;
L_00000222a22c13d0 .functor AND 1, L_00000222a2317fe0, L_00000222a2318080, L_00000222a22c1d70, C4<1>;
L_00000222a22c1520 .functor AND 1, L_00000222a23181c0, L_00000222a2316dc0, L_00000222a2316d20, C4<1>;
v00000222a2295c20_0 .net *"_ivl_10", 0 0, L_00000222a22c1fa0;  1 drivers
v00000222a2296440_0 .net *"_ivl_13", 0 0, L_00000222a22c18a0;  1 drivers
v00000222a2295ae0_0 .net *"_ivl_16", 0 0, L_00000222a2318620;  1 drivers
v00000222a2295680_0 .net *"_ivl_18", 0 0, L_00000222a22c1750;  1 drivers
v00000222a2295720_0 .net *"_ivl_2", 0 0, L_00000222a2316e60;  1 drivers
v00000222a22957c0_0 .net *"_ivl_21", 0 0, L_00000222a23186c0;  1 drivers
v00000222a2295860_0 .net *"_ivl_23", 0 0, L_00000222a22c17c0;  1 drivers
v00000222a2317900_0 .net *"_ivl_26", 0 0, L_00000222a2316960;  1 drivers
v00000222a23172c0_0 .net *"_ivl_28", 0 0, L_00000222a2317d60;  1 drivers
v00000222a2316f00_0 .net *"_ivl_30", 0 0, L_00000222a22c1830;  1 drivers
v00000222a2317a40_0 .net *"_ivl_33", 0 0, L_00000222a2317e00;  1 drivers
v00000222a2317f40_0 .net *"_ivl_35", 0 0, L_00000222a22c14b0;  1 drivers
v00000222a2318260_0 .net *"_ivl_38", 0 0, L_00000222a2316b40;  1 drivers
v00000222a2317400_0 .net *"_ivl_40", 0 0, L_00000222a2317ea0;  1 drivers
v00000222a2317220_0 .net *"_ivl_42", 0 0, L_00000222a22c13d0;  1 drivers
v00000222a2316fa0_0 .net *"_ivl_45", 0 0, L_00000222a2317fe0;  1 drivers
v00000222a2317360_0 .net *"_ivl_47", 0 0, L_00000222a2318080;  1 drivers
v00000222a23184e0_0 .net *"_ivl_49", 0 0, L_00000222a22c1520;  1 drivers
v00000222a2318800_0 .net *"_ivl_5", 0 0, L_00000222a2317040;  1 drivers
v00000222a2317720_0 .net *"_ivl_53", 0 0, L_00000222a23181c0;  1 drivers
v00000222a2316aa0_0 .net *"_ivl_55", 0 0, L_00000222a2316dc0;  1 drivers
v00000222a23179a0_0 .net *"_ivl_57", 0 0, L_00000222a2316d20;  1 drivers
L_00000222a2360088 .functor BUFT 1, C4<00000001>, C4<0>, C4<0>, C4<0>;
v00000222a2316be0_0 .net/2u *"_ivl_58", 7 0, L_00000222a2360088;  1 drivers
v00000222a2317ae0_0 .net *"_ivl_8", 0 0, L_00000222a2317860;  1 drivers
v00000222a2317540_0 .var "behav_out", 7 0;
v00000222a2317cc0_0 .net "data_out", 7 0, L_00000222a23183a0;  alias, 1 drivers
v00000222a2317c20_0 .net "gate_out", 7 0, L_00000222a2318120;  alias, 1 drivers
v00000222a2317b80_0 .net "n0", 0 0, L_00000222a22c1d70;  1 drivers
v00000222a23174a0_0 .net "n1", 0 0, L_00000222a22c1440;  1 drivers
v00000222a23175e0_0 .net "n2", 0 0, L_00000222a22c1f30;  1 drivers
v00000222a2318580_0 .net "s", 2 0, v00000222a2318300_0;  1 drivers
E_00000222a22a4000 .event anyedge, v00000222a2318580_0;
L_00000222a2316e60 .part v00000222a2318300_0, 0, 1;
L_00000222a2317040 .part v00000222a2318300_0, 1, 1;
L_00000222a2317860 .part v00000222a2318300_0, 2, 1;
L_00000222a2318620 .part v00000222a2318300_0, 0, 1;
L_00000222a23186c0 .part v00000222a2318300_0, 1, 1;
L_00000222a2316960 .part v00000222a2318300_0, 1, 1;
L_00000222a2317d60 .part v00000222a2318300_0, 0, 1;
L_00000222a2317e00 .part v00000222a2318300_0, 2, 1;
L_00000222a2316b40 .part v00000222a2318300_0, 2, 1;
L_00000222a2317ea0 .part v00000222a2318300_0, 0, 1;
L_00000222a2317fe0 .part v00000222a2318300_0, 2, 1;
L_00000222a2318080 .part v00000222a2318300_0, 1, 1;
LS_00000222a2318120_0_0 .concat8 [ 1 1 1 1], L_00000222a22c1fa0, L_00000222a22c18a0, L_00000222a22c1750, L_00000222a22c17c0;
LS_00000222a2318120_0_4 .concat8 [ 1 1 1 1], L_00000222a22c1830, L_00000222a22c14b0, L_00000222a22c13d0, L_00000222a22c1520;
L_00000222a2318120 .concat8 [ 4 4 0 0], LS_00000222a2318120_0_0, LS_00000222a2318120_0_4;
L_00000222a23181c0 .part v00000222a2318300_0, 2, 1;
L_00000222a2316dc0 .part v00000222a2318300_0, 1, 1;
L_00000222a2316d20 .part v00000222a2318300_0, 0, 1;
L_00000222a23183a0 .shift/l 8, L_00000222a2360088, v00000222a2318300_0;
    .scope S_00000222a22be800;
T_0 ;
    %wait E_00000222a22a4000;
    %load/vec4 v00000222a2318580_0;
    %dup/vec4;
    %pushi/vec4 0, 0, 3;
    %cmp/u;
    %jmp/1 T_0.0, 6;
    %dup/vec4;
    %pushi/vec4 1, 0, 3;
    %cmp/u;
    %jmp/1 T_0.1, 6;
    %dup/vec4;
    %pushi/vec4 2, 0, 3;
    %cmp/u;
    %jmp/1 T_0.2, 6;
    %dup/vec4;
    %pushi/vec4 3, 0, 3;
    %cmp/u;
    %jmp/1 T_0.3, 6;
    %dup/vec4;
    %pushi/vec4 4, 0, 3;
    %cmp/u;
    %jmp/1 T_0.4, 6;
    %dup/vec4;
    %pushi/vec4 5, 0, 3;
    %cmp/u;
    %jmp/1 T_0.5, 6;
    %dup/vec4;
    %pushi/vec4 6, 0, 3;
    %cmp/u;
    %jmp/1 T_0.6, 6;
    %dup/vec4;
    %pushi/vec4 7, 0, 3;
    %cmp/u;
    %jmp/1 T_0.7, 6;
    %pushi/vec4 0, 0, 8;
    %store/vec4 v00000222a2317540_0, 0, 8;
    %jmp T_0.9;
T_0.0 ;
    %pushi/vec4 1, 0, 8;
    %store/vec4 v00000222a2317540_0, 0, 8;
    %jmp T_0.9;
T_0.1 ;
    %pushi/vec4 2, 0, 8;
    %store/vec4 v00000222a2317540_0, 0, 8;
    %jmp T_0.9;
T_0.2 ;
    %pushi/vec4 4, 0, 8;
    %store/vec4 v00000222a2317540_0, 0, 8;
    %jmp T_0.9;
T_0.3 ;
    %pushi/vec4 8, 0, 8;
    %store/vec4 v00000222a2317540_0, 0, 8;
    %jmp T_0.9;
T_0.4 ;
    %pushi/vec4 16, 0, 8;
    %store/vec4 v00000222a2317540_0, 0, 8;
    %jmp T_0.9;
T_0.5 ;
    %pushi/vec4 32, 0, 8;
    %store/vec4 v00000222a2317540_0, 0, 8;
    %jmp T_0.9;
T_0.6 ;
    %pushi/vec4 64, 0, 8;
    %store/vec4 v00000222a2317540_0, 0, 8;
    %jmp T_0.9;
T_0.7 ;
    %pushi/vec4 128, 0, 8;
    %store/vec4 v00000222a2317540_0, 0, 8;
    %jmp T_0.9;
T_0.9 ;
    %pop/vec4 1;
    %jmp T_0;
    .thread T_0, $push;
    .scope S_00000222a229cab0;
T_1 ;
    %vpi_call 2 9 "$dumpfile", "wave10.vcd" {0 0 0};
    %vpi_call 2 10 "$dumpvars", 32'sb00000000000000000000000000000000, S_00000222a229cab0 {0 0 0};
    %vpi_call 2 11 "$display", "===== Test 3 to 8 Decoder =====" {0 0 0};
    %pushi/vec4 0, 0, 3;
    %store/vec4 v00000222a2318300_0, 0, 3;
    %delay 1, 0;
    %vpi_call 2 15 "$display", "===== S = 3'b000 =====" {0 0 0};
    %load/vec4 v00000222a23177c0_0;
    %cmpi/ne 1, 0, 8;
    %flag_mov 8, 4;
    %load/vec4 v00000222a2317680_0;
    %cmpi/ne 1, 0, 8;
    %flag_or 4, 8;
    %flag_mov 8, 4;
    %load/vec4 v00000222a2316c80_0;
    %cmpi/ne 1, 0, 8;
    %flag_or 4, 8;
    %jmp/0xz  T_1.0, 4;
    %vpi_call 2 17 "$display", "===== t=%d FAILED, value does not match =====", $time {0 0 0};
    %vpi_call 2 18 "$display", "===== t=%d Expected=0000_0001, Gate=%b, Data=%b, Behavioral=%b =====", $time, v00000222a23177c0_0, v00000222a2317680_0, v00000222a2316c80_0 {0 0 0};
    %jmp T_1.1;
T_1.0 ;
    %vpi_call 2 20 "$display", "===== t=%d PASSED SUCCESSFULLY =====", $time {0 0 0};
T_1.1 ;
    %pushi/vec4 1, 0, 3;
    %store/vec4 v00000222a2318300_0, 0, 3;
    %delay 1, 0;
    %vpi_call 2 25 "$display", "===== S = 3'b001 =====" {0 0 0};
    %load/vec4 v00000222a23177c0_0;
    %cmpi/ne 2, 0, 8;
    %flag_mov 8, 4;
    %load/vec4 v00000222a2317680_0;
    %cmpi/ne 2, 0, 8;
    %flag_or 4, 8;
    %flag_mov 8, 4;
    %load/vec4 v00000222a2316c80_0;
    %cmpi/ne 2, 0, 8;
    %flag_or 4, 8;
    %jmp/0xz  T_1.2, 4;
    %vpi_call 2 27 "$display", "===== t=%d FAILED, value does not match =====", $time {0 0 0};
    %vpi_call 2 28 "$display", "===== t=%d Expected=0000_0010, Gate=%b, Data=%b, Behavioral=%b =====", $time, v00000222a23177c0_0, v00000222a2317680_0, v00000222a2316c80_0 {0 0 0};
    %jmp T_1.3;
T_1.2 ;
    %vpi_call 2 30 "$display", "===== t=%d PASSED SUCCESSFULLY =====", $time {0 0 0};
T_1.3 ;
    %pushi/vec4 2, 0, 3;
    %store/vec4 v00000222a2318300_0, 0, 3;
    %delay 1, 0;
    %vpi_call 2 35 "$display", "===== S = 3'b010 =====" {0 0 0};
    %load/vec4 v00000222a23177c0_0;
    %cmpi/ne 4, 0, 8;
    %flag_mov 8, 4;
    %load/vec4 v00000222a2317680_0;
    %cmpi/ne 4, 0, 8;
    %flag_or 4, 8;
    %flag_mov 8, 4;
    %load/vec4 v00000222a2316c80_0;
    %cmpi/ne 4, 0, 8;
    %flag_or 4, 8;
    %jmp/0xz  T_1.4, 4;
    %vpi_call 2 37 "$display", "===== t=%d FAILED, value does not match =====", $time {0 0 0};
    %vpi_call 2 38 "$display", "===== t=%d Expected=0000_0100, Gate=%b, Data=%b, Behavioral=%b =====", $time, v00000222a23177c0_0, v00000222a2317680_0, v00000222a2316c80_0 {0 0 0};
    %jmp T_1.5;
T_1.4 ;
    %vpi_call 2 40 "$display", "===== t=%d PASSED SUCCESSFULLY =====", $time {0 0 0};
T_1.5 ;
    %pushi/vec4 3, 0, 3;
    %store/vec4 v00000222a2318300_0, 0, 3;
    %delay 1, 0;
    %vpi_call 2 45 "$display", "===== S = 3'b011 =====" {0 0 0};
    %load/vec4 v00000222a23177c0_0;
    %cmpi/ne 8, 0, 8;
    %flag_mov 8, 4;
    %load/vec4 v00000222a2317680_0;
    %cmpi/ne 8, 0, 8;
    %flag_or 4, 8;
    %flag_mov 8, 4;
    %load/vec4 v00000222a2316c80_0;
    %cmpi/ne 8, 0, 8;
    %flag_or 4, 8;
    %jmp/0xz  T_1.6, 4;
    %vpi_call 2 47 "$display", "===== t=%d FAILED, value does not match =====", $time {0 0 0};
    %vpi_call 2 48 "$display", "===== t=%d Expected=0001_0000, Gate=%b, Data=%b, Behavioral=%b =====", $time, v00000222a23177c0_0, v00000222a2317680_0, v00000222a2316c80_0 {0 0 0};
    %jmp T_1.7;
T_1.6 ;
    %vpi_call 2 50 "$display", "===== t=%d PASSED SUCCESSFULLY =====", $time {0 0 0};
T_1.7 ;
    %pushi/vec4 4, 0, 3;
    %store/vec4 v00000222a2318300_0, 0, 3;
    %delay 1, 0;
    %vpi_call 2 55 "$display", "===== S = 3'b100 =====" {0 0 0};
    %load/vec4 v00000222a23177c0_0;
    %cmpi/ne 16, 0, 8;
    %flag_mov 8, 4;
    %load/vec4 v00000222a2317680_0;
    %cmpi/ne 16, 0, 8;
    %flag_or 4, 8;
    %flag_mov 8, 4;
    %load/vec4 v00000222a2316c80_0;
    %cmpi/ne 16, 0, 8;
    %flag_or 4, 8;
    %jmp/0xz  T_1.8, 4;
    %vpi_call 2 57 "$display", "===== t=%d FAILED, value does not match =====", $time {0 0 0};
    %vpi_call 2 58 "$display", "===== t=%d Expected=0001_0000, Gate=%b, Data=%b, Behavioral=%b =====", $time, v00000222a23177c0_0, v00000222a2317680_0, v00000222a2316c80_0 {0 0 0};
    %jmp T_1.9;
T_1.8 ;
    %vpi_call 2 60 "$display", "===== t=%d PASSED SUCCESSFULLY =====", $time {0 0 0};
T_1.9 ;
    %pushi/vec4 5, 0, 3;
    %store/vec4 v00000222a2318300_0, 0, 3;
    %delay 1, 0;
    %vpi_call 2 65 "$display", "===== S = 3'b101 =====" {0 0 0};
    %load/vec4 v00000222a23177c0_0;
    %cmpi/ne 32, 0, 8;
    %flag_mov 8, 4;
    %load/vec4 v00000222a2317680_0;
    %cmpi/ne 32, 0, 8;
    %flag_or 4, 8;
    %flag_mov 8, 4;
    %load/vec4 v00000222a2316c80_0;
    %cmpi/ne 32, 0, 8;
    %flag_or 4, 8;
    %jmp/0xz  T_1.10, 4;
    %vpi_call 2 67 "$display", "===== t=%d FAILED, value does not match =====", $time {0 0 0};
    %vpi_call 2 68 "$display", "===== t=%d Expected=0010_0000, Gate=%b, Data=%b, Behavioral=%b =====", $time, v00000222a23177c0_0, v00000222a2317680_0, v00000222a2316c80_0 {0 0 0};
    %jmp T_1.11;
T_1.10 ;
    %vpi_call 2 70 "$display", "===== t=%d PASSED SUCCESSFULLY =====", $time {0 0 0};
T_1.11 ;
    %pushi/vec4 6, 0, 3;
    %store/vec4 v00000222a2318300_0, 0, 3;
    %delay 1, 0;
    %vpi_call 2 75 "$display", "===== S = 3'b110 =====" {0 0 0};
    %load/vec4 v00000222a23177c0_0;
    %cmpi/ne 64, 0, 8;
    %flag_mov 8, 4;
    %load/vec4 v00000222a2317680_0;
    %cmpi/ne 64, 0, 8;
    %flag_or 4, 8;
    %flag_mov 8, 4;
    %load/vec4 v00000222a2316c80_0;
    %cmpi/ne 64, 0, 8;
    %flag_or 4, 8;
    %jmp/0xz  T_1.12, 4;
    %vpi_call 2 77 "$display", "===== t=%d FAILED, value does not match =====", $time {0 0 0};
    %vpi_call 2 78 "$display", "===== t=%d Expected=0100_0000, Gate=%b, Data=%b, Behavioral=%b =====", $time, v00000222a23177c0_0, v00000222a2317680_0, v00000222a2316c80_0 {0 0 0};
    %jmp T_1.13;
T_1.12 ;
    %vpi_call 2 80 "$display", "===== t=%d PASSED SUCCESSFULLY =====", $time {0 0 0};
T_1.13 ;
    %pushi/vec4 7, 0, 3;
    %store/vec4 v00000222a2318300_0, 0, 3;
    %delay 1, 0;
    %vpi_call 2 85 "$display", "===== S = 3'b111 =====" {0 0 0};
    %load/vec4 v00000222a23177c0_0;
    %cmpi/ne 128, 0, 8;
    %flag_mov 8, 4;
    %load/vec4 v00000222a2317680_0;
    %cmpi/ne 128, 0, 8;
    %flag_or 4, 8;
    %flag_mov 8, 4;
    %load/vec4 v00000222a2316c80_0;
    %cmpi/ne 128, 0, 8;
    %flag_or 4, 8;
    %jmp/0xz  T_1.14, 4;
    %vpi_call 2 87 "$display", "===== t=%d FAILED, value does not match =====", $time {0 0 0};
    %vpi_call 2 88 "$display", "===== t=%d Expected=1000_0000, Gate=%b, Data=%b, Behavioral=%b =====", $time, v00000222a23177c0_0, v00000222a2317680_0, v00000222a2316c80_0 {0 0 0};
    %jmp T_1.15;
T_1.14 ;
    %vpi_call 2 90 "$display", "===== t=%d PASSED SUCCESSFULLY =====", $time {0 0 0};
T_1.15 ;
    %delay 1, 0;
    %vpi_call 2 94 "$finish" {0 0 0};
    %end;
    .thread T_1;
# The file index is used to find the file name in the following table.
:file_names 4;
    "N/A";
    "<interactive>";
    "test_bench10.v";
    "decoder_3to8.v";
