#! /c/Source/iverilog-install/bin/vvp
:ivl_version "12.0 (devel)" "(s20150603-1110-g18392a46)";
:ivl_delay_selection "TYPICAL";
:vpi_time_precision + 0;
:vpi_module "C:\iverilog\lib\ivl\system.vpi";
:vpi_module "C:\iverilog\lib\ivl\vhdl_sys.vpi";
:vpi_module "C:\iverilog\lib\ivl\vhdl_textio.vpi";
:vpi_module "C:\iverilog\lib\ivl\v2005_math.vpi";
:vpi_module "C:\iverilog\lib\ivl\va_math.vpi";
S_0000018b45a27f80 .scope module, "test_bench2" "test_bench2" 2 1;
 .timescale 0 0;
v0000018b45a02570_0 .var "a", 0 0;
v0000018b45a02610_0 .var "b", 0 0;
v0000018b45a026b0_0 .net "behav_out", 0 0, v0000018b45b6a290_0;  1 drivers
v0000018b45a02750_0 .net "data_out", 0 0, L_0000018b45a02fe0;  1 drivers
v0000018b45a027f0_0 .net "gate_out", 0 0, L_0000018b45a02da0;  1 drivers
S_0000018b45a28110 .scope module, "DUT" "or_gate" 2 6, 3 1 0, S_0000018b45a27f80;
 .timescale 0 0;
    .port_info 0 /INPUT 1 "a";
    .port_info 1 /INPUT 1 "b";
    .port_info 2 /OUTPUT 1 "gate_out";
    .port_info 3 /OUTPUT 1 "data_out";
    .port_info 4 /OUTPUT 1 "behav_out";
L_0000018b45a02da0 .functor OR 1, v0000018b45a02570_0, v0000018b45a02610_0, C4<0>, C4<0>;
L_0000018b45a02fe0 .functor OR 1, v0000018b45a02570_0, v0000018b45a02610_0, C4<0>, C4<0>;
v0000018b45a02b80_0 .net "a", 0 0, v0000018b45a02570_0;  1 drivers
v0000018b45b6a790_0 .net "b", 0 0, v0000018b45a02610_0;  1 drivers
v0000018b45b6a290_0 .var "behav_out", 0 0;
v0000018b45b6b3e0_0 .net "data_out", 0 0, L_0000018b45a02fe0;  alias, 1 drivers
v0000018b45a024d0_0 .net "gate_out", 0 0, L_0000018b45a02da0;  alias, 1 drivers
E_0000018b45b679e0 .event anyedge, v0000018b45a02b80_0, v0000018b45b6a790_0;
    .scope S_0000018b45a28110;
T_0 ;
    %wait E_0000018b45b679e0;
    %load/vec4 v0000018b45a02b80_0;
    %load/vec4 v0000018b45b6a790_0;
    %or;
    %store/vec4 v0000018b45b6a290_0, 0, 1;
    %jmp T_0;
    .thread T_0, $push;
    .scope S_0000018b45a27f80;
T_1 ;
    %vpi_call 2 9 "$dumpfile", "wave2.vcd" {0 0 0};
    %vpi_call 2 10 "$dumpvars", 32'sb00000000000000000000000000000000, S_0000018b45a27f80 {0 0 0};
    %vpi_call 2 11 "$display", "===== OR Gate Testbench =====" {0 0 0};
    %vpi_call 2 12 "$monitor", "===== t=%d A = %b, B = %b, Gate Level Output = %b, Dataflow Output = %b, Behavioral Output = %b =====", $time, v0000018b45a02570_0, v0000018b45a02610_0, v0000018b45a027f0_0, v0000018b45a02750_0, v0000018b45a026b0_0 {0 0 0};
    %vpi_call 2 13 "$display", "===== A = 0, B = 0 =====" {0 0 0};
    %pushi/vec4 0, 0, 1;
    %store/vec4 v0000018b45a02570_0, 0, 1;
    %pushi/vec4 0, 0, 1;
    %store/vec4 v0000018b45a02610_0, 0, 1;
    %delay 1, 0;
    %vpi_call 2 16 "$display", "===== A = 0, B = 1 =====" {0 0 0};
    %pushi/vec4 0, 0, 1;
    %store/vec4 v0000018b45a02570_0, 0, 1;
    %pushi/vec4 1, 0, 1;
    %store/vec4 v0000018b45a02610_0, 0, 1;
    %delay 1, 0;
    %vpi_call 2 19 "$display", "===== A = 1, B = 0 =====" {0 0 0};
    %pushi/vec4 1, 0, 1;
    %store/vec4 v0000018b45a02570_0, 0, 1;
    %pushi/vec4 0, 0, 1;
    %store/vec4 v0000018b45a02610_0, 0, 1;
    %delay 1, 0;
    %vpi_call 2 22 "$display", "===== A = 1, B = 1 =====" {0 0 0};
    %pushi/vec4 1, 0, 1;
    %store/vec4 v0000018b45a02570_0, 0, 1;
    %pushi/vec4 1, 0, 1;
    %store/vec4 v0000018b45a02610_0, 0, 1;
    %delay 1, 0;
    %vpi_call 2 25 "$finish" {0 0 0};
    %end;
    .thread T_1;
# The file index is used to find the file name in the following table.
:file_names 4;
    "N/A";
    "<interactive>";
    "test_bench2.v";
    "or_gate.v";
