#! /c/Source/iverilog-install/bin/vvp
:ivl_version "12.0 (devel)" "(s20150603-1110-g18392a46)";
:ivl_delay_selection "TYPICAL";
:vpi_time_precision + 0;
:vpi_module "C:\iverilog\lib\ivl\system.vpi";
:vpi_module "C:\iverilog\lib\ivl\vhdl_sys.vpi";
:vpi_module "C:\iverilog\lib\ivl\vhdl_textio.vpi";
:vpi_module "C:\iverilog\lib\ivl\v2005_math.vpi";
:vpi_module "C:\iverilog\lib\ivl\va_math.vpi";
S_000001062c4ec4e0 .scope module, "test_bench8" "test_bench8" 2 1;
 .timescale 0 0;
v000001062c561440_0 .var "I0", 0 0;
v000001062c5614e0_0 .var "I1", 0 0;
v000001062c561580_0 .var "I2", 0 0;
v000001062c560220_0 .var "I3", 0 0;
v000001062c5613a0_0 .var "S", 1 0;
v000001062c560360_0 .net "behav_out", 0 0, v000001062c4eb160_0;  1 drivers
v000001062c561120_0 .net "data_out", 0 0, L_000001062c5609a0;  1 drivers
v000001062c5607c0_0 .net "gate_out", 0 0, L_000001062c505320;  1 drivers
S_000001062c4eb8f0 .scope module, "DUT" "mux4to1" 2 7, 3 1 0, S_000001062c4ec4e0;
 .timescale 0 0;
    .port_info 0 /INPUT 2 "S";
    .port_info 1 /INPUT 1 "I0";
    .port_info 2 /INPUT 1 "I1";
    .port_info 3 /INPUT 1 "I2";
    .port_info 4 /INPUT 1 "I3";
    .port_info 5 /OUTPUT 1 "gate_out";
    .port_info 6 /OUTPUT 1 "data_out";
    .port_info 7 /OUTPUT 1 "behav_out";
L_000001062c505b70 .functor NOT 1, L_000001062c55fdc0, C4<0>, C4<0>, C4<0>;
L_000001062c5052b0 .functor NOT 1, L_000001062c5605e0, C4<0>, C4<0>, C4<0>;
L_000001062c505010 .functor AND 1, L_000001062c505b70, L_000001062c5052b0, v000001062c561440_0, C4<1>;
L_000001062c505550 .functor AND 1, L_000001062c505b70, L_000001062c5605e0, v000001062c5614e0_0, C4<1>;
L_000001062c505b00 .functor AND 1, L_000001062c55fdc0, L_000001062c5052b0, v000001062c561580_0, C4<1>;
L_000001062c5055c0 .functor AND 1, L_000001062c55fdc0, L_000001062c5605e0, v000001062c560220_0, C4<1>;
L_000001062c505320 .functor OR 1, L_000001062c505010, L_000001062c505550, L_000001062c505b00, L_000001062c5055c0;
v000001062c4ea8a0_0 .net "I0", 0 0, v000001062c561440_0;  1 drivers
v000001062c4eb520_0 .net "I1", 0 0, v000001062c5614e0_0;  1 drivers
v000001062c4eb020_0 .net "I2", 0 0, v000001062c561580_0;  1 drivers
v000001062c4ea6c0_0 .net "I3", 0 0, v000001062c560220_0;  1 drivers
v000001062c4ea760_0 .net "S", 1 0, v000001062c5613a0_0;  1 drivers
v000001062c4ea940_0 .net "S0", 0 0, L_000001062c55fdc0;  1 drivers
v000001062c4eb340_0 .net "S1", 0 0, L_000001062c5605e0;  1 drivers
L_000001062c561b08 .functor BUFT 1, C4<00>, C4<0>, C4<0>, C4<0>;
v000001062c4eb2a0_0 .net/2u *"_ivl_11", 1 0, L_000001062c561b08;  1 drivers
v000001062c4ea9e0_0 .net *"_ivl_13", 0 0, L_000001062c561620;  1 drivers
L_000001062c561b50 .functor BUFT 1, C4<01>, C4<0>, C4<0>, C4<0>;
v000001062c4ea800_0 .net/2u *"_ivl_15", 1 0, L_000001062c561b50;  1 drivers
v000001062c4eab20_0 .net *"_ivl_17", 0 0, L_000001062c560ea0;  1 drivers
L_000001062c561b98 .functor BUFT 1, C4<10>, C4<0>, C4<0>, C4<0>;
v000001062c4eabc0_0 .net/2u *"_ivl_19", 1 0, L_000001062c561b98;  1 drivers
v000001062c4eaa80_0 .net *"_ivl_21", 0 0, L_000001062c5616c0;  1 drivers
v000001062c4eb0c0_0 .net *"_ivl_23", 0 0, L_000001062c560400;  1 drivers
v000001062c4eb3e0_0 .net *"_ivl_25", 0 0, L_000001062c560d60;  1 drivers
v000001062c4eb160_0 .var "behav_out", 0 0;
v000001062c4ead00_0 .net "data_out", 0 0, L_000001062c5609a0;  alias, 1 drivers
v000001062c4eac60_0 .net "f0", 0 0, L_000001062c505010;  1 drivers
v000001062c4eada0_0 .net "f1", 0 0, L_000001062c505550;  1 drivers
v000001062c4eae40_0 .net "f2", 0 0, L_000001062c505b00;  1 drivers
v000001062c4eb200_0 .net "f3", 0 0, L_000001062c5055c0;  1 drivers
v000001062c4ea620_0 .net "gate_out", 0 0, L_000001062c505320;  alias, 1 drivers
v000001062c4eb480_0 .net "not_S0", 0 0, L_000001062c505b70;  1 drivers
v000001062c560040_0 .net "not_S1", 0 0, L_000001062c5052b0;  1 drivers
E_000001062c4eec60/0 .event anyedge, v000001062c4ea760_0, v000001062c4ea8a0_0, v000001062c4eb520_0, v000001062c4eb020_0;
E_000001062c4eec60/1 .event anyedge, v000001062c4ea6c0_0;
E_000001062c4eec60 .event/or E_000001062c4eec60/0, E_000001062c4eec60/1;
L_000001062c55fdc0 .part v000001062c5613a0_0, 1, 1;
L_000001062c5605e0 .part v000001062c5613a0_0, 0, 1;
L_000001062c561620 .cmp/eq 2, v000001062c5613a0_0, L_000001062c561b08;
L_000001062c560ea0 .cmp/eq 2, v000001062c5613a0_0, L_000001062c561b50;
L_000001062c5616c0 .cmp/eq 2, v000001062c5613a0_0, L_000001062c561b98;
L_000001062c560400 .functor MUXZ 1, v000001062c560220_0, v000001062c561580_0, L_000001062c5616c0, C4<>;
L_000001062c560d60 .functor MUXZ 1, L_000001062c560400, v000001062c5614e0_0, L_000001062c560ea0, C4<>;
L_000001062c5609a0 .functor MUXZ 1, L_000001062c560d60, v000001062c561440_0, L_000001062c561620, C4<>;
    .scope S_000001062c4eb8f0;
T_0 ;
    %wait E_000001062c4eec60;
    %load/vec4 v000001062c4ea760_0;
    %dup/vec4;
    %pushi/vec4 0, 0, 2;
    %cmp/u;
    %jmp/1 T_0.0, 6;
    %dup/vec4;
    %pushi/vec4 1, 0, 2;
    %cmp/u;
    %jmp/1 T_0.1, 6;
    %dup/vec4;
    %pushi/vec4 2, 0, 2;
    %cmp/u;
    %jmp/1 T_0.2, 6;
    %dup/vec4;
    %pushi/vec4 3, 0, 2;
    %cmp/u;
    %jmp/1 T_0.3, 6;
    %pushi/vec4 0, 0, 1;
    %store/vec4 v000001062c4eb160_0, 0, 1;
    %jmp T_0.5;
T_0.0 ;
    %load/vec4 v000001062c4ea8a0_0;
    %store/vec4 v000001062c4eb160_0, 0, 1;
    %jmp T_0.5;
T_0.1 ;
    %load/vec4 v000001062c4eb520_0;
    %store/vec4 v000001062c4eb160_0, 0, 1;
    %jmp T_0.5;
T_0.2 ;
    %load/vec4 v000001062c4eb020_0;
    %store/vec4 v000001062c4eb160_0, 0, 1;
    %jmp T_0.5;
T_0.3 ;
    %load/vec4 v000001062c4ea6c0_0;
    %store/vec4 v000001062c4eb160_0, 0, 1;
    %jmp T_0.5;
T_0.5 ;
    %pop/vec4 1;
    %jmp T_0;
    .thread T_0, $push;
    .scope S_000001062c4ec4e0;
T_1 ;
    %vpi_call 2 10 "$dumpfile", "wave8.vcd" {0 0 0};
    %vpi_call 2 11 "$dumpvars", 32'sb00000000000000000000000000000000, S_000001062c4ec4e0 {0 0 0};
    %vpi_call 2 12 "$display", "===== Test MUX 4 to 1 =====" {0 0 0};
    %vpi_call 2 13 "$display", "===== S = 2'b00, I0 = 1, I1 = 0, I2 = 0, I3 = 0 =====" {0 0 0};
    %pushi/vec4 0, 0, 2;
    %store/vec4 v000001062c5613a0_0, 0, 2;
    %pushi/vec4 1, 0, 1;
    %store/vec4 v000001062c561440_0, 0, 1;
    %pushi/vec4 0, 0, 1;
    %store/vec4 v000001062c5614e0_0, 0, 1;
    %pushi/vec4 0, 0, 1;
    %store/vec4 v000001062c561580_0, 0, 1;
    %pushi/vec4 0, 0, 1;
    %store/vec4 v000001062c560220_0, 0, 1;
    %delay 1, 0;
    %load/vec4 v000001062c561120_0;
    %load/vec4 v000001062c561440_0;
    %cmp/ne;
    %flag_mov 8, 4;
    %load/vec4 v000001062c5607c0_0;
    %load/vec4 v000001062c561440_0;
    %cmp/ne;
    %flag_or 4, 8;
    %flag_mov 8, 4;
    %load/vec4 v000001062c560360_0;
    %load/vec4 v000001062c561440_0;
    %cmp/ne;
    %flag_or 4, 8;
    %jmp/0xz  T_1.0, 4;
    %vpi_call 2 17 "$display", "===== t=%d FAILED, output does not match", $time {0 0 0};
    %vpi_call 2 18 "$display", "===== t=%d Expected value is %b, Actual gate_model value is %b, Actual dataflow value is %b, Actual behavioral model value is %b =====", $time, v000001062c561440_0, v000001062c561120_0, v000001062c5607c0_0, v000001062c560360_0 {0 0 0};
    %jmp T_1.1;
T_1.0 ;
    %vpi_call 2 21 "$display", "===== t=%d PASSED SUCCESSFULLY =====", $time {0 0 0};
T_1.1 ;
    %vpi_call 2 24 "$display", "===== S = 2'b01, I0 = 0, I1 = 1, I2 = 0, I3 = 0 =====" {0 0 0};
    %pushi/vec4 1, 0, 2;
    %store/vec4 v000001062c5613a0_0, 0, 2;
    %pushi/vec4 0, 0, 1;
    %store/vec4 v000001062c561440_0, 0, 1;
    %pushi/vec4 1, 0, 1;
    %store/vec4 v000001062c5614e0_0, 0, 1;
    %pushi/vec4 0, 0, 1;
    %store/vec4 v000001062c561580_0, 0, 1;
    %pushi/vec4 0, 0, 1;
    %store/vec4 v000001062c560220_0, 0, 1;
    %delay 1, 0;
    %load/vec4 v000001062c561120_0;
    %load/vec4 v000001062c5614e0_0;
    %cmp/ne;
    %flag_mov 8, 4;
    %load/vec4 v000001062c5607c0_0;
    %load/vec4 v000001062c5614e0_0;
    %cmp/ne;
    %flag_or 4, 8;
    %flag_mov 8, 4;
    %load/vec4 v000001062c560360_0;
    %load/vec4 v000001062c5614e0_0;
    %cmp/ne;
    %flag_or 4, 8;
    %jmp/0xz  T_1.2, 4;
    %vpi_call 2 28 "$display", "===== t=%d FAILED, output does not match", $time {0 0 0};
    %vpi_call 2 29 "$display", "===== t=%d Expected value is %b, Actual gate_model value is %b, Actual dataflow value is %b, Actual behavioral model value is %b =====", $time, v000001062c5614e0_0, v000001062c561120_0, v000001062c5607c0_0, v000001062c560360_0 {0 0 0};
    %jmp T_1.3;
T_1.2 ;
    %vpi_call 2 32 "$display", "===== t=%d PASSED SUCCESSFULLY =====", $time {0 0 0};
T_1.3 ;
    %vpi_call 2 35 "$display", "===== S = 2'b10, I0 = 0, I1 = 0, I2 = 1, I3 = 0 =====" {0 0 0};
    %pushi/vec4 2, 0, 2;
    %store/vec4 v000001062c5613a0_0, 0, 2;
    %pushi/vec4 0, 0, 1;
    %store/vec4 v000001062c561440_0, 0, 1;
    %pushi/vec4 0, 0, 1;
    %store/vec4 v000001062c5614e0_0, 0, 1;
    %pushi/vec4 1, 0, 1;
    %store/vec4 v000001062c561580_0, 0, 1;
    %pushi/vec4 0, 0, 1;
    %store/vec4 v000001062c560220_0, 0, 1;
    %delay 1, 0;
    %load/vec4 v000001062c561120_0;
    %load/vec4 v000001062c561580_0;
    %cmp/ne;
    %flag_mov 8, 4;
    %load/vec4 v000001062c5607c0_0;
    %load/vec4 v000001062c561580_0;
    %cmp/ne;
    %flag_or 4, 8;
    %flag_mov 8, 4;
    %load/vec4 v000001062c560360_0;
    %load/vec4 v000001062c561580_0;
    %cmp/ne;
    %flag_or 4, 8;
    %jmp/0xz  T_1.4, 4;
    %vpi_call 2 39 "$display", "===== t=%d FAILED, output does not match", $time {0 0 0};
    %vpi_call 2 40 "$display", "===== t=%d Expected value is %b, Actual gate_model value is %b, Actual dataflow value is %b, Actual behavioral model value is %b =====", $time, v000001062c561580_0, v000001062c561120_0, v000001062c5607c0_0, v000001062c560360_0 {0 0 0};
    %jmp T_1.5;
T_1.4 ;
    %vpi_call 2 43 "$display", "===== t=%d PASSED SUCCESSFULLY =====", $time {0 0 0};
T_1.5 ;
    %vpi_call 2 46 "$display", "===== S = 2'b11, I0 = 0, I1 = 0, I2 = 0, I3 = 1 =====" {0 0 0};
    %pushi/vec4 3, 0, 2;
    %store/vec4 v000001062c5613a0_0, 0, 2;
    %pushi/vec4 0, 0, 1;
    %store/vec4 v000001062c561440_0, 0, 1;
    %pushi/vec4 0, 0, 1;
    %store/vec4 v000001062c5614e0_0, 0, 1;
    %pushi/vec4 0, 0, 1;
    %store/vec4 v000001062c561580_0, 0, 1;
    %pushi/vec4 1, 0, 1;
    %store/vec4 v000001062c560220_0, 0, 1;
    %delay 1, 0;
    %load/vec4 v000001062c561120_0;
    %load/vec4 v000001062c560220_0;
    %cmp/ne;
    %flag_mov 8, 4;
    %load/vec4 v000001062c5607c0_0;
    %load/vec4 v000001062c560220_0;
    %cmp/ne;
    %flag_or 4, 8;
    %flag_mov 8, 4;
    %load/vec4 v000001062c560360_0;
    %load/vec4 v000001062c560220_0;
    %cmp/ne;
    %flag_or 4, 8;
    %jmp/0xz  T_1.6, 4;
    %vpi_call 2 50 "$display", "===== t=%d FAILED, output does not match", $time {0 0 0};
    %vpi_call 2 51 "$display", "===== t=%d Expected value is %b, Actual gate_model value is %b, Actual dataflow value is %b, Actual behavioral model value is %b =====", $time, v000001062c560220_0, v000001062c561120_0, v000001062c5607c0_0, v000001062c560360_0 {0 0 0};
    %jmp T_1.7;
T_1.6 ;
    %vpi_call 2 54 "$display", "===== t=%d PASSED SUCCESSFULLY =====", $time {0 0 0};
T_1.7 ;
    %end;
    .thread T_1;
# The file index is used to find the file name in the following table.
:file_names 4;
    "N/A";
    "<interactive>";
    "test_bench8.v";
    "mux4to1.v";
