#! /c/Source/iverilog-install/bin/vvp
:ivl_version "12.0 (devel)" "(s20150603-1110-g18392a46)";
:ivl_delay_selection "TYPICAL";
:vpi_time_precision + 0;
:vpi_module "C:\iverilog\lib\ivl\system.vpi";
:vpi_module "C:\iverilog\lib\ivl\vhdl_sys.vpi";
:vpi_module "C:\iverilog\lib\ivl\vhdl_textio.vpi";
:vpi_module "C:\iverilog\lib\ivl\v2005_math.vpi";
:vpi_module "C:\iverilog\lib\ivl\va_math.vpi";
S_00000206f69cab90 .scope module, "test_bench" "test_bench" 2 1;
 .timescale 0 0;
v00000206f6c715a0_0 .var "clk", 0 0;
v00000206f6c70d80_0 .var "in", 0 0;
v00000206f6c70b00_0 .net "out", 0 0, v00000206f6c709c0_0;  1 drivers
v00000206f6c71140_0 .var "rst_n", 0 0;
E_00000206f6c6a190 .event posedge, v00000206f6c71820_0;
S_00000206f69cad20 .scope module, "DUT" "moore_detector" 2 6, 3 1 0, S_00000206f69cab90;
 .timescale 0 0;
    .port_info 0 /INPUT 1 "clk";
    .port_info 1 /INPUT 1 "rst_n";
    .port_info 2 /INPUT 1 "in";
    .port_info 3 /OUTPUT 1 "out";
P_00000206f6c83ed0 .param/l "A" 0 3 8, C4<0000>;
P_00000206f6c83f08 .param/l "B" 0 3 9, C4<0100>;
P_00000206f6c83f40 .param/l "C" 0 3 10, C4<1000>;
P_00000206f6c83f78 .param/l "D" 0 3 11, C4<1100>;
v00000206f6c71820_0 .net "clk", 0 0, v00000206f6c715a0_0;  1 drivers
v00000206f6c71500_0 .var "current_state", 3 0;
v00000206f6c718c0_0 .net "in", 0 0, v00000206f6c70d80_0;  1 drivers
v00000206f6c709c0_0 .var "out", 0 0;
v00000206f6c71640_0 .net "rst_n", 0 0, v00000206f6c71140_0;  1 drivers
v00000206f6c70f60_0 .var "state", 3 0;
E_00000206f6c69810 .event anyedge, v00000206f6c71500_0, v00000206f6c718c0_0;
E_00000206f6c6a1d0/0 .event negedge, v00000206f6c71640_0;
E_00000206f6c6a1d0/1 .event posedge, v00000206f6c71820_0;
E_00000206f6c6a1d0 .event/or E_00000206f6c6a1d0/0, E_00000206f6c6a1d0/1;
S_00000206f6c42b80 .scope task, "check_result" "check_result" 2 90, 2 90 0, S_00000206f69cab90;
 .timescale 0 0;
v00000206f6c70a60_0 .var "g", 0 0;
v00000206f6c71280_0 .var "result", 0 0;
TD_test_bench.check_result ;
    %load/vec4 v00000206f6c70a60_0;
    %load/vec4 v00000206f6c71280_0;
    %cmp/ne;
    %jmp/0xz  T_0.0, 4;
    %vpi_call 2 95 "$display", "\012===== t=%d FAILED, output does not match =====", $time {0 0 0};
    %vpi_call 2 96 "$display", "===== t=%d Expected value is %b, Actual value is %b =====", $time, v00000206f6c71280_0, v00000206f6c70a60_0 {0 0 0};
    %jmp T_0.1;
T_0.0 ;
    %vpi_call 2 99 "$display", "\012===== t=%d PASSED SUCCESSFULLY =====", $time {0 0 0};
T_0.1 ;
    %end;
    .scope S_00000206f69cad20;
T_1 ;
    %wait E_00000206f6c6a1d0;
    %load/vec4 v00000206f6c71640_0;
    %nor/r;
    %flag_set/vec4 8;
    %jmp/0xz  T_1.0, 8;
    %pushi/vec4 0, 0, 4;
    %assign/vec4 v00000206f6c71500_0, 0;
    %jmp T_1.1;
T_1.0 ;
    %load/vec4 v00000206f6c70f60_0;
    %assign/vec4 v00000206f6c71500_0, 0;
T_1.1 ;
    %jmp T_1;
    .thread T_1;
    .scope S_00000206f69cad20;
T_2 ;
    %wait E_00000206f6c6a1d0;
    %load/vec4 v00000206f6c71640_0;
    %nor/r;
    %flag_set/vec4 8;
    %jmp/0xz  T_2.0, 8;
    %pushi/vec4 0, 0, 1;
    %assign/vec4 v00000206f6c709c0_0, 0;
    %jmp T_2.1;
T_2.0 ;
    %load/vec4 v00000206f6c71500_0;
    %dup/vec4;
    %pushi/vec4 12, 0, 4;
    %cmp/u;
    %jmp/1 T_2.2, 6;
    %pushi/vec4 0, 0, 1;
    %assign/vec4 v00000206f6c709c0_0, 0;
    %jmp T_2.4;
T_2.2 ;
    %pushi/vec4 1, 0, 1;
    %assign/vec4 v00000206f6c709c0_0, 0;
    %jmp T_2.4;
T_2.4 ;
    %pop/vec4 1;
T_2.1 ;
    %jmp T_2;
    .thread T_2;
    .scope S_00000206f69cad20;
T_3 ;
    %wait E_00000206f6c69810;
    %load/vec4 v00000206f6c71500_0;
    %dup/vec4;
    %pushi/vec4 0, 0, 4;
    %cmp/u;
    %jmp/1 T_3.0, 6;
    %dup/vec4;
    %pushi/vec4 4, 0, 4;
    %cmp/u;
    %jmp/1 T_3.1, 6;
    %dup/vec4;
    %pushi/vec4 8, 0, 4;
    %cmp/u;
    %jmp/1 T_3.2, 6;
    %dup/vec4;
    %pushi/vec4 12, 0, 4;
    %cmp/u;
    %jmp/1 T_3.3, 6;
    %pushi/vec4 0, 0, 4;
    %store/vec4 v00000206f6c70f60_0, 0, 4;
    %jmp T_3.5;
T_3.0 ;
    %load/vec4 v00000206f6c718c0_0;
    %pad/u 32;
    %cmpi/e 1, 0, 32;
    %jmp/0xz  T_3.6, 4;
    %pushi/vec4 4, 0, 4;
    %store/vec4 v00000206f6c70f60_0, 0, 4;
    %jmp T_3.7;
T_3.6 ;
    %pushi/vec4 0, 0, 4;
    %store/vec4 v00000206f6c70f60_0, 0, 4;
T_3.7 ;
    %jmp T_3.5;
T_3.1 ;
    %load/vec4 v00000206f6c718c0_0;
    %pad/u 32;
    %cmpi/e 0, 0, 32;
    %jmp/0xz  T_3.8, 4;
    %pushi/vec4 8, 0, 4;
    %store/vec4 v00000206f6c70f60_0, 0, 4;
    %jmp T_3.9;
T_3.8 ;
    %pushi/vec4 4, 0, 4;
    %store/vec4 v00000206f6c70f60_0, 0, 4;
T_3.9 ;
    %jmp T_3.5;
T_3.2 ;
    %load/vec4 v00000206f6c718c0_0;
    %pad/u 32;
    %cmpi/e 1, 0, 32;
    %jmp/0xz  T_3.10, 4;
    %pushi/vec4 12, 0, 4;
    %store/vec4 v00000206f6c70f60_0, 0, 4;
    %jmp T_3.11;
T_3.10 ;
    %pushi/vec4 0, 0, 4;
    %store/vec4 v00000206f6c70f60_0, 0, 4;
T_3.11 ;
    %jmp T_3.5;
T_3.3 ;
    %load/vec4 v00000206f6c718c0_0;
    %pad/u 32;
    %cmpi/e 0, 0, 32;
    %jmp/0xz  T_3.12, 4;
    %pushi/vec4 8, 0, 4;
    %store/vec4 v00000206f6c70f60_0, 0, 4;
    %jmp T_3.13;
T_3.12 ;
    %pushi/vec4 4, 0, 4;
    %store/vec4 v00000206f6c70f60_0, 0, 4;
T_3.13 ;
    %jmp T_3.5;
T_3.5 ;
    %pop/vec4 1;
    %jmp T_3;
    .thread T_3, $push;
    .scope S_00000206f69cab90;
T_4 ;
    %pushi/vec4 0, 0, 1;
    %store/vec4 v00000206f6c715a0_0, 0, 1;
T_4.0 ;
    %delay 25, 0;
    %load/vec4 v00000206f6c715a0_0;
    %inv;
    %store/vec4 v00000206f6c715a0_0, 0, 1;
    %jmp T_4.0;
    %end;
    .thread T_4;
    .scope S_00000206f69cab90;
T_5 ;
    %vpi_call 2 14 "$dumpfile", "wave.vcd" {0 0 0};
    %vpi_call 2 15 "$dumpvars", 32'sb00000000000000000000000000000000, S_00000206f69cab90 {0 0 0};
    %vpi_call 2 16 "$display", "===== Test Moore Sequence Detector =====" {0 0 0};
    %vpi_call 2 17 "$monitor", "===== With Input Value = %b =====", v00000206f6c70d80_0 {0 0 0};
    %pushi/vec4 0, 0, 1;
    %store/vec4 v00000206f6c71140_0, 0, 1;
    %pushi/vec4 0, 0, 1;
    %store/vec4 v00000206f6c70d80_0, 0, 1;
    %vpi_call 2 19 "$display", "===== With Reset value = %b =====", v00000206f6c71140_0 {0 0 0};
    %wait E_00000206f6c6a190;
    %delay 1, 0;
    %pushi/vec4 0, 0, 1;
    %store/vec4 v00000206f6c71280_0, 0, 1;
    %load/vec4 v00000206f6c70b00_0;
    %store/vec4 v00000206f6c70a60_0, 0, 1;
    %fork TD_test_bench.check_result, S_00000206f6c42b80;
    %join;
    %pushi/vec4 1, 0, 1;
    %store/vec4 v00000206f6c71140_0, 0, 1;
    %vpi_call 2 25 "$display", "===== With Reset value = %b =====", v00000206f6c71140_0 {0 0 0};
    %pushi/vec4 1, 0, 1;
    %store/vec4 v00000206f6c70d80_0, 0, 1;
    %wait E_00000206f6c6a190;
    %delay 1, 0;
    %pushi/vec4 0, 0, 1;
    %store/vec4 v00000206f6c71280_0, 0, 1;
    %load/vec4 v00000206f6c70b00_0;
    %store/vec4 v00000206f6c70a60_0, 0, 1;
    %fork TD_test_bench.check_result, S_00000206f6c42b80;
    %join;
    %pushi/vec4 0, 0, 1;
    %store/vec4 v00000206f6c70d80_0, 0, 1;
    %wait E_00000206f6c6a190;
    %delay 1, 0;
    %pushi/vec4 0, 0, 1;
    %store/vec4 v00000206f6c71280_0, 0, 1;
    %load/vec4 v00000206f6c70b00_0;
    %store/vec4 v00000206f6c70a60_0, 0, 1;
    %fork TD_test_bench.check_result, S_00000206f6c42b80;
    %join;
    %pushi/vec4 1, 0, 1;
    %store/vec4 v00000206f6c70d80_0, 0, 1;
    %wait E_00000206f6c6a190;
    %delay 1, 0;
    %pushi/vec4 0, 0, 1;
    %store/vec4 v00000206f6c71280_0, 0, 1;
    %load/vec4 v00000206f6c70b00_0;
    %store/vec4 v00000206f6c70a60_0, 0, 1;
    %fork TD_test_bench.check_result, S_00000206f6c42b80;
    %join;
    %pushi/vec4 0, 0, 1;
    %store/vec4 v00000206f6c70d80_0, 0, 1;
    %wait E_00000206f6c6a190;
    %delay 1, 0;
    %pushi/vec4 1, 0, 1;
    %store/vec4 v00000206f6c71280_0, 0, 1;
    %load/vec4 v00000206f6c70b00_0;
    %store/vec4 v00000206f6c70a60_0, 0, 1;
    %fork TD_test_bench.check_result, S_00000206f6c42b80;
    %join;
    %pushi/vec4 0, 0, 1;
    %store/vec4 v00000206f6c70d80_0, 0, 1;
    %wait E_00000206f6c6a190;
    %delay 1, 0;
    %pushi/vec4 0, 0, 1;
    %store/vec4 v00000206f6c71280_0, 0, 1;
    %load/vec4 v00000206f6c70b00_0;
    %store/vec4 v00000206f6c70a60_0, 0, 1;
    %fork TD_test_bench.check_result, S_00000206f6c42b80;
    %join;
    %pushi/vec4 1, 0, 1;
    %store/vec4 v00000206f6c70d80_0, 0, 1;
    %wait E_00000206f6c6a190;
    %delay 1, 0;
    %pushi/vec4 0, 0, 1;
    %store/vec4 v00000206f6c71280_0, 0, 1;
    %load/vec4 v00000206f6c70b00_0;
    %store/vec4 v00000206f6c70a60_0, 0, 1;
    %fork TD_test_bench.check_result, S_00000206f6c42b80;
    %join;
    %pushi/vec4 0, 0, 1;
    %store/vec4 v00000206f6c70d80_0, 0, 1;
    %wait E_00000206f6c6a190;
    %delay 1, 0;
    %pushi/vec4 0, 0, 1;
    %store/vec4 v00000206f6c71280_0, 0, 1;
    %load/vec4 v00000206f6c70b00_0;
    %store/vec4 v00000206f6c70a60_0, 0, 1;
    %fork TD_test_bench.check_result, S_00000206f6c42b80;
    %join;
    %pushi/vec4 0, 0, 1;
    %store/vec4 v00000206f6c70d80_0, 0, 1;
    %wait E_00000206f6c6a190;
    %delay 1, 0;
    %pushi/vec4 0, 0, 1;
    %store/vec4 v00000206f6c71280_0, 0, 1;
    %load/vec4 v00000206f6c70b00_0;
    %store/vec4 v00000206f6c70a60_0, 0, 1;
    %fork TD_test_bench.check_result, S_00000206f6c42b80;
    %join;
    %pushi/vec4 1, 0, 1;
    %store/vec4 v00000206f6c70d80_0, 0, 1;
    %wait E_00000206f6c6a190;
    %delay 1, 0;
    %pushi/vec4 0, 0, 1;
    %store/vec4 v00000206f6c71280_0, 0, 1;
    %load/vec4 v00000206f6c70b00_0;
    %store/vec4 v00000206f6c70a60_0, 0, 1;
    %fork TD_test_bench.check_result, S_00000206f6c42b80;
    %join;
    %pushi/vec4 0, 0, 1;
    %store/vec4 v00000206f6c70d80_0, 0, 1;
    %wait E_00000206f6c6a190;
    %delay 1, 0;
    %pushi/vec4 0, 0, 1;
    %store/vec4 v00000206f6c71280_0, 0, 1;
    %load/vec4 v00000206f6c70b00_0;
    %store/vec4 v00000206f6c70a60_0, 0, 1;
    %fork TD_test_bench.check_result, S_00000206f6c42b80;
    %join;
    %pushi/vec4 1, 0, 1;
    %store/vec4 v00000206f6c70d80_0, 0, 1;
    %wait E_00000206f6c6a190;
    %delay 1, 0;
    %pushi/vec4 0, 0, 1;
    %store/vec4 v00000206f6c71280_0, 0, 1;
    %load/vec4 v00000206f6c70b00_0;
    %store/vec4 v00000206f6c70a60_0, 0, 1;
    %fork TD_test_bench.check_result, S_00000206f6c42b80;
    %join;
    %pushi/vec4 0, 0, 1;
    %store/vec4 v00000206f6c70d80_0, 0, 1;
    %wait E_00000206f6c6a190;
    %delay 1, 0;
    %pushi/vec4 1, 0, 1;
    %store/vec4 v00000206f6c71280_0, 0, 1;
    %load/vec4 v00000206f6c70b00_0;
    %store/vec4 v00000206f6c70a60_0, 0, 1;
    %fork TD_test_bench.check_result, S_00000206f6c42b80;
    %join;
    %delay 10, 0;
    %vpi_call 2 87 "$finish" {0 0 0};
    %end;
    .thread T_5;
# The file index is used to find the file name in the following table.
:file_names 4;
    "N/A";
    "<interactive>";
    "../tb/test_bench.v";
    "../rtl/moore_detector.v";
