#! /c/Source/iverilog-install/bin/vvp
:ivl_version "12.0 (devel)" "(s20150603-1110-g18392a46)";
:ivl_delay_selection "TYPICAL";
:vpi_time_precision + 0;
:vpi_module "C:\iverilog\lib\ivl\system.vpi";
:vpi_module "C:\iverilog\lib\ivl\vhdl_sys.vpi";
:vpi_module "C:\iverilog\lib\ivl\vhdl_textio.vpi";
:vpi_module "C:\iverilog\lib\ivl\v2005_math.vpi";
:vpi_module "C:\iverilog\lib\ivl\va_math.vpi";
S_00000249b72aa490 .scope module, "test_bench15" "test_bench15" 2 1;
 .timescale 0 0;
v00000249b7341e20_0 .var "a", 3 0;
v00000249b73455d0_0 .var "b", 3 0;
v00000249b73444f0_0 .net "behav_carry", 0 0, v00000249b7342460_0;  1 drivers
v00000249b7344310_0 .net "behav_sum", 3 0, v00000249b7341ec0_0;  1 drivers
v00000249b7344950_0 .var "cin", 0 0;
v00000249b7345170_0 .net "data_carry", 0 0, L_00000249b734dfb0;  1 drivers
v00000249b7344270_0 .net "data_sum", 3 0, L_00000249b734e1e0;  1 drivers
v00000249b73452b0_0 .net "gate_carry", 0 0, L_00000249b7349e70;  1 drivers
v00000249b7345b70_0 .net "gate_sum", 3 0, L_00000249b734b010;  1 drivers
S_00000249b72aa620 .scope module, "DUT" "cla_adder_4bit" 2 8, 3 1 0, S_00000249b72aa490;
 .timescale 0 0;
    .port_info 0 /INPUT 4 "a";
    .port_info 1 /INPUT 4 "b";
    .port_info 2 /INPUT 1 "cin";
    .port_info 3 /OUTPUT 4 "gate_sum";
    .port_info 4 /OUTPUT 4 "data_sum";
    .port_info 5 /OUTPUT 4 "behav_sum";
    .port_info 6 /OUTPUT 1 "gate_carry";
    .port_info 7 /OUTPUT 1 "data_carry";
    .port_info 8 /OUTPUT 1 "behav_carry";
L_00000249b72d1160 .functor BUFZ 1, v00000249b7344950_0, C4<0>, C4<0>, C4<0>;
L_00000249b72d1550 .functor AND 1, L_00000249b7345490, L_00000249b7344590, C4<1>, C4<1>;
L_00000249b72d1860 .functor AND 1, L_00000249b7345ad0, L_00000249b7344810, C4<1>, C4<1>;
L_00000249b72d18d0 .functor AND 1, L_00000249b7344630, L_00000249b73448b0, C4<1>, C4<1>;
L_00000249b72d1400 .functor AND 1, L_00000249b7343f50, L_00000249b7344bd0, C4<1>, C4<1>;
L_00000249b72d11d0 .functor XOR 1, L_00000249b7345670, L_00000249b7344db0, C4<0>, C4<0>;
L_00000249b72d14e0 .functor XOR 1, L_00000249b7344d10, L_00000249b7345530, C4<0>, C4<0>;
L_00000249b72d1940 .functor XOR 1, L_00000249b7345030, L_00000249b7345710, C4<0>, C4<0>;
L_00000249b72d12b0 .functor XOR 1, L_00000249b7344770, L_00000249b7344130, C4<0>, C4<0>;
L_00000249b72d1da0 .functor AND 1, L_00000249b7344b30, L_00000249b7344a90, C4<1>, C4<1>;
L_00000249b72d0fa0 .functor OR 1, L_00000249b7344e50, L_00000249b72d1da0, C4<0>, C4<0>;
L_00000249b72d1e10 .functor AND 1, L_00000249b73457b0, L_00000249b73458f0, C4<1>, C4<1>;
L_00000249b72d1320 .functor AND 1, L_00000249b7345a30, L_00000249b7345850, L_00000249b7345990, C4<1>;
L_00000249b72d1470 .functor OR 1, L_00000249b73449f0, L_00000249b72d1e10, L_00000249b72d1320, C4<0>;
L_00000249b72d0f30 .functor AND 1, L_00000249b7344ef0, L_00000249b7345350, C4<1>, C4<1>;
L_00000249b72d1390 .functor AND 1, L_00000249b7343cd0, L_00000249b7343d70, L_00000249b7343e10, C4<1>;
L_00000249b7349fc0 .functor AND 1, L_00000249b73453f0, L_00000249b7343eb0, L_00000249b7345210, L_00000249b7343ff0;
L_00000249b734a420 .functor OR 1, L_00000249b73450d0, L_00000249b72d0f30, L_00000249b72d1390, L_00000249b7349fc0;
L_00000249b734aab0 .functor AND 1, L_00000249b7344090, L_00000249b73441d0, C4<1>, C4<1>;
L_00000249b734a880 .functor AND 1, L_00000249b73443b0, L_00000249b7344450, L_00000249b734bab0, C4<1>;
L_00000249b734a570 .functor AND 1, L_00000249b734ce10, L_00000249b734c050, L_00000249b734c9b0, L_00000249b734b470;
L_00000249b734a7a0/0/0 .functor AND 1, L_00000249b734bbf0, L_00000249b734ccd0, L_00000249b734b650, L_00000249b734b790;
L_00000249b734a7a0/0/4 .functor AND 1, L_00000249b734c370, C4<1>, C4<1>, C4<1>;
L_00000249b734a7a0 .functor AND 1, L_00000249b734a7a0/0/0, L_00000249b734a7a0/0/4, C4<1>, C4<1>;
L_00000249b7349e70/0/0 .functor OR 1, L_00000249b734b5b0, L_00000249b734aab0, L_00000249b734a880, L_00000249b734a570;
L_00000249b7349e70/0/4 .functor OR 1, L_00000249b734a7a0, C4<0>, C4<0>, C4<0>;
L_00000249b7349e70 .functor OR 1, L_00000249b7349e70/0/0, L_00000249b7349e70/0/4, C4<0>, C4<0>;
L_00000249b734a3b0 .functor XOR 1, L_00000249b734b290, L_00000249b734c0f0, C4<0>, C4<0>;
L_00000249b7349e00 .functor XOR 1, L_00000249b734bdd0, L_00000249b734c190, C4<0>, C4<0>;
L_00000249b734a960 .functor XOR 1, L_00000249b734c730, L_00000249b734be70, C4<0>, C4<0>;
L_00000249b734a730 .functor XOR 1, L_00000249b734cb90, L_00000249b734ca50, C4<0>, C4<0>;
L_00000249b734ab20 .functor AND 4, v00000249b7341e20_0, v00000249b73455d0_0, C4<1111>, C4<1111>;
L_00000249b734a260 .functor XOR 4, v00000249b7341e20_0, v00000249b73455d0_0, C4<0000>, C4<0000>;
L_00000249b734a8f0 .functor BUFZ 1, v00000249b7344950_0, C4<0>, C4<0>, C4<0>;
L_00000249b734ab90 .functor AND 1, L_00000249b734c230, L_00000249b734b1f0, C4<1>, C4<1>;
L_00000249b734a9d0 .functor OR 1, L_00000249b734cd70, L_00000249b734ab90, C4<0>, C4<0>;
L_00000249b734a5e0 .functor AND 1, L_00000249b734b6f0, L_00000249b734caf0, C4<1>, C4<1>;
L_00000249b734a810 .functor OR 1, L_00000249b734b150, L_00000249b734a5e0, C4<0>, C4<0>;
L_00000249b734ace0 .functor AND 1, L_00000249b734b830, L_00000249b734c2d0, C4<1>, C4<1>;
L_00000249b734a490 .functor AND 1, L_00000249b734ace0, L_00000249b734c410, C4<1>, C4<1>;
L_00000249b7349ee0 .functor OR 1, L_00000249b734a810, L_00000249b734a490, C4<0>, C4<0>;
L_00000249b734a650 .functor AND 1, L_00000249b734c550, L_00000249b734c7d0, C4<1>, C4<1>;
L_00000249b734aa40 .functor OR 1, L_00000249b734c4b0, L_00000249b734a650, C4<0>, C4<0>;
L_00000249b734a110 .functor AND 1, L_00000249b734b970, L_00000249b734c5f0, C4<1>, C4<1>;
L_00000249b734ac00 .functor AND 1, L_00000249b734a110, L_00000249b734c690, C4<1>, C4<1>;
L_00000249b734a2d0 .functor OR 1, L_00000249b734aa40, L_00000249b734ac00, C4<0>, C4<0>;
L_00000249b734a6c0 .functor AND 1, L_00000249b734ba10, L_00000249b734cc30, C4<1>, C4<1>;
L_00000249b734a180 .functor AND 1, L_00000249b734a6c0, L_00000249b734b330, C4<1>, C4<1>;
L_00000249b734ac70 .functor AND 1, L_00000249b734a180, L_00000249b734c870, C4<1>, C4<1>;
L_00000249b734a340 .functor OR 1, L_00000249b734a2d0, L_00000249b734ac70, C4<0>, C4<0>;
L_00000249b734a1f0 .functor AND 1, L_00000249b734af70, L_00000249b734c910, C4<1>, C4<1>;
L_00000249b7349f50 .functor OR 1, L_00000249b734b510, L_00000249b734a1f0, C4<0>, C4<0>;
L_00000249b734a500 .functor AND 1, L_00000249b734b0b0, L_00000249b734b3d0, C4<1>, C4<1>;
L_00000249b734a030 .functor AND 1, L_00000249b734a500, L_00000249b734bb50, C4<1>, C4<1>;
L_00000249b734a0a0 .functor OR 1, L_00000249b7349f50, L_00000249b734a030, C4<0>, C4<0>;
L_00000249b734e480 .functor AND 1, L_00000249b734bf10, L_00000249b734bfb0, C4<1>, C4<1>;
L_00000249b734e3a0 .functor AND 1, L_00000249b734e480, L_00000249b734bc90, C4<1>, C4<1>;
L_00000249b734e330 .functor AND 1, L_00000249b734e3a0, L_00000249b734bd30, C4<1>, C4<1>;
L_00000249b734e410 .functor OR 1, L_00000249b734a0a0, L_00000249b734e330, C4<0>, C4<0>;
L_00000249b734e790 .functor AND 1, L_00000249b73d39f0, L_00000249b73d2c30, C4<1>, C4<1>;
L_00000249b734dca0 .functor AND 1, L_00000249b734e790, L_00000249b73d2b90, C4<1>, C4<1>;
L_00000249b734e4f0 .functor AND 1, L_00000249b734dca0, L_00000249b73d45d0, C4<1>, C4<1>;
L_00000249b734e8e0 .functor AND 1, L_00000249b734e4f0, L_00000249b73d3d10, C4<1>, C4<1>;
L_00000249b734dfb0 .functor OR 1, L_00000249b734e410, L_00000249b734e8e0, C4<0>, C4<0>;
L_00000249b734e1e0 .functor XOR 4, L_00000249b734a260, L_00000249b734b8d0, C4<0000>, C4<0000>;
v00000249b72d7670_0 .net *"_ivl_10", 0 0, L_00000249b7344590;  1 drivers
v00000249b72d77b0_0 .net *"_ivl_100", 0 0, L_00000249b7343e10;  1 drivers
v00000249b72d75d0_0 .net *"_ivl_103", 0 0, L_00000249b73453f0;  1 drivers
v00000249b72d6090_0 .net *"_ivl_105", 0 0, L_00000249b7343eb0;  1 drivers
v00000249b72d7df0_0 .net *"_ivl_107", 0 0, L_00000249b7345210;  1 drivers
v00000249b72d6590_0 .net *"_ivl_109", 0 0, L_00000249b7343ff0;  1 drivers
v00000249b72d6810_0 .net *"_ivl_111", 0 0, L_00000249b734a420;  1 drivers
v00000249b72d5f50_0 .net *"_ivl_115", 0 0, L_00000249b73450d0;  1 drivers
v00000249b72d6630_0 .net *"_ivl_118", 0 0, L_00000249b7344090;  1 drivers
v00000249b72d7710_0 .net *"_ivl_12", 0 0, L_00000249b72d1860;  1 drivers
v00000249b72d68b0_0 .net *"_ivl_120", 0 0, L_00000249b73441d0;  1 drivers
v00000249b72d7990_0 .net *"_ivl_123", 0 0, L_00000249b73443b0;  1 drivers
v00000249b72d7b70_0 .net *"_ivl_125", 0 0, L_00000249b7344450;  1 drivers
v00000249b72d6950_0 .net *"_ivl_127", 0 0, L_00000249b734bab0;  1 drivers
v00000249b72d7a30_0 .net *"_ivl_130", 0 0, L_00000249b734ce10;  1 drivers
v00000249b72d69f0_0 .net *"_ivl_132", 0 0, L_00000249b734c050;  1 drivers
v00000249b72d6a90_0 .net *"_ivl_134", 0 0, L_00000249b734c9b0;  1 drivers
v00000249b72d70d0_0 .net *"_ivl_136", 0 0, L_00000249b734b470;  1 drivers
v00000249b72d6b30_0 .net *"_ivl_139", 0 0, L_00000249b734bbf0;  1 drivers
v00000249b72d6c70_0 .net *"_ivl_141", 0 0, L_00000249b734ccd0;  1 drivers
v00000249b72d6d10_0 .net *"_ivl_143", 0 0, L_00000249b734b650;  1 drivers
v00000249b72d6e50_0 .net *"_ivl_145", 0 0, L_00000249b734b790;  1 drivers
v00000249b72d7170_0 .net *"_ivl_147", 0 0, L_00000249b734c370;  1 drivers
v00000249b72d7210_0 .net *"_ivl_15", 0 0, L_00000249b7345ad0;  1 drivers
v00000249b72d72b0_0 .net *"_ivl_150", 0 0, L_00000249b734b5b0;  1 drivers
v00000249b7334f60_0 .net *"_ivl_152", 0 0, L_00000249b734a3b0;  1 drivers
v00000249b7334600_0 .net *"_ivl_155", 0 0, L_00000249b734b290;  1 drivers
v00000249b7334560_0 .net *"_ivl_157", 0 0, L_00000249b734c0f0;  1 drivers
v00000249b7335960_0 .net *"_ivl_159", 0 0, L_00000249b7349e00;  1 drivers
v00000249b7335140_0 .net *"_ivl_162", 0 0, L_00000249b734bdd0;  1 drivers
v00000249b7334ba0_0 .net *"_ivl_164", 0 0, L_00000249b734c190;  1 drivers
v00000249b7334740_0 .net *"_ivl_166", 0 0, L_00000249b734a960;  1 drivers
v00000249b7334420_0 .net *"_ivl_169", 0 0, L_00000249b734c730;  1 drivers
v00000249b73346a0_0 .net *"_ivl_17", 0 0, L_00000249b7344810;  1 drivers
v00000249b7335dc0_0 .net *"_ivl_171", 0 0, L_00000249b734be70;  1 drivers
v00000249b7335280_0 .net *"_ivl_173", 0 0, L_00000249b734a730;  1 drivers
v00000249b7335820_0 .net *"_ivl_177", 0 0, L_00000249b734cb90;  1 drivers
v00000249b7335b40_0 .net *"_ivl_179", 0 0, L_00000249b734ca50;  1 drivers
v00000249b73358c0_0 .net *"_ivl_187", 0 0, L_00000249b734a8f0;  1 drivers
v00000249b73347e0_0 .net *"_ivl_19", 0 0, L_00000249b72d18d0;  1 drivers
v00000249b7334880_0 .net *"_ivl_191", 0 0, L_00000249b734cd70;  1 drivers
v00000249b7334920_0 .net *"_ivl_193", 0 0, L_00000249b734c230;  1 drivers
v00000249b73351e0_0 .net *"_ivl_195", 0 0, L_00000249b734b1f0;  1 drivers
v00000249b73356e0_0 .net *"_ivl_196", 0 0, L_00000249b734ab90;  1 drivers
v00000249b73349c0_0 .net *"_ivl_198", 0 0, L_00000249b734a9d0;  1 drivers
v00000249b7335320_0 .net *"_ivl_203", 0 0, L_00000249b734b150;  1 drivers
v00000249b7335780_0 .net *"_ivl_205", 0 0, L_00000249b734b6f0;  1 drivers
v00000249b7334a60_0 .net *"_ivl_207", 0 0, L_00000249b734caf0;  1 drivers
v00000249b7334ec0_0 .net *"_ivl_208", 0 0, L_00000249b734a5e0;  1 drivers
v00000249b7334b00_0 .net *"_ivl_210", 0 0, L_00000249b734a810;  1 drivers
v00000249b7334380_0 .net *"_ivl_213", 0 0, L_00000249b734b830;  1 drivers
v00000249b73353c0_0 .net *"_ivl_215", 0 0, L_00000249b734c2d0;  1 drivers
v00000249b73355a0_0 .net *"_ivl_216", 0 0, L_00000249b734ace0;  1 drivers
v00000249b7334c40_0 .net *"_ivl_219", 0 0, L_00000249b734c410;  1 drivers
v00000249b7335a00_0 .net *"_ivl_22", 0 0, L_00000249b7344630;  1 drivers
v00000249b7334ce0_0 .net *"_ivl_220", 0 0, L_00000249b734a490;  1 drivers
v00000249b7335460_0 .net *"_ivl_222", 0 0, L_00000249b7349ee0;  1 drivers
v00000249b7335e60_0 .net *"_ivl_228", 0 0, L_00000249b734c4b0;  1 drivers
v00000249b7335000_0 .net *"_ivl_230", 0 0, L_00000249b734c550;  1 drivers
v00000249b7334d80_0 .net *"_ivl_232", 0 0, L_00000249b734c7d0;  1 drivers
v00000249b7334e20_0 .net *"_ivl_233", 0 0, L_00000249b734a650;  1 drivers
v00000249b7335500_0 .net *"_ivl_235", 0 0, L_00000249b734aa40;  1 drivers
v00000249b73350a0_0 .net *"_ivl_238", 0 0, L_00000249b734b970;  1 drivers
v00000249b7335640_0 .net *"_ivl_24", 0 0, L_00000249b73448b0;  1 drivers
v00000249b7335aa0_0 .net *"_ivl_240", 0 0, L_00000249b734c5f0;  1 drivers
v00000249b73344c0_0 .net *"_ivl_241", 0 0, L_00000249b734a110;  1 drivers
v00000249b7335be0_0 .net *"_ivl_244", 0 0, L_00000249b734c690;  1 drivers
v00000249b7335c80_0 .net *"_ivl_245", 0 0, L_00000249b734ac00;  1 drivers
v00000249b7335d20_0 .net *"_ivl_247", 0 0, L_00000249b734a2d0;  1 drivers
v00000249b7335f00_0 .net *"_ivl_250", 0 0, L_00000249b734ba10;  1 drivers
v00000249b7334060_0 .net *"_ivl_252", 0 0, L_00000249b734cc30;  1 drivers
v00000249b7334100_0 .net *"_ivl_253", 0 0, L_00000249b734a6c0;  1 drivers
v00000249b73341a0_0 .net *"_ivl_256", 0 0, L_00000249b734b330;  1 drivers
v00000249b7334240_0 .net *"_ivl_257", 0 0, L_00000249b734a180;  1 drivers
v00000249b73342e0_0 .net *"_ivl_26", 0 0, L_00000249b72d1400;  1 drivers
v00000249b73402d0_0 .net *"_ivl_260", 0 0, L_00000249b734c870;  1 drivers
v00000249b7340230_0 .net *"_ivl_261", 0 0, L_00000249b734ac70;  1 drivers
v00000249b733f290_0 .net *"_ivl_263", 0 0, L_00000249b734a340;  1 drivers
v00000249b733f470_0 .net *"_ivl_266", 0 0, L_00000249b734b510;  1 drivers
v00000249b733f510_0 .net *"_ivl_268", 0 0, L_00000249b734af70;  1 drivers
v00000249b733f830_0 .net *"_ivl_270", 0 0, L_00000249b734c910;  1 drivers
v00000249b7340690_0 .net *"_ivl_271", 0 0, L_00000249b734a1f0;  1 drivers
v00000249b733f330_0 .net *"_ivl_273", 0 0, L_00000249b7349f50;  1 drivers
v00000249b733ee30_0 .net *"_ivl_276", 0 0, L_00000249b734b0b0;  1 drivers
v00000249b733eb10_0 .net *"_ivl_278", 0 0, L_00000249b734b3d0;  1 drivers
v00000249b733f790_0 .net *"_ivl_279", 0 0, L_00000249b734a500;  1 drivers
v00000249b733eed0_0 .net *"_ivl_282", 0 0, L_00000249b734bb50;  1 drivers
v00000249b733ed90_0 .net *"_ivl_283", 0 0, L_00000249b734a030;  1 drivers
v00000249b7340190_0 .net *"_ivl_285", 0 0, L_00000249b734a0a0;  1 drivers
v00000249b733f970_0 .net *"_ivl_288", 0 0, L_00000249b734bf10;  1 drivers
v00000249b733f3d0_0 .net *"_ivl_290", 0 0, L_00000249b734bfb0;  1 drivers
v00000249b733fc90_0 .net *"_ivl_291", 0 0, L_00000249b734e480;  1 drivers
v00000249b733f8d0_0 .net *"_ivl_294", 0 0, L_00000249b734bc90;  1 drivers
v00000249b73400f0_0 .net *"_ivl_295", 0 0, L_00000249b734e3a0;  1 drivers
v00000249b733f5b0_0 .net *"_ivl_298", 0 0, L_00000249b734bd30;  1 drivers
v00000249b733ef70_0 .net *"_ivl_299", 0 0, L_00000249b734e330;  1 drivers
v00000249b733fbf0_0 .net *"_ivl_3", 0 0, L_00000249b72d1160;  1 drivers
v00000249b733e9d0_0 .net *"_ivl_30", 0 0, L_00000249b7343f50;  1 drivers
v00000249b7340050_0 .net *"_ivl_301", 0 0, L_00000249b734e410;  1 drivers
v00000249b733fab0_0 .net *"_ivl_304", 0 0, L_00000249b73d39f0;  1 drivers
v00000249b733ebb0_0 .net *"_ivl_306", 0 0, L_00000249b73d2c30;  1 drivers
v00000249b733f650_0 .net *"_ivl_307", 0 0, L_00000249b734e790;  1 drivers
v00000249b733ec50_0 .net *"_ivl_310", 0 0, L_00000249b73d2b90;  1 drivers
v00000249b7340410_0 .net *"_ivl_311", 0 0, L_00000249b734dca0;  1 drivers
v00000249b733f6f0_0 .net *"_ivl_314", 0 0, L_00000249b73d45d0;  1 drivers
v00000249b733fa10_0 .net *"_ivl_315", 0 0, L_00000249b734e4f0;  1 drivers
v00000249b733f010_0 .net *"_ivl_318", 0 0, L_00000249b73d3d10;  1 drivers
v00000249b733f150_0 .net *"_ivl_319", 0 0, L_00000249b734e8e0;  1 drivers
v00000249b7340370_0 .net *"_ivl_32", 0 0, L_00000249b7344bd0;  1 drivers
v00000249b733fb50_0 .net *"_ivl_34", 0 0, L_00000249b72d11d0;  1 drivers
v00000249b73404b0_0 .net *"_ivl_37", 0 0, L_00000249b7345670;  1 drivers
v00000249b733fd30_0 .net *"_ivl_39", 0 0, L_00000249b7344db0;  1 drivers
v00000249b733fdd0_0 .net *"_ivl_41", 0 0, L_00000249b72d14e0;  1 drivers
v00000249b7340550_0 .net *"_ivl_44", 0 0, L_00000249b7344d10;  1 drivers
v00000249b73405f0_0 .net *"_ivl_46", 0 0, L_00000249b7345530;  1 drivers
v00000249b7340730_0 .net *"_ivl_48", 0 0, L_00000249b72d1940;  1 drivers
v00000249b733ecf0_0 .net *"_ivl_5", 0 0, L_00000249b72d1550;  1 drivers
v00000249b733fe70_0 .net *"_ivl_51", 0 0, L_00000249b7345030;  1 drivers
v00000249b733e890_0 .net *"_ivl_53", 0 0, L_00000249b7345710;  1 drivers
v00000249b733ff10_0 .net *"_ivl_55", 0 0, L_00000249b72d12b0;  1 drivers
v00000249b733f0b0_0 .net *"_ivl_59", 0 0, L_00000249b7344770;  1 drivers
v00000249b733e930_0 .net *"_ivl_61", 0 0, L_00000249b7344130;  1 drivers
v00000249b733ffb0_0 .net *"_ivl_64", 0 0, L_00000249b7344b30;  1 drivers
v00000249b733ea70_0 .net *"_ivl_66", 0 0, L_00000249b7344a90;  1 drivers
v00000249b733f1f0_0 .net *"_ivl_68", 0 0, L_00000249b72d0fa0;  1 drivers
v00000249b73426e0_0 .net *"_ivl_71", 0 0, L_00000249b7344e50;  1 drivers
v00000249b7341a60_0 .net *"_ivl_74", 0 0, L_00000249b73457b0;  1 drivers
v00000249b7341c40_0 .net *"_ivl_76", 0 0, L_00000249b73458f0;  1 drivers
v00000249b7341ce0_0 .net *"_ivl_79", 0 0, L_00000249b7345a30;  1 drivers
v00000249b7341100_0 .net *"_ivl_8", 0 0, L_00000249b7345490;  1 drivers
v00000249b73421e0_0 .net *"_ivl_81", 0 0, L_00000249b7345850;  1 drivers
v00000249b7341880_0 .net *"_ivl_83", 0 0, L_00000249b7345990;  1 drivers
v00000249b73412e0_0 .net *"_ivl_85", 0 0, L_00000249b72d1470;  1 drivers
v00000249b7341380_0 .net *"_ivl_88", 0 0, L_00000249b73449f0;  1 drivers
v00000249b7342a00_0 .net *"_ivl_91", 0 0, L_00000249b7344ef0;  1 drivers
v00000249b73416a0_0 .net *"_ivl_93", 0 0, L_00000249b7345350;  1 drivers
v00000249b7341f60_0 .net *"_ivl_96", 0 0, L_00000249b7343cd0;  1 drivers
v00000249b73423c0_0 .net *"_ivl_98", 0 0, L_00000249b7343d70;  1 drivers
v00000249b7341420_0 .net "a", 3 0, v00000249b7341e20_0;  1 drivers
v00000249b73411a0_0 .net "b", 3 0, v00000249b73455d0_0;  1 drivers
v00000249b7342460_0 .var "behav_carry", 0 0;
v00000249b7341ec0_0 .var "behav_sum", 3 0;
v00000249b7342320_0 .net "c", 3 0, L_00000249b7344f90;  1 drivers
v00000249b7341560_0 .net "c2", 3 0, L_00000249b734b8d0;  1 drivers
v00000249b7341b00_0 .var "c3", 3 0;
v00000249b73414c0_0 .net "cin", 0 0, v00000249b7344950_0;  1 drivers
v00000249b7342500_0 .net "data_carry", 0 0, L_00000249b734dfb0;  alias, 1 drivers
v00000249b7341740_0 .net "data_sum", 3 0, L_00000249b734e1e0;  alias, 1 drivers
v00000249b73417e0_0 .net "g", 3 0, L_00000249b73446d0;  1 drivers
v00000249b73425a0_0 .net "g2", 3 0, L_00000249b734ab20;  1 drivers
v00000249b7342780_0 .var "g3", 3 0;
v00000249b7342820_0 .net "gate_carry", 0 0, L_00000249b7349e70;  alias, 1 drivers
v00000249b7341600_0 .net "gate_sum", 3 0, L_00000249b734b010;  alias, 1 drivers
v00000249b7342140_0 .net "p", 3 0, L_00000249b7344c70;  1 drivers
v00000249b7342aa0_0 .net "p2", 3 0, L_00000249b734a260;  1 drivers
v00000249b7342000_0 .var "p3", 3 0;
v00000249b7340f20_0 .net "t1_0", 0 0, L_00000249b72d1da0;  1 drivers
v00000249b7342640_0 .net "t2_0", 0 0, L_00000249b72d1e10;  1 drivers
v00000249b7340ca0_0 .net "t2_1", 0 0, L_00000249b72d1320;  1 drivers
v00000249b7342960_0 .net "t3_0", 0 0, L_00000249b72d0f30;  1 drivers
v00000249b7342280_0 .net "t3_1", 0 0, L_00000249b72d1390;  1 drivers
v00000249b73428c0_0 .net "t3_2", 0 0, L_00000249b7349fc0;  1 drivers
v00000249b7341d80_0 .net "t4_0", 0 0, L_00000249b734aab0;  1 drivers
v00000249b7342b40_0 .net "t4_1", 0 0, L_00000249b734a880;  1 drivers
v00000249b7340d40_0 .net "t4_2", 0 0, L_00000249b734a570;  1 drivers
v00000249b73420a0_0 .net "t4_3", 0 0, L_00000249b734a7a0;  1 drivers
E_00000249b72d3f60/0 .event anyedge, v00000249b7341420_0, v00000249b73411a0_0, v00000249b73414c0_0, v00000249b7342780_0;
E_00000249b72d3f60/1 .event anyedge, v00000249b7342000_0, v00000249b7341b00_0;
E_00000249b72d3f60 .event/or E_00000249b72d3f60/0, E_00000249b72d3f60/1;
L_00000249b7345490 .part v00000249b7341e20_0, 0, 1;
L_00000249b7344590 .part v00000249b73455d0_0, 0, 1;
L_00000249b7345ad0 .part v00000249b7341e20_0, 1, 1;
L_00000249b7344810 .part v00000249b73455d0_0, 1, 1;
L_00000249b7344630 .part v00000249b7341e20_0, 2, 1;
L_00000249b73448b0 .part v00000249b73455d0_0, 2, 1;
L_00000249b73446d0 .concat8 [ 1 1 1 1], L_00000249b72d1550, L_00000249b72d1860, L_00000249b72d18d0, L_00000249b72d1400;
L_00000249b7343f50 .part v00000249b7341e20_0, 3, 1;
L_00000249b7344bd0 .part v00000249b73455d0_0, 3, 1;
L_00000249b7345670 .part v00000249b7341e20_0, 0, 1;
L_00000249b7344db0 .part v00000249b73455d0_0, 0, 1;
L_00000249b7344d10 .part v00000249b7341e20_0, 1, 1;
L_00000249b7345530 .part v00000249b73455d0_0, 1, 1;
L_00000249b7345030 .part v00000249b7341e20_0, 2, 1;
L_00000249b7345710 .part v00000249b73455d0_0, 2, 1;
L_00000249b7344c70 .concat8 [ 1 1 1 1], L_00000249b72d11d0, L_00000249b72d14e0, L_00000249b72d1940, L_00000249b72d12b0;
L_00000249b7344770 .part v00000249b7341e20_0, 3, 1;
L_00000249b7344130 .part v00000249b73455d0_0, 3, 1;
L_00000249b7344b30 .part L_00000249b7344c70, 0, 1;
L_00000249b7344a90 .part L_00000249b7344f90, 0, 1;
L_00000249b7344e50 .part L_00000249b73446d0, 0, 1;
L_00000249b73457b0 .part L_00000249b7344c70, 1, 1;
L_00000249b73458f0 .part L_00000249b73446d0, 0, 1;
L_00000249b7345a30 .part L_00000249b7344c70, 1, 1;
L_00000249b7345850 .part L_00000249b7344c70, 0, 1;
L_00000249b7345990 .part L_00000249b7344f90, 0, 1;
L_00000249b73449f0 .part L_00000249b73446d0, 1, 1;
L_00000249b7344ef0 .part L_00000249b7344c70, 2, 1;
L_00000249b7345350 .part L_00000249b73446d0, 1, 1;
L_00000249b7343cd0 .part L_00000249b7344c70, 2, 1;
L_00000249b7343d70 .part L_00000249b7344c70, 1, 1;
L_00000249b7343e10 .part L_00000249b73446d0, 0, 1;
L_00000249b73453f0 .part L_00000249b7344c70, 2, 1;
L_00000249b7343eb0 .part L_00000249b7344c70, 1, 1;
L_00000249b7345210 .part L_00000249b7344c70, 0, 1;
L_00000249b7343ff0 .part L_00000249b7344f90, 0, 1;
L_00000249b7344f90 .concat8 [ 1 1 1 1], L_00000249b72d1160, L_00000249b72d0fa0, L_00000249b72d1470, L_00000249b734a420;
L_00000249b73450d0 .part L_00000249b73446d0, 2, 1;
L_00000249b7344090 .part L_00000249b7344c70, 3, 1;
L_00000249b73441d0 .part L_00000249b73446d0, 2, 1;
L_00000249b73443b0 .part L_00000249b7344c70, 3, 1;
L_00000249b7344450 .part L_00000249b7344c70, 2, 1;
L_00000249b734bab0 .part L_00000249b73446d0, 1, 1;
L_00000249b734ce10 .part L_00000249b7344c70, 3, 1;
L_00000249b734c050 .part L_00000249b7344c70, 2, 1;
L_00000249b734c9b0 .part L_00000249b7344c70, 1, 1;
L_00000249b734b470 .part L_00000249b73446d0, 0, 1;
L_00000249b734bbf0 .part L_00000249b7344c70, 3, 1;
L_00000249b734ccd0 .part L_00000249b7344c70, 2, 1;
L_00000249b734b650 .part L_00000249b7344c70, 1, 1;
L_00000249b734b790 .part L_00000249b7344c70, 0, 1;
L_00000249b734c370 .part L_00000249b7344f90, 0, 1;
L_00000249b734b5b0 .part L_00000249b73446d0, 3, 1;
L_00000249b734b290 .part L_00000249b7344c70, 0, 1;
L_00000249b734c0f0 .part L_00000249b7344f90, 0, 1;
L_00000249b734bdd0 .part L_00000249b7344c70, 1, 1;
L_00000249b734c190 .part L_00000249b7344f90, 1, 1;
L_00000249b734c730 .part L_00000249b7344c70, 2, 1;
L_00000249b734be70 .part L_00000249b7344f90, 2, 1;
L_00000249b734b010 .concat8 [ 1 1 1 1], L_00000249b734a3b0, L_00000249b7349e00, L_00000249b734a960, L_00000249b734a730;
L_00000249b734cb90 .part L_00000249b7344c70, 3, 1;
L_00000249b734ca50 .part L_00000249b7344f90, 3, 1;
L_00000249b734cd70 .part L_00000249b734ab20, 0, 1;
L_00000249b734c230 .part L_00000249b734a260, 0, 1;
L_00000249b734b1f0 .part L_00000249b734b8d0, 0, 1;
L_00000249b734b150 .part L_00000249b734ab20, 1, 1;
L_00000249b734b6f0 .part L_00000249b734a260, 1, 1;
L_00000249b734caf0 .part L_00000249b734ab20, 0, 1;
L_00000249b734b830 .part L_00000249b734a260, 1, 1;
L_00000249b734c2d0 .part L_00000249b734a260, 0, 1;
L_00000249b734c410 .part L_00000249b734b8d0, 0, 1;
L_00000249b734b8d0 .concat8 [ 1 1 1 1], L_00000249b734a8f0, L_00000249b734a9d0, L_00000249b7349ee0, L_00000249b734a340;
L_00000249b734c4b0 .part L_00000249b734ab20, 2, 1;
L_00000249b734c550 .part L_00000249b734a260, 2, 1;
L_00000249b734c7d0 .part L_00000249b734ab20, 1, 1;
L_00000249b734b970 .part L_00000249b734a260, 2, 1;
L_00000249b734c5f0 .part L_00000249b734a260, 1, 1;
L_00000249b734c690 .part L_00000249b734ab20, 0, 1;
L_00000249b734ba10 .part L_00000249b734a260, 2, 1;
L_00000249b734cc30 .part L_00000249b734a260, 1, 1;
L_00000249b734b330 .part L_00000249b734a260, 0, 1;
L_00000249b734c870 .part L_00000249b734b8d0, 0, 1;
L_00000249b734b510 .part L_00000249b734ab20, 3, 1;
L_00000249b734af70 .part L_00000249b734a260, 3, 1;
L_00000249b734c910 .part L_00000249b734ab20, 2, 1;
L_00000249b734b0b0 .part L_00000249b734a260, 3, 1;
L_00000249b734b3d0 .part L_00000249b734a260, 2, 1;
L_00000249b734bb50 .part L_00000249b734ab20, 1, 1;
L_00000249b734bf10 .part L_00000249b734a260, 3, 1;
L_00000249b734bfb0 .part L_00000249b734a260, 2, 1;
L_00000249b734bc90 .part L_00000249b734a260, 1, 1;
L_00000249b734bd30 .part L_00000249b734ab20, 0, 1;
L_00000249b73d39f0 .part L_00000249b734a260, 3, 1;
L_00000249b73d2c30 .part L_00000249b734a260, 2, 1;
L_00000249b73d2b90 .part L_00000249b734a260, 1, 1;
L_00000249b73d45d0 .part L_00000249b734a260, 0, 1;
L_00000249b73d3d10 .part L_00000249b734b8d0, 0, 1;
S_00000249b72aa7b0 .scope task, "check_carry" "check_carry" 2 62, 2 62 0, S_00000249b72aa490;
 .timescale 0 0;
v00000249b7340de0_0 .var "expected_carry", 0 0;
v00000249b7341ba0_0 .var "i", 0 0;
v00000249b7341920_0 .var "j", 0 0;
v00000249b73419c0_0 .var "k", 0 0;
TD_test_bench15.check_carry ;
    %load/vec4 v00000249b7341ba0_0;
    %load/vec4 v00000249b7340de0_0;
    %cmp/ne;
    %flag_mov 8, 4;
    %load/vec4 v00000249b7341920_0;
    %load/vec4 v00000249b7340de0_0;
    %cmp/ne;
    %flag_or 4, 8;
    %flag_mov 8, 4;
    %load/vec4 v00000249b73419c0_0;
    %load/vec4 v00000249b7340de0_0;
    %cmp/ne;
    %flag_or 4, 8;
    %jmp/0xz  T_0.0, 4;
    %vpi_call 2 69 "$display", "===== t=%d FAILED, output carry does not match =====", $time {0 0 0};
    %vpi_call 2 70 "$display", "===== t=%d Expected value is %b, Actual gate_model value is %b, Actual dataflow value is %b, Actual behavioral_model value is %b =====", $time, v00000249b7340de0_0, v00000249b7341ba0_0, v00000249b7341920_0, v00000249b73419c0_0 {0 0 0};
    %jmp T_0.1;
T_0.0 ;
    %vpi_call 2 73 "$display", "===== t=%d PASSED SUCCESSFULLY =====", $time {0 0 0};
T_0.1 ;
    %end;
S_00000249b72e0270 .scope task, "check_result" "check_result" 2 45, 2 45 0, S_00000249b72aa490;
 .timescale 0 0;
v00000249b7340e80_0 .var "e", 3 0;
v00000249b7340fc0_0 .var "expected_result", 3 0;
v00000249b7341060_0 .var "f", 3 0;
v00000249b7341240_0 .var "g", 3 0;
TD_test_bench15.check_result ;
    %load/vec4 v00000249b7340e80_0;
    %load/vec4 v00000249b7340fc0_0;
    %cmp/ne;
    %flag_mov 8, 4;
    %load/vec4 v00000249b7341060_0;
    %load/vec4 v00000249b7340fc0_0;
    %cmp/ne;
    %flag_or 4, 8;
    %flag_mov 8, 4;
    %load/vec4 v00000249b7341240_0;
    %load/vec4 v00000249b7340fc0_0;
    %cmp/ne;
    %flag_or 4, 8;
    %jmp/0xz  T_1.2, 4;
    %vpi_call 2 52 "$display", "===== t=%d FAILED, output value does not match =====", $time {0 0 0};
    %vpi_call 2 53 "$display", "===== t=%d Expected value is %2d, Actual gate_model value is %2d, Actual dataflow value is %2d, Actual behavioral_model value is %2d =====", $time, v00000249b7340fc0_0, v00000249b7340e80_0, v00000249b7341060_0, v00000249b7341240_0 {0 0 0};
    %jmp T_1.3;
T_1.2 ;
    %vpi_call 2 56 "$display", "===== t=%d PASSED SUCCESSFULLY =====", $time {0 0 0};
T_1.3 ;
    %end;
    .scope S_00000249b72aa620;
T_2 ;
    %wait E_00000249b72d3f60;
    %load/vec4 v00000249b7341420_0;
    %load/vec4 v00000249b73411a0_0;
    %and;
    %store/vec4 v00000249b7342780_0, 0, 4;
    %load/vec4 v00000249b7341420_0;
    %load/vec4 v00000249b73411a0_0;
    %xor;
    %store/vec4 v00000249b7342000_0, 0, 4;
    %load/vec4 v00000249b73414c0_0;
    %ix/load 4, 0, 0;
    %flag_set/imm 4, 0;
    %store/vec4 v00000249b7341b00_0, 4, 1;
    %load/vec4 v00000249b7342780_0;
    %parti/s 1, 0, 2;
    %load/vec4 v00000249b7342000_0;
    %parti/s 1, 0, 2;
    %load/vec4 v00000249b7341b00_0;
    %parti/s 1, 0, 2;
    %and;
    %or;
    %ix/load 4, 1, 0;
    %flag_set/imm 4, 0;
    %store/vec4 v00000249b7341b00_0, 4, 1;
    %load/vec4 v00000249b7342780_0;
    %parti/s 1, 1, 2;
    %load/vec4 v00000249b7342000_0;
    %parti/s 1, 1, 2;
    %load/vec4 v00000249b7342780_0;
    %parti/s 1, 0, 2;
    %and;
    %or;
    %load/vec4 v00000249b7342000_0;
    %parti/s 1, 1, 2;
    %load/vec4 v00000249b7342000_0;
    %parti/s 1, 0, 2;
    %and;
    %load/vec4 v00000249b7341b00_0;
    %parti/s 1, 0, 2;
    %and;
    %or;
    %ix/load 4, 2, 0;
    %flag_set/imm 4, 0;
    %store/vec4 v00000249b7341b00_0, 4, 1;
    %load/vec4 v00000249b7342780_0;
    %parti/s 1, 2, 3;
    %load/vec4 v00000249b7342000_0;
    %parti/s 1, 2, 3;
    %load/vec4 v00000249b7342780_0;
    %parti/s 1, 1, 2;
    %and;
    %or;
    %load/vec4 v00000249b7342000_0;
    %parti/s 1, 2, 3;
    %load/vec4 v00000249b7342000_0;
    %parti/s 1, 1, 2;
    %and;
    %load/vec4 v00000249b7342780_0;
    %parti/s 1, 0, 2;
    %and;
    %or;
    %load/vec4 v00000249b7342000_0;
    %parti/s 1, 2, 3;
    %load/vec4 v00000249b7342000_0;
    %parti/s 1, 1, 2;
    %and;
    %load/vec4 v00000249b7342000_0;
    %parti/s 1, 0, 2;
    %and;
    %load/vec4 v00000249b7341b00_0;
    %parti/s 1, 0, 2;
    %and;
    %or;
    %ix/load 4, 3, 0;
    %flag_set/imm 4, 0;
    %store/vec4 v00000249b7341b00_0, 4, 1;
    %load/vec4 v00000249b7342780_0;
    %parti/s 1, 3, 3;
    %load/vec4 v00000249b7342000_0;
    %parti/s 1, 3, 3;
    %load/vec4 v00000249b7342780_0;
    %parti/s 1, 2, 3;
    %and;
    %or;
    %load/vec4 v00000249b7342000_0;
    %parti/s 1, 3, 3;
    %load/vec4 v00000249b7342000_0;
    %parti/s 1, 2, 3;
    %and;
    %load/vec4 v00000249b7342780_0;
    %parti/s 1, 1, 2;
    %and;
    %or;
    %load/vec4 v00000249b7342000_0;
    %parti/s 1, 3, 3;
    %load/vec4 v00000249b7342000_0;
    %parti/s 1, 2, 3;
    %and;
    %load/vec4 v00000249b7342000_0;
    %parti/s 1, 1, 2;
    %and;
    %load/vec4 v00000249b7342780_0;
    %parti/s 1, 0, 2;
    %and;
    %or;
    %load/vec4 v00000249b7342000_0;
    %parti/s 1, 3, 3;
    %load/vec4 v00000249b7342000_0;
    %parti/s 1, 2, 3;
    %and;
    %load/vec4 v00000249b7342000_0;
    %parti/s 1, 1, 2;
    %and;
    %load/vec4 v00000249b7342000_0;
    %parti/s 1, 0, 2;
    %and;
    %load/vec4 v00000249b7341b00_0;
    %parti/s 1, 0, 2;
    %and;
    %or;
    %store/vec4 v00000249b7342460_0, 0, 1;
    %load/vec4 v00000249b7342000_0;
    %load/vec4 v00000249b7341b00_0;
    %xor;
    %store/vec4 v00000249b7341ec0_0, 0, 4;
    %jmp T_2;
    .thread T_2, $push;
    .scope S_00000249b72aa490;
T_3 ;
    %vpi_call 2 11 "$dumpfile", "wave.vcd" {0 0 0};
    %vpi_call 2 12 "$dumpvars", 32'sb00000000000000000000000000000000, S_00000249b72aa490 {0 0 0};
    %vpi_call 2 13 "$display", "===== 4-bit Carry Look Ahead Adder Testbench =====" {0 0 0};
    %pushi/vec4 0, 0, 4;
    %store/vec4 v00000249b7341e20_0, 0, 4;
    %pushi/vec4 0, 0, 4;
    %store/vec4 v00000249b73455d0_0, 0, 4;
    %pushi/vec4 0, 0, 1;
    %store/vec4 v00000249b7344950_0, 0, 1;
    %delay 1, 0;
    %pushi/vec4 0, 0, 4;
    %store/vec4 v00000249b7340fc0_0, 0, 4;
    %load/vec4 v00000249b7345b70_0;
    %store/vec4 v00000249b7340e80_0, 0, 4;
    %load/vec4 v00000249b7344270_0;
    %store/vec4 v00000249b7341060_0, 0, 4;
    %load/vec4 v00000249b7344310_0;
    %store/vec4 v00000249b7341240_0, 0, 4;
    %fork TD_test_bench15.check_result, S_00000249b72e0270;
    %join;
    %pushi/vec4 0, 0, 1;
    %store/vec4 v00000249b7340de0_0, 0, 1;
    %load/vec4 v00000249b73452b0_0;
    %store/vec4 v00000249b7341ba0_0, 0, 1;
    %load/vec4 v00000249b7345170_0;
    %store/vec4 v00000249b7341920_0, 0, 1;
    %load/vec4 v00000249b73444f0_0;
    %store/vec4 v00000249b73419c0_0, 0, 1;
    %fork TD_test_bench15.check_carry, S_00000249b72aa7b0;
    %join;
    %delay 1, 0;
    %pushi/vec4 3, 0, 4;
    %store/vec4 v00000249b7341e20_0, 0, 4;
    %pushi/vec4 5, 0, 4;
    %store/vec4 v00000249b73455d0_0, 0, 4;
    %pushi/vec4 0, 0, 1;
    %store/vec4 v00000249b7344950_0, 0, 1;
    %delay 1, 0;
    %pushi/vec4 8, 0, 4;
    %store/vec4 v00000249b7340fc0_0, 0, 4;
    %load/vec4 v00000249b7345b70_0;
    %store/vec4 v00000249b7340e80_0, 0, 4;
    %load/vec4 v00000249b7344270_0;
    %store/vec4 v00000249b7341060_0, 0, 4;
    %load/vec4 v00000249b7344310_0;
    %store/vec4 v00000249b7341240_0, 0, 4;
    %fork TD_test_bench15.check_result, S_00000249b72e0270;
    %join;
    %pushi/vec4 0, 0, 1;
    %store/vec4 v00000249b7340de0_0, 0, 1;
    %load/vec4 v00000249b73452b0_0;
    %store/vec4 v00000249b7341ba0_0, 0, 1;
    %load/vec4 v00000249b7345170_0;
    %store/vec4 v00000249b7341920_0, 0, 1;
    %load/vec4 v00000249b73444f0_0;
    %store/vec4 v00000249b73419c0_0, 0, 1;
    %fork TD_test_bench15.check_carry, S_00000249b72aa7b0;
    %join;
    %pushi/vec4 15, 0, 4;
    %store/vec4 v00000249b7341e20_0, 0, 4;
    %pushi/vec4 1, 0, 4;
    %store/vec4 v00000249b73455d0_0, 0, 4;
    %pushi/vec4 0, 0, 1;
    %store/vec4 v00000249b7344950_0, 0, 1;
    %delay 1, 0;
    %pushi/vec4 0, 0, 4;
    %store/vec4 v00000249b7340fc0_0, 0, 4;
    %load/vec4 v00000249b7345b70_0;
    %store/vec4 v00000249b7340e80_0, 0, 4;
    %load/vec4 v00000249b7344270_0;
    %store/vec4 v00000249b7341060_0, 0, 4;
    %load/vec4 v00000249b7344310_0;
    %store/vec4 v00000249b7341240_0, 0, 4;
    %fork TD_test_bench15.check_result, S_00000249b72e0270;
    %join;
    %pushi/vec4 1, 0, 1;
    %store/vec4 v00000249b7340de0_0, 0, 1;
    %load/vec4 v00000249b73452b0_0;
    %store/vec4 v00000249b7341ba0_0, 0, 1;
    %load/vec4 v00000249b7345170_0;
    %store/vec4 v00000249b7341920_0, 0, 1;
    %load/vec4 v00000249b73444f0_0;
    %store/vec4 v00000249b73419c0_0, 0, 1;
    %fork TD_test_bench15.check_carry, S_00000249b72aa7b0;
    %join;
    %pushi/vec4 10, 0, 4;
    %store/vec4 v00000249b7341e20_0, 0, 4;
    %pushi/vec4 6, 0, 4;
    %store/vec4 v00000249b73455d0_0, 0, 4;
    %pushi/vec4 1, 0, 1;
    %store/vec4 v00000249b7344950_0, 0, 1;
    %delay 1, 0;
    %pushi/vec4 1, 0, 4;
    %store/vec4 v00000249b7340fc0_0, 0, 4;
    %load/vec4 v00000249b7345b70_0;
    %store/vec4 v00000249b7340e80_0, 0, 4;
    %load/vec4 v00000249b7344270_0;
    %store/vec4 v00000249b7341060_0, 0, 4;
    %load/vec4 v00000249b7344310_0;
    %store/vec4 v00000249b7341240_0, 0, 4;
    %fork TD_test_bench15.check_result, S_00000249b72e0270;
    %join;
    %pushi/vec4 1, 0, 1;
    %store/vec4 v00000249b7340de0_0, 0, 1;
    %load/vec4 v00000249b73452b0_0;
    %store/vec4 v00000249b7341ba0_0, 0, 1;
    %load/vec4 v00000249b7345170_0;
    %store/vec4 v00000249b7341920_0, 0, 1;
    %load/vec4 v00000249b73444f0_0;
    %store/vec4 v00000249b73419c0_0, 0, 1;
    %fork TD_test_bench15.check_carry, S_00000249b72aa7b0;
    %join;
    %pushi/vec4 15, 0, 4;
    %store/vec4 v00000249b7341e20_0, 0, 4;
    %pushi/vec4 15, 0, 4;
    %store/vec4 v00000249b73455d0_0, 0, 4;
    %pushi/vec4 0, 0, 1;
    %store/vec4 v00000249b7344950_0, 0, 1;
    %delay 1, 0;
    %pushi/vec4 14, 0, 4;
    %store/vec4 v00000249b7340fc0_0, 0, 4;
    %load/vec4 v00000249b7345b70_0;
    %store/vec4 v00000249b7340e80_0, 0, 4;
    %load/vec4 v00000249b7344270_0;
    %store/vec4 v00000249b7341060_0, 0, 4;
    %load/vec4 v00000249b7344310_0;
    %store/vec4 v00000249b7341240_0, 0, 4;
    %fork TD_test_bench15.check_result, S_00000249b72e0270;
    %join;
    %pushi/vec4 1, 0, 1;
    %store/vec4 v00000249b7340de0_0, 0, 1;
    %load/vec4 v00000249b73452b0_0;
    %store/vec4 v00000249b7341ba0_0, 0, 1;
    %load/vec4 v00000249b7345170_0;
    %store/vec4 v00000249b7341920_0, 0, 1;
    %load/vec4 v00000249b73444f0_0;
    %store/vec4 v00000249b73419c0_0, 0, 1;
    %fork TD_test_bench15.check_carry, S_00000249b72aa7b0;
    %join;
    %vpi_call 2 41 "$finish" {0 0 0};
    %end;
    .thread T_3;
# The file index is used to find the file name in the following table.
:file_names 4;
    "N/A";
    "<interactive>";
    "../tb/test_bench15.v";
    "../rtl/cla_adder_4bit.v";
