#! /c/Source/iverilog-install/bin/vvp
:ivl_version "12.0 (devel)" "(s20150603-1110-g18392a46)";
:ivl_delay_selection "TYPICAL";
:vpi_time_precision + 0;
:vpi_module "C:\iverilog\lib\ivl\system.vpi";
:vpi_module "C:\iverilog\lib\ivl\vhdl_sys.vpi";
:vpi_module "C:\iverilog\lib\ivl\vhdl_textio.vpi";
:vpi_module "C:\iverilog\lib\ivl\v2005_math.vpi";
:vpi_module "C:\iverilog\lib\ivl\va_math.vpi";
S_0000027cdb5246d0 .scope module, "test_bench" "test_bench" 2 1;
 .timescale 0 0;
v0000027cdb59ce20_0 .var "a", 1 0;
v0000027cdb59cf60_0 .var "b", 1 0;
v0000027cdb59d0a0_0 .net "behav_out", 3 0, v0000027cdb59bb60_0;  1 drivers
v0000027cdb59bde0_0 .net "data_out", 3 0, L_0000027cdb59e3e0;  1 drivers
v0000027cdb59b660_0 .net "gate_out", 3 0, L_0000027cdb59d4e0;  1 drivers
S_0000027cdb53e440 .scope module, "DUT" "array_multiplier" 2 6, 3 1 0, S_0000027cdb5246d0;
 .timescale 0 0;
    .port_info 0 /INPUT 2 "a";
    .port_info 1 /INPUT 2 "b";
    .port_info 2 /OUTPUT 4 "gate_out";
    .port_info 3 /OUTPUT 4 "data_out";
    .port_info 4 /OUTPUT 4 "behav_out";
L_0000027cdb518f90 .functor AND 1, L_0000027cdb59b8e0, L_0000027cdb59d580, C4<1>, C4<1>;
L_0000027cdb518eb0 .functor AND 1, L_0000027cdb59eac0, L_0000027cdb59de40, C4<1>, C4<1>;
L_0000027cdb519070 .functor AND 1, L_0000027cdb59efc0, L_0000027cdb59e0c0, C4<1>, C4<1>;
L_0000027cdb519310 .functor AND 1, L_0000027cdb59eb60, L_0000027cdb59e480, C4<1>, C4<1>;
L_0000027cdb518dd0 .functor XOR 1, L_0000027cdb59d440, L_0000027cdb59e020, C4<0>, C4<0>;
L_0000027cdb518f20 .functor AND 1, L_0000027cdb59dd00, L_0000027cdb59ed40, C4<1>, C4<1>;
L_0000027cdb519540 .functor BUF 1, L_0000027cdb59ede0, C4<0>, C4<0>, C4<0>;
L_0000027cdb5190e0 .functor BUF 1, L_0000027cdb518dd0, C4<0>, C4<0>, C4<0>;
L_0000027cdb5191c0 .functor XOR 1, L_0000027cdb59f100, L_0000027cdb518f20, C4<0>, C4<0>;
L_0000027cdb518740 .functor AND 1, L_0000027cdb59dee0, L_0000027cdb518f20, C4<1>, C4<1>;
L_0000027cdb5187b0 .functor AND 2, v0000027cdb59ce20_0, L_0000027cdb59e160, C4<11>, C4<11>;
L_0000027cdb519380 .functor AND 2, v0000027cdb59ce20_0, L_0000027cdb59d6c0, C4<11>, C4<11>;
v0000027cdb51d090_0 .net *"_ivl_1", 0 0, L_0000027cdb518f90;  1 drivers
v0000027cdb51ccd0_0 .net *"_ivl_12", 0 0, L_0000027cdb59eac0;  1 drivers
v0000027cdb51d270_0 .net *"_ivl_14", 0 0, L_0000027cdb59de40;  1 drivers
v0000027cdb51ca50_0 .net *"_ivl_16", 0 0, L_0000027cdb519070;  1 drivers
v0000027cdb51d450_0 .net *"_ivl_19", 0 0, L_0000027cdb59efc0;  1 drivers
v0000027cdb59be80_0 .net *"_ivl_21", 0 0, L_0000027cdb59e0c0;  1 drivers
v0000027cdb59c240_0 .net *"_ivl_23", 0 0, L_0000027cdb519310;  1 drivers
v0000027cdb59b980_0 .net *"_ivl_27", 0 0, L_0000027cdb59eb60;  1 drivers
v0000027cdb59c880_0 .net *"_ivl_29", 0 0, L_0000027cdb59e480;  1 drivers
v0000027cdb59b7a0_0 .net *"_ivl_32", 0 0, L_0000027cdb59d440;  1 drivers
v0000027cdb59bfc0_0 .net *"_ivl_34", 0 0, L_0000027cdb59e020;  1 drivers
v0000027cdb59c100_0 .net *"_ivl_37", 0 0, L_0000027cdb59dd00;  1 drivers
v0000027cdb59bf20_0 .net *"_ivl_39", 0 0, L_0000027cdb59ed40;  1 drivers
v0000027cdb59b3e0_0 .net *"_ivl_4", 0 0, L_0000027cdb59b8e0;  1 drivers
v0000027cdb59c7e0_0 .net *"_ivl_41", 0 0, L_0000027cdb519540;  1 drivers
v0000027cdb59bc00_0 .net *"_ivl_44", 0 0, L_0000027cdb59ede0;  1 drivers
v0000027cdb59c2e0_0 .net *"_ivl_46", 0 0, L_0000027cdb5190e0;  1 drivers
v0000027cdb59c380_0 .net *"_ivl_49", 0 0, L_0000027cdb5191c0;  1 drivers
v0000027cdb59c420_0 .net *"_ivl_52", 0 0, L_0000027cdb59f100;  1 drivers
v0000027cdb59b480_0 .net *"_ivl_54", 0 0, L_0000027cdb518740;  1 drivers
v0000027cdb59b2a0_0 .net *"_ivl_58", 0 0, L_0000027cdb59dee0;  1 drivers
v0000027cdb59b700_0 .net *"_ivl_6", 0 0, L_0000027cdb59d580;  1 drivers
v0000027cdb59d140_0 .net *"_ivl_60", 0 0, L_0000027cdb59f2e0;  1 drivers
v0000027cdb59bca0_0 .net *"_ivl_61", 1 0, L_0000027cdb59e160;  1 drivers
v0000027cdb59cc40_0 .net *"_ivl_66", 0 0, L_0000027cdb59d620;  1 drivers
v0000027cdb59b840_0 .net *"_ivl_67", 1 0, L_0000027cdb59d6c0;  1 drivers
v0000027cdb59d000_0 .net *"_ivl_71", 3 0, L_0000027cdb59e7a0;  1 drivers
L_0000027cdb5e0088 .functor BUFT 1, C4<00>, C4<0>, C4<0>, C4<0>;
v0000027cdb59c4c0_0 .net *"_ivl_74", 1 0, L_0000027cdb5e0088;  1 drivers
v0000027cdb59c920_0 .net *"_ivl_75", 3 0, L_0000027cdb59ec00;  1 drivers
L_0000027cdb5e00d0 .functor BUFT 1, C4<00>, C4<0>, C4<0>, C4<0>;
v0000027cdb59ca60_0 .net *"_ivl_78", 1 0, L_0000027cdb5e00d0;  1 drivers
v0000027cdb59b340_0 .net *"_ivl_79", 3 0, L_0000027cdb59eca0;  1 drivers
v0000027cdb59c060_0 .net *"_ivl_8", 0 0, L_0000027cdb518eb0;  1 drivers
v0000027cdb59c9c0_0 .net *"_ivl_81", 2 0, L_0000027cdb59d760;  1 drivers
L_0000027cdb5e0118 .functor BUFT 1, C4<0>, C4<0>, C4<0>, C4<0>;
v0000027cdb59c1a0_0 .net *"_ivl_83", 0 0, L_0000027cdb5e0118;  1 drivers
v0000027cdb59b520_0 .net "a", 1 0, v0000027cdb59ce20_0;  1 drivers
v0000027cdb59b5c0_0 .net "b", 1 0, v0000027cdb59cf60_0;  1 drivers
v0000027cdb59bb60_0 .var "behav_out", 3 0;
v0000027cdb59c560_0 .net "c1", 0 0, L_0000027cdb518f20;  1 drivers
v0000027cdb59cce0_0 .net "d0", 1 0, L_0000027cdb5187b0;  1 drivers
v0000027cdb59cb00_0 .net "d1", 1 0, L_0000027cdb519380;  1 drivers
v0000027cdb59c600_0 .net "data_out", 3 0, L_0000027cdb59e3e0;  alias, 1 drivers
v0000027cdb59c6a0_0 .net "g0", 1 0, L_0000027cdb59dda0;  1 drivers
v0000027cdb59ba20_0 .net "g1", 1 0, L_0000027cdb59f060;  1 drivers
v0000027cdb59cec0_0 .net "gate_out", 3 0, L_0000027cdb59d4e0;  alias, 1 drivers
v0000027cdb59cba0_0 .net "s1", 0 0, L_0000027cdb518dd0;  1 drivers
E_0000027cdb541fa0 .event anyedge, v0000027cdb59b520_0, v0000027cdb59b5c0_0;
L_0000027cdb59b8e0 .part v0000027cdb59ce20_0, 0, 1;
L_0000027cdb59d580 .part v0000027cdb59cf60_0, 0, 1;
L_0000027cdb59dda0 .concat8 [ 1 1 0 0], L_0000027cdb518f90, L_0000027cdb518eb0;
L_0000027cdb59eac0 .part v0000027cdb59ce20_0, 1, 1;
L_0000027cdb59de40 .part v0000027cdb59cf60_0, 0, 1;
L_0000027cdb59efc0 .part v0000027cdb59ce20_0, 0, 1;
L_0000027cdb59e0c0 .part v0000027cdb59cf60_0, 1, 1;
L_0000027cdb59f060 .concat8 [ 1 1 0 0], L_0000027cdb519070, L_0000027cdb519310;
L_0000027cdb59eb60 .part v0000027cdb59ce20_0, 1, 1;
L_0000027cdb59e480 .part v0000027cdb59cf60_0, 1, 1;
L_0000027cdb59d440 .part L_0000027cdb59dda0, 1, 1;
L_0000027cdb59e020 .part L_0000027cdb59f060, 0, 1;
L_0000027cdb59dd00 .part L_0000027cdb59dda0, 1, 1;
L_0000027cdb59ed40 .part L_0000027cdb59f060, 0, 1;
L_0000027cdb59ede0 .part L_0000027cdb59dda0, 0, 1;
L_0000027cdb59f100 .part L_0000027cdb59f060, 1, 1;
L_0000027cdb59d4e0 .concat8 [ 1 1 1 1], L_0000027cdb519540, L_0000027cdb5190e0, L_0000027cdb5191c0, L_0000027cdb518740;
L_0000027cdb59dee0 .part L_0000027cdb59f060, 1, 1;
L_0000027cdb59f2e0 .part v0000027cdb59cf60_0, 0, 1;
L_0000027cdb59e160 .concat [ 1 1 0 0], L_0000027cdb59f2e0, L_0000027cdb59f2e0;
L_0000027cdb59d620 .part v0000027cdb59cf60_0, 1, 1;
L_0000027cdb59d6c0 .concat [ 1 1 0 0], L_0000027cdb59d620, L_0000027cdb59d620;
L_0000027cdb59e7a0 .concat [ 2 2 0 0], L_0000027cdb5187b0, L_0000027cdb5e0088;
L_0000027cdb59ec00 .concat [ 2 2 0 0], L_0000027cdb519380, L_0000027cdb5e00d0;
L_0000027cdb59d760 .part L_0000027cdb59ec00, 0, 3;
L_0000027cdb59eca0 .concat [ 1 3 0 0], L_0000027cdb5e0118, L_0000027cdb59d760;
L_0000027cdb59e3e0 .arith/sum 4, L_0000027cdb59e7a0, L_0000027cdb59eca0;
S_0000027cdb59d260 .scope task, "check_result" "check_result" 2 94, 2 94 0, S_0000027cdb5246d0;
 .timescale 0 0;
v0000027cdb59cd80_0 .var "e", 3 0;
v0000027cdb59bac0_0 .var "f", 3 0;
v0000027cdb59bd40_0 .var "g", 3 0;
v0000027cdb59c740_0 .var "result", 3 0;
TD_test_bench.check_result ;
    %load/vec4 v0000027cdb59cd80_0;
    %load/vec4 v0000027cdb59c740_0;
    %cmp/ne;
    %flag_get/vec4 4;
    %load/vec4 v0000027cdb59bac0_0;
    %load/vec4 v0000027cdb59c740_0;
    %cmp/ne;
    %flag_get/vec4 4;
    %or;
    %load/vec4 v0000027cdb59bd40_0;
    %load/vec4 v0000027cdb59c740_0;
    %cmp/ne;
    %flag_get/vec4 4;
    %or;
    %flag_set/vec4 8;
    %jmp/0xz  T_0.0, 8;
    %vpi_call 2 101 "$display", "===== t=%d FAILED, output does not match =====", $time {0 0 0};
    %vpi_call 2 102 "$display", "===== t=%d Expected value is %b, Actual gate value is %b, Actual data value is %b, Actual behavioral value is %b =====", $time, v0000027cdb59c740_0, v0000027cdb59cd80_0, v0000027cdb59bac0_0, v0000027cdb59bd40_0 {0 0 0};
    %jmp T_0.1;
T_0.0 ;
    %vpi_call 2 105 "$display", "===== t=%d PASSED SUCCESSFULLY =====", $time {0 0 0};
T_0.1 ;
    %end;
    .scope S_0000027cdb53e440;
T_1 ;
    %wait E_0000027cdb541fa0;
    %load/vec4 v0000027cdb59b520_0;
    %pad/u 4;
    %load/vec4 v0000027cdb59b5c0_0;
    %pad/u 4;
    %mul;
    %store/vec4 v0000027cdb59bb60_0, 0, 4;
    %jmp T_1;
    .thread T_1, $push;
    .scope S_0000027cdb5246d0;
T_2 ;
    %vpi_call 2 9 "$dumpfile", "wave.vcd" {0 0 0};
    %vpi_call 2 10 "$dumpvars", 32'sb00000000000000000000000000000000, S_0000027cdb5246d0 {0 0 0};
    %vpi_call 2 11 "$display", "===== Test Array Multiplier =====" {0 0 0};
    %vpi_call 2 12 "$display", "===== A = 2'b00, B = 2'b00 =====" {0 0 0};
    %pushi/vec4 0, 0, 2;
    %store/vec4 v0000027cdb59ce20_0, 0, 2;
    %pushi/vec4 0, 0, 2;
    %store/vec4 v0000027cdb59cf60_0, 0, 2;
    %delay 1, 0;
    %pushi/vec4 0, 0, 4;
    %store/vec4 v0000027cdb59c740_0, 0, 4;
    %load/vec4 v0000027cdb59b660_0;
    %store/vec4 v0000027cdb59cd80_0, 0, 4;
    %load/vec4 v0000027cdb59bde0_0;
    %store/vec4 v0000027cdb59bac0_0, 0, 4;
    %load/vec4 v0000027cdb59d0a0_0;
    %store/vec4 v0000027cdb59bd40_0, 0, 4;
    %fork TD_test_bench.check_result, S_0000027cdb59d260;
    %join;
    %vpi_call 2 17 "$display", "===== A = 2'b00, B = 2'b01 =====" {0 0 0};
    %pushi/vec4 0, 0, 2;
    %store/vec4 v0000027cdb59ce20_0, 0, 2;
    %pushi/vec4 1, 0, 2;
    %store/vec4 v0000027cdb59cf60_0, 0, 2;
    %delay 1, 0;
    %pushi/vec4 0, 0, 4;
    %store/vec4 v0000027cdb59c740_0, 0, 4;
    %load/vec4 v0000027cdb59b660_0;
    %store/vec4 v0000027cdb59cd80_0, 0, 4;
    %load/vec4 v0000027cdb59bde0_0;
    %store/vec4 v0000027cdb59bac0_0, 0, 4;
    %load/vec4 v0000027cdb59d0a0_0;
    %store/vec4 v0000027cdb59bd40_0, 0, 4;
    %fork TD_test_bench.check_result, S_0000027cdb59d260;
    %join;
    %vpi_call 2 22 "$display", "===== A = 2'b00, B = 2'b10 =====" {0 0 0};
    %pushi/vec4 0, 0, 2;
    %store/vec4 v0000027cdb59ce20_0, 0, 2;
    %pushi/vec4 2, 0, 2;
    %store/vec4 v0000027cdb59cf60_0, 0, 2;
    %delay 1, 0;
    %pushi/vec4 0, 0, 4;
    %store/vec4 v0000027cdb59c740_0, 0, 4;
    %load/vec4 v0000027cdb59b660_0;
    %store/vec4 v0000027cdb59cd80_0, 0, 4;
    %load/vec4 v0000027cdb59bde0_0;
    %store/vec4 v0000027cdb59bac0_0, 0, 4;
    %load/vec4 v0000027cdb59d0a0_0;
    %store/vec4 v0000027cdb59bd40_0, 0, 4;
    %fork TD_test_bench.check_result, S_0000027cdb59d260;
    %join;
    %vpi_call 2 27 "$display", "===== A = 2'b00, B = 2'b11 =====" {0 0 0};
    %pushi/vec4 0, 0, 2;
    %store/vec4 v0000027cdb59ce20_0, 0, 2;
    %pushi/vec4 3, 0, 2;
    %store/vec4 v0000027cdb59cf60_0, 0, 2;
    %delay 1, 0;
    %pushi/vec4 0, 0, 4;
    %store/vec4 v0000027cdb59c740_0, 0, 4;
    %load/vec4 v0000027cdb59b660_0;
    %store/vec4 v0000027cdb59cd80_0, 0, 4;
    %load/vec4 v0000027cdb59bde0_0;
    %store/vec4 v0000027cdb59bac0_0, 0, 4;
    %load/vec4 v0000027cdb59d0a0_0;
    %store/vec4 v0000027cdb59bd40_0, 0, 4;
    %fork TD_test_bench.check_result, S_0000027cdb59d260;
    %join;
    %vpi_call 2 32 "$display", "===== A = 2'b01, B = 2'b00 =====" {0 0 0};
    %pushi/vec4 1, 0, 2;
    %store/vec4 v0000027cdb59ce20_0, 0, 2;
    %pushi/vec4 0, 0, 2;
    %store/vec4 v0000027cdb59cf60_0, 0, 2;
    %delay 1, 0;
    %pushi/vec4 0, 0, 4;
    %store/vec4 v0000027cdb59c740_0, 0, 4;
    %load/vec4 v0000027cdb59b660_0;
    %store/vec4 v0000027cdb59cd80_0, 0, 4;
    %load/vec4 v0000027cdb59bde0_0;
    %store/vec4 v0000027cdb59bac0_0, 0, 4;
    %load/vec4 v0000027cdb59d0a0_0;
    %store/vec4 v0000027cdb59bd40_0, 0, 4;
    %fork TD_test_bench.check_result, S_0000027cdb59d260;
    %join;
    %vpi_call 2 37 "$display", "===== A = 2'b01, B = 2'b01 =====" {0 0 0};
    %pushi/vec4 1, 0, 2;
    %store/vec4 v0000027cdb59ce20_0, 0, 2;
    %pushi/vec4 1, 0, 2;
    %store/vec4 v0000027cdb59cf60_0, 0, 2;
    %delay 1, 0;
    %pushi/vec4 1, 0, 4;
    %store/vec4 v0000027cdb59c740_0, 0, 4;
    %load/vec4 v0000027cdb59b660_0;
    %store/vec4 v0000027cdb59cd80_0, 0, 4;
    %load/vec4 v0000027cdb59bde0_0;
    %store/vec4 v0000027cdb59bac0_0, 0, 4;
    %load/vec4 v0000027cdb59d0a0_0;
    %store/vec4 v0000027cdb59bd40_0, 0, 4;
    %fork TD_test_bench.check_result, S_0000027cdb59d260;
    %join;
    %vpi_call 2 42 "$display", "===== A = 2'b01, B = 2'b10 =====" {0 0 0};
    %pushi/vec4 1, 0, 2;
    %store/vec4 v0000027cdb59ce20_0, 0, 2;
    %pushi/vec4 2, 0, 2;
    %store/vec4 v0000027cdb59cf60_0, 0, 2;
    %delay 1, 0;
    %pushi/vec4 2, 0, 4;
    %store/vec4 v0000027cdb59c740_0, 0, 4;
    %load/vec4 v0000027cdb59b660_0;
    %store/vec4 v0000027cdb59cd80_0, 0, 4;
    %load/vec4 v0000027cdb59bde0_0;
    %store/vec4 v0000027cdb59bac0_0, 0, 4;
    %load/vec4 v0000027cdb59d0a0_0;
    %store/vec4 v0000027cdb59bd40_0, 0, 4;
    %fork TD_test_bench.check_result, S_0000027cdb59d260;
    %join;
    %vpi_call 2 47 "$display", "===== A = 2'b01, B = 2'b11 =====" {0 0 0};
    %pushi/vec4 1, 0, 2;
    %store/vec4 v0000027cdb59ce20_0, 0, 2;
    %pushi/vec4 3, 0, 2;
    %store/vec4 v0000027cdb59cf60_0, 0, 2;
    %delay 1, 0;
    %pushi/vec4 3, 0, 4;
    %store/vec4 v0000027cdb59c740_0, 0, 4;
    %load/vec4 v0000027cdb59b660_0;
    %store/vec4 v0000027cdb59cd80_0, 0, 4;
    %load/vec4 v0000027cdb59bde0_0;
    %store/vec4 v0000027cdb59bac0_0, 0, 4;
    %load/vec4 v0000027cdb59d0a0_0;
    %store/vec4 v0000027cdb59bd40_0, 0, 4;
    %fork TD_test_bench.check_result, S_0000027cdb59d260;
    %join;
    %vpi_call 2 52 "$display", "===== A = 2'b10, B = 2'b00 =====" {0 0 0};
    %pushi/vec4 2, 0, 2;
    %store/vec4 v0000027cdb59ce20_0, 0, 2;
    %pushi/vec4 0, 0, 2;
    %store/vec4 v0000027cdb59cf60_0, 0, 2;
    %delay 1, 0;
    %pushi/vec4 0, 0, 4;
    %store/vec4 v0000027cdb59c740_0, 0, 4;
    %load/vec4 v0000027cdb59b660_0;
    %store/vec4 v0000027cdb59cd80_0, 0, 4;
    %load/vec4 v0000027cdb59bde0_0;
    %store/vec4 v0000027cdb59bac0_0, 0, 4;
    %load/vec4 v0000027cdb59d0a0_0;
    %store/vec4 v0000027cdb59bd40_0, 0, 4;
    %fork TD_test_bench.check_result, S_0000027cdb59d260;
    %join;
    %vpi_call 2 57 "$display", "===== A = 2'b10, B = 2'b01 =====" {0 0 0};
    %pushi/vec4 2, 0, 2;
    %store/vec4 v0000027cdb59ce20_0, 0, 2;
    %pushi/vec4 1, 0, 2;
    %store/vec4 v0000027cdb59cf60_0, 0, 2;
    %delay 1, 0;
    %pushi/vec4 2, 0, 4;
    %store/vec4 v0000027cdb59c740_0, 0, 4;
    %load/vec4 v0000027cdb59b660_0;
    %store/vec4 v0000027cdb59cd80_0, 0, 4;
    %load/vec4 v0000027cdb59bde0_0;
    %store/vec4 v0000027cdb59bac0_0, 0, 4;
    %load/vec4 v0000027cdb59d0a0_0;
    %store/vec4 v0000027cdb59bd40_0, 0, 4;
    %fork TD_test_bench.check_result, S_0000027cdb59d260;
    %join;
    %vpi_call 2 62 "$display", "===== A = 2'b10, B = 2'b10 =====" {0 0 0};
    %pushi/vec4 2, 0, 2;
    %store/vec4 v0000027cdb59ce20_0, 0, 2;
    %pushi/vec4 2, 0, 2;
    %store/vec4 v0000027cdb59cf60_0, 0, 2;
    %delay 1, 0;
    %pushi/vec4 4, 0, 4;
    %store/vec4 v0000027cdb59c740_0, 0, 4;
    %load/vec4 v0000027cdb59b660_0;
    %store/vec4 v0000027cdb59cd80_0, 0, 4;
    %load/vec4 v0000027cdb59bde0_0;
    %store/vec4 v0000027cdb59bac0_0, 0, 4;
    %load/vec4 v0000027cdb59d0a0_0;
    %store/vec4 v0000027cdb59bd40_0, 0, 4;
    %fork TD_test_bench.check_result, S_0000027cdb59d260;
    %join;
    %vpi_call 2 67 "$display", "===== A = 2'b10, B = 2'b11 =====" {0 0 0};
    %pushi/vec4 2, 0, 2;
    %store/vec4 v0000027cdb59ce20_0, 0, 2;
    %pushi/vec4 3, 0, 2;
    %store/vec4 v0000027cdb59cf60_0, 0, 2;
    %delay 1, 0;
    %pushi/vec4 6, 0, 4;
    %store/vec4 v0000027cdb59c740_0, 0, 4;
    %load/vec4 v0000027cdb59b660_0;
    %store/vec4 v0000027cdb59cd80_0, 0, 4;
    %load/vec4 v0000027cdb59bde0_0;
    %store/vec4 v0000027cdb59bac0_0, 0, 4;
    %load/vec4 v0000027cdb59d0a0_0;
    %store/vec4 v0000027cdb59bd40_0, 0, 4;
    %fork TD_test_bench.check_result, S_0000027cdb59d260;
    %join;
    %vpi_call 2 72 "$display", "===== A = 2'b11, B = 2'b00 =====" {0 0 0};
    %pushi/vec4 3, 0, 2;
    %store/vec4 v0000027cdb59ce20_0, 0, 2;
    %pushi/vec4 0, 0, 2;
    %store/vec4 v0000027cdb59cf60_0, 0, 2;
    %delay 1, 0;
    %pushi/vec4 0, 0, 4;
    %store/vec4 v0000027cdb59c740_0, 0, 4;
    %load/vec4 v0000027cdb59b660_0;
    %store/vec4 v0000027cdb59cd80_0, 0, 4;
    %load/vec4 v0000027cdb59bde0_0;
    %store/vec4 v0000027cdb59bac0_0, 0, 4;
    %load/vec4 v0000027cdb59d0a0_0;
    %store/vec4 v0000027cdb59bd40_0, 0, 4;
    %fork TD_test_bench.check_result, S_0000027cdb59d260;
    %join;
    %vpi_call 2 77 "$display", "===== A = 2'b11, B = 2'b01 =====" {0 0 0};
    %pushi/vec4 3, 0, 2;
    %store/vec4 v0000027cdb59ce20_0, 0, 2;
    %pushi/vec4 1, 0, 2;
    %store/vec4 v0000027cdb59cf60_0, 0, 2;
    %delay 1, 0;
    %pushi/vec4 3, 0, 4;
    %store/vec4 v0000027cdb59c740_0, 0, 4;
    %load/vec4 v0000027cdb59b660_0;
    %store/vec4 v0000027cdb59cd80_0, 0, 4;
    %load/vec4 v0000027cdb59bde0_0;
    %store/vec4 v0000027cdb59bac0_0, 0, 4;
    %load/vec4 v0000027cdb59d0a0_0;
    %store/vec4 v0000027cdb59bd40_0, 0, 4;
    %fork TD_test_bench.check_result, S_0000027cdb59d260;
    %join;
    %vpi_call 2 82 "$display", "===== A = 2'b11, B = 2'b10 =====" {0 0 0};
    %pushi/vec4 3, 0, 2;
    %store/vec4 v0000027cdb59ce20_0, 0, 2;
    %pushi/vec4 2, 0, 2;
    %store/vec4 v0000027cdb59cf60_0, 0, 2;
    %delay 1, 0;
    %pushi/vec4 6, 0, 4;
    %store/vec4 v0000027cdb59c740_0, 0, 4;
    %load/vec4 v0000027cdb59b660_0;
    %store/vec4 v0000027cdb59cd80_0, 0, 4;
    %load/vec4 v0000027cdb59bde0_0;
    %store/vec4 v0000027cdb59bac0_0, 0, 4;
    %load/vec4 v0000027cdb59d0a0_0;
    %store/vec4 v0000027cdb59bd40_0, 0, 4;
    %fork TD_test_bench.check_result, S_0000027cdb59d260;
    %join;
    %vpi_call 2 87 "$display", "===== A = 2'b11, B = 2'b11 =====" {0 0 0};
    %pushi/vec4 3, 0, 2;
    %store/vec4 v0000027cdb59ce20_0, 0, 2;
    %pushi/vec4 3, 0, 2;
    %store/vec4 v0000027cdb59cf60_0, 0, 2;
    %delay 1, 0;
    %pushi/vec4 9, 0, 4;
    %store/vec4 v0000027cdb59c740_0, 0, 4;
    %load/vec4 v0000027cdb59b660_0;
    %store/vec4 v0000027cdb59cd80_0, 0, 4;
    %load/vec4 v0000027cdb59bde0_0;
    %store/vec4 v0000027cdb59bac0_0, 0, 4;
    %load/vec4 v0000027cdb59d0a0_0;
    %store/vec4 v0000027cdb59bd40_0, 0, 4;
    %fork TD_test_bench.check_result, S_0000027cdb59d260;
    %join;
    %end;
    .thread T_2;
# The file index is used to find the file name in the following table.
:file_names 4;
    "N/A";
    "<interactive>";
    "../tb/test_bench.v";
    "../rtl/array_multiplier.v";
