#! /c/Source/iverilog-install/bin/vvp
:ivl_version "12.0 (devel)" "(s20150603-1110-g18392a46)";
:ivl_delay_selection "TYPICAL";
:vpi_time_precision + 0;
:vpi_module "C:\iverilog\lib\ivl\system.vpi";
:vpi_module "C:\iverilog\lib\ivl\vhdl_sys.vpi";
:vpi_module "C:\iverilog\lib\ivl\vhdl_textio.vpi";
:vpi_module "C:\iverilog\lib\ivl\v2005_math.vpi";
:vpi_module "C:\iverilog\lib\ivl\va_math.vpi";
S_000002574818aed0 .scope module, "test_bench" "test_bench" 2 1;
 .timescale 0 0;
v0000025748208410_0 .net "behav_out", 7 0, v00000257482071f0_0;  1 drivers
v0000025748207b50_0 .net "data_out", 7 0, L_0000025748207290;  1 drivers
v00000257482085f0_0 .net "gate_out", 7 0, L_0000025748207ab0;  1 drivers
v0000025748206d90_0 .var "s", 2 0;
S_000002574818b060 .scope module, "DUT" "decoder_3to8" 2 6, 3 1 0, S_000002574818aed0;
 .timescale 0 0;
    .port_info 0 /INPUT 3 "s";
    .port_info 1 /OUTPUT 8 "gate_out";
    .port_info 2 /OUTPUT 8 "data_out";
    .port_info 3 /OUTPUT 8 "behav_out";
L_00000257481b1fa0 .functor NOT 1, L_0000025748207d30, C4<0>, C4<0>, C4<0>;
L_00000257481b1520 .functor NOT 1, L_0000025748207c90, C4<0>, C4<0>, C4<0>;
L_00000257481b1600 .functor NOT 1, L_0000025748207830, C4<0>, C4<0>, C4<0>;
L_00000257481b2240 .functor AND 1, L_00000257481b1600, L_00000257481b1520, L_00000257481b1fa0, C4<1>;
L_00000257481b18a0 .functor AND 1, L_00000257481b1600, L_00000257481b1520, L_0000025748207bf0, C4<1>;
L_00000257481b2010 .functor AND 1, L_00000257481b1600, L_0000025748207970, L_00000257481b1fa0, C4<1>;
L_00000257481b16e0 .functor AND 1, L_00000257481b1600, L_0000025748207470, L_0000025748207dd0, C4<1>;
L_00000257481b1ad0 .functor AND 1, L_0000025748206ed0, L_00000257481b1520, L_00000257481b1fa0, C4<1>;
L_00000257481b1c90 .functor AND 1, L_0000025748206f70, L_00000257481b1520, L_00000257482084b0, C4<1>;
L_00000257481b2080 .functor AND 1, L_00000257482076f0, L_0000025748207790, L_00000257481b1fa0, C4<1>;
L_00000257481b1c20 .functor AND 1, L_0000025748208190, L_0000025748207150, L_0000025748207e70, C4<1>;
v0000025748185d10_0 .net *"_ivl_10", 0 0, L_00000257481b2240;  1 drivers
v0000025748186350_0 .net *"_ivl_13", 0 0, L_00000257481b18a0;  1 drivers
v0000025748185db0_0 .net *"_ivl_16", 0 0, L_0000025748207bf0;  1 drivers
v0000025748186170_0 .net *"_ivl_18", 0 0, L_00000257481b2010;  1 drivers
v0000025748185e50_0 .net *"_ivl_2", 0 0, L_0000025748207d30;  1 drivers
v0000025748185f90_0 .net *"_ivl_21", 0 0, L_0000025748207970;  1 drivers
v0000025748186210_0 .net *"_ivl_23", 0 0, L_00000257481b16e0;  1 drivers
v0000025748208870_0 .net *"_ivl_26", 0 0, L_0000025748207470;  1 drivers
v0000025748208730_0 .net *"_ivl_28", 0 0, L_0000025748207dd0;  1 drivers
v0000025748207a10_0 .net *"_ivl_30", 0 0, L_00000257481b1ad0;  1 drivers
v0000025748206c50_0 .net *"_ivl_33", 0 0, L_0000025748206ed0;  1 drivers
v00000257482078d0_0 .net *"_ivl_35", 0 0, L_00000257481b1c90;  1 drivers
v0000025748208370_0 .net *"_ivl_38", 0 0, L_0000025748206f70;  1 drivers
v0000025748206e30_0 .net *"_ivl_40", 0 0, L_00000257482084b0;  1 drivers
v0000025748208550_0 .net *"_ivl_42", 0 0, L_00000257481b2080;  1 drivers
v0000025748206bb0_0 .net *"_ivl_45", 0 0, L_00000257482076f0;  1 drivers
v00000257482080f0_0 .net *"_ivl_47", 0 0, L_0000025748207790;  1 drivers
v00000257482073d0_0 .net *"_ivl_49", 0 0, L_00000257481b1c20;  1 drivers
v0000025748206b10_0 .net *"_ivl_5", 0 0, L_0000025748207c90;  1 drivers
v0000025748208690_0 .net *"_ivl_53", 0 0, L_0000025748208190;  1 drivers
v00000257482075b0_0 .net *"_ivl_55", 0 0, L_0000025748207150;  1 drivers
v0000025748207650_0 .net *"_ivl_57", 0 0, L_0000025748207e70;  1 drivers
L_0000025748250088 .functor BUFT 1, C4<00000001>, C4<0>, C4<0>, C4<0>;
v0000025748208230_0 .net/2u *"_ivl_58", 7 0, L_0000025748250088;  1 drivers
v00000257482082d0_0 .net *"_ivl_8", 0 0, L_0000025748207830;  1 drivers
v00000257482071f0_0 .var "behav_out", 7 0;
v0000025748206cf0_0 .net "data_out", 7 0, L_0000025748207290;  alias, 1 drivers
v0000025748207330_0 .net "gate_out", 7 0, L_0000025748207ab0;  alias, 1 drivers
v00000257482070b0_0 .net "n0", 0 0, L_00000257481b1fa0;  1 drivers
v00000257482087d0_0 .net "n1", 0 0, L_00000257481b1520;  1 drivers
v00000257482069d0_0 .net "n2", 0 0, L_00000257481b1600;  1 drivers
v0000025748206a70_0 .net "s", 2 0, v0000025748206d90_0;  1 drivers
E_00000257481938f0 .event anyedge, v0000025748206a70_0;
L_0000025748207d30 .part v0000025748206d90_0, 0, 1;
L_0000025748207c90 .part v0000025748206d90_0, 1, 1;
L_0000025748207830 .part v0000025748206d90_0, 2, 1;
L_0000025748207bf0 .part v0000025748206d90_0, 0, 1;
L_0000025748207970 .part v0000025748206d90_0, 1, 1;
L_0000025748207470 .part v0000025748206d90_0, 1, 1;
L_0000025748207dd0 .part v0000025748206d90_0, 0, 1;
L_0000025748206ed0 .part v0000025748206d90_0, 2, 1;
L_0000025748206f70 .part v0000025748206d90_0, 2, 1;
L_00000257482084b0 .part v0000025748206d90_0, 0, 1;
L_00000257482076f0 .part v0000025748206d90_0, 2, 1;
L_0000025748207790 .part v0000025748206d90_0, 1, 1;
LS_0000025748207ab0_0_0 .concat8 [ 1 1 1 1], L_00000257481b2240, L_00000257481b18a0, L_00000257481b2010, L_00000257481b16e0;
LS_0000025748207ab0_0_4 .concat8 [ 1 1 1 1], L_00000257481b1ad0, L_00000257481b1c90, L_00000257481b2080, L_00000257481b1c20;
L_0000025748207ab0 .concat8 [ 4 4 0 0], LS_0000025748207ab0_0_0, LS_0000025748207ab0_0_4;
L_0000025748208190 .part v0000025748206d90_0, 2, 1;
L_0000025748207150 .part v0000025748206d90_0, 1, 1;
L_0000025748207e70 .part v0000025748206d90_0, 0, 1;
L_0000025748207290 .shift/l 8, L_0000025748250088, v0000025748206d90_0;
    .scope S_000002574818b060;
T_0 ;
    %wait E_00000257481938f0;
    %load/vec4 v0000025748206a70_0;
    %dup/vec4;
    %pushi/vec4 0, 0, 3;
    %cmp/u;
    %jmp/1 T_0.0, 6;
    %dup/vec4;
    %pushi/vec4 1, 0, 3;
    %cmp/u;
    %jmp/1 T_0.1, 6;
    %dup/vec4;
    %pushi/vec4 2, 0, 3;
    %cmp/u;
    %jmp/1 T_0.2, 6;
    %dup/vec4;
    %pushi/vec4 3, 0, 3;
    %cmp/u;
    %jmp/1 T_0.3, 6;
    %dup/vec4;
    %pushi/vec4 4, 0, 3;
    %cmp/u;
    %jmp/1 T_0.4, 6;
    %dup/vec4;
    %pushi/vec4 5, 0, 3;
    %cmp/u;
    %jmp/1 T_0.5, 6;
    %dup/vec4;
    %pushi/vec4 6, 0, 3;
    %cmp/u;
    %jmp/1 T_0.6, 6;
    %dup/vec4;
    %pushi/vec4 7, 0, 3;
    %cmp/u;
    %jmp/1 T_0.7, 6;
    %pushi/vec4 0, 0, 8;
    %store/vec4 v00000257482071f0_0, 0, 8;
    %jmp T_0.9;
T_0.0 ;
    %pushi/vec4 1, 0, 8;
    %store/vec4 v00000257482071f0_0, 0, 8;
    %jmp T_0.9;
T_0.1 ;
    %pushi/vec4 2, 0, 8;
    %store/vec4 v00000257482071f0_0, 0, 8;
    %jmp T_0.9;
T_0.2 ;
    %pushi/vec4 4, 0, 8;
    %store/vec4 v00000257482071f0_0, 0, 8;
    %jmp T_0.9;
T_0.3 ;
    %pushi/vec4 8, 0, 8;
    %store/vec4 v00000257482071f0_0, 0, 8;
    %jmp T_0.9;
T_0.4 ;
    %pushi/vec4 16, 0, 8;
    %store/vec4 v00000257482071f0_0, 0, 8;
    %jmp T_0.9;
T_0.5 ;
    %pushi/vec4 32, 0, 8;
    %store/vec4 v00000257482071f0_0, 0, 8;
    %jmp T_0.9;
T_0.6 ;
    %pushi/vec4 64, 0, 8;
    %store/vec4 v00000257482071f0_0, 0, 8;
    %jmp T_0.9;
T_0.7 ;
    %pushi/vec4 128, 0, 8;
    %store/vec4 v00000257482071f0_0, 0, 8;
    %jmp T_0.9;
T_0.9 ;
    %pop/vec4 1;
    %jmp T_0;
    .thread T_0, $push;
    .scope S_000002574818aed0;
T_1 ;
    %vpi_call 2 9 "$dumpfile", "wave.vcd" {0 0 0};
    %vpi_call 2 10 "$dumpvars", 32'sb00000000000000000000000000000000, S_000002574818aed0 {0 0 0};
    %vpi_call 2 11 "$display", "===== Test 3 to 8 Decoder =====" {0 0 0};
    %pushi/vec4 0, 0, 3;
    %store/vec4 v0000025748206d90_0, 0, 3;
    %delay 1, 0;
    %vpi_call 2 15 "$display", "===== S = 3'b000 =====" {0 0 0};
    %load/vec4 v00000257482085f0_0;
    %cmpi/ne 1, 0, 8;
    %flag_mov 8, 4;
    %load/vec4 v0000025748207b50_0;
    %cmpi/ne 1, 0, 8;
    %flag_or 4, 8;
    %flag_mov 8, 4;
    %load/vec4 v0000025748208410_0;
    %cmpi/ne 1, 0, 8;
    %flag_or 4, 8;
    %jmp/0xz  T_1.0, 4;
    %vpi_call 2 17 "$display", "===== t=%d FAILED, value does not match =====", $time {0 0 0};
    %vpi_call 2 18 "$display", "===== t=%d Expected=0000_0001, Gate=%b, Data=%b, Behavioral=%b =====", $time, v00000257482085f0_0, v0000025748207b50_0, v0000025748208410_0 {0 0 0};
    %jmp T_1.1;
T_1.0 ;
    %vpi_call 2 20 "$display", "===== t=%d PASSED SUCCESSFULLY =====", $time {0 0 0};
T_1.1 ;
    %pushi/vec4 1, 0, 3;
    %store/vec4 v0000025748206d90_0, 0, 3;
    %delay 1, 0;
    %vpi_call 2 25 "$display", "===== S = 3'b001 =====" {0 0 0};
    %load/vec4 v00000257482085f0_0;
    %cmpi/ne 2, 0, 8;
    %flag_mov 8, 4;
    %load/vec4 v0000025748207b50_0;
    %cmpi/ne 2, 0, 8;
    %flag_or 4, 8;
    %flag_mov 8, 4;
    %load/vec4 v0000025748208410_0;
    %cmpi/ne 2, 0, 8;
    %flag_or 4, 8;
    %jmp/0xz  T_1.2, 4;
    %vpi_call 2 27 "$display", "===== t=%d FAILED, value does not match =====", $time {0 0 0};
    %vpi_call 2 28 "$display", "===== t=%d Expected=0000_0010, Gate=%b, Data=%b, Behavioral=%b =====", $time, v00000257482085f0_0, v0000025748207b50_0, v0000025748208410_0 {0 0 0};
    %jmp T_1.3;
T_1.2 ;
    %vpi_call 2 30 "$display", "===== t=%d PASSED SUCCESSFULLY =====", $time {0 0 0};
T_1.3 ;
    %pushi/vec4 2, 0, 3;
    %store/vec4 v0000025748206d90_0, 0, 3;
    %delay 1, 0;
    %vpi_call 2 35 "$display", "===== S = 3'b010 =====" {0 0 0};
    %load/vec4 v00000257482085f0_0;
    %cmpi/ne 4, 0, 8;
    %flag_mov 8, 4;
    %load/vec4 v0000025748207b50_0;
    %cmpi/ne 4, 0, 8;
    %flag_or 4, 8;
    %flag_mov 8, 4;
    %load/vec4 v0000025748208410_0;
    %cmpi/ne 4, 0, 8;
    %flag_or 4, 8;
    %jmp/0xz  T_1.4, 4;
    %vpi_call 2 37 "$display", "===== t=%d FAILED, value does not match =====", $time {0 0 0};
    %vpi_call 2 38 "$display", "===== t=%d Expected=0000_0100, Gate=%b, Data=%b, Behavioral=%b =====", $time, v00000257482085f0_0, v0000025748207b50_0, v0000025748208410_0 {0 0 0};
    %jmp T_1.5;
T_1.4 ;
    %vpi_call 2 40 "$display", "===== t=%d PASSED SUCCESSFULLY =====", $time {0 0 0};
T_1.5 ;
    %pushi/vec4 3, 0, 3;
    %store/vec4 v0000025748206d90_0, 0, 3;
    %delay 1, 0;
    %vpi_call 2 45 "$display", "===== S = 3'b011 =====" {0 0 0};
    %load/vec4 v00000257482085f0_0;
    %cmpi/ne 8, 0, 8;
    %flag_mov 8, 4;
    %load/vec4 v0000025748207b50_0;
    %cmpi/ne 8, 0, 8;
    %flag_or 4, 8;
    %flag_mov 8, 4;
    %load/vec4 v0000025748208410_0;
    %cmpi/ne 8, 0, 8;
    %flag_or 4, 8;
    %jmp/0xz  T_1.6, 4;
    %vpi_call 2 47 "$display", "===== t=%d FAILED, value does not match =====", $time {0 0 0};
    %vpi_call 2 48 "$display", "===== t=%d Expected=0001_0000, Gate=%b, Data=%b, Behavioral=%b =====", $time, v00000257482085f0_0, v0000025748207b50_0, v0000025748208410_0 {0 0 0};
    %jmp T_1.7;
T_1.6 ;
    %vpi_call 2 50 "$display", "===== t=%d PASSED SUCCESSFULLY =====", $time {0 0 0};
T_1.7 ;
    %pushi/vec4 4, 0, 3;
    %store/vec4 v0000025748206d90_0, 0, 3;
    %delay 1, 0;
    %vpi_call 2 55 "$display", "===== S = 3'b100 =====" {0 0 0};
    %load/vec4 v00000257482085f0_0;
    %cmpi/ne 16, 0, 8;
    %flag_mov 8, 4;
    %load/vec4 v0000025748207b50_0;
    %cmpi/ne 16, 0, 8;
    %flag_or 4, 8;
    %flag_mov 8, 4;
    %load/vec4 v0000025748208410_0;
    %cmpi/ne 16, 0, 8;
    %flag_or 4, 8;
    %jmp/0xz  T_1.8, 4;
    %vpi_call 2 57 "$display", "===== t=%d FAILED, value does not match =====", $time {0 0 0};
    %vpi_call 2 58 "$display", "===== t=%d Expected=0001_0000, Gate=%b, Data=%b, Behavioral=%b =====", $time, v00000257482085f0_0, v0000025748207b50_0, v0000025748208410_0 {0 0 0};
    %jmp T_1.9;
T_1.8 ;
    %vpi_call 2 60 "$display", "===== t=%d PASSED SUCCESSFULLY =====", $time {0 0 0};
T_1.9 ;
    %pushi/vec4 5, 0, 3;
    %store/vec4 v0000025748206d90_0, 0, 3;
    %delay 1, 0;
    %vpi_call 2 65 "$display", "===== S = 3'b101 =====" {0 0 0};
    %load/vec4 v00000257482085f0_0;
    %cmpi/ne 32, 0, 8;
    %flag_mov 8, 4;
    %load/vec4 v0000025748207b50_0;
    %cmpi/ne 32, 0, 8;
    %flag_or 4, 8;
    %flag_mov 8, 4;
    %load/vec4 v0000025748208410_0;
    %cmpi/ne 32, 0, 8;
    %flag_or 4, 8;
    %jmp/0xz  T_1.10, 4;
    %vpi_call 2 67 "$display", "===== t=%d FAILED, value does not match =====", $time {0 0 0};
    %vpi_call 2 68 "$display", "===== t=%d Expected=0010_0000, Gate=%b, Data=%b, Behavioral=%b =====", $time, v00000257482085f0_0, v0000025748207b50_0, v0000025748208410_0 {0 0 0};
    %jmp T_1.11;
T_1.10 ;
    %vpi_call 2 70 "$display", "===== t=%d PASSED SUCCESSFULLY =====", $time {0 0 0};
T_1.11 ;
    %pushi/vec4 6, 0, 3;
    %store/vec4 v0000025748206d90_0, 0, 3;
    %delay 1, 0;
    %vpi_call 2 75 "$display", "===== S = 3'b110 =====" {0 0 0};
    %load/vec4 v00000257482085f0_0;
    %cmpi/ne 64, 0, 8;
    %flag_mov 8, 4;
    %load/vec4 v0000025748207b50_0;
    %cmpi/ne 64, 0, 8;
    %flag_or 4, 8;
    %flag_mov 8, 4;
    %load/vec4 v0000025748208410_0;
    %cmpi/ne 64, 0, 8;
    %flag_or 4, 8;
    %jmp/0xz  T_1.12, 4;
    %vpi_call 2 77 "$display", "===== t=%d FAILED, value does not match =====", $time {0 0 0};
    %vpi_call 2 78 "$display", "===== t=%d Expected=0100_0000, Gate=%b, Data=%b, Behavioral=%b =====", $time, v00000257482085f0_0, v0000025748207b50_0, v0000025748208410_0 {0 0 0};
    %jmp T_1.13;
T_1.12 ;
    %vpi_call 2 80 "$display", "===== t=%d PASSED SUCCESSFULLY =====", $time {0 0 0};
T_1.13 ;
    %pushi/vec4 7, 0, 3;
    %store/vec4 v0000025748206d90_0, 0, 3;
    %delay 1, 0;
    %vpi_call 2 85 "$display", "===== S = 3'b111 =====" {0 0 0};
    %load/vec4 v00000257482085f0_0;
    %cmpi/ne 128, 0, 8;
    %flag_mov 8, 4;
    %load/vec4 v0000025748207b50_0;
    %cmpi/ne 128, 0, 8;
    %flag_or 4, 8;
    %flag_mov 8, 4;
    %load/vec4 v0000025748208410_0;
    %cmpi/ne 128, 0, 8;
    %flag_or 4, 8;
    %jmp/0xz  T_1.14, 4;
    %vpi_call 2 87 "$display", "===== t=%d FAILED, value does not match =====", $time {0 0 0};
    %vpi_call 2 88 "$display", "===== t=%d Expected=1000_0000, Gate=%b, Data=%b, Behavioral=%b =====", $time, v00000257482085f0_0, v0000025748207b50_0, v0000025748208410_0 {0 0 0};
    %jmp T_1.15;
T_1.14 ;
    %vpi_call 2 90 "$display", "===== t=%d PASSED SUCCESSFULLY =====", $time {0 0 0};
T_1.15 ;
    %delay 1, 0;
    %vpi_call 2 94 "$finish" {0 0 0};
    %end;
    .thread T_1;
# The file index is used to find the file name in the following table.
:file_names 4;
    "N/A";
    "<interactive>";
    "../tb/test_bench.v";
    "../rtl/decoder_3to8.v";
