#! /c/Source/iverilog-install/bin/vvp
:ivl_version "12.0 (devel)" "(s20150603-1110-g18392a46)";
:ivl_delay_selection "TYPICAL";
:vpi_time_precision + 0;
:vpi_module "C:\iverilog\lib\ivl\system.vpi";
:vpi_module "C:\iverilog\lib\ivl\vhdl_sys.vpi";
:vpi_module "C:\iverilog\lib\ivl\vhdl_textio.vpi";
:vpi_module "C:\iverilog\lib\ivl\v2005_math.vpi";
:vpi_module "C:\iverilog\lib\ivl\va_math.vpi";
S_000002028b05a080 .scope module, "test_bench8" "test_bench8" 2 1;
 .timescale 0 0;
v000002028b0d4ef0_0 .var "I0", 0 0;
v000002028b0d3cd0_0 .var "I1", 0 0;
v000002028b0d3f50_0 .var "I2", 0 0;
v000002028b0d50d0_0 .var "S", 1 0;
v000002028b0d4f90_0 .net "behav_out", 0 0, v000002028b058510_0;  1 drivers
v000002028b0d3ff0_0 .net "data_out", 0 0, L_000002028b0d4310;  1 drivers
v000002028b0d44f0_0 .net "gate_out", 0 0, L_000002028b075040;  1 drivers
S_000002028b05dac0 .scope module, "DUT" "mux3to1" 2 7, 3 1 0, S_000002028b05a080;
 .timescale 0 0;
    .port_info 0 /INPUT 2 "S";
    .port_info 1 /INPUT 1 "I0";
    .port_info 2 /INPUT 1 "I1";
    .port_info 3 /INPUT 1 "I2";
    .port_info 4 /OUTPUT 1 "gate_out";
    .port_info 5 /OUTPUT 1 "data_out";
    .port_info 6 /OUTPUT 1 "behav_out";
L_000002028b075ba0 .functor NOT 1, L_000002028b0d53f0, C4<0>, C4<0>, C4<0>;
L_000002028b0755f0 .functor NOT 1, L_000002028b0d4130, C4<0>, C4<0>, C4<0>;
L_000002028b075820 .functor AND 1, L_000002028b075ba0, L_000002028b0755f0, v000002028b0d4ef0_0, C4<1>;
L_000002028b0757b0 .functor AND 1, L_000002028b075ba0, L_000002028b0d4130, v000002028b0d3cd0_0, C4<1>;
L_000002028b0759e0 .functor AND 1, L_000002028b0d53f0, L_000002028b0755f0, v000002028b0d3f50_0, C4<1>;
L_000002028b075040 .functor OR 1, L_000002028b075820, L_000002028b0757b0, L_000002028b0759e0, C4<0>;
v000002028b057cf0_0 .net "I0", 0 0, v000002028b0d4ef0_0;  1 drivers
v000002028b0581f0_0 .net "I1", 0 0, v000002028b0d3cd0_0;  1 drivers
v000002028b058330_0 .net "I2", 0 0, v000002028b0d3f50_0;  1 drivers
v000002028b058ab0_0 .net "S", 1 0, v000002028b0d50d0_0;  1 drivers
v000002028b057f70_0 .net "S0", 0 0, L_000002028b0d53f0;  1 drivers
v000002028b058290_0 .net "S1", 0 0, L_000002028b0d4130;  1 drivers
L_000002028b120088 .functor BUFT 1, C4<00>, C4<0>, C4<0>, C4<0>;
v000002028b057bb0_0 .net/2u *"_ivl_10", 1 0, L_000002028b120088;  1 drivers
v000002028b058150_0 .net *"_ivl_12", 0 0, L_000002028b0d37d0;  1 drivers
L_000002028b1200d0 .functor BUFT 1, C4<01>, C4<0>, C4<0>, C4<0>;
v000002028b058650_0 .net/2u *"_ivl_14", 1 0, L_000002028b1200d0;  1 drivers
v000002028b057c50_0 .net *"_ivl_16", 0 0, L_000002028b0d4e50;  1 drivers
L_000002028b120118 .functor BUFT 1, C4<10>, C4<0>, C4<0>, C4<0>;
v000002028b058970_0 .net/2u *"_ivl_18", 1 0, L_000002028b120118;  1 drivers
v000002028b057e30_0 .net *"_ivl_20", 0 0, L_000002028b0d3d70;  1 drivers
L_000002028b120160 .functor BUFT 1, C4<0>, C4<0>, C4<0>, C4<0>;
v000002028b058830_0 .net/2u *"_ivl_22", 0 0, L_000002028b120160;  1 drivers
v000002028b057d90_0 .net *"_ivl_24", 0 0, L_000002028b0d46d0;  1 drivers
v000002028b0583d0_0 .net *"_ivl_26", 0 0, L_000002028b0d5170;  1 drivers
v000002028b058510_0 .var "behav_out", 0 0;
v000002028b0585b0_0 .net "data_out", 0 0, L_000002028b0d4310;  alias, 1 drivers
v000002028b057ed0_0 .net "f0", 0 0, L_000002028b075820;  1 drivers
v000002028b058010_0 .net "f1", 0 0, L_000002028b0757b0;  1 drivers
v000002028b0586f0_0 .net "f2", 0 0, L_000002028b0759e0;  1 drivers
v000002028b058a10_0 .net "gate_out", 0 0, L_000002028b075040;  alias, 1 drivers
v000002028b0588d0_0 .net "not_S0", 0 0, L_000002028b075ba0;  1 drivers
v000002028b058470_0 .net "not_S1", 0 0, L_000002028b0755f0;  1 drivers
E_000002028b078e00 .event anyedge, v000002028b058ab0_0, v000002028b057cf0_0, v000002028b0581f0_0, v000002028b058330_0;
L_000002028b0d53f0 .part v000002028b0d50d0_0, 1, 1;
L_000002028b0d4130 .part v000002028b0d50d0_0, 0, 1;
L_000002028b0d37d0 .cmp/eq 2, v000002028b0d50d0_0, L_000002028b120088;
L_000002028b0d4e50 .cmp/eq 2, v000002028b0d50d0_0, L_000002028b1200d0;
L_000002028b0d3d70 .cmp/eq 2, v000002028b0d50d0_0, L_000002028b120118;
L_000002028b0d46d0 .functor MUXZ 1, L_000002028b120160, v000002028b0d3f50_0, L_000002028b0d3d70, C4<>;
L_000002028b0d5170 .functor MUXZ 1, L_000002028b0d46d0, v000002028b0d3cd0_0, L_000002028b0d4e50, C4<>;
L_000002028b0d4310 .functor MUXZ 1, L_000002028b0d5170, v000002028b0d4ef0_0, L_000002028b0d37d0, C4<>;
    .scope S_000002028b05dac0;
T_0 ;
    %wait E_000002028b078e00;
    %load/vec4 v000002028b058ab0_0;
    %dup/vec4;
    %pushi/vec4 0, 0, 2;
    %cmp/u;
    %jmp/1 T_0.0, 6;
    %dup/vec4;
    %pushi/vec4 1, 0, 2;
    %cmp/u;
    %jmp/1 T_0.1, 6;
    %dup/vec4;
    %pushi/vec4 2, 0, 2;
    %cmp/u;
    %jmp/1 T_0.2, 6;
    %pushi/vec4 0, 0, 1;
    %store/vec4 v000002028b058510_0, 0, 1;
    %jmp T_0.4;
T_0.0 ;
    %load/vec4 v000002028b057cf0_0;
    %store/vec4 v000002028b058510_0, 0, 1;
    %jmp T_0.4;
T_0.1 ;
    %load/vec4 v000002028b0581f0_0;
    %store/vec4 v000002028b058510_0, 0, 1;
    %jmp T_0.4;
T_0.2 ;
    %load/vec4 v000002028b058330_0;
    %store/vec4 v000002028b058510_0, 0, 1;
    %jmp T_0.4;
T_0.4 ;
    %pop/vec4 1;
    %jmp T_0;
    .thread T_0, $push;
    .scope S_000002028b05a080;
T_1 ;
    %vpi_call 2 10 "$dumpfile", "wave.vcd" {0 0 0};
    %vpi_call 2 11 "$dumpvars", 32'sb00000000000000000000000000000000, S_000002028b05a080 {0 0 0};
    %vpi_call 2 12 "$display", "===== Test MUX 3 to 1 =====" {0 0 0};
    %vpi_call 2 13 "$display", "===== S = 2'b00, I0 = 1, I1 = 0, I2 = 0 =====" {0 0 0};
    %pushi/vec4 0, 0, 2;
    %store/vec4 v000002028b0d50d0_0, 0, 2;
    %pushi/vec4 1, 0, 1;
    %store/vec4 v000002028b0d4ef0_0, 0, 1;
    %pushi/vec4 0, 0, 1;
    %store/vec4 v000002028b0d3cd0_0, 0, 1;
    %pushi/vec4 0, 0, 1;
    %store/vec4 v000002028b0d3f50_0, 0, 1;
    %delay 1, 0;
    %load/vec4 v000002028b0d3ff0_0;
    %load/vec4 v000002028b0d4ef0_0;
    %cmp/ne;
    %flag_mov 8, 4;
    %load/vec4 v000002028b0d44f0_0;
    %load/vec4 v000002028b0d4ef0_0;
    %cmp/ne;
    %flag_or 4, 8;
    %flag_mov 8, 4;
    %load/vec4 v000002028b0d4f90_0;
    %load/vec4 v000002028b0d4ef0_0;
    %cmp/ne;
    %flag_or 4, 8;
    %jmp/0xz  T_1.0, 4;
    %vpi_call 2 17 "$display", "===== t=%d FAILED, output does not match", $time {0 0 0};
    %vpi_call 2 18 "$display", "===== t=%d Expected value is %b, Actual gate_model value is %b, Actual dataflow value is %b, Actual behavioral model value is %b =====", $time, v000002028b0d4ef0_0, v000002028b0d3ff0_0, v000002028b0d44f0_0, v000002028b0d4f90_0 {0 0 0};
    %jmp T_1.1;
T_1.0 ;
    %vpi_call 2 21 "$display", "===== t=%d PASSED SUCCESSFULLY =====", $time {0 0 0};
T_1.1 ;
    %vpi_call 2 24 "$display", "===== S = 2'b01, I0 = 0, I1 = 1, I2 = 0 =====" {0 0 0};
    %pushi/vec4 1, 0, 2;
    %store/vec4 v000002028b0d50d0_0, 0, 2;
    %pushi/vec4 0, 0, 1;
    %store/vec4 v000002028b0d4ef0_0, 0, 1;
    %pushi/vec4 1, 0, 1;
    %store/vec4 v000002028b0d3cd0_0, 0, 1;
    %pushi/vec4 0, 0, 1;
    %store/vec4 v000002028b0d3f50_0, 0, 1;
    %delay 1, 0;
    %load/vec4 v000002028b0d3ff0_0;
    %load/vec4 v000002028b0d3cd0_0;
    %cmp/ne;
    %flag_mov 8, 4;
    %load/vec4 v000002028b0d44f0_0;
    %load/vec4 v000002028b0d3cd0_0;
    %cmp/ne;
    %flag_or 4, 8;
    %flag_mov 8, 4;
    %load/vec4 v000002028b0d4f90_0;
    %load/vec4 v000002028b0d3cd0_0;
    %cmp/ne;
    %flag_or 4, 8;
    %jmp/0xz  T_1.2, 4;
    %vpi_call 2 28 "$display", "===== t=%d FAILED, output does not match", $time {0 0 0};
    %vpi_call 2 29 "$display", "===== t=%d Expected value is %b, Actual gate_model value is %b, Actual dataflow value is %b, Actual behavioral model value is %b =====", $time, v000002028b0d3cd0_0, v000002028b0d3ff0_0, v000002028b0d44f0_0, v000002028b0d4f90_0 {0 0 0};
    %jmp T_1.3;
T_1.2 ;
    %vpi_call 2 32 "$display", "===== t=%d PASSED SUCCESSFULLY =====", $time {0 0 0};
T_1.3 ;
    %vpi_call 2 35 "$display", "===== S = 2'b10, I0 = 0, I1 = 0, I2 = 1 =====" {0 0 0};
    %pushi/vec4 2, 0, 2;
    %store/vec4 v000002028b0d50d0_0, 0, 2;
    %pushi/vec4 0, 0, 1;
    %store/vec4 v000002028b0d4ef0_0, 0, 1;
    %pushi/vec4 0, 0, 1;
    %store/vec4 v000002028b0d3cd0_0, 0, 1;
    %pushi/vec4 1, 0, 1;
    %store/vec4 v000002028b0d3f50_0, 0, 1;
    %delay 1, 0;
    %load/vec4 v000002028b0d3ff0_0;
    %load/vec4 v000002028b0d3f50_0;
    %cmp/ne;
    %flag_mov 8, 4;
    %load/vec4 v000002028b0d44f0_0;
    %load/vec4 v000002028b0d3f50_0;
    %cmp/ne;
    %flag_or 4, 8;
    %flag_mov 8, 4;
    %load/vec4 v000002028b0d4f90_0;
    %load/vec4 v000002028b0d3f50_0;
    %cmp/ne;
    %flag_or 4, 8;
    %jmp/0xz  T_1.4, 4;
    %vpi_call 2 39 "$display", "===== t=%d FAILED, output does not match", $time {0 0 0};
    %vpi_call 2 40 "$display", "===== t=%d Expected value is %b, Actual gate_model value is %b, Actual dataflow value is %b, Actual behavioral model value is %b =====", $time, v000002028b0d3f50_0, v000002028b0d3ff0_0, v000002028b0d44f0_0, v000002028b0d4f90_0 {0 0 0};
    %jmp T_1.5;
T_1.4 ;
    %vpi_call 2 43 "$display", "===== t=%d PASSED SUCCESSFULLY =====", $time {0 0 0};
T_1.5 ;
    %vpi_call 2 46 "$display", "===== S = 2'b11, I0 = 1, I1 = 1, I2 = 1 =====" {0 0 0};
    %pushi/vec4 3, 0, 2;
    %store/vec4 v000002028b0d50d0_0, 0, 2;
    %pushi/vec4 1, 0, 1;
    %store/vec4 v000002028b0d4ef0_0, 0, 1;
    %pushi/vec4 1, 0, 1;
    %store/vec4 v000002028b0d3cd0_0, 0, 1;
    %pushi/vec4 1, 0, 1;
    %store/vec4 v000002028b0d3f50_0, 0, 1;
    %delay 1, 0;
    %load/vec4 v000002028b0d3ff0_0;
    %cmpi/ne 0, 0, 1;
    %flag_mov 8, 4;
    %load/vec4 v000002028b0d44f0_0;
    %cmpi/ne 0, 0, 1;
    %flag_or 4, 8;
    %flag_mov 8, 4;
    %load/vec4 v000002028b0d4f90_0;
    %cmpi/ne 0, 0, 1;
    %flag_or 4, 8;
    %jmp/0xz  T_1.6, 4;
    %vpi_call 2 50 "$display", "===== t=%d FAILED, output does not match", $time {0 0 0};
    %vpi_call 2 51 "$display", "===== t=%d Expected value is %b, Actual gate_model value is %b, Actual dataflow value is %b, Actual behavioral model value is %b =====", $time, 1'b0, v000002028b0d3ff0_0, v000002028b0d44f0_0, v000002028b0d4f90_0 {0 0 0};
    %jmp T_1.7;
T_1.6 ;
    %vpi_call 2 54 "$display", "===== t=%d PASSED SUCCESSFULLY =====", $time {0 0 0};
T_1.7 ;
    %end;
    .thread T_1;
# The file index is used to find the file name in the following table.
:file_names 4;
    "N/A";
    "<interactive>";
    "../tb/test_bench8.v";
    "../rtl/mux3to1.v";
