#! /c/Source/iverilog-install/bin/vvp
:ivl_version "12.0 (devel)" "(s20150603-1110-g18392a46)";
:ivl_delay_selection "TYPICAL";
:vpi_time_precision + 0;
:vpi_module "C:\iverilog\lib\ivl\system.vpi";
:vpi_module "C:\iverilog\lib\ivl\vhdl_sys.vpi";
:vpi_module "C:\iverilog\lib\ivl\vhdl_textio.vpi";
:vpi_module "C:\iverilog\lib\ivl\v2005_math.vpi";
:vpi_module "C:\iverilog\lib\ivl\va_math.vpi";
S_00000167f4b49100 .scope module, "test_bench" "test_bench" 2 1;
 .timescale 0 0;
v00000167f4c02400_0 .var "clk", 0 0;
v00000167f4c024a0_0 .var "in", 1 0;
v00000167f4c02540_0 .net "out", 1 0, v00000167f4c06d10_0;  1 drivers
v00000167f4c025e0_0 .var "rst_n", 0 0;
S_00000167f4bf7100 .scope module, "DUT" "dff_syn" 2 7, 3 1 0, S_00000167f4b49100;
 .timescale 0 0;
    .port_info 0 /INPUT 1 "clk";
    .port_info 1 /INPUT 1 "rst_n";
    .port_info 2 /INPUT 2 "in";
    .port_info 3 /OUTPUT 2 "out";
v00000167f4bd2b60_0 .net "clk", 0 0, v00000167f4c02400_0;  1 drivers
v00000167f4bd28d0_0 .net "in", 1 0, v00000167f4c024a0_0;  1 drivers
v00000167f4c06d10_0 .var "out", 1 0;
v00000167f4bf7290_0 .net "rst_n", 0 0, v00000167f4c025e0_0;  1 drivers
E_00000167f4bfbce0 .event posedge, v00000167f4bd2b60_0;
    .scope S_00000167f4bf7100;
T_0 ;
    %wait E_00000167f4bfbce0;
    %load/vec4 v00000167f4bf7290_0;
    %nor/r;
    %flag_set/vec4 8;
    %jmp/0xz  T_0.0, 8;
    %pushi/vec4 0, 0, 2;
    %assign/vec4 v00000167f4c06d10_0, 0;
    %jmp T_0.1;
T_0.0 ;
    %load/vec4 v00000167f4bd28d0_0;
    %assign/vec4 v00000167f4c06d10_0, 0;
T_0.1 ;
    %jmp T_0;
    .thread T_0;
    .scope S_00000167f4b49100;
T_1 ;
    %pushi/vec4 0, 0, 1;
    %store/vec4 v00000167f4c02400_0, 0, 1;
T_1.0 ;
    %delay 25, 0;
    %load/vec4 v00000167f4c02400_0;
    %inv;
    %store/vec4 v00000167f4c02400_0, 0, 1;
    %jmp T_1.0;
    %end;
    .thread T_1;
    .scope S_00000167f4b49100;
T_2 ;
    %vpi_call 2 15 "$dumpfile", "wave.vcd" {0 0 0};
    %vpi_call 2 16 "$dumpvars", 32'sb00000000000000000000000000000000, S_00000167f4b49100 {0 0 0};
    %vpi_call 2 17 "$display", "===== DFF With Synchronous Reset Testbench =====" {0 0 0};
    %pushi/vec4 0, 0, 2;
    %store/vec4 v00000167f4c024a0_0, 0, 2;
    %pushi/vec4 0, 0, 1;
    %store/vec4 v00000167f4c025e0_0, 0, 1;
    %wait E_00000167f4bfbce0;
    %delay 1, 0;
    %load/vec4 v00000167f4c02540_0;
    %pad/u 32;
    %cmpi/ne 0, 0, 32;
    %jmp/0xz  T_2.0, 4;
    %vpi_call 2 23 "$display", "===== t=%d FAILED, output does not match =====", $time {0 0 0};
    %vpi_call 2 24 "$display", "===== t=%d Expected value is %b, Actual value is %b =====", $time, 32'sb00000000000000000000000000000000, v00000167f4c02540_0 {0 0 0};
    %jmp T_2.1;
T_2.0 ;
    %vpi_call 2 27 "$display", "===== t=%d PASSED SUCCESSFULLY =====", $time {0 0 0};
T_2.1 ;
    %pushi/vec4 1, 0, 1;
    %store/vec4 v00000167f4c025e0_0, 0, 1;
    %delay 50, 0;
    %pushi/vec4 1, 0, 2;
    %store/vec4 v00000167f4c024a0_0, 0, 2;
    %delay 1, 0;
    %load/vec4 v00000167f4c02540_0;
    %pad/u 32;
    %cmpi/ne 0, 0, 32;
    %jmp/0xz  T_2.2, 4;
    %vpi_call 2 33 "$display", "===== t=%d FAILED, output does not match =====", $time {0 0 0};
    %vpi_call 2 34 "$display", "===== t=%d Expected value is %b, Actual value is %b =====", $time, 32'sb00000000000000000000000000000000, v00000167f4c02540_0 {0 0 0};
    %jmp T_2.3;
T_2.2 ;
    %vpi_call 2 37 "$display", "===== t=%d PASSED SUCCESSFULLY =====", $time {0 0 0};
T_2.3 ;
    %wait E_00000167f4bfbce0;
    %delay 1, 0;
    %load/vec4 v00000167f4c02540_0;
    %cmpi/ne 1, 0, 2;
    %jmp/0xz  T_2.4, 4;
    %vpi_call 2 43 "$display", "===== t=%d FAILED, output does not match =====", $time {0 0 0};
    %vpi_call 2 44 "$display", "===== t=%d Expected value is %b, Actual value is %b =====", $time, 2'b01, v00000167f4c02540_0 {0 0 0};
    %jmp T_2.5;
T_2.4 ;
    %vpi_call 2 47 "$display", "===== t=%d PASSED SUCCESSFULLY =====", $time {0 0 0};
T_2.5 ;
    %delay 50, 0;
    %pushi/vec4 2, 0, 2;
    %store/vec4 v00000167f4c024a0_0, 0, 2;
    %load/vec4 v00000167f4c02540_0;
    %cmpi/ne 1, 0, 2;
    %jmp/0xz  T_2.6, 4;
    %vpi_call 2 51 "$display", "===== t=%d FAILED, output does not match =====", $time {0 0 0};
    %vpi_call 2 52 "$display", "===== t=%d Expected value is %b, Actual value is %b =====", $time, 2'b01, v00000167f4c02540_0 {0 0 0};
    %jmp T_2.7;
T_2.6 ;
    %vpi_call 2 55 "$display", "===== t=%d PASSED SUCCESSFULLY =====", $time {0 0 0};
T_2.7 ;
    %wait E_00000167f4bfbce0;
    %delay 1, 0;
    %load/vec4 v00000167f4c02540_0;
    %cmpi/ne 2, 0, 2;
    %jmp/0xz  T_2.8, 4;
    %vpi_call 2 61 "$display", "===== t=%d FAILED, output does not match =====", $time {0 0 0};
    %vpi_call 2 62 "$display", "===== t=%d Expected value is %b, Actual value is %b =====", $time, 2'b10, v00000167f4c02540_0 {0 0 0};
    %jmp T_2.9;
T_2.8 ;
    %vpi_call 2 65 "$display", "===== t=%d PASSED SUCCESSFULLY =====", $time {0 0 0};
T_2.9 ;
    %delay 50, 0;
    %pushi/vec4 3, 0, 2;
    %store/vec4 v00000167f4c024a0_0, 0, 2;
    %load/vec4 v00000167f4c02540_0;
    %cmpi/ne 2, 0, 2;
    %jmp/0xz  T_2.10, 4;
    %vpi_call 2 70 "$display", "===== t=%d FAILED, output does not match =====", $time {0 0 0};
    %vpi_call 2 71 "$display", "===== t=%d Expected value is %b, Actual value is %b =====", $time, 2'b10, v00000167f4c02540_0 {0 0 0};
    %jmp T_2.11;
T_2.10 ;
    %vpi_call 2 74 "$display", "===== t=%d PASSED SUCCESSFULLY =====", $time {0 0 0};
T_2.11 ;
    %wait E_00000167f4bfbce0;
    %delay 1, 0;
    %load/vec4 v00000167f4c02540_0;
    %cmpi/ne 3, 0, 2;
    %jmp/0xz  T_2.12, 4;
    %vpi_call 2 79 "$display", "===== t=%d FAILED, output does not match =====", $time {0 0 0};
    %vpi_call 2 80 "$display", "===== t=%d Expected value is %b, Actual value is %b =====", $time, 2'b11, v00000167f4c02540_0 {0 0 0};
    %jmp T_2.13;
T_2.12 ;
    %vpi_call 2 83 "$display", "===== t=%d PASSED SUCCESSFULLY =====", $time {0 0 0};
T_2.13 ;
    %delay 10, 0;
    %vpi_call 2 87 "$finish" {0 0 0};
    %end;
    .thread T_2;
# The file index is used to find the file name in the following table.
:file_names 4;
    "N/A";
    "<interactive>";
    "../tb/test_bench.v";
    "../rtl/dff_syn.v";
