#! /c/Source/iverilog-install/bin/vvp
:ivl_version "12.0 (devel)" "(s20150603-1110-g18392a46)";
:ivl_delay_selection "TYPICAL";
:vpi_time_precision + 0;
:vpi_module "C:\iverilog\lib\ivl\system.vpi";
:vpi_module "C:\iverilog\lib\ivl\vhdl_sys.vpi";
:vpi_module "C:\iverilog\lib\ivl\vhdl_textio.vpi";
:vpi_module "C:\iverilog\lib\ivl\v2005_math.vpi";
:vpi_module "C:\iverilog\lib\ivl\va_math.vpi";
S_000001d292fae0f0 .scope module, "test_bench18" "test_bench18" 2 1;
 .timescale 0 0;
v000001d292f4f090_0 .var "a", 0 0;
v000001d292f4fdb0_0 .var "b", 0 0;
v000001d292f4f3b0_0 .net "behav_carry", 0 0, v000001d292ee2740_0;  1 drivers
v000001d292f4ecd0_0 .net "behav_out", 0 0, v000001d292ee27e0_0;  1 drivers
v000001d292f4fc70_0 .var "bin", 0 0;
v000001d292f4fe50_0 .net "data_carry", 0 0, L_000001d292edfe50;  1 drivers
v000001d292f4eff0_0 .net "data_out", 0 0, L_000001d292edfa60;  1 drivers
v000001d292f4f270_0 .net "gate_carry", 0 0, L_000001d292edfec0;  1 drivers
v000001d292f4e730_0 .net "gate_out", 0 0, L_000001d292ee02b0;  1 drivers
S_000001d292fae280 .scope module, "DUT" "subtractor_1bit" 2 7, 3 1 0, S_000001d292fae0f0;
 .timescale 0 0;
    .port_info 0 /INPUT 1 "a";
    .port_info 1 /INPUT 1 "b";
    .port_info 2 /INPUT 1 "bin";
    .port_info 3 /OUTPUT 1 "gate_out";
    .port_info 4 /OUTPUT 1 "data_out";
    .port_info 5 /OUTPUT 1 "behav_out";
    .port_info 6 /OUTPUT 1 "gate_carry";
    .port_info 7 /OUTPUT 1 "data_carry";
    .port_info 8 /OUTPUT 1 "behav_carry";
L_000001d292ee02b0 .functor XOR 1, v000001d292f4f090_0, v000001d292f4fdb0_0, v000001d292f4fc70_0, C4<0>;
L_000001d292edf7c0 .functor NOT 1, v000001d292f4f090_0, C4<0>, C4<0>, C4<0>;
L_000001d292edf670 .functor AND 1, L_000001d292edf7c0, v000001d292f4fdb0_0, C4<1>, C4<1>;
L_000001d292ee0400 .functor AND 1, L_000001d292edf7c0, v000001d292f4fc70_0, C4<1>, C4<1>;
L_000001d292ee01d0 .functor AND 1, v000001d292f4fdb0_0, v000001d292f4fc70_0, C4<1>, C4<1>;
L_000001d292edfec0 .functor OR 1, L_000001d292edf670, L_000001d292ee0400, L_000001d292ee01d0, C4<0>;
L_000001d292edfb40 .functor XOR 1, v000001d292f4f090_0, v000001d292f4fdb0_0, C4<0>, C4<0>;
L_000001d292edfa60 .functor XOR 1, L_000001d292edfb40, v000001d292f4fc70_0, C4<0>, C4<0>;
L_000001d292ee0240 .functor NOT 1, v000001d292f4f090_0, C4<0>, C4<0>, C4<0>;
L_000001d292ee0080 .functor AND 1, L_000001d292ee0240, v000001d292f4fdb0_0, C4<1>, C4<1>;
L_000001d292edfd00 .functor NOT 1, v000001d292f4f090_0, C4<0>, C4<0>, C4<0>;
L_000001d292ee00f0 .functor AND 1, L_000001d292edfd00, v000001d292f4fc70_0, C4<1>, C4<1>;
L_000001d292ee0320 .functor OR 1, L_000001d292ee0080, L_000001d292ee00f0, C4<0>, C4<0>;
L_000001d292edfd70 .functor AND 1, v000001d292f4fdb0_0, v000001d292f4fc70_0, C4<1>, C4<1>;
L_000001d292edfe50 .functor OR 1, L_000001d292ee0320, L_000001d292edfd70, C4<0>, C4<0>;
v000001d292ee30a0_0 .net *"_ivl_10", 0 0, L_000001d292ee0240;  1 drivers
v000001d292ee33c0_0 .net *"_ivl_12", 0 0, L_000001d292ee0080;  1 drivers
v000001d292ee2c40_0 .net *"_ivl_14", 0 0, L_000001d292edfd00;  1 drivers
v000001d292ee3140_0 .net *"_ivl_16", 0 0, L_000001d292ee00f0;  1 drivers
v000001d292ee2b00_0 .net *"_ivl_18", 0 0, L_000001d292ee0320;  1 drivers
v000001d292ee2e20_0 .net *"_ivl_20", 0 0, L_000001d292edfd70;  1 drivers
v000001d292ee2f60_0 .net *"_ivl_6", 0 0, L_000001d292edfb40;  1 drivers
v000001d292ee2920_0 .net "a", 0 0, v000001d292f4f090_0;  1 drivers
v000001d292ee31e0_0 .net "b", 0 0, v000001d292f4fdb0_0;  1 drivers
v000001d292ee2740_0 .var "behav_carry", 0 0;
v000001d292ee27e0_0 .var "behav_out", 0 0;
v000001d292ee3000_0 .net "bin", 0 0, v000001d292f4fc70_0;  1 drivers
v000001d292ee3460_0 .net "data_carry", 0 0, L_000001d292edfe50;  alias, 1 drivers
v000001d292ee3500_0 .net "data_out", 0 0, L_000001d292edfa60;  alias, 1 drivers
v000001d292ee2880_0 .net "f1", 0 0, L_000001d292edf670;  1 drivers
v000001d292ee2d80_0 .net "f2", 0 0, L_000001d292ee0400;  1 drivers
v000001d292ee35a0_0 .net "f3", 0 0, L_000001d292ee01d0;  1 drivers
v000001d292ee2ce0_0 .net "gate_carry", 0 0, L_000001d292edfec0;  alias, 1 drivers
v000001d292ee26a0_0 .net "gate_out", 0 0, L_000001d292ee02b0;  alias, 1 drivers
v000001d292ee29c0_0 .net "n_a", 0 0, L_000001d292edf7c0;  1 drivers
E_000001d292ef94b0 .event anyedge, v000001d292ee2920_0, v000001d292ee31e0_0, v000001d292ee3000_0;
S_000001d292fae410 .scope task, "check_borrow" "check_borrow" 2 66, 2 66 0, S_000001d292fae0f0;
 .timescale 0 0;
v000001d292ee2a60_0 .var "b_borrow", 0 0;
v000001d292ee2ba0_0 .var "d_borrow", 0 0;
v000001d292f4f130_0 .var "expected_borrow", 0 0;
v000001d292f4ef50_0 .var "g_borrow", 0 0;
TD_test_bench18.check_borrow ;
    %load/vec4 v000001d292f4ef50_0;
    %load/vec4 v000001d292f4f130_0;
    %cmp/ne;
    %flag_mov 8, 4;
    %load/vec4 v000001d292ee2ba0_0;
    %load/vec4 v000001d292f4f130_0;
    %cmp/ne;
    %flag_or 4, 8;
    %flag_mov 8, 4;
    %load/vec4 v000001d292ee2a60_0;
    %load/vec4 v000001d292f4f130_0;
    %cmp/ne;
    %flag_or 4, 8;
    %jmp/0xz  T_0.0, 4;
    %vpi_call 2 72 "$display", "===== t=%d FAILED, output does not match =====", $time {0 0 0};
    %vpi_call 2 73 "$display", "===== t=%d Expected carry is %b, Actual gate carry is %b, Actual dataflow carry is %b, Actual behavioral carry is %b =====", $time, v000001d292f4f130_0, v000001d292f4ef50_0, v000001d292ee2ba0_0, v000001d292ee2a60_0 {0 0 0};
    %jmp T_0.1;
T_0.0 ;
    %vpi_call 2 76 "$display", "===== t=%d PASSED SUCCESSFULLY =====", $time {0 0 0};
T_0.1 ;
    %end;
S_000001d292ee5330 .scope task, "check_result" "check_result" 2 52, 2 52 0, S_000001d292fae0f0;
 .timescale 0 0;
v000001d292f4f8b0_0 .var "b_out", 0 0;
v000001d292f4e370_0 .var "d_out", 0 0;
v000001d292f4f1d0_0 .var "expected_result", 0 0;
v000001d292f4f630_0 .var "g_out", 0 0;
TD_test_bench18.check_result ;
    %load/vec4 v000001d292f4f630_0;
    %load/vec4 v000001d292f4f1d0_0;
    %cmp/ne;
    %flag_mov 8, 4;
    %load/vec4 v000001d292f4e370_0;
    %load/vec4 v000001d292f4f1d0_0;
    %cmp/ne;
    %flag_or 4, 8;
    %flag_mov 8, 4;
    %load/vec4 v000001d292f4f8b0_0;
    %load/vec4 v000001d292f4f1d0_0;
    %cmp/ne;
    %flag_or 4, 8;
    %jmp/0xz  T_1.2, 4;
    %vpi_call 2 58 "$display", "===== t=%d FAILED, output does not match =====", $time {0 0 0};
    %vpi_call 2 59 "$display", "===== t=%d Expected output is %b, Actual gate output is %b, Actual dataflow output is %b, Actual behavioral output is %b =====", $time, v000001d292f4f1d0_0, v000001d292f4f630_0, v000001d292f4e370_0, v000001d292f4f8b0_0 {0 0 0};
    %jmp T_1.3;
T_1.2 ;
    %vpi_call 2 62 "$display", "===== t=%d PASSED SUCCESSFULLY =====", $time {0 0 0};
T_1.3 ;
    %end;
    .scope S_000001d292fae280;
T_2 ;
    %wait E_000001d292ef94b0;
    %load/vec4 v000001d292ee2920_0;
    %load/vec4 v000001d292ee31e0_0;
    %xor;
    %load/vec4 v000001d292ee3000_0;
    %xor;
    %store/vec4 v000001d292ee27e0_0, 0, 1;
    %load/vec4 v000001d292ee2920_0;
    %inv;
    %load/vec4 v000001d292ee31e0_0;
    %and;
    %load/vec4 v000001d292ee2920_0;
    %inv;
    %load/vec4 v000001d292ee3000_0;
    %and;
    %or;
    %load/vec4 v000001d292ee31e0_0;
    %load/vec4 v000001d292ee3000_0;
    %and;
    %or;
    %store/vec4 v000001d292ee2740_0, 0, 1;
    %jmp T_2;
    .thread T_2, $push;
    .scope S_000001d292fae0f0;
T_3 ;
    %vpi_call 2 10 "$dumpfile", "wave18.vcd" {0 0 0};
    %vpi_call 2 11 "$dumpvars", 32'sb00000000000000000000000000000000, S_000001d292fae0f0 {0 0 0};
    %vpi_call 2 12 "$display", "===== Test 1 Bit Subtractor =====" {0 0 0};
    %vpi_call 2 13 "$monitor", "===== A = %b, B = %b, Bin = %b =====", v000001d292f4f090_0, v000001d292f4fdb0_0, v000001d292f4fc70_0 {0 0 0};
    %pushi/vec4 0, 0, 1;
    %store/vec4 v000001d292f4f090_0, 0, 1;
    %pushi/vec4 0, 0, 1;
    %store/vec4 v000001d292f4fdb0_0, 0, 1;
    %pushi/vec4 0, 0, 1;
    %store/vec4 v000001d292f4fc70_0, 0, 1;
    %delay 1, 0;
    %pushi/vec4 0, 0, 1;
    %store/vec4 v000001d292f4f1d0_0, 0, 1;
    %load/vec4 v000001d292f4e730_0;
    %store/vec4 v000001d292f4f630_0, 0, 1;
    %load/vec4 v000001d292f4eff0_0;
    %store/vec4 v000001d292f4e370_0, 0, 1;
    %load/vec4 v000001d292f4ecd0_0;
    %store/vec4 v000001d292f4f8b0_0, 0, 1;
    %fork TD_test_bench18.check_result, S_000001d292ee5330;
    %join;
    %pushi/vec4 0, 0, 1;
    %store/vec4 v000001d292f4f130_0, 0, 1;
    %load/vec4 v000001d292f4f270_0;
    %store/vec4 v000001d292f4ef50_0, 0, 1;
    %load/vec4 v000001d292f4fe50_0;
    %store/vec4 v000001d292ee2ba0_0, 0, 1;
    %load/vec4 v000001d292f4f3b0_0;
    %store/vec4 v000001d292ee2a60_0, 0, 1;
    %fork TD_test_bench18.check_borrow, S_000001d292fae410;
    %join;
    %pushi/vec4 0, 0, 1;
    %store/vec4 v000001d292f4f090_0, 0, 1;
    %pushi/vec4 0, 0, 1;
    %store/vec4 v000001d292f4fdb0_0, 0, 1;
    %pushi/vec4 1, 0, 1;
    %store/vec4 v000001d292f4fc70_0, 0, 1;
    %delay 1, 0;
    %pushi/vec4 1, 0, 1;
    %store/vec4 v000001d292f4f1d0_0, 0, 1;
    %load/vec4 v000001d292f4e730_0;
    %store/vec4 v000001d292f4f630_0, 0, 1;
    %load/vec4 v000001d292f4eff0_0;
    %store/vec4 v000001d292f4e370_0, 0, 1;
    %load/vec4 v000001d292f4ecd0_0;
    %store/vec4 v000001d292f4f8b0_0, 0, 1;
    %fork TD_test_bench18.check_result, S_000001d292ee5330;
    %join;
    %pushi/vec4 1, 0, 1;
    %store/vec4 v000001d292f4f130_0, 0, 1;
    %load/vec4 v000001d292f4f270_0;
    %store/vec4 v000001d292f4ef50_0, 0, 1;
    %load/vec4 v000001d292f4fe50_0;
    %store/vec4 v000001d292ee2ba0_0, 0, 1;
    %load/vec4 v000001d292f4f3b0_0;
    %store/vec4 v000001d292ee2a60_0, 0, 1;
    %fork TD_test_bench18.check_borrow, S_000001d292fae410;
    %join;
    %pushi/vec4 0, 0, 1;
    %store/vec4 v000001d292f4f090_0, 0, 1;
    %pushi/vec4 1, 0, 1;
    %store/vec4 v000001d292f4fdb0_0, 0, 1;
    %pushi/vec4 0, 0, 1;
    %store/vec4 v000001d292f4fc70_0, 0, 1;
    %delay 1, 0;
    %pushi/vec4 1, 0, 1;
    %store/vec4 v000001d292f4f1d0_0, 0, 1;
    %load/vec4 v000001d292f4e730_0;
    %store/vec4 v000001d292f4f630_0, 0, 1;
    %load/vec4 v000001d292f4eff0_0;
    %store/vec4 v000001d292f4e370_0, 0, 1;
    %load/vec4 v000001d292f4ecd0_0;
    %store/vec4 v000001d292f4f8b0_0, 0, 1;
    %fork TD_test_bench18.check_result, S_000001d292ee5330;
    %join;
    %pushi/vec4 1, 0, 1;
    %store/vec4 v000001d292f4f130_0, 0, 1;
    %load/vec4 v000001d292f4f270_0;
    %store/vec4 v000001d292f4ef50_0, 0, 1;
    %load/vec4 v000001d292f4fe50_0;
    %store/vec4 v000001d292ee2ba0_0, 0, 1;
    %load/vec4 v000001d292f4f3b0_0;
    %store/vec4 v000001d292ee2a60_0, 0, 1;
    %fork TD_test_bench18.check_borrow, S_000001d292fae410;
    %join;
    %pushi/vec4 0, 0, 1;
    %store/vec4 v000001d292f4f090_0, 0, 1;
    %pushi/vec4 1, 0, 1;
    %store/vec4 v000001d292f4fdb0_0, 0, 1;
    %pushi/vec4 1, 0, 1;
    %store/vec4 v000001d292f4fc70_0, 0, 1;
    %delay 1, 0;
    %pushi/vec4 0, 0, 1;
    %store/vec4 v000001d292f4f1d0_0, 0, 1;
    %load/vec4 v000001d292f4e730_0;
    %store/vec4 v000001d292f4f630_0, 0, 1;
    %load/vec4 v000001d292f4eff0_0;
    %store/vec4 v000001d292f4e370_0, 0, 1;
    %load/vec4 v000001d292f4ecd0_0;
    %store/vec4 v000001d292f4f8b0_0, 0, 1;
    %fork TD_test_bench18.check_result, S_000001d292ee5330;
    %join;
    %pushi/vec4 1, 0, 1;
    %store/vec4 v000001d292f4f130_0, 0, 1;
    %load/vec4 v000001d292f4f270_0;
    %store/vec4 v000001d292f4ef50_0, 0, 1;
    %load/vec4 v000001d292f4fe50_0;
    %store/vec4 v000001d292ee2ba0_0, 0, 1;
    %load/vec4 v000001d292f4f3b0_0;
    %store/vec4 v000001d292ee2a60_0, 0, 1;
    %fork TD_test_bench18.check_borrow, S_000001d292fae410;
    %join;
    %pushi/vec4 1, 0, 1;
    %store/vec4 v000001d292f4f090_0, 0, 1;
    %pushi/vec4 0, 0, 1;
    %store/vec4 v000001d292f4fdb0_0, 0, 1;
    %pushi/vec4 0, 0, 1;
    %store/vec4 v000001d292f4fc70_0, 0, 1;
    %delay 1, 0;
    %pushi/vec4 1, 0, 1;
    %store/vec4 v000001d292f4f1d0_0, 0, 1;
    %load/vec4 v000001d292f4e730_0;
    %store/vec4 v000001d292f4f630_0, 0, 1;
    %load/vec4 v000001d292f4eff0_0;
    %store/vec4 v000001d292f4e370_0, 0, 1;
    %load/vec4 v000001d292f4ecd0_0;
    %store/vec4 v000001d292f4f8b0_0, 0, 1;
    %fork TD_test_bench18.check_result, S_000001d292ee5330;
    %join;
    %pushi/vec4 0, 0, 1;
    %store/vec4 v000001d292f4f130_0, 0, 1;
    %load/vec4 v000001d292f4f270_0;
    %store/vec4 v000001d292f4ef50_0, 0, 1;
    %load/vec4 v000001d292f4fe50_0;
    %store/vec4 v000001d292ee2ba0_0, 0, 1;
    %load/vec4 v000001d292f4f3b0_0;
    %store/vec4 v000001d292ee2a60_0, 0, 1;
    %fork TD_test_bench18.check_borrow, S_000001d292fae410;
    %join;
    %pushi/vec4 1, 0, 1;
    %store/vec4 v000001d292f4f090_0, 0, 1;
    %pushi/vec4 0, 0, 1;
    %store/vec4 v000001d292f4fdb0_0, 0, 1;
    %pushi/vec4 1, 0, 1;
    %store/vec4 v000001d292f4fc70_0, 0, 1;
    %delay 1, 0;
    %pushi/vec4 0, 0, 1;
    %store/vec4 v000001d292f4f1d0_0, 0, 1;
    %load/vec4 v000001d292f4e730_0;
    %store/vec4 v000001d292f4f630_0, 0, 1;
    %load/vec4 v000001d292f4eff0_0;
    %store/vec4 v000001d292f4e370_0, 0, 1;
    %load/vec4 v000001d292f4ecd0_0;
    %store/vec4 v000001d292f4f8b0_0, 0, 1;
    %fork TD_test_bench18.check_result, S_000001d292ee5330;
    %join;
    %pushi/vec4 0, 0, 1;
    %store/vec4 v000001d292f4f130_0, 0, 1;
    %load/vec4 v000001d292f4f270_0;
    %store/vec4 v000001d292f4ef50_0, 0, 1;
    %load/vec4 v000001d292f4fe50_0;
    %store/vec4 v000001d292ee2ba0_0, 0, 1;
    %load/vec4 v000001d292f4f3b0_0;
    %store/vec4 v000001d292ee2a60_0, 0, 1;
    %fork TD_test_bench18.check_borrow, S_000001d292fae410;
    %join;
    %pushi/vec4 1, 0, 1;
    %store/vec4 v000001d292f4f090_0, 0, 1;
    %pushi/vec4 1, 0, 1;
    %store/vec4 v000001d292f4fdb0_0, 0, 1;
    %pushi/vec4 0, 0, 1;
    %store/vec4 v000001d292f4fc70_0, 0, 1;
    %delay 1, 0;
    %pushi/vec4 0, 0, 1;
    %store/vec4 v000001d292f4f1d0_0, 0, 1;
    %load/vec4 v000001d292f4e730_0;
    %store/vec4 v000001d292f4f630_0, 0, 1;
    %load/vec4 v000001d292f4eff0_0;
    %store/vec4 v000001d292f4e370_0, 0, 1;
    %load/vec4 v000001d292f4ecd0_0;
    %store/vec4 v000001d292f4f8b0_0, 0, 1;
    %fork TD_test_bench18.check_result, S_000001d292ee5330;
    %join;
    %pushi/vec4 0, 0, 1;
    %store/vec4 v000001d292f4f130_0, 0, 1;
    %load/vec4 v000001d292f4f270_0;
    %store/vec4 v000001d292f4ef50_0, 0, 1;
    %load/vec4 v000001d292f4fe50_0;
    %store/vec4 v000001d292ee2ba0_0, 0, 1;
    %load/vec4 v000001d292f4f3b0_0;
    %store/vec4 v000001d292ee2a60_0, 0, 1;
    %fork TD_test_bench18.check_borrow, S_000001d292fae410;
    %join;
    %pushi/vec4 1, 0, 1;
    %store/vec4 v000001d292f4f090_0, 0, 1;
    %pushi/vec4 1, 0, 1;
    %store/vec4 v000001d292f4fdb0_0, 0, 1;
    %pushi/vec4 1, 0, 1;
    %store/vec4 v000001d292f4fc70_0, 0, 1;
    %delay 1, 0;
    %pushi/vec4 1, 0, 1;
    %store/vec4 v000001d292f4f1d0_0, 0, 1;
    %load/vec4 v000001d292f4e730_0;
    %store/vec4 v000001d292f4f630_0, 0, 1;
    %load/vec4 v000001d292f4eff0_0;
    %store/vec4 v000001d292f4e370_0, 0, 1;
    %load/vec4 v000001d292f4ecd0_0;
    %store/vec4 v000001d292f4f8b0_0, 0, 1;
    %fork TD_test_bench18.check_result, S_000001d292ee5330;
    %join;
    %pushi/vec4 1, 0, 1;
    %store/vec4 v000001d292f4f130_0, 0, 1;
    %load/vec4 v000001d292f4f270_0;
    %store/vec4 v000001d292f4ef50_0, 0, 1;
    %load/vec4 v000001d292f4fe50_0;
    %store/vec4 v000001d292ee2ba0_0, 0, 1;
    %load/vec4 v000001d292f4f3b0_0;
    %store/vec4 v000001d292ee2a60_0, 0, 1;
    %fork TD_test_bench18.check_borrow, S_000001d292fae410;
    %join;
    %delay 1, 0;
    %vpi_call 2 48 "$finish" {0 0 0};
    %end;
    .thread T_3;
# The file index is used to find the file name in the following table.
:file_names 4;
    "N/A";
    "<interactive>";
    "test_bench18.v";
    "subtractor_1bit.v";
