#! /c/Source/iverilog-install/bin/vvp
:ivl_version "12.0 (devel)" "(s20150603-1110-g18392a46)";
:ivl_delay_selection "TYPICAL";
:vpi_time_precision + 0;
:vpi_module "C:\iverilog\lib\ivl\system.vpi";
:vpi_module "C:\iverilog\lib\ivl\vhdl_sys.vpi";
:vpi_module "C:\iverilog\lib\ivl\vhdl_textio.vpi";
:vpi_module "C:\iverilog\lib\ivl\v2005_math.vpi";
:vpi_module "C:\iverilog\lib\ivl\va_math.vpi";
S_0000018327f6a330 .scope module, "test_bench" "test_bench" 2 1;
 .timescale 0 0;
v0000018327fcebd0_0 .var "a", 0 0;
v0000018327fccfb0_0 .net "behav_out_0", 0 0, v0000018327fcd5f0_0;  1 drivers
v0000018327fced10_0 .net "behav_out_1", 0 0, v0000018327fcd4b0_0;  1 drivers
v0000018327fce130_0 .net "behav_out_2", 0 0, v0000018327fce450_0;  1 drivers
v0000018327fcd190_0 .net "behav_out_3", 0 0, v0000018327fcd050_0;  1 drivers
v0000018327fcd730_0 .net "data_out_0", 0 0, L_0000018327fcfb00;  1 drivers
v0000018327fcd7d0_0 .net "data_out_1", 0 0, L_0000018327fcf2e0;  1 drivers
v0000018327fcd370_0 .net "data_out_2", 0 0, L_0000018327fcf380;  1 drivers
v0000018327fcdaf0_0 .net "data_out_3", 0 0, L_0000018327fcfec0;  1 drivers
v0000018327fcdb90_0 .net "gate_out_0", 0 0, L_0000018327f657e0;  1 drivers
v0000018327fcf240_0 .net "gate_out_1", 0 0, L_0000018327f66110;  1 drivers
v0000018327fcf920_0 .net "gate_out_2", 0 0, L_0000018327f663b0;  1 drivers
v0000018327fcf420_0 .net "gate_out_3", 0 0, L_0000018327f66180;  1 drivers
v0000018327fd00a0_0 .var "s", 1 0;
S_0000018327f54610 .scope module, "DUT" "demux_1to4_2" 2 10, 3 1 0, S_0000018327f6a330;
 .timescale 0 0;
    .port_info 0 /INPUT 1 "a";
    .port_info 1 /INPUT 2 "s";
    .port_info 2 /OUTPUT 1 "gate_out_0";
    .port_info 3 /OUTPUT 1 "gate_out_1";
    .port_info 4 /OUTPUT 1 "gate_out_2";
    .port_info 5 /OUTPUT 1 "gate_out_3";
    .port_info 6 /OUTPUT 1 "data_out_0";
    .port_info 7 /OUTPUT 1 "data_out_1";
    .port_info 8 /OUTPUT 1 "data_out_2";
    .port_info 9 /OUTPUT 1 "data_out_3";
    .port_info 10 /OUTPUT 1 "behav_out_0";
    .port_info 11 /OUTPUT 1 "behav_out_1";
    .port_info 12 /OUTPUT 1 "behav_out_2";
    .port_info 13 /OUTPUT 1 "behav_out_3";
v0000018327fcdc30_0 .net "a", 0 0, v0000018327fcebd0_0;  1 drivers
v0000018327fce3b0_0 .net "b1", 0 0, v0000018327f4e010_0;  1 drivers
v0000018327fcd9b0_0 .net "b2", 0 0, v0000018327f4e650_0;  1 drivers
v0000018327fcd690_0 .net "behav_out_0", 0 0, v0000018327fcd5f0_0;  alias, 1 drivers
v0000018327fcde10_0 .net "behav_out_1", 0 0, v0000018327fcd4b0_0;  alias, 1 drivers
v0000018327fce9f0_0 .net "behav_out_2", 0 0, v0000018327fce450_0;  alias, 1 drivers
v0000018327fce310_0 .net "behav_out_3", 0 0, v0000018327fcd050_0;  alias, 1 drivers
v0000018327fce630_0 .net "d1", 0 0, L_0000018327fcfce0;  1 drivers
v0000018327fce6d0_0 .net "d2", 0 0, L_0000018327fcfba0;  1 drivers
v0000018327fcd0f0_0 .net "data_out_0", 0 0, L_0000018327fcfb00;  alias, 1 drivers
v0000018327fcdeb0_0 .net "data_out_1", 0 0, L_0000018327fcf2e0;  alias, 1 drivers
v0000018327fce4f0_0 .net "data_out_2", 0 0, L_0000018327fcf380;  alias, 1 drivers
v0000018327fceb30_0 .net "data_out_3", 0 0, L_0000018327fcfec0;  alias, 1 drivers
v0000018327fcda50_0 .net "g1", 0 0, L_0000018327f65690;  1 drivers
v0000018327fce810_0 .net "g2", 0 0, L_0000018327f66260;  1 drivers
v0000018327fcea90_0 .net "gate_out_0", 0 0, L_0000018327f657e0;  alias, 1 drivers
v0000018327fce8b0_0 .net "gate_out_1", 0 0, L_0000018327f66110;  alias, 1 drivers
v0000018327fcedb0_0 .net "gate_out_2", 0 0, L_0000018327f663b0;  alias, 1 drivers
v0000018327fcd2d0_0 .net "gate_out_3", 0 0, L_0000018327f66180;  alias, 1 drivers
v0000018327fcdf50_0 .net "s", 1 0, v0000018327fd00a0_0;  1 drivers
L_0000018327fcf4c0 .part v0000018327fd00a0_0, 1, 1;
L_0000018327fcfe20 .part v0000018327fd00a0_0, 0, 1;
L_0000018327fcefc0 .part v0000018327fd00a0_0, 0, 1;
S_0000018327f72d90 .scope module, "dm0" "demux_1to2" 3 23, 4 1 0, S_0000018327f54610;
 .timescale 0 0;
    .port_info 0 /INPUT 1 "a";
    .port_info 1 /INPUT 1 "s";
    .port_info 2 /OUTPUT 1 "gate_out_0";
    .port_info 3 /OUTPUT 1 "gate_out_1";
    .port_info 4 /OUTPUT 1 "data_out_0";
    .port_info 5 /OUTPUT 1 "data_out_1";
    .port_info 6 /OUTPUT 1 "behav_out_0";
    .port_info 7 /OUTPUT 1 "behav_out_1";
L_0000018327f65f50 .functor NOT 1, L_0000018327fcf4c0, C4<0>, C4<0>, C4<0>;
L_0000018327f65690 .functor AND 1, L_0000018327f65f50, v0000018327fcebd0_0, C4<1>, C4<1>;
L_0000018327f66260 .functor AND 1, L_0000018327fcf4c0, v0000018327fcebd0_0, C4<1>, C4<1>;
L_0000018328070088 .functor BUFT 1, C4<0>, C4<0>, C4<0>, C4<0>;
v0000018327f4ea10_0 .net/2u *"_ivl_3", 0 0, L_0000018328070088;  1 drivers
L_00000183280700d0 .functor BUFT 1, C4<0>, C4<0>, C4<0>, C4<0>;
v0000018327f4ef10_0 .net/2u *"_ivl_7", 0 0, L_00000183280700d0;  1 drivers
v0000018327f4e290_0 .net "a", 0 0, v0000018327fcebd0_0;  alias, 1 drivers
v0000018327f4e010_0 .var "behav_out_0", 0 0;
v0000018327f4e650_0 .var "behav_out_1", 0 0;
v0000018327f4e330_0 .net "data_out_0", 0 0, L_0000018327fcfce0;  alias, 1 drivers
v0000018327f4e0b0_0 .net "data_out_1", 0 0, L_0000018327fcfba0;  alias, 1 drivers
v0000018327f4eab0_0 .net "gate_out_0", 0 0, L_0000018327f65690;  alias, 1 drivers
v0000018327f4e1f0_0 .net "gate_out_1", 0 0, L_0000018327f66260;  alias, 1 drivers
v0000018327f4edd0_0 .net "s", 0 0, L_0000018327fcf4c0;  1 drivers
v0000018327f4e470_0 .net "s_or", 0 0, L_0000018327f65f50;  1 drivers
E_0000018327f753f0 .event anyedge, v0000018327f4edd0_0, v0000018327f4e290_0;
L_0000018327fcfce0 .functor MUXZ 1, v0000018327fcebd0_0, L_0000018328070088, L_0000018327fcf4c0, C4<>;
L_0000018327fcfba0 .functor MUXZ 1, L_00000183280700d0, v0000018327fcebd0_0, L_0000018327fcf4c0, C4<>;
S_0000018327f72f20 .scope module, "dm1" "demux_1to2" 3 34, 4 1 0, S_0000018327f54610;
 .timescale 0 0;
    .port_info 0 /INPUT 1 "a";
    .port_info 1 /INPUT 1 "s";
    .port_info 2 /OUTPUT 1 "gate_out_0";
    .port_info 3 /OUTPUT 1 "gate_out_1";
    .port_info 4 /OUTPUT 1 "data_out_0";
    .port_info 5 /OUTPUT 1 "data_out_1";
    .port_info 6 /OUTPUT 1 "behav_out_0";
    .port_info 7 /OUTPUT 1 "behav_out_1";
L_0000018327f65fc0 .functor NOT 1, L_0000018327fcfe20, C4<0>, C4<0>, C4<0>;
L_0000018327f657e0 .functor AND 1, L_0000018327f65fc0, L_0000018327f65690, C4<1>, C4<1>;
L_0000018327f66110 .functor AND 1, L_0000018327fcfe20, L_0000018327f65690, C4<1>, C4<1>;
L_0000018328070118 .functor BUFT 1, C4<0>, C4<0>, C4<0>, C4<0>;
v0000018327f4e5b0_0 .net/2u *"_ivl_3", 0 0, L_0000018328070118;  1 drivers
L_0000018328070160 .functor BUFT 1, C4<0>, C4<0>, C4<0>, C4<0>;
v0000018327f4e6f0_0 .net/2u *"_ivl_7", 0 0, L_0000018328070160;  1 drivers
v0000018327fce590_0 .net "a", 0 0, L_0000018327f65690;  alias, 1 drivers
v0000018327fcd5f0_0 .var "behav_out_0", 0 0;
v0000018327fcd4b0_0 .var "behav_out_1", 0 0;
v0000018327fccf10_0 .net "data_out_0", 0 0, L_0000018327fcfb00;  alias, 1 drivers
v0000018327fce950_0 .net "data_out_1", 0 0, L_0000018327fcf2e0;  alias, 1 drivers
v0000018327fcec70_0 .net "gate_out_0", 0 0, L_0000018327f657e0;  alias, 1 drivers
v0000018327fcd910_0 .net "gate_out_1", 0 0, L_0000018327f66110;  alias, 1 drivers
v0000018327fcdcd0_0 .net "s", 0 0, L_0000018327fcfe20;  1 drivers
v0000018327fce770_0 .net "s_or", 0 0, L_0000018327f65fc0;  1 drivers
E_0000018327f752f0 .event anyedge, v0000018327fcdcd0_0, v0000018327f4eab0_0;
L_0000018327fcfb00 .functor MUXZ 1, L_0000018327f65690, L_0000018328070118, L_0000018327fcfe20, C4<>;
L_0000018327fcf2e0 .functor MUXZ 1, L_0000018328070160, L_0000018327f65690, L_0000018327fcfe20, C4<>;
S_0000018327f77c70 .scope module, "dm2" "demux_1to2" 3 45, 4 1 0, S_0000018327f54610;
 .timescale 0 0;
    .port_info 0 /INPUT 1 "a";
    .port_info 1 /INPUT 1 "s";
    .port_info 2 /OUTPUT 1 "gate_out_0";
    .port_info 3 /OUTPUT 1 "gate_out_1";
    .port_info 4 /OUTPUT 1 "data_out_0";
    .port_info 5 /OUTPUT 1 "data_out_1";
    .port_info 6 /OUTPUT 1 "behav_out_0";
    .port_info 7 /OUTPUT 1 "behav_out_1";
L_0000018327f65620 .functor NOT 1, L_0000018327fcefc0, C4<0>, C4<0>, C4<0>;
L_0000018327f663b0 .functor AND 1, L_0000018327f65620, L_0000018327f66260, C4<1>, C4<1>;
L_0000018327f66180 .functor AND 1, L_0000018327fcefc0, L_0000018327f66260, C4<1>, C4<1>;
L_00000183280701a8 .functor BUFT 1, C4<0>, C4<0>, C4<0>, C4<0>;
v0000018327fcd230_0 .net/2u *"_ivl_3", 0 0, L_00000183280701a8;  1 drivers
L_00000183280701f0 .functor BUFT 1, C4<0>, C4<0>, C4<0>, C4<0>;
v0000018327fcdff0_0 .net/2u *"_ivl_7", 0 0, L_00000183280701f0;  1 drivers
v0000018327fcd870_0 .net "a", 0 0, L_0000018327f66260;  alias, 1 drivers
v0000018327fce450_0 .var "behav_out_0", 0 0;
v0000018327fcd050_0 .var "behav_out_1", 0 0;
v0000018327fce1d0_0 .net "data_out_0", 0 0, L_0000018327fcf380;  alias, 1 drivers
v0000018327fce270_0 .net "data_out_1", 0 0, L_0000018327fcfec0;  alias, 1 drivers
v0000018327fcd410_0 .net "gate_out_0", 0 0, L_0000018327f663b0;  alias, 1 drivers
v0000018327fcd550_0 .net "gate_out_1", 0 0, L_0000018327f66180;  alias, 1 drivers
v0000018327fce090_0 .net "s", 0 0, L_0000018327fcefc0;  1 drivers
v0000018327fcdd70_0 .net "s_or", 0 0, L_0000018327f65620;  1 drivers
E_0000018327f755f0 .event anyedge, v0000018327fce090_0, v0000018327f4e1f0_0;
L_0000018327fcf380 .functor MUXZ 1, L_0000018327f66260, L_00000183280701a8, L_0000018327fcefc0, C4<>;
L_0000018327fcfec0 .functor MUXZ 1, L_00000183280701f0, L_0000018327f66260, L_0000018327fcefc0, C4<>;
    .scope S_0000018327f72d90;
T_0 ;
    %wait E_0000018327f753f0;
    %pushi/vec4 0, 0, 1;
    %assign/vec4 v0000018327f4e650_0, 0;
    %pushi/vec4 0, 0, 1;
    %assign/vec4 v0000018327f4e010_0, 0;
    %load/vec4 v0000018327f4edd0_0;
    %flag_set/vec4 8;
    %jmp/0xz  T_0.0, 8;
    %load/vec4 v0000018327f4e290_0;
    %assign/vec4 v0000018327f4e650_0, 0;
    %jmp T_0.1;
T_0.0 ;
    %load/vec4 v0000018327f4e290_0;
    %assign/vec4 v0000018327f4e010_0, 0;
T_0.1 ;
    %jmp T_0;
    .thread T_0, $push;
    .scope S_0000018327f72f20;
T_1 ;
    %wait E_0000018327f752f0;
    %pushi/vec4 0, 0, 1;
    %assign/vec4 v0000018327fcd4b0_0, 0;
    %pushi/vec4 0, 0, 1;
    %assign/vec4 v0000018327fcd5f0_0, 0;
    %load/vec4 v0000018327fcdcd0_0;
    %flag_set/vec4 8;
    %jmp/0xz  T_1.0, 8;
    %load/vec4 v0000018327fce590_0;
    %assign/vec4 v0000018327fcd4b0_0, 0;
    %jmp T_1.1;
T_1.0 ;
    %load/vec4 v0000018327fce590_0;
    %assign/vec4 v0000018327fcd5f0_0, 0;
T_1.1 ;
    %jmp T_1;
    .thread T_1, $push;
    .scope S_0000018327f77c70;
T_2 ;
    %wait E_0000018327f755f0;
    %pushi/vec4 0, 0, 1;
    %assign/vec4 v0000018327fcd050_0, 0;
    %pushi/vec4 0, 0, 1;
    %assign/vec4 v0000018327fce450_0, 0;
    %load/vec4 v0000018327fce090_0;
    %flag_set/vec4 8;
    %jmp/0xz  T_2.0, 8;
    %load/vec4 v0000018327fcd870_0;
    %assign/vec4 v0000018327fcd050_0, 0;
    %jmp T_2.1;
T_2.0 ;
    %load/vec4 v0000018327fcd870_0;
    %assign/vec4 v0000018327fce450_0, 0;
T_2.1 ;
    %jmp T_2;
    .thread T_2, $push;
    .scope S_0000018327f6a330;
T_3 ;
    %vpi_call 2 13 "$dumpfile", "wave.vcd" {0 0 0};
    %vpi_call 2 14 "$dumpvars", 32'sb00000000000000000000000000000000, S_0000018327f6a330 {0 0 0};
    %vpi_call 2 15 "$display", "===== Test DEMUX 1 to 4 =====" {0 0 0};
    %vpi_call 2 16 "$display", "====== A = 0, S = 2'b00  =======" {0 0 0};
    %pushi/vec4 1, 0, 1;
    %store/vec4 v0000018327fcebd0_0, 0, 1;
    %pushi/vec4 0, 0, 2;
    %store/vec4 v0000018327fd00a0_0, 0, 2;
    %delay 1, 0;
    %load/vec4 v0000018327fcd730_0;
    %load/vec4 v0000018327fcebd0_0;
    %cmp/ne;
    %flag_mov 8, 4;
    %load/vec4 v0000018327fcdb90_0;
    %load/vec4 v0000018327fcebd0_0;
    %cmp/ne;
    %flag_or 4, 8;
    %flag_mov 8, 4;
    %load/vec4 v0000018327fccfb0_0;
    %load/vec4 v0000018327fcebd0_0;
    %cmp/ne;
    %flag_or 4, 8;
    %jmp/0xz  T_3.0, 4;
    %vpi_call 2 20 "$display", "===== t=%d FAILED, output does not match =====", $time {0 0 0};
    %vpi_call 2 21 "$display", "===== t=%d Expected value is %b, Actual gate value is %b, Actual data value is %b, Actual behavioral value is %b =====", $time, v0000018327fcebd0_0, v0000018327fcdb90_0, v0000018327fcd730_0, v0000018327fccfb0_0 {0 0 0};
    %jmp T_3.1;
T_3.0 ;
    %vpi_call 2 24 "$display", "===== t=%d PASSED SUCCESSFULLY =====", $time {0 0 0};
T_3.1 ;
    %vpi_call 2 27 "$display", "====== A = 1, S = 2'b01 =======" {0 0 0};
    %pushi/vec4 1, 0, 1;
    %store/vec4 v0000018327fcebd0_0, 0, 1;
    %pushi/vec4 1, 0, 2;
    %store/vec4 v0000018327fd00a0_0, 0, 2;
    %delay 1, 0;
    %load/vec4 v0000018327fcd7d0_0;
    %load/vec4 v0000018327fcebd0_0;
    %cmp/ne;
    %flag_mov 8, 4;
    %load/vec4 v0000018327fcf240_0;
    %load/vec4 v0000018327fcebd0_0;
    %cmp/ne;
    %flag_or 4, 8;
    %flag_mov 8, 4;
    %load/vec4 v0000018327fced10_0;
    %load/vec4 v0000018327fcebd0_0;
    %cmp/ne;
    %flag_or 4, 8;
    %jmp/0xz  T_3.2, 4;
    %vpi_call 2 31 "$display", "===== t=%d FAILED, output does not match =====", $time {0 0 0};
    %vpi_call 2 32 "$display", "===== t=%d Expected value is %b, Actual gate value is %b, Actual data value is %b, Actual behavioral value is %b =====", $time, v0000018327fcebd0_0, v0000018327fcdb90_0, v0000018327fcd730_0, v0000018327fccfb0_0 {0 0 0};
    %jmp T_3.3;
T_3.2 ;
    %vpi_call 2 35 "$display", "===== t=%d PASSED SUCCESSFULLY =====", $time {0 0 0};
T_3.3 ;
    %vpi_call 2 38 "$display", "====== A = 1, S = 2'b10  =======" {0 0 0};
    %pushi/vec4 1, 0, 1;
    %store/vec4 v0000018327fcebd0_0, 0, 1;
    %pushi/vec4 2, 0, 2;
    %store/vec4 v0000018327fd00a0_0, 0, 2;
    %delay 1, 0;
    %load/vec4 v0000018327fcd370_0;
    %load/vec4 v0000018327fcebd0_0;
    %cmp/ne;
    %flag_mov 8, 4;
    %load/vec4 v0000018327fcf920_0;
    %load/vec4 v0000018327fcebd0_0;
    %cmp/ne;
    %flag_or 4, 8;
    %flag_mov 8, 4;
    %load/vec4 v0000018327fce130_0;
    %load/vec4 v0000018327fcebd0_0;
    %cmp/ne;
    %flag_or 4, 8;
    %jmp/0xz  T_3.4, 4;
    %vpi_call 2 42 "$display", "===== t=%d FAILED, output does not match =====", $time {0 0 0};
    %vpi_call 2 43 "$display", "===== t=%d Expected value is %b, Actual gate value is %b, Actual data value is %b, Actual behavioral value is %b =====", $time, v0000018327fcebd0_0, v0000018327fcf240_0, v0000018327fcd7d0_0, v0000018327fced10_0 {0 0 0};
    %jmp T_3.5;
T_3.4 ;
    %vpi_call 2 46 "$display", "===== t=%d PASSED SUCCESSFULLY =====", $time {0 0 0};
T_3.5 ;
    %vpi_call 2 49 "$display", "====== A = 1, S = 2'b1 =======" {0 0 0};
    %pushi/vec4 1, 0, 1;
    %store/vec4 v0000018327fcebd0_0, 0, 1;
    %pushi/vec4 3, 0, 2;
    %store/vec4 v0000018327fd00a0_0, 0, 2;
    %delay 1, 0;
    %load/vec4 v0000018327fcdaf0_0;
    %load/vec4 v0000018327fcebd0_0;
    %cmp/ne;
    %flag_mov 8, 4;
    %load/vec4 v0000018327fcf420_0;
    %load/vec4 v0000018327fcebd0_0;
    %cmp/ne;
    %flag_or 4, 8;
    %flag_mov 8, 4;
    %load/vec4 v0000018327fcd190_0;
    %load/vec4 v0000018327fcebd0_0;
    %cmp/ne;
    %flag_or 4, 8;
    %jmp/0xz  T_3.6, 4;
    %vpi_call 2 53 "$display", "===== t=%d FAILED, output does not match =====", $time {0 0 0};
    %vpi_call 2 54 "$display", "===== t=%d Expected value is %b, Actual gate value is %b, Actual data value is %b, Actual behavioral value is %b =====", $time, v0000018327fcebd0_0, v0000018327fcf240_0, v0000018327fcd7d0_0, v0000018327fced10_0 {0 0 0};
    %jmp T_3.7;
T_3.6 ;
    %vpi_call 2 57 "$display", "===== t=%d PASSED SUCCESSFULLY =====", $time {0 0 0};
T_3.7 ;
    %delay 1, 0;
    %vpi_call 2 60 "$finish" {0 0 0};
    %end;
    .thread T_3;
# The file index is used to find the file name in the following table.
:file_names 5;
    "N/A";
    "<interactive>";
    "../tb/test_bench.v";
    "../rtl/demux_1to4_2.v";
    "../rtl/demux_1to2.v";
