#! /c/Source/iverilog-install/bin/vvp
:ivl_version "12.0 (devel)" "(s20150603-1110-g18392a46)";
:ivl_delay_selection "TYPICAL";
:vpi_time_precision + 0;
:vpi_module "C:\iverilog\lib\ivl\system.vpi";
:vpi_module "C:\iverilog\lib\ivl\vhdl_sys.vpi";
:vpi_module "C:\iverilog\lib\ivl\vhdl_textio.vpi";
:vpi_module "C:\iverilog\lib\ivl\v2005_math.vpi";
:vpi_module "C:\iverilog\lib\ivl\va_math.vpi";
S_0000019b056a17e0 .scope module, "test_bench11" "test_bench11" 2 1;
 .timescale 0 0;
v0000019b05700260_0 .net "behav_out", 3 0, v0000019b056ff900_0;  1 drivers
v0000019b05700760_0 .net "data_out", 3 0, L_0000019b05702140;  1 drivers
v0000019b05700580_0 .net "gate_out", 3 0, L_0000019b05700440;  1 drivers
v0000019b056ffae0_0 .var "s", 1 0;
S_0000019b0569f370 .scope module, "DUT" "decoder_2to4" 2 6, 3 1 0, S_0000019b056a17e0;
 .timescale 0 0;
    .port_info 0 /INPUT 2 "s";
    .port_info 1 /OUTPUT 4 "gate_out";
    .port_info 2 /OUTPUT 4 "data_out";
    .port_info 3 /OUTPUT 4 "behav_out";
L_0000019b05697cc0 .functor NOT 1, L_0000019b057003a0, C4<0>, C4<0>, C4<0>;
L_0000019b056984a0 .functor NOT 1, L_0000019b056ffe00, C4<0>, C4<0>, C4<0>;
L_0000019b05698580 .functor AND 1, L_0000019b056984a0, L_0000019b05697cc0, C4<1>, C4<1>;
L_0000019b05698190 .functor AND 1, L_0000019b056984a0, L_0000019b056ffea0, C4<1>, C4<1>;
L_0000019b056976a0 .functor AND 1, L_0000019b05700300, L_0000019b05697cc0, C4<1>, C4<1>;
L_0000019b05697860 .functor AND 1, L_0000019b05701e20, L_0000019b05703540, C4<1>, C4<1>;
v0000019b05672cf0_0 .net *"_ivl_10", 0 0, L_0000019b05698190;  1 drivers
v0000019b057004e0_0 .net *"_ivl_13", 0 0, L_0000019b056ffea0;  1 drivers
v0000019b05700800_0 .net *"_ivl_15", 0 0, L_0000019b056976a0;  1 drivers
v0000019b056ff9a0_0 .net *"_ivl_18", 0 0, L_0000019b05700300;  1 drivers
v0000019b056ffc20_0 .net *"_ivl_2", 0 0, L_0000019b057003a0;  1 drivers
v0000019b056ffb80_0 .net *"_ivl_20", 0 0, L_0000019b05697860;  1 drivers
v0000019b056fffe0_0 .net *"_ivl_24", 0 0, L_0000019b05701e20;  1 drivers
v0000019b05700080_0 .net *"_ivl_26", 0 0, L_0000019b05703540;  1 drivers
L_0000019b057038e8 .functor BUFT 1, C4<0001>, C4<0>, C4<0>, C4<0>;
v0000019b056ffa40_0 .net/2u *"_ivl_27", 3 0, L_0000019b057038e8;  1 drivers
v0000019b057001c0_0 .net *"_ivl_5", 0 0, L_0000019b056ffe00;  1 drivers
v0000019b056fff40_0 .net *"_ivl_7", 0 0, L_0000019b05698580;  1 drivers
v0000019b056ff900_0 .var "behav_out", 3 0;
v0000019b056ffcc0_0 .net "data_out", 3 0, L_0000019b05702140;  alias, 1 drivers
v0000019b056ffd60_0 .net "gate_out", 3 0, L_0000019b05700440;  alias, 1 drivers
v0000019b05700620_0 .net "n0", 0 0, L_0000019b05697cc0;  1 drivers
v0000019b057006c0_0 .net "n1", 0 0, L_0000019b056984a0;  1 drivers
v0000019b05700120_0 .net "s", 1 0, v0000019b056ffae0_0;  1 drivers
E_0000019b056a03d0 .event anyedge, v0000019b05700120_0;
L_0000019b057003a0 .part v0000019b056ffae0_0, 0, 1;
L_0000019b056ffe00 .part v0000019b056ffae0_0, 1, 1;
L_0000019b056ffea0 .part v0000019b056ffae0_0, 0, 1;
L_0000019b05700300 .part v0000019b056ffae0_0, 1, 1;
L_0000019b05700440 .concat8 [ 1 1 1 1], L_0000019b05698580, L_0000019b05698190, L_0000019b056976a0, L_0000019b05697860;
L_0000019b05701e20 .part v0000019b056ffae0_0, 1, 1;
L_0000019b05703540 .part v0000019b056ffae0_0, 0, 1;
L_0000019b05702140 .shift/l 4, L_0000019b057038e8, v0000019b056ffae0_0;
    .scope S_0000019b0569f370;
T_0 ;
    %wait E_0000019b056a03d0;
    %load/vec4 v0000019b05700120_0;
    %dup/vec4;
    %pushi/vec4 0, 0, 2;
    %cmp/u;
    %jmp/1 T_0.0, 6;
    %dup/vec4;
    %pushi/vec4 1, 0, 2;
    %cmp/u;
    %jmp/1 T_0.1, 6;
    %dup/vec4;
    %pushi/vec4 2, 0, 2;
    %cmp/u;
    %jmp/1 T_0.2, 6;
    %dup/vec4;
    %pushi/vec4 3, 0, 2;
    %cmp/u;
    %jmp/1 T_0.3, 6;
    %pushi/vec4 0, 0, 4;
    %store/vec4 v0000019b056ff900_0, 0, 4;
    %jmp T_0.5;
T_0.0 ;
    %pushi/vec4 1, 0, 4;
    %store/vec4 v0000019b056ff900_0, 0, 4;
    %jmp T_0.5;
T_0.1 ;
    %pushi/vec4 2, 0, 4;
    %store/vec4 v0000019b056ff900_0, 0, 4;
    %jmp T_0.5;
T_0.2 ;
    %pushi/vec4 4, 0, 4;
    %store/vec4 v0000019b056ff900_0, 0, 4;
    %jmp T_0.5;
T_0.3 ;
    %pushi/vec4 8, 0, 4;
    %store/vec4 v0000019b056ff900_0, 0, 4;
    %jmp T_0.5;
T_0.5 ;
    %pop/vec4 1;
    %jmp T_0;
    .thread T_0, $push;
    .scope S_0000019b056a17e0;
T_1 ;
    %vpi_call 2 9 "$dumpfile", "wave11.vcd" {0 0 0};
    %vpi_call 2 10 "$dumpvars", 32'sb00000000000000000000000000000000, S_0000019b056a17e0 {0 0 0};
    %vpi_call 2 11 "$display", "===== Test 2 to 4 Decoder =====" {0 0 0};
    %pushi/vec4 0, 0, 2;
    %store/vec4 v0000019b056ffae0_0, 0, 2;
    %delay 1, 0;
    %vpi_call 2 16 "$display", "===== S = 2'b00 =====" {0 0 0};
    %load/vec4 v0000019b05700580_0;
    %cmpi/ne 1, 0, 4;
    %flag_mov 8, 4;
    %load/vec4 v0000019b05700760_0;
    %cmpi/ne 1, 0, 4;
    %flag_or 4, 8;
    %flag_mov 8, 4;
    %load/vec4 v0000019b05700260_0;
    %cmpi/ne 1, 0, 4;
    %flag_or 4, 8;
    %jmp/0xz  T_1.0, 4;
    %vpi_call 2 18 "$display", "===== t=%d FAILED, value does not match =====", $time {0 0 0};
    %vpi_call 2 19 "$display", "===== t=%d Expected=0001, Gate=%b, Data=%b, Behav=%b =====", $time, v0000019b05700580_0, v0000019b05700760_0, v0000019b05700260_0 {0 0 0};
    %jmp T_1.1;
T_1.0 ;
    %vpi_call 2 21 "$display", "===== t=%d PASSED SUCCESSFULLY =====", $time {0 0 0};
T_1.1 ;
    %pushi/vec4 1, 0, 2;
    %store/vec4 v0000019b056ffae0_0, 0, 2;
    %delay 1, 0;
    %vpi_call 2 26 "$display", "===== S = 2'b01 =====" {0 0 0};
    %load/vec4 v0000019b05700580_0;
    %cmpi/ne 2, 0, 4;
    %flag_mov 8, 4;
    %load/vec4 v0000019b05700760_0;
    %cmpi/ne 2, 0, 4;
    %flag_or 4, 8;
    %flag_mov 8, 4;
    %load/vec4 v0000019b05700260_0;
    %cmpi/ne 2, 0, 4;
    %flag_or 4, 8;
    %jmp/0xz  T_1.2, 4;
    %vpi_call 2 28 "$display", "===== t=%d FAILED, value does not match =====", $time {0 0 0};
    %vpi_call 2 29 "$display", "===== t=%d Expected=0010, Gate=%b, Data=%b, Behav=%b =====", $time, v0000019b05700580_0, v0000019b05700760_0, v0000019b05700260_0 {0 0 0};
    %jmp T_1.3;
T_1.2 ;
    %vpi_call 2 31 "$display", "===== t=%d PASSED SUCCESSFULLY =====", $time {0 0 0};
T_1.3 ;
    %pushi/vec4 2, 0, 2;
    %store/vec4 v0000019b056ffae0_0, 0, 2;
    %delay 1, 0;
    %vpi_call 2 36 "$display", "===== S = 2'b10 =====" {0 0 0};
    %load/vec4 v0000019b05700580_0;
    %cmpi/ne 4, 0, 4;
    %flag_mov 8, 4;
    %load/vec4 v0000019b05700760_0;
    %cmpi/ne 4, 0, 4;
    %flag_or 4, 8;
    %flag_mov 8, 4;
    %load/vec4 v0000019b05700260_0;
    %cmpi/ne 4, 0, 4;
    %flag_or 4, 8;
    %jmp/0xz  T_1.4, 4;
    %vpi_call 2 38 "$display", "===== t=%d FAILED, value does not match =====", $time {0 0 0};
    %vpi_call 2 39 "$display", "===== t=%d Expected=0100, Gate=%b, Data=%b, Behav=%b =====", $time, v0000019b05700580_0, v0000019b05700760_0, v0000019b05700260_0 {0 0 0};
    %jmp T_1.5;
T_1.4 ;
    %vpi_call 2 41 "$display", "===== t=%d PASSED SUCCESSFULLY =====", $time {0 0 0};
T_1.5 ;
    %pushi/vec4 3, 0, 2;
    %store/vec4 v0000019b056ffae0_0, 0, 2;
    %delay 1, 0;
    %vpi_call 2 46 "$display", "===== S = 2'b11 =====" {0 0 0};
    %load/vec4 v0000019b05700580_0;
    %cmpi/ne 8, 0, 4;
    %flag_mov 8, 4;
    %load/vec4 v0000019b05700760_0;
    %cmpi/ne 8, 0, 4;
    %flag_or 4, 8;
    %flag_mov 8, 4;
    %load/vec4 v0000019b05700260_0;
    %cmpi/ne 8, 0, 4;
    %flag_or 4, 8;
    %jmp/0xz  T_1.6, 4;
    %vpi_call 2 48 "$display", "===== t=%d FAILED, value does not match =====", $time {0 0 0};
    %vpi_call 2 49 "$display", "===== t=%d Expected=1000, Gate=%b, Data=%b, Behav=%b =====", $time, v0000019b05700580_0, v0000019b05700760_0, v0000019b05700260_0 {0 0 0};
    %jmp T_1.7;
T_1.6 ;
    %vpi_call 2 51 "$display", "===== t=%d PASSED SUCCESSFULLY =====", $time {0 0 0};
T_1.7 ;
    %delay 1, 0;
    %vpi_call 2 55 "$finish" {0 0 0};
    %end;
    .thread T_1;
# The file index is used to find the file name in the following table.
:file_names 4;
    "N/A";
    "<interactive>";
    "test_bench11.v";
    "decoder_2to4.v";
