#! /c/Source/iverilog-install/bin/vvp
:ivl_version "12.0 (devel)" "(s20150603-1110-g18392a46)";
:ivl_delay_selection "TYPICAL";
:vpi_time_precision + 0;
:vpi_module "C:\iverilog\lib\ivl\system.vpi";
:vpi_module "C:\iverilog\lib\ivl\vhdl_sys.vpi";
:vpi_module "C:\iverilog\lib\ivl\vhdl_textio.vpi";
:vpi_module "C:\iverilog\lib\ivl\v2005_math.vpi";
:vpi_module "C:\iverilog\lib\ivl\va_math.vpi";
S_0000012ca190dd60 .scope module, "test_bench9" "test_bench9" 2 1;
 .timescale 0 0;
v0000012ca1962dd0_0 .var "a", 1 0;
v0000012ca1963190_0 .var "b", 1 0;
v0000012ca19637d0_0 .net "e", 0 0, L_0000012ca1963370;  1 drivers
v0000012ca1962f10_0 .net "g_a", 0 0, L_0000012ca19ad0b0;  1 drivers
v0000012ca1962970_0 .net "l_a", 0 0, L_0000012ca19ab990;  1 drivers
S_0000012ca190c500 .scope module, "DUT" "comparator" 2 6, 3 1 0, S_0000012ca190dd60;
 .timescale 0 0;
    .port_info 0 /INPUT 2 "a";
    .port_info 1 /INPUT 2 "b";
    .port_info 2 /OUTPUT 1 "e";
    .port_info 3 /OUTPUT 1 "g_a";
    .port_info 4 /OUTPUT 1 "l_a";
v0000012ca18c2cf0_0 .net *"_ivl_0", 0 0, L_0000012ca1962e70;  1 drivers
v0000012ca18c3060_0 .net *"_ivl_10", 0 0, L_0000012ca19634b0;  1 drivers
L_0000012ca1963928 .functor BUFT 1, C4<01>, C4<0>, C4<0>, C4<0>;
v0000012ca1962a10_0 .net/2s *"_ivl_12", 1 0, L_0000012ca1963928;  1 drivers
L_0000012ca1963970 .functor BUFT 1, C4<00>, C4<0>, C4<0>, C4<0>;
v0000012ca1962ab0_0 .net/2s *"_ivl_14", 1 0, L_0000012ca1963970;  1 drivers
v0000012ca1962b50_0 .net *"_ivl_16", 1 0, L_0000012ca1963550;  1 drivers
L_0000012ca1963898 .functor BUFT 1, C4<01>, C4<0>, C4<0>, C4<0>;
v0000012ca1962bf0_0 .net/2s *"_ivl_2", 1 0, L_0000012ca1963898;  1 drivers
v0000012ca1963230_0 .net *"_ivl_20", 0 0, L_0000012ca19ac6b0;  1 drivers
L_0000012ca19639b8 .functor BUFT 1, C4<01>, C4<0>, C4<0>, C4<0>;
v0000012ca1963410_0 .net/2s *"_ivl_22", 1 0, L_0000012ca19639b8;  1 drivers
L_0000012ca1963a00 .functor BUFT 1, C4<00>, C4<0>, C4<0>, C4<0>;
v0000012ca1962fb0_0 .net/2s *"_ivl_24", 1 0, L_0000012ca1963a00;  1 drivers
v0000012ca19635f0_0 .net *"_ivl_26", 1 0, L_0000012ca19abb70;  1 drivers
L_0000012ca19638e0 .functor BUFT 1, C4<00>, C4<0>, C4<0>, C4<0>;
v0000012ca1962c90_0 .net/2s *"_ivl_4", 1 0, L_0000012ca19638e0;  1 drivers
v0000012ca1962d30_0 .net *"_ivl_6", 1 0, L_0000012ca19632d0;  1 drivers
v0000012ca1963050_0 .net "a", 1 0, v0000012ca1962dd0_0;  1 drivers
v0000012ca19630f0_0 .net "b", 1 0, v0000012ca1963190_0;  1 drivers
v0000012ca1963690_0 .net "e", 0 0, L_0000012ca1963370;  alias, 1 drivers
v0000012ca19628d0_0 .net "g_a", 0 0, L_0000012ca19ad0b0;  alias, 1 drivers
v0000012ca1963730_0 .net "l_a", 0 0, L_0000012ca19ab990;  alias, 1 drivers
L_0000012ca1962e70 .cmp/eq 2, v0000012ca1962dd0_0, v0000012ca1963190_0;
L_0000012ca19632d0 .functor MUXZ 2, L_0000012ca19638e0, L_0000012ca1963898, L_0000012ca1962e70, C4<>;
L_0000012ca1963370 .part L_0000012ca19632d0, 0, 1;
L_0000012ca19634b0 .cmp/gt 2, v0000012ca1962dd0_0, v0000012ca1963190_0;
L_0000012ca1963550 .functor MUXZ 2, L_0000012ca1963970, L_0000012ca1963928, L_0000012ca19634b0, C4<>;
L_0000012ca19ad0b0 .part L_0000012ca1963550, 0, 1;
L_0000012ca19ac6b0 .cmp/gt 2, v0000012ca1963190_0, v0000012ca1962dd0_0;
L_0000012ca19abb70 .functor MUXZ 2, L_0000012ca1963a00, L_0000012ca19639b8, L_0000012ca19ac6b0, C4<>;
L_0000012ca19ab990 .part L_0000012ca19abb70, 0, 1;
    .scope S_0000012ca190dd60;
T_0 ;
    %vpi_call 2 9 "$dumpfile", "wave9.vcd" {0 0 0};
    %vpi_call 2 10 "$dumpvars", 32'sb00000000000000000000000000000000, S_0000012ca190dd60 {0 0 0};
    %vpi_call 2 11 "$display", "===== Test Comparator =====" {0 0 0};
    %vpi_call 2 12 "$display", "===== A = 2'b00, B = 2'b00 =====" {0 0 0};
    %pushi/vec4 0, 0, 2;
    %store/vec4 v0000012ca1962dd0_0, 0, 2;
    %pushi/vec4 0, 0, 2;
    %store/vec4 v0000012ca1963190_0, 0, 2;
    %delay 1, 0;
    %load/vec4 v0000012ca19637d0_0;
    %pad/u 32;
    %cmpi/ne 1, 0, 32;
    %jmp/0xz  T_0.0, 4;
    %vpi_call 2 16 "$display", "===== t=%d FAILED, output does not match ======", $time {0 0 0};
    %vpi_call 2 17 "$display", "===== t=%d Expected value is %b, Actual value is %b =====", $time, 32'sb00000000000000000000000000000001, v0000012ca19637d0_0 {0 0 0};
    %jmp T_0.1;
T_0.0 ;
    %vpi_call 2 20 "$display", "===== t=%d PASSED SUCCESSFULLY =====", $time {0 0 0};
T_0.1 ;
    %vpi_call 2 23 "$display", "===== A = 2'b01, B = 2'b00 =====" {0 0 0};
    %pushi/vec4 1, 0, 2;
    %store/vec4 v0000012ca1962dd0_0, 0, 2;
    %pushi/vec4 0, 0, 2;
    %store/vec4 v0000012ca1963190_0, 0, 2;
    %delay 1, 0;
    %load/vec4 v0000012ca1962f10_0;
    %pad/u 32;
    %cmpi/ne 1, 0, 32;
    %jmp/0xz  T_0.2, 4;
    %vpi_call 2 27 "$display", "===== t=%d FAILED, output does not match ======", $time {0 0 0};
    %vpi_call 2 28 "$display", "===== t=%d Expected value is %b, Actual value is %b =====", $time, 32'sb00000000000000000000000000000001, v0000012ca1962f10_0 {0 0 0};
    %jmp T_0.3;
T_0.2 ;
    %vpi_call 2 31 "$display", "===== t=%d PASSED SUCCESSFULLY =====", $time {0 0 0};
T_0.3 ;
    %vpi_call 2 34 "$display", "===== A = 2'b00, B = 2'b01 =====" {0 0 0};
    %pushi/vec4 0, 0, 2;
    %store/vec4 v0000012ca1962dd0_0, 0, 2;
    %pushi/vec4 1, 0, 2;
    %store/vec4 v0000012ca1963190_0, 0, 2;
    %delay 1, 0;
    %load/vec4 v0000012ca1962970_0;
    %pad/u 32;
    %cmpi/ne 1, 0, 32;
    %jmp/0xz  T_0.4, 4;
    %vpi_call 2 38 "$display", "===== t=%d FAILED, output does not match ======", $time {0 0 0};
    %vpi_call 2 39 "$display", "===== t=%d Expected value is %b, Actual value is %b =====", $time, 32'sb00000000000000000000000000000001, v0000012ca1962970_0 {0 0 0};
    %jmp T_0.5;
T_0.4 ;
    %vpi_call 2 42 "$display", "===== t=%d PASSED SUCCESSFULLY =====", $time {0 0 0};
T_0.5 ;
    %vpi_call 2 45 "$display", "===== A = 2'b01, B = 2'b01 =====" {0 0 0};
    %pushi/vec4 1, 0, 2;
    %store/vec4 v0000012ca1962dd0_0, 0, 2;
    %pushi/vec4 1, 0, 2;
    %store/vec4 v0000012ca1963190_0, 0, 2;
    %delay 1, 0;
    %load/vec4 v0000012ca19637d0_0;
    %pad/u 32;
    %cmpi/ne 1, 0, 32;
    %jmp/0xz  T_0.6, 4;
    %vpi_call 2 49 "$display", "===== t=%d FAILED, output does not match ======", $time {0 0 0};
    %vpi_call 2 50 "$display", "===== t=%d Expected value is %b, Actual value is %b =====", $time, 32'sb00000000000000000000000000000001, v0000012ca19637d0_0 {0 0 0};
    %jmp T_0.7;
T_0.6 ;
    %vpi_call 2 53 "$display", "===== t=%d PASSED SUCCESSFULLY =====", $time {0 0 0};
T_0.7 ;
    %vpi_call 2 56 "$display", "===== A = 2'b10, B = 2'b01 =====" {0 0 0};
    %pushi/vec4 2, 0, 2;
    %store/vec4 v0000012ca1962dd0_0, 0, 2;
    %pushi/vec4 1, 0, 2;
    %store/vec4 v0000012ca1963190_0, 0, 2;
    %delay 1, 0;
    %load/vec4 v0000012ca1962f10_0;
    %pad/u 32;
    %cmpi/ne 1, 0, 32;
    %jmp/0xz  T_0.8, 4;
    %vpi_call 2 60 "$display", "===== t=%d FAILED, output does not match ======", $time {0 0 0};
    %vpi_call 2 61 "$display", "===== t=%d Expected value is %b, Actual value is %b =====", $time, 32'sb00000000000000000000000000000001, v0000012ca1962f10_0 {0 0 0};
    %jmp T_0.9;
T_0.8 ;
    %vpi_call 2 64 "$display", "===== t=%d PASSED SUCCESSFULLY =====", $time {0 0 0};
T_0.9 ;
    %vpi_call 2 67 "$display", "===== A = 2'b01, B = 2'b10 =====" {0 0 0};
    %pushi/vec4 1, 0, 2;
    %store/vec4 v0000012ca1962dd0_0, 0, 2;
    %pushi/vec4 2, 0, 2;
    %store/vec4 v0000012ca1963190_0, 0, 2;
    %delay 1, 0;
    %load/vec4 v0000012ca1962970_0;
    %pad/u 32;
    %cmpi/ne 1, 0, 32;
    %jmp/0xz  T_0.10, 4;
    %vpi_call 2 71 "$display", "===== t=%d FAILED, output does not match ======", $time {0 0 0};
    %vpi_call 2 72 "$display", "===== t=%d Expected value is %b, Actual value is %b =====", $time, 32'sb00000000000000000000000000000001, v0000012ca1962970_0 {0 0 0};
    %jmp T_0.11;
T_0.10 ;
    %vpi_call 2 75 "$display", "===== t=%d PASSED SUCCESSFULLY =====", $time {0 0 0};
T_0.11 ;
    %vpi_call 2 78 "$display", "===== A = 2'b10, B = 2'b10 =====" {0 0 0};
    %pushi/vec4 2, 0, 2;
    %store/vec4 v0000012ca1962dd0_0, 0, 2;
    %pushi/vec4 2, 0, 2;
    %store/vec4 v0000012ca1963190_0, 0, 2;
    %delay 1, 0;
    %load/vec4 v0000012ca19637d0_0;
    %pad/u 32;
    %cmpi/ne 1, 0, 32;
    %jmp/0xz  T_0.12, 4;
    %vpi_call 2 82 "$display", "===== t=%d FAILED, output does not match ======", $time {0 0 0};
    %vpi_call 2 83 "$display", "===== t=%d Expected value is %b, Actual value is %b =====", $time, 32'sb00000000000000000000000000000001, v0000012ca19637d0_0 {0 0 0};
    %jmp T_0.13;
T_0.12 ;
    %vpi_call 2 86 "$display", "===== t=%d PASSED SUCCESSFULLY =====", $time {0 0 0};
T_0.13 ;
    %vpi_call 2 89 "$display", "===== A = 2'b11, B = 2'b10 =====" {0 0 0};
    %pushi/vec4 3, 0, 2;
    %store/vec4 v0000012ca1962dd0_0, 0, 2;
    %pushi/vec4 2, 0, 2;
    %store/vec4 v0000012ca1963190_0, 0, 2;
    %delay 1, 0;
    %load/vec4 v0000012ca1962f10_0;
    %pad/u 32;
    %cmpi/ne 1, 0, 32;
    %jmp/0xz  T_0.14, 4;
    %vpi_call 2 93 "$display", "===== t=%d FAILED, output does not match ======", $time {0 0 0};
    %vpi_call 2 94 "$display", "===== t=%d Expected value is %b, Actual value is %b =====", $time, 32'sb00000000000000000000000000000001, v0000012ca1962f10_0 {0 0 0};
    %jmp T_0.15;
T_0.14 ;
    %vpi_call 2 97 "$display", "===== t=%d PASSED SUCCESSFULLY =====", $time {0 0 0};
T_0.15 ;
    %vpi_call 2 100 "$display", "===== A = 2'b10, B = 2'b11 =====" {0 0 0};
    %pushi/vec4 2, 0, 2;
    %store/vec4 v0000012ca1962dd0_0, 0, 2;
    %pushi/vec4 3, 0, 2;
    %store/vec4 v0000012ca1963190_0, 0, 2;
    %delay 1, 0;
    %load/vec4 v0000012ca1962970_0;
    %pad/u 32;
    %cmpi/ne 1, 0, 32;
    %jmp/0xz  T_0.16, 4;
    %vpi_call 2 104 "$display", "===== t=%d FAILED, output does not match ======", $time {0 0 0};
    %vpi_call 2 105 "$display", "===== t=%d Expected value is %b, Actual value is %b =====", $time, 32'sb00000000000000000000000000000001, v0000012ca1962970_0 {0 0 0};
    %jmp T_0.17;
T_0.16 ;
    %vpi_call 2 108 "$display", "===== t=%d PASSED SUCCESSFULLY =====", $time {0 0 0};
T_0.17 ;
    %vpi_call 2 111 "$display", "===== A = 2'b11, B = 2'b11 =====" {0 0 0};
    %pushi/vec4 3, 0, 2;
    %store/vec4 v0000012ca1962dd0_0, 0, 2;
    %pushi/vec4 3, 0, 2;
    %store/vec4 v0000012ca1963190_0, 0, 2;
    %delay 1, 0;
    %load/vec4 v0000012ca19637d0_0;
    %pad/u 32;
    %cmpi/ne 1, 0, 32;
    %jmp/0xz  T_0.18, 4;
    %vpi_call 2 115 "$display", "===== t=%d FAILED, output does not match ======", $time {0 0 0};
    %vpi_call 2 116 "$display", "===== t=%d Expected value is %b, Actual value is %b =====", $time, 32'sb00000000000000000000000000000001, v0000012ca19637d0_0 {0 0 0};
    %jmp T_0.19;
T_0.18 ;
    %vpi_call 2 119 "$display", "===== t=%d PASSED SUCCESSFULLY =====", $time {0 0 0};
T_0.19 ;
    %end;
    .thread T_0;
# The file index is used to find the file name in the following table.
:file_names 4;
    "N/A";
    "<interactive>";
    "test_bench9.v";
    "comparator.v";
