#! /c/Source/iverilog-install/bin/vvp
:ivl_version "12.0 (devel)" "(s20150603-1110-g18392a46)";
:ivl_delay_selection "TYPICAL";
:vpi_time_precision + 0;
:vpi_module "C:\iverilog\lib\ivl\system.vpi";
:vpi_module "C:\iverilog\lib\ivl\vhdl_sys.vpi";
:vpi_module "C:\iverilog\lib\ivl\vhdl_textio.vpi";
:vpi_module "C:\iverilog\lib\ivl\v2005_math.vpi";
:vpi_module "C:\iverilog\lib\ivl\va_math.vpi";
S_000001ade8a2acf0 .scope module, "test_bench7" "test_bench7" 2 1;
 .timescale 0 0;
v000001ade8a73b70_0 .var "a", 0 0;
v000001ade8a74430_0 .var "b", 0 0;
v000001ade8a744d0_0 .net "behav_out", 0 0, v000001ade8a74610_0;  1 drivers
v000001ade8a73ad0_0 .net "data_out", 0 0, L_000001ade8a74570;  1 drivers
v000001ade8a74250_0 .net "gate_out", 0 0, L_000001ade8a69f70;  1 drivers
v000001ade8a73c10_0 .var "s", 0 0;
S_000001ade8a6f140 .scope module, "DUT" "mux2to1" 2 6, 3 1 0, S_000001ade8a2acf0;
 .timescale 0 0;
    .port_info 0 /INPUT 1 "a";
    .port_info 1 /INPUT 1 "b";
    .port_info 2 /INPUT 1 "s";
    .port_info 3 /OUTPUT 1 "gate_out";
    .port_info 4 /OUTPUT 1 "data_out";
    .port_info 5 /OUTPUT 1 "behav_out";
L_000001ade8a69f00 .functor NOT 1, v000001ade8a73c10_0, C4<0>, C4<0>, C4<0>;
L_000001ade8a698e0 .functor AND 1, L_000001ade8a69f00, v000001ade8a74430_0, C4<1>, C4<1>;
L_000001ade8a69b80 .functor AND 1, v000001ade8a73c10_0, v000001ade8a73b70_0, C4<1>, C4<1>;
L_000001ade8a69f70 .functor OR 1, L_000001ade8a698e0, L_000001ade8a69b80, C4<0>, C4<0>;
v000001ade8a737b0_0 .net "a", 0 0, v000001ade8a73b70_0;  1 drivers
v000001ade8a742f0_0 .net "b", 0 0, v000001ade8a74430_0;  1 drivers
v000001ade8a74610_0 .var "behav_out", 0 0;
v000001ade8a741b0_0 .net "data_out", 0 0, L_000001ade8a74570;  alias, 1 drivers
v000001ade8a74390_0 .net "f1", 0 0, L_000001ade8a698e0;  1 drivers
v000001ade8a73990_0 .net "f2", 0 0, L_000001ade8a69b80;  1 drivers
v000001ade8a73a30_0 .net "gate_out", 0 0, L_000001ade8a69f70;  alias, 1 drivers
v000001ade8a73cb0_0 .net "s", 0 0, v000001ade8a73c10_0;  1 drivers
v000001ade8a74110_0 .net "s_or", 0 0, L_000001ade8a69f00;  1 drivers
E_000001ade8a29c70 .event anyedge, v000001ade8a73cb0_0, v000001ade8a737b0_0, v000001ade8a742f0_0;
L_000001ade8a74570 .functor MUXZ 1, v000001ade8a74430_0, v000001ade8a73b70_0, v000001ade8a73c10_0, C4<>;
    .scope S_000001ade8a6f140;
T_0 ;
    %wait E_000001ade8a29c70;
    %load/vec4 v000001ade8a73cb0_0;
    %flag_set/vec4 8;
    %jmp/0xz  T_0.0, 8;
    %load/vec4 v000001ade8a737b0_0;
    %assign/vec4 v000001ade8a74610_0, 0;
    %jmp T_0.1;
T_0.0 ;
    %load/vec4 v000001ade8a742f0_0;
    %assign/vec4 v000001ade8a74610_0, 0;
T_0.1 ;
    %jmp T_0;
    .thread T_0, $push;
    .scope S_000001ade8a2acf0;
T_1 ;
    %vpi_call 2 9 "$dumpfile", "wave7.vcd" {0 0 0};
    %vpi_call 2 10 "$dumpvars", 32'sb00000000000000000000000000000000, S_000001ade8a2acf0 {0 0 0};
    %vpi_call 2 11 "$display", "===== Test MUX 2 to 1 =====" {0 0 0};
    %vpi_call 2 12 "$display", "====== A = 1, B = 0, S = 0  =======" {0 0 0};
    %pushi/vec4 1, 0, 1;
    %store/vec4 v000001ade8a73b70_0, 0, 1;
    %pushi/vec4 0, 0, 1;
    %store/vec4 v000001ade8a74430_0, 0, 1;
    %pushi/vec4 0, 0, 1;
    %store/vec4 v000001ade8a73c10_0, 0, 1;
    %delay 1, 0;
    %load/vec4 v000001ade8a73ad0_0;
    %load/vec4 v000001ade8a74430_0;
    %cmp/ne;
    %flag_mov 8, 4;
    %load/vec4 v000001ade8a74250_0;
    %load/vec4 v000001ade8a74430_0;
    %cmp/ne;
    %flag_or 4, 8;
    %flag_mov 8, 4;
    %load/vec4 v000001ade8a744d0_0;
    %load/vec4 v000001ade8a74430_0;
    %cmp/ne;
    %flag_or 4, 8;
    %jmp/0xz  T_1.0, 4;
    %vpi_call 2 16 "$display", "===== t=%d FAILED, output does not match =====", $time {0 0 0};
    %vpi_call 2 17 "$display", "===== t=%d Expected value is %b, Actual gate value is %b, Actual data value is %b, Actual behavioral value is %b =====", $time, v000001ade8a74430_0, v000001ade8a73ad0_0, v000001ade8a74250_0, v000001ade8a744d0_0 {0 0 0};
    %jmp T_1.1;
T_1.0 ;
    %vpi_call 2 20 "$display", "===== t=%d PASSED SUCCESSFULLY =====", $time {0 0 0};
T_1.1 ;
    %vpi_call 2 23 "$display", "====== A = 1, B = 0, S = 1  =======" {0 0 0};
    %pushi/vec4 1, 0, 1;
    %store/vec4 v000001ade8a73b70_0, 0, 1;
    %pushi/vec4 0, 0, 1;
    %store/vec4 v000001ade8a74430_0, 0, 1;
    %pushi/vec4 1, 0, 1;
    %store/vec4 v000001ade8a73c10_0, 0, 1;
    %delay 1, 0;
    %load/vec4 v000001ade8a73ad0_0;
    %load/vec4 v000001ade8a73b70_0;
    %cmp/ne;
    %flag_mov 8, 4;
    %load/vec4 v000001ade8a74250_0;
    %load/vec4 v000001ade8a73b70_0;
    %cmp/ne;
    %flag_or 4, 8;
    %flag_mov 8, 4;
    %load/vec4 v000001ade8a744d0_0;
    %load/vec4 v000001ade8a73b70_0;
    %cmp/ne;
    %flag_or 4, 8;
    %jmp/0xz  T_1.2, 4;
    %vpi_call 2 27 "$display", "===== t=%d FAILED, output does not match =====", $time {0 0 0};
    %vpi_call 2 28 "$display", "===== t=%d Expected value is %b, Actual gate value is %b, Actual data value is %b, Actual behavioral value is %b =====", $time, v000001ade8a73b70_0, v000001ade8a73ad0_0, v000001ade8a74250_0, v000001ade8a744d0_0 {0 0 0};
    %jmp T_1.3;
T_1.2 ;
    %vpi_call 2 31 "$display", "===== t=%d PASSED SUCCESSFULLY =====", $time {0 0 0};
T_1.3 ;
    %vpi_call 2 34 "$display", "====== A = 0, B = 1, S = 0  =======" {0 0 0};
    %pushi/vec4 0, 0, 1;
    %store/vec4 v000001ade8a73b70_0, 0, 1;
    %pushi/vec4 1, 0, 1;
    %store/vec4 v000001ade8a74430_0, 0, 1;
    %pushi/vec4 0, 0, 1;
    %store/vec4 v000001ade8a73c10_0, 0, 1;
    %delay 1, 0;
    %load/vec4 v000001ade8a73ad0_0;
    %load/vec4 v000001ade8a74430_0;
    %cmp/ne;
    %flag_mov 8, 4;
    %load/vec4 v000001ade8a74250_0;
    %load/vec4 v000001ade8a74430_0;
    %cmp/ne;
    %flag_or 4, 8;
    %flag_mov 8, 4;
    %load/vec4 v000001ade8a744d0_0;
    %load/vec4 v000001ade8a74430_0;
    %cmp/ne;
    %flag_or 4, 8;
    %jmp/0xz  T_1.4, 4;
    %vpi_call 2 38 "$display", "===== t=%d FAILED, output does not match =====", $time {0 0 0};
    %vpi_call 2 39 "$display", "===== t=%d Expected value is %b, Actual gate value is %b, Actual data value is %b, Actual behavioral value is %b =====", $time, v000001ade8a74430_0, v000001ade8a73ad0_0, v000001ade8a74250_0, v000001ade8a744d0_0 {0 0 0};
    %jmp T_1.5;
T_1.4 ;
    %vpi_call 2 42 "$display", "===== t=%d PASSED SUCCESSFULLY =====", $time {0 0 0};
T_1.5 ;
    %vpi_call 2 45 "$display", "====== A = 0, B = 1, S = 1  =======" {0 0 0};
    %pushi/vec4 0, 0, 1;
    %store/vec4 v000001ade8a73b70_0, 0, 1;
    %pushi/vec4 1, 0, 1;
    %store/vec4 v000001ade8a74430_0, 0, 1;
    %pushi/vec4 1, 0, 1;
    %store/vec4 v000001ade8a73c10_0, 0, 1;
    %delay 1, 0;
    %load/vec4 v000001ade8a73ad0_0;
    %load/vec4 v000001ade8a73b70_0;
    %cmp/ne;
    %flag_mov 8, 4;
    %load/vec4 v000001ade8a74250_0;
    %load/vec4 v000001ade8a73b70_0;
    %cmp/ne;
    %flag_or 4, 8;
    %flag_mov 8, 4;
    %load/vec4 v000001ade8a744d0_0;
    %load/vec4 v000001ade8a73b70_0;
    %cmp/ne;
    %flag_or 4, 8;
    %jmp/0xz  T_1.6, 4;
    %vpi_call 2 49 "$display", "===== t=%d FAILED, output does not match =====", $time {0 0 0};
    %vpi_call 2 50 "$display", "===== t=%d Expected value is %b, Actual gate value is %b, Actual data value is %b, Actual behavioral value is %b =====", $time, v000001ade8a73b70_0, v000001ade8a73ad0_0, v000001ade8a74250_0, v000001ade8a744d0_0 {0 0 0};
    %jmp T_1.7;
T_1.6 ;
    %vpi_call 2 53 "$display", "===== t=%d PASSED SUCCESSFULLY =====", $time {0 0 0};
T_1.7 ;
    %delay 1, 0;
    %vpi_call 2 56 "$finish" {0 0 0};
    %end;
    .thread T_1;
# The file index is used to find the file name in the following table.
:file_names 4;
    "N/A";
    "<interactive>";
    "test_bench7.v";
    "mux2to1.v";
