#! /c/Source/iverilog-install/bin/vvp
:ivl_version "12.0 (devel)" "(s20150603-1110-g18392a46)";
:ivl_delay_selection "TYPICAL";
:vpi_time_precision + 0;
:vpi_module "C:\iverilog\lib\ivl\system.vpi";
:vpi_module "C:\iverilog\lib\ivl\vhdl_sys.vpi";
:vpi_module "C:\iverilog\lib\ivl\vhdl_textio.vpi";
:vpi_module "C:\iverilog\lib\ivl\v2005_math.vpi";
:vpi_module "C:\iverilog\lib\ivl\va_math.vpi";
S_000001e3f2ae46d0 .scope module, "test_bench9" "test_bench9" 2 1;
 .timescale 0 0;
v000001e3f2b57c50_0 .var "a", 1 0;
v000001e3f2b58010_0 .var "b", 1 0;
v000001e3f2b571b0_0 .net "e", 0 0, L_000001e3f2b577f0;  1 drivers
v000001e3f2b57a70_0 .net "g_a", 0 0, L_000001e3f2b59e80;  1 drivers
v000001e3f2b57890_0 .net "l_a", 0 0, L_000001e3f2b58d00;  1 drivers
S_000001e3f2b035b0 .scope module, "DUT" "comparator" 2 6, 3 1 0, S_000001e3f2ae46d0;
 .timescale 0 0;
    .port_info 0 /INPUT 2 "a";
    .port_info 1 /INPUT 2 "b";
    .port_info 2 /OUTPUT 1 "e";
    .port_info 3 /OUTPUT 1 "g_a";
    .port_info 4 /OUTPUT 1 "l_a";
v000001e3f2ab2d30_0 .net *"_ivl_0", 0 0, L_000001e3f2b57250;  1 drivers
v000001e3f2ae6020_0 .net *"_ivl_10", 0 0, L_000001e3f2b57750;  1 drivers
L_000001e3f2ba0118 .functor BUFT 1, C4<01>, C4<0>, C4<0>, C4<0>;
v000001e3f2b57cf0_0 .net/2s *"_ivl_12", 1 0, L_000001e3f2ba0118;  1 drivers
L_000001e3f2ba0160 .functor BUFT 1, C4<00>, C4<0>, C4<0>, C4<0>;
v000001e3f2b574d0_0 .net/2s *"_ivl_14", 1 0, L_000001e3f2ba0160;  1 drivers
v000001e3f2b57110_0 .net *"_ivl_16", 1 0, L_000001e3f2b57930;  1 drivers
L_000001e3f2ba0088 .functor BUFT 1, C4<01>, C4<0>, C4<0>, C4<0>;
v000001e3f2b57430_0 .net/2s *"_ivl_2", 1 0, L_000001e3f2ba0088;  1 drivers
v000001e3f2b57d90_0 .net *"_ivl_20", 0 0, L_000001e3f2b59520;  1 drivers
L_000001e3f2ba01a8 .functor BUFT 1, C4<01>, C4<0>, C4<0>, C4<0>;
v000001e3f2b57e30_0 .net/2s *"_ivl_22", 1 0, L_000001e3f2ba01a8;  1 drivers
L_000001e3f2ba01f0 .functor BUFT 1, C4<00>, C4<0>, C4<0>, C4<0>;
v000001e3f2b57610_0 .net/2s *"_ivl_24", 1 0, L_000001e3f2ba01f0;  1 drivers
v000001e3f2b57390_0 .net *"_ivl_26", 1 0, L_000001e3f2b59c00;  1 drivers
L_000001e3f2ba00d0 .functor BUFT 1, C4<00>, C4<0>, C4<0>, C4<0>;
v000001e3f2b57b10_0 .net/2s *"_ivl_4", 1 0, L_000001e3f2ba00d0;  1 drivers
v000001e3f2b57ed0_0 .net *"_ivl_6", 1 0, L_000001e3f2b576b0;  1 drivers
v000001e3f2b57bb0_0 .net "a", 1 0, v000001e3f2b57c50_0;  1 drivers
v000001e3f2b579d0_0 .net "b", 1 0, v000001e3f2b58010_0;  1 drivers
v000001e3f2b57f70_0 .net "e", 0 0, L_000001e3f2b577f0;  alias, 1 drivers
v000001e3f2b572f0_0 .net "g_a", 0 0, L_000001e3f2b59e80;  alias, 1 drivers
v000001e3f2b57570_0 .net "l_a", 0 0, L_000001e3f2b58d00;  alias, 1 drivers
L_000001e3f2b57250 .cmp/eq 2, v000001e3f2b57c50_0, v000001e3f2b58010_0;
L_000001e3f2b576b0 .functor MUXZ 2, L_000001e3f2ba00d0, L_000001e3f2ba0088, L_000001e3f2b57250, C4<>;
L_000001e3f2b577f0 .part L_000001e3f2b576b0, 0, 1;
L_000001e3f2b57750 .cmp/gt 2, v000001e3f2b57c50_0, v000001e3f2b58010_0;
L_000001e3f2b57930 .functor MUXZ 2, L_000001e3f2ba0160, L_000001e3f2ba0118, L_000001e3f2b57750, C4<>;
L_000001e3f2b59e80 .part L_000001e3f2b57930, 0, 1;
L_000001e3f2b59520 .cmp/gt 2, v000001e3f2b58010_0, v000001e3f2b57c50_0;
L_000001e3f2b59c00 .functor MUXZ 2, L_000001e3f2ba01f0, L_000001e3f2ba01a8, L_000001e3f2b59520, C4<>;
L_000001e3f2b58d00 .part L_000001e3f2b59c00, 0, 1;
    .scope S_000001e3f2ae46d0;
T_0 ;
    %vpi_call 2 9 "$dumpfile", "wave.vcd" {0 0 0};
    %vpi_call 2 10 "$dumpvars", 32'sb00000000000000000000000000000000, S_000001e3f2ae46d0 {0 0 0};
    %vpi_call 2 11 "$display", "===== Test Comparator =====" {0 0 0};
    %vpi_call 2 12 "$display", "===== A = 2'b00, B = 2'b00 =====" {0 0 0};
    %pushi/vec4 0, 0, 2;
    %store/vec4 v000001e3f2b57c50_0, 0, 2;
    %pushi/vec4 0, 0, 2;
    %store/vec4 v000001e3f2b58010_0, 0, 2;
    %delay 1, 0;
    %load/vec4 v000001e3f2b571b0_0;
    %pad/u 32;
    %cmpi/ne 1, 0, 32;
    %jmp/0xz  T_0.0, 4;
    %vpi_call 2 16 "$display", "===== t=%d FAILED, output does not match ======", $time {0 0 0};
    %vpi_call 2 17 "$display", "===== t=%d Expected value is %b, Actual value is %b =====", $time, 32'sb00000000000000000000000000000001, v000001e3f2b571b0_0 {0 0 0};
    %jmp T_0.1;
T_0.0 ;
    %vpi_call 2 20 "$display", "===== t=%d PASSED SUCCESSFULLY =====", $time {0 0 0};
T_0.1 ;
    %vpi_call 2 23 "$display", "===== A = 2'b01, B = 2'b00 =====" {0 0 0};
    %pushi/vec4 1, 0, 2;
    %store/vec4 v000001e3f2b57c50_0, 0, 2;
    %pushi/vec4 0, 0, 2;
    %store/vec4 v000001e3f2b58010_0, 0, 2;
    %delay 1, 0;
    %load/vec4 v000001e3f2b57a70_0;
    %pad/u 32;
    %cmpi/ne 1, 0, 32;
    %jmp/0xz  T_0.2, 4;
    %vpi_call 2 27 "$display", "===== t=%d FAILED, output does not match ======", $time {0 0 0};
    %vpi_call 2 28 "$display", "===== t=%d Expected value is %b, Actual value is %b =====", $time, 32'sb00000000000000000000000000000001, v000001e3f2b57a70_0 {0 0 0};
    %jmp T_0.3;
T_0.2 ;
    %vpi_call 2 31 "$display", "===== t=%d PASSED SUCCESSFULLY =====", $time {0 0 0};
T_0.3 ;
    %vpi_call 2 34 "$display", "===== A = 2'b00, B = 2'b01 =====" {0 0 0};
    %pushi/vec4 0, 0, 2;
    %store/vec4 v000001e3f2b57c50_0, 0, 2;
    %pushi/vec4 1, 0, 2;
    %store/vec4 v000001e3f2b58010_0, 0, 2;
    %delay 1, 0;
    %load/vec4 v000001e3f2b57890_0;
    %pad/u 32;
    %cmpi/ne 1, 0, 32;
    %jmp/0xz  T_0.4, 4;
    %vpi_call 2 38 "$display", "===== t=%d FAILED, output does not match ======", $time {0 0 0};
    %vpi_call 2 39 "$display", "===== t=%d Expected value is %b, Actual value is %b =====", $time, 32'sb00000000000000000000000000000001, v000001e3f2b57890_0 {0 0 0};
    %jmp T_0.5;
T_0.4 ;
    %vpi_call 2 42 "$display", "===== t=%d PASSED SUCCESSFULLY =====", $time {0 0 0};
T_0.5 ;
    %vpi_call 2 45 "$display", "===== A = 2'b01, B = 2'b01 =====" {0 0 0};
    %pushi/vec4 1, 0, 2;
    %store/vec4 v000001e3f2b57c50_0, 0, 2;
    %pushi/vec4 1, 0, 2;
    %store/vec4 v000001e3f2b58010_0, 0, 2;
    %delay 1, 0;
    %load/vec4 v000001e3f2b571b0_0;
    %pad/u 32;
    %cmpi/ne 1, 0, 32;
    %jmp/0xz  T_0.6, 4;
    %vpi_call 2 49 "$display", "===== t=%d FAILED, output does not match ======", $time {0 0 0};
    %vpi_call 2 50 "$display", "===== t=%d Expected value is %b, Actual value is %b =====", $time, 32'sb00000000000000000000000000000001, v000001e3f2b571b0_0 {0 0 0};
    %jmp T_0.7;
T_0.6 ;
    %vpi_call 2 53 "$display", "===== t=%d PASSED SUCCESSFULLY =====", $time {0 0 0};
T_0.7 ;
    %vpi_call 2 56 "$display", "===== A = 2'b10, B = 2'b01 =====" {0 0 0};
    %pushi/vec4 2, 0, 2;
    %store/vec4 v000001e3f2b57c50_0, 0, 2;
    %pushi/vec4 1, 0, 2;
    %store/vec4 v000001e3f2b58010_0, 0, 2;
    %delay 1, 0;
    %load/vec4 v000001e3f2b57a70_0;
    %pad/u 32;
    %cmpi/ne 1, 0, 32;
    %jmp/0xz  T_0.8, 4;
    %vpi_call 2 60 "$display", "===== t=%d FAILED, output does not match ======", $time {0 0 0};
    %vpi_call 2 61 "$display", "===== t=%d Expected value is %b, Actual value is %b =====", $time, 32'sb00000000000000000000000000000001, v000001e3f2b57a70_0 {0 0 0};
    %jmp T_0.9;
T_0.8 ;
    %vpi_call 2 64 "$display", "===== t=%d PASSED SUCCESSFULLY =====", $time {0 0 0};
T_0.9 ;
    %vpi_call 2 67 "$display", "===== A = 2'b01, B = 2'b10 =====" {0 0 0};
    %pushi/vec4 1, 0, 2;
    %store/vec4 v000001e3f2b57c50_0, 0, 2;
    %pushi/vec4 2, 0, 2;
    %store/vec4 v000001e3f2b58010_0, 0, 2;
    %delay 1, 0;
    %load/vec4 v000001e3f2b57890_0;
    %pad/u 32;
    %cmpi/ne 1, 0, 32;
    %jmp/0xz  T_0.10, 4;
    %vpi_call 2 71 "$display", "===== t=%d FAILED, output does not match ======", $time {0 0 0};
    %vpi_call 2 72 "$display", "===== t=%d Expected value is %b, Actual value is %b =====", $time, 32'sb00000000000000000000000000000001, v000001e3f2b57890_0 {0 0 0};
    %jmp T_0.11;
T_0.10 ;
    %vpi_call 2 75 "$display", "===== t=%d PASSED SUCCESSFULLY =====", $time {0 0 0};
T_0.11 ;
    %vpi_call 2 78 "$display", "===== A = 2'b10, B = 2'b10 =====" {0 0 0};
    %pushi/vec4 2, 0, 2;
    %store/vec4 v000001e3f2b57c50_0, 0, 2;
    %pushi/vec4 2, 0, 2;
    %store/vec4 v000001e3f2b58010_0, 0, 2;
    %delay 1, 0;
    %load/vec4 v000001e3f2b571b0_0;
    %pad/u 32;
    %cmpi/ne 1, 0, 32;
    %jmp/0xz  T_0.12, 4;
    %vpi_call 2 82 "$display", "===== t=%d FAILED, output does not match ======", $time {0 0 0};
    %vpi_call 2 83 "$display", "===== t=%d Expected value is %b, Actual value is %b =====", $time, 32'sb00000000000000000000000000000001, v000001e3f2b571b0_0 {0 0 0};
    %jmp T_0.13;
T_0.12 ;
    %vpi_call 2 86 "$display", "===== t=%d PASSED SUCCESSFULLY =====", $time {0 0 0};
T_0.13 ;
    %vpi_call 2 89 "$display", "===== A = 2'b11, B = 2'b10 =====" {0 0 0};
    %pushi/vec4 3, 0, 2;
    %store/vec4 v000001e3f2b57c50_0, 0, 2;
    %pushi/vec4 2, 0, 2;
    %store/vec4 v000001e3f2b58010_0, 0, 2;
    %delay 1, 0;
    %load/vec4 v000001e3f2b57a70_0;
    %pad/u 32;
    %cmpi/ne 1, 0, 32;
    %jmp/0xz  T_0.14, 4;
    %vpi_call 2 93 "$display", "===== t=%d FAILED, output does not match ======", $time {0 0 0};
    %vpi_call 2 94 "$display", "===== t=%d Expected value is %b, Actual value is %b =====", $time, 32'sb00000000000000000000000000000001, v000001e3f2b57a70_0 {0 0 0};
    %jmp T_0.15;
T_0.14 ;
    %vpi_call 2 97 "$display", "===== t=%d PASSED SUCCESSFULLY =====", $time {0 0 0};
T_0.15 ;
    %vpi_call 2 100 "$display", "===== A = 2'b10, B = 2'b11 =====" {0 0 0};
    %pushi/vec4 2, 0, 2;
    %store/vec4 v000001e3f2b57c50_0, 0, 2;
    %pushi/vec4 3, 0, 2;
    %store/vec4 v000001e3f2b58010_0, 0, 2;
    %delay 1, 0;
    %load/vec4 v000001e3f2b57890_0;
    %pad/u 32;
    %cmpi/ne 1, 0, 32;
    %jmp/0xz  T_0.16, 4;
    %vpi_call 2 104 "$display", "===== t=%d FAILED, output does not match ======", $time {0 0 0};
    %vpi_call 2 105 "$display", "===== t=%d Expected value is %b, Actual value is %b =====", $time, 32'sb00000000000000000000000000000001, v000001e3f2b57890_0 {0 0 0};
    %jmp T_0.17;
T_0.16 ;
    %vpi_call 2 108 "$display", "===== t=%d PASSED SUCCESSFULLY =====", $time {0 0 0};
T_0.17 ;
    %vpi_call 2 111 "$display", "===== A = 2'b11, B = 2'b11 =====" {0 0 0};
    %pushi/vec4 3, 0, 2;
    %store/vec4 v000001e3f2b57c50_0, 0, 2;
    %pushi/vec4 3, 0, 2;
    %store/vec4 v000001e3f2b58010_0, 0, 2;
    %delay 1, 0;
    %load/vec4 v000001e3f2b571b0_0;
    %pad/u 32;
    %cmpi/ne 1, 0, 32;
    %jmp/0xz  T_0.18, 4;
    %vpi_call 2 115 "$display", "===== t=%d FAILED, output does not match ======", $time {0 0 0};
    %vpi_call 2 116 "$display", "===== t=%d Expected value is %b, Actual value is %b =====", $time, 32'sb00000000000000000000000000000001, v000001e3f2b571b0_0 {0 0 0};
    %jmp T_0.19;
T_0.18 ;
    %vpi_call 2 119 "$display", "===== t=%d PASSED SUCCESSFULLY =====", $time {0 0 0};
T_0.19 ;
    %vpi_call 2 122 "$display", "===== A = 2'b11, B = 2'b01 =====" {0 0 0};
    %pushi/vec4 3, 0, 2;
    %store/vec4 v000001e3f2b57c50_0, 0, 2;
    %pushi/vec4 1, 0, 2;
    %store/vec4 v000001e3f2b58010_0, 0, 2;
    %delay 1, 0;
    %load/vec4 v000001e3f2b57a70_0;
    %pad/u 32;
    %cmpi/ne 1, 0, 32;
    %jmp/0xz  T_0.20, 4;
    %vpi_call 2 126 "$display", "===== t=%d FAILED, output does not match ======", $time {0 0 0};
    %vpi_call 2 127 "$display", "===== t=%d Expected value is %b, Actual value is %b =====", $time, 32'sb00000000000000000000000000000001, v000001e3f2b57a70_0 {0 0 0};
    %jmp T_0.21;
T_0.20 ;
    %vpi_call 2 130 "$display", "===== t=%d PASSED SUCCESSFULLY =====", $time {0 0 0};
T_0.21 ;
    %end;
    .thread T_0;
# The file index is used to find the file name in the following table.
:file_names 4;
    "N/A";
    "<interactive>";
    "../tb/test_bench9.v";
    "../rtl/comparator.v";
