#! /c/Source/iverilog-install/bin/vvp
:ivl_version "12.0 (devel)" "(s20150603-1110-g18392a46)";
:ivl_delay_selection "TYPICAL";
:vpi_time_precision + 0;
:vpi_module "C:\iverilog\lib\ivl\system.vpi";
:vpi_module "C:\iverilog\lib\ivl\vhdl_sys.vpi";
:vpi_module "C:\iverilog\lib\ivl\vhdl_textio.vpi";
:vpi_module "C:\iverilog\lib\ivl\v2005_math.vpi";
:vpi_module "C:\iverilog\lib\ivl\va_math.vpi";
S_00000208b3169b40 .scope module, "test_bench" "test_bench" 2 1;
 .timescale 0 0;
v00000208b3182570_0 .var "J", 0 0;
v00000208b3182610_0 .var "K", 0 0;
v00000208b31826b0_0 .net "Q", 0 0, v00000208b3169e60_0;  1 drivers
v00000208b3182750_0 .var "clk", 0 0;
S_00000208b3169cd0 .scope module, "DUT" "jk_ff" 2 7, 3 1 0, S_00000208b3169b40;
 .timescale 0 0;
    .port_info 0 /INPUT 1 "clk";
    .port_info 1 /INPUT 1 "J";
    .port_info 2 /INPUT 1 "K";
    .port_info 3 /OUTPUT 1 "Q";
v00000208b3182b60_0 .net "J", 0 0, v00000208b3182570_0;  1 drivers
v00000208b316b3e0_0 .net "K", 0 0, v00000208b3182610_0;  1 drivers
v00000208b3169e60_0 .var "Q", 0 0;
v00000208b31824d0_0 .net "clk", 0 0, v00000208b3182750_0;  1 drivers
E_00000208b3167b10 .event posedge, v00000208b31824d0_0;
    .scope S_00000208b3169cd0;
T_0 ;
    %wait E_00000208b3167b10;
    %load/vec4 v00000208b3182b60_0;
    %load/vec4 v00000208b316b3e0_0;
    %concat/vec4; draw_concat_vec4
    %dup/vec4;
    %pushi/vec4 0, 0, 2;
    %cmp/u;
    %jmp/1 T_0.0, 6;
    %dup/vec4;
    %pushi/vec4 1, 0, 2;
    %cmp/u;
    %jmp/1 T_0.1, 6;
    %dup/vec4;
    %pushi/vec4 2, 0, 2;
    %cmp/u;
    %jmp/1 T_0.2, 6;
    %dup/vec4;
    %pushi/vec4 3, 0, 2;
    %cmp/u;
    %jmp/1 T_0.3, 6;
    %jmp T_0.4;
T_0.0 ;
    %load/vec4 v00000208b3169e60_0;
    %assign/vec4 v00000208b3169e60_0, 0;
    %jmp T_0.4;
T_0.1 ;
    %pushi/vec4 0, 0, 1;
    %assign/vec4 v00000208b3169e60_0, 0;
    %jmp T_0.4;
T_0.2 ;
    %pushi/vec4 1, 0, 1;
    %assign/vec4 v00000208b3169e60_0, 0;
    %jmp T_0.4;
T_0.3 ;
    %load/vec4 v00000208b3169e60_0;
    %inv;
    %assign/vec4 v00000208b3169e60_0, 0;
    %jmp T_0.4;
T_0.4 ;
    %pop/vec4 1;
    %jmp T_0;
    .thread T_0;
    .scope S_00000208b3169b40;
T_1 ;
    %pushi/vec4 0, 0, 1;
    %store/vec4 v00000208b3182750_0, 0, 1;
T_1.0 ;
    %delay 25, 0;
    %load/vec4 v00000208b3182750_0;
    %inv;
    %store/vec4 v00000208b3182750_0, 0, 1;
    %jmp T_1.0;
    %end;
    .thread T_1;
    .scope S_00000208b3169b40;
T_2 ;
    %vpi_call 2 15 "$dumpfile", "wave.vcd" {0 0 0};
    %vpi_call 2 16 "$dumpvars", 32'sb00000000000000000000000000000000, S_00000208b3169b40 {0 0 0};
    %vpi_call 2 17 "$display", "===== SR Flip Flop Testbench =====" {0 0 0};
    %vpi_call 2 18 "$monitor", "===== With J = %b, K = %b =====", v00000208b3182570_0, v00000208b3182610_0 {0 0 0};
    %pushi/vec4 0, 0, 1;
    %store/vec4 v00000208b3182570_0, 0, 1;
    %pushi/vec4 0, 0, 1;
    %store/vec4 v00000208b3182610_0, 0, 1;
    %wait E_00000208b3167b10;
    %delay 1, 0;
    %load/vec4 v00000208b31826b0_0;
    %pad/u 32;
    %cmpi/ne 0, 0, 32;
    %jmp/0xz  T_2.0, 4;
    %vpi_call 2 23 "$display", "===== t=%d FAILED, output does not match =====", $time {0 0 0};
    %vpi_call 2 24 "$display", "===== t=%d Expected value is %b, Actual value is %b =====", $time, 32'sb00000000000000000000000000000000, v00000208b31826b0_0 {0 0 0};
    %jmp T_2.1;
T_2.0 ;
    %vpi_call 2 27 "$display", "===== t=%d PASSED SUCCESSFULLY =====", $time {0 0 0};
T_2.1 ;
    %delay 50, 0;
    %pushi/vec4 0, 0, 1;
    %store/vec4 v00000208b3182570_0, 0, 1;
    %pushi/vec4 1, 0, 1;
    %store/vec4 v00000208b3182610_0, 0, 1;
    %wait E_00000208b3167b10;
    %delay 1, 0;
    %load/vec4 v00000208b31826b0_0;
    %pad/u 32;
    %cmpi/ne 0, 0, 32;
    %jmp/0xz  T_2.2, 4;
    %vpi_call 2 35 "$display", "===== t=%d FAILED, output does not match =====", $time {0 0 0};
    %vpi_call 2 36 "$display", "===== t=%d Expected value is %b, Actual value is %b =====", $time, 32'sb00000000000000000000000000000000, v00000208b31826b0_0 {0 0 0};
    %jmp T_2.3;
T_2.2 ;
    %vpi_call 2 39 "$display", "===== t=%d PASSED SUCCESSFULLY =====", $time {0 0 0};
T_2.3 ;
    %delay 50, 0;
    %pushi/vec4 1, 0, 1;
    %store/vec4 v00000208b3182570_0, 0, 1;
    %pushi/vec4 0, 0, 1;
    %store/vec4 v00000208b3182610_0, 0, 1;
    %wait E_00000208b3167b10;
    %delay 1, 0;
    %load/vec4 v00000208b31826b0_0;
    %pad/u 32;
    %cmpi/ne 1, 0, 32;
    %jmp/0xz  T_2.4, 4;
    %vpi_call 2 46 "$display", "===== t=%d FAILED, output does not match =====", $time {0 0 0};
    %vpi_call 2 47 "$display", "===== t=%d Expected value is %b, Actual value is %b =====", $time, 32'sb00000000000000000000000000000001, v00000208b31826b0_0 {0 0 0};
    %jmp T_2.5;
T_2.4 ;
    %vpi_call 2 50 "$display", "===== t=%d PASSED SUCCESSFULLY =====", $time {0 0 0};
T_2.5 ;
    %delay 50, 0;
    %pushi/vec4 1, 0, 1;
    %store/vec4 v00000208b3182570_0, 0, 1;
    %pushi/vec4 1, 0, 1;
    %store/vec4 v00000208b3182610_0, 0, 1;
    %wait E_00000208b3167b10;
    %delay 1, 0;
    %load/vec4 v00000208b31826b0_0;
    %pad/u 32;
    %cmpi/ne 0, 0, 32;
    %jmp/0xz  T_2.6, 4;
    %vpi_call 2 57 "$display", "===== t=%d FAILED, output does not match =====", $time {0 0 0};
    %vpi_call 2 58 "$display", "===== t=%d Expected value is %b, Actual value is %b =====", $time, 32'sb00000000000000000000000000000000, v00000208b31826b0_0 {0 0 0};
    %jmp T_2.7;
T_2.6 ;
    %vpi_call 2 61 "$display", "===== t=%d PASSED SUCCESSFULLY =====", $time {0 0 0};
T_2.7 ;
    %delay 10, 0;
    %vpi_call 2 65 "$finish" {0 0 0};
    %end;
    .thread T_2;
# The file index is used to find the file name in the following table.
:file_names 4;
    "N/A";
    "<interactive>";
    "../tb/test_bench.v";
    "../rtl/jk_ff.v";
