#! /c/Source/iverilog-install/bin/vvp
:ivl_version "12.0 (devel)" "(s20150603-1110-g18392a46)";
:ivl_delay_selection "TYPICAL";
:vpi_time_precision + 0;
:vpi_module "C:\iverilog\lib\ivl\system.vpi";
:vpi_module "C:\iverilog\lib\ivl\vhdl_sys.vpi";
:vpi_module "C:\iverilog\lib\ivl\vhdl_textio.vpi";
:vpi_module "C:\iverilog\lib\ivl\v2005_math.vpi";
:vpi_module "C:\iverilog\lib\ivl\va_math.vpi";
S_00000226f48bab40 .scope module, "test_bench4" "test_bench4" 2 1;
 .timescale 0 0;
v00000226f48baf00_0 .var "a", 0 0;
v00000226f49c3db0_0 .var "b", 0 0;
v00000226f49c3f90_0 .net "behav_out_a", 0 0, v00000226f48ba950_0;  1 drivers
v00000226f49c40d0_0 .net "behav_out_b", 0 0, v00000226f48bd240_0;  1 drivers
v00000226f49c43f0_0 .net "data_out_a", 0 0, L_00000226f4942540;  1 drivers
v00000226f49c4490_0 .net "data_out_b", 0 0, L_00000226f49c4e00;  1 drivers
v00000226f49c4530_0 .net "gate_out_a", 0 0, L_00000226f4943000;  1 drivers
v00000226f49c45d0_0 .net "gate_out_b", 0 0, L_00000226f49424d0;  1 drivers
S_00000226f48bacd0 .scope module, "DUT" "not_gate" 2 7, 3 1 0, S_00000226f48bab40;
 .timescale 0 0;
    .port_info 0 /INPUT 1 "a";
    .port_info 1 /INPUT 1 "b";
    .port_info 2 /OUTPUT 1 "gate_out_a";
    .port_info 3 /OUTPUT 1 "data_out_a";
    .port_info 4 /OUTPUT 1 "behav_out_a";
    .port_info 5 /OUTPUT 1 "gate_out_b";
    .port_info 6 /OUTPUT 1 "data_out_b";
    .port_info 7 /OUTPUT 1 "behav_out_b";
L_00000226f4943000 .functor NOT 1, v00000226f48baf00_0, C4<0>, C4<0>, C4<0>;
L_00000226f49424d0 .functor NOT 1, v00000226f49c3db0_0, C4<0>, C4<0>, C4<0>;
L_00000226f4942540 .functor NOT 1, v00000226f48baf00_0, C4<0>, C4<0>, C4<0>;
L_00000226f49c4e00 .functor NOT 1, v00000226f49c3db0_0, C4<0>, C4<0>, C4<0>;
v00000226f4942ba0_0 .net "a", 0 0, v00000226f48baf00_0;  1 drivers
v00000226f4942dc0_0 .net "b", 0 0, v00000226f49c3db0_0;  1 drivers
v00000226f48ba950_0 .var "behav_out_a", 0 0;
v00000226f48bd240_0 .var "behav_out_b", 0 0;
v00000226f4975560_0 .net "data_out_a", 0 0, L_00000226f4942540;  alias, 1 drivers
v00000226f4967450_0 .net "data_out_b", 0 0, L_00000226f49c4e00;  alias, 1 drivers
v00000226f49674f0_0 .net "gate_out_a", 0 0, L_00000226f4943000;  alias, 1 drivers
v00000226f48bae60_0 .net "gate_out_b", 0 0, L_00000226f49424d0;  alias, 1 drivers
E_00000226f4979500 .event anyedge, v00000226f4942dc0_0;
E_00000226f4979f00 .event anyedge, v00000226f4942ba0_0;
    .scope S_00000226f48bacd0;
T_0 ;
    %wait E_00000226f4979f00;
    %load/vec4 v00000226f4942ba0_0;
    %inv;
    %store/vec4 v00000226f48ba950_0, 0, 1;
    %jmp T_0;
    .thread T_0, $push;
    .scope S_00000226f48bacd0;
T_1 ;
    %wait E_00000226f4979500;
    %load/vec4 v00000226f4942dc0_0;
    %inv;
    %store/vec4 v00000226f48bd240_0, 0, 1;
    %jmp T_1;
    .thread T_1, $push;
    .scope S_00000226f48bab40;
T_2 ;
    %vpi_call 2 10 "$dumpfile", "wave4.vcd" {0 0 0};
    %vpi_call 2 11 "$dumpvars", 32'sb00000000000000000000000000000000, S_00000226f48bab40 {0 0 0};
    %vpi_call 2 12 "$display", "===== NOT Gate Testbench =====" {0 0 0};
    %vpi_call 2 13 "$monitor", "t=%0d | A=%b -> Gate=%b Dataflow=%b behavioral=%b | B=%b -> Gate=%b Dataflow=%b Behavioral=%b", $time, v00000226f48baf00_0, v00000226f49c4530_0, v00000226f49c43f0_0, v00000226f49c3f90_0, v00000226f49c3db0_0, v00000226f49c45d0_0, v00000226f49c4490_0, v00000226f49c40d0_0 {0 0 0};
    %vpi_call 2 15 "$display", "===== A = 0, B = 0 =====" {0 0 0};
    %pushi/vec4 0, 0, 1;
    %store/vec4 v00000226f48baf00_0, 0, 1;
    %pushi/vec4 0, 0, 1;
    %store/vec4 v00000226f49c3db0_0, 0, 1;
    %delay 1, 0;
    %vpi_call 2 18 "$display", "===== A = 0, B = 1 =====" {0 0 0};
    %pushi/vec4 0, 0, 1;
    %store/vec4 v00000226f48baf00_0, 0, 1;
    %pushi/vec4 1, 0, 1;
    %store/vec4 v00000226f49c3db0_0, 0, 1;
    %delay 1, 0;
    %vpi_call 2 21 "$display", "===== A = 1, B = 0 =====" {0 0 0};
    %pushi/vec4 1, 0, 1;
    %store/vec4 v00000226f48baf00_0, 0, 1;
    %pushi/vec4 0, 0, 1;
    %store/vec4 v00000226f49c3db0_0, 0, 1;
    %delay 1, 0;
    %vpi_call 2 24 "$display", "===== A = 1, B = 1 =====" {0 0 0};
    %pushi/vec4 1, 0, 1;
    %store/vec4 v00000226f48baf00_0, 0, 1;
    %pushi/vec4 1, 0, 1;
    %store/vec4 v00000226f49c3db0_0, 0, 1;
    %delay 1, 0;
    %vpi_call 2 27 "$finish" {0 0 0};
    %end;
    .thread T_2;
# The file index is used to find the file name in the following table.
:file_names 4;
    "N/A";
    "<interactive>";
    "test_bench4.v";
    "not_gate.v";
