#! /c/Source/iverilog-install/bin/vvp
:ivl_version "12.0 (devel)" "(s20150603-1110-g18392a46)";
:ivl_delay_selection "TYPICAL";
:vpi_time_precision + 0;
:vpi_module "C:\iverilog\lib\ivl\system.vpi";
:vpi_module "C:\iverilog\lib\ivl\vhdl_sys.vpi";
:vpi_module "C:\iverilog\lib\ivl\vhdl_textio.vpi";
:vpi_module "C:\iverilog\lib\ivl\v2005_math.vpi";
:vpi_module "C:\iverilog\lib\ivl\va_math.vpi";
S_000002486d9b5410 .scope module, "test_bench5" "test_bench5" 2 1;
 .timescale 0 0;
v000002486d96cf20_0 .var "a", 0 0;
v000002486d9a7160_0 .var "b", 0 0;
v000002486da22a30_0 .net "behav_carry", 0 0, v000002486d96af40_0;  1 drivers
v000002486da22670_0 .net "behav_sum", 0 0, v000002486d9cf5a0_0;  1 drivers
v000002486da222b0_0 .net "data_carry", 0 0, L_000002486d9c33d0;  1 drivers
v000002486da21f90_0 .net "data_sum", 0 0, L_000002486d9c2f00;  1 drivers
v000002486da22350_0 .net "gate_carry", 0 0, L_000002486d9c3360;  1 drivers
v000002486da22990_0 .net "gate_sum", 0 0, L_000002486d9c3210;  1 drivers
S_000002486d9af050 .scope module, "DUT" "half_adder" 2 7, 3 1 0, S_000002486d9b5410;
 .timescale 0 0;
    .port_info 0 /INPUT 1 "a";
    .port_info 1 /INPUT 1 "b";
    .port_info 2 /OUTPUT 1 "gate_sum";
    .port_info 3 /OUTPUT 1 "data_sum";
    .port_info 4 /OUTPUT 1 "behav_sum";
    .port_info 5 /OUTPUT 1 "gate_carry";
    .port_info 6 /OUTPUT 1 "data_carry";
    .port_info 7 /OUTPUT 1 "behav_carry";
L_000002486d9c3210 .functor XOR 1, v000002486d96cf20_0, v000002486d9a7160_0, C4<0>, C4<0>;
L_000002486d9c3360 .functor AND 1, v000002486d96cf20_0, v000002486d9a7160_0, C4<1>, C4<1>;
L_000002486d9c2f00 .functor XOR 1, v000002486d96cf20_0, v000002486d9a7160_0, C4<0>, C4<0>;
L_000002486d9c33d0 .functor AND 1, v000002486d96cf20_0, v000002486d9a7160_0, C4<1>, C4<1>;
v000002486d9b55a0_0 .net "a", 0 0, v000002486d96cf20_0;  1 drivers
v000002486d982ba0_0 .net "b", 0 0, v000002486d9a7160_0;  1 drivers
v000002486d96af40_0 .var "behav_carry", 0 0;
v000002486d9cf5a0_0 .var "behav_sum", 0 0;
v000002486d982dc0_0 .net "data_carry", 0 0, L_000002486d9c33d0;  alias, 1 drivers
v000002486d9cce40_0 .net "data_sum", 0 0, L_000002486d9c2f00;  alias, 1 drivers
v000002486d9c6f90_0 .net "gate_carry", 0 0, L_000002486d9c3360;  alias, 1 drivers
v000002486d9ac390_0 .net "gate_sum", 0 0, L_000002486d9c3210;  alias, 1 drivers
E_000002486d9cb470 .event anyedge, v000002486d9b55a0_0, v000002486d982ba0_0;
    .scope S_000002486d9af050;
T_0 ;
    %wait E_000002486d9cb470;
    %load/vec4 v000002486d9b55a0_0;
    %load/vec4 v000002486d982ba0_0;
    %and;
    %store/vec4 v000002486d96af40_0, 0, 1;
    %load/vec4 v000002486d9b55a0_0;
    %load/vec4 v000002486d982ba0_0;
    %xor;
    %store/vec4 v000002486d9cf5a0_0, 0, 1;
    %jmp T_0;
    .thread T_0, $push;
    .scope S_000002486d9b5410;
T_1 ;
    %vpi_call 2 10 "$dumpfile", "wave5.vcd" {0 0 0};
    %vpi_call 2 11 "$dumpvars", 32'sb00000000000000000000000000000000, S_000002486d9b5410 {0 0 0};
    %vpi_call 2 12 "$display", "===== Half Adder Testbench =====" {0 0 0};
    %vpi_call 2 13 "$display", "===== A = 0, B = 0 =====" {0 0 0};
    %pushi/vec4 0, 0, 1;
    %store/vec4 v000002486d96cf20_0, 0, 1;
    %pushi/vec4 0, 0, 1;
    %store/vec4 v000002486d9a7160_0, 0, 1;
    %load/vec4 v000002486da22990_0;
    %pad/u 32;
    %cmpi/ne 0, 0, 32;
    %flag_mov 8, 4;
    %load/vec4 v000002486da21f90_0;
    %pad/u 32;
    %cmpi/ne 0, 0, 32;
    %flag_or 4, 8;
    %flag_mov 8, 4;
    %load/vec4 v000002486da22670_0;
    %pad/u 32;
    %cmpi/ne 0, 0, 32;
    %flag_or 4, 8;
    %jmp/0xz  T_1.0, 4;
    %vpi_call 2 16 "$display", "===== t=%d FAILED, value does not match =====", $time {0 0 0};
    %vpi_call 2 17 "$display", "===== t=%d Expected value is %b, Actual gate_model value is %b, Actual dataflow value is %b, Actual behavioral_model value is %b =====", $time, 32'sb00000000000000000000000000000000, v000002486da22990_0, v000002486da21f90_0, v000002486da22670_0 {0 0 0};
    %jmp T_1.1;
T_1.0 ;
    %load/vec4 v000002486da22350_0;
    %pad/u 32;
    %cmpi/ne 0, 0, 32;
    %flag_mov 8, 4;
    %load/vec4 v000002486da222b0_0;
    %pad/u 32;
    %cmpi/ne 0, 0, 32;
    %flag_or 4, 8;
    %flag_mov 8, 4;
    %load/vec4 v000002486da22a30_0;
    %pad/u 32;
    %cmpi/ne 0, 0, 32;
    %flag_or 4, 8;
    %jmp/0xz  T_1.2, 4;
    %vpi_call 2 20 "$display", "===== t=%d FAILED, value does not match =====", $time {0 0 0};
    %vpi_call 2 21 "$display", "===== t=%d Expected value is %b, Actual gate_model carry is %b, Actual dataflow carry is %b, Actual behavioral_model carry is %b =====", $time, 32'sb00000000000000000000000000000000, v000002486da22350_0, v000002486da222b0_0, v000002486da22a30_0 {0 0 0};
    %jmp T_1.3;
T_1.2 ;
    %vpi_call 2 24 "$display", "===== PASSED SUCCESSFULLY =====" {0 0 0};
T_1.3 ;
T_1.1 ;
    %delay 1, 0;
    %vpi_call 2 28 "$display", "===== A = 0, B = 1 =====" {0 0 0};
    %pushi/vec4 0, 0, 1;
    %store/vec4 v000002486d96cf20_0, 0, 1;
    %pushi/vec4 1, 0, 1;
    %store/vec4 v000002486d9a7160_0, 0, 1;
    %delay 1, 0;
    %load/vec4 v000002486da22990_0;
    %pad/u 32;
    %cmpi/ne 1, 0, 32;
    %flag_mov 8, 4;
    %load/vec4 v000002486da21f90_0;
    %pad/u 32;
    %cmpi/ne 1, 0, 32;
    %flag_or 4, 8;
    %flag_mov 8, 4;
    %load/vec4 v000002486da22670_0;
    %pad/u 32;
    %cmpi/ne 1, 0, 32;
    %flag_or 4, 8;
    %jmp/0xz  T_1.4, 4;
    %vpi_call 2 32 "$display", "===== t=%d FAILED, value does not match =====", $time {0 0 0};
    %vpi_call 2 33 "$display", "===== t=%d Expected value is %b, Actual gate_model value is %b, Actual dataflow value is %b, Actual behavioral_model value is %b =====", $time, 32'sb00000000000000000000000000000001, v000002486da22990_0, v000002486da21f90_0, v000002486da22670_0 {0 0 0};
    %jmp T_1.5;
T_1.4 ;
    %load/vec4 v000002486da22350_0;
    %pad/u 32;
    %cmpi/ne 0, 0, 32;
    %flag_mov 8, 4;
    %load/vec4 v000002486da222b0_0;
    %pad/u 32;
    %cmpi/ne 0, 0, 32;
    %flag_or 4, 8;
    %flag_mov 8, 4;
    %load/vec4 v000002486da22a30_0;
    %pad/u 32;
    %cmpi/ne 0, 0, 32;
    %flag_or 4, 8;
    %jmp/0xz  T_1.6, 4;
    %vpi_call 2 36 "$display", "===== t=%d FAILED, value does not match =====", $time {0 0 0};
    %vpi_call 2 37 "$display", "===== t=%d Expected value is %b, Actual gate_model carry is %b, Actual dataflow carry is %b, Actual behavioral_model carry is %b =====", $time, 32'sb00000000000000000000000000000000, v000002486da22350_0, v000002486da222b0_0, v000002486da22a30_0 {0 0 0};
    %jmp T_1.7;
T_1.6 ;
    %vpi_call 2 40 "$display", "===== PASSED SUCCESSFULLY =====" {0 0 0};
T_1.7 ;
T_1.5 ;
    %delay 1, 0;
    %vpi_call 2 44 "$display", "===== A = 1, B = 0 =====" {0 0 0};
    %pushi/vec4 1, 0, 1;
    %store/vec4 v000002486d96cf20_0, 0, 1;
    %pushi/vec4 0, 0, 1;
    %store/vec4 v000002486d9a7160_0, 0, 1;
    %delay 1, 0;
    %load/vec4 v000002486da22990_0;
    %pad/u 32;
    %cmpi/ne 1, 0, 32;
    %flag_mov 8, 4;
    %load/vec4 v000002486da21f90_0;
    %pad/u 32;
    %cmpi/ne 1, 0, 32;
    %flag_or 4, 8;
    %flag_mov 8, 4;
    %load/vec4 v000002486da22670_0;
    %pad/u 32;
    %cmpi/ne 1, 0, 32;
    %flag_or 4, 8;
    %jmp/0xz  T_1.8, 4;
    %vpi_call 2 48 "$display", "===== t=%d FAILED, value does not match =====", $time {0 0 0};
    %vpi_call 2 49 "$display", "===== t=%d Expected value is %b, Actual gate_model value is %b, Actual dataflow value is %b, Actual behavioral_model value is %b =====", $time, 32'sb00000000000000000000000000000001, v000002486da22990_0, v000002486da21f90_0, v000002486da22670_0 {0 0 0};
    %jmp T_1.9;
T_1.8 ;
    %load/vec4 v000002486da22350_0;
    %pad/u 32;
    %cmpi/ne 0, 0, 32;
    %flag_mov 8, 4;
    %load/vec4 v000002486da222b0_0;
    %pad/u 32;
    %cmpi/ne 0, 0, 32;
    %flag_or 4, 8;
    %flag_mov 8, 4;
    %load/vec4 v000002486da22a30_0;
    %pad/u 32;
    %cmpi/ne 0, 0, 32;
    %flag_or 4, 8;
    %jmp/0xz  T_1.10, 4;
    %vpi_call 2 52 "$display", "===== t=%d FAILED, value does not match =====", $time {0 0 0};
    %vpi_call 2 53 "$display", "===== t=%d Expected value is %b, Actual gate_model carry is %b, Actual dataflow carry is %b, Actual behavioral_model carry is %b =====", $time, 32'sb00000000000000000000000000000000, v000002486da22350_0, v000002486da222b0_0, v000002486da22a30_0 {0 0 0};
    %jmp T_1.11;
T_1.10 ;
    %vpi_call 2 56 "$display", "===== PASSED SUCCESSFULLY =====" {0 0 0};
T_1.11 ;
T_1.9 ;
    %delay 1, 0;
    %vpi_call 2 60 "$display", "===== A = 1, B = 1 =====" {0 0 0};
    %pushi/vec4 1, 0, 1;
    %store/vec4 v000002486d96cf20_0, 0, 1;
    %pushi/vec4 1, 0, 1;
    %store/vec4 v000002486d9a7160_0, 0, 1;
    %delay 1, 0;
    %load/vec4 v000002486da22990_0;
    %pad/u 32;
    %cmpi/ne 0, 0, 32;
    %flag_mov 8, 4;
    %load/vec4 v000002486da21f90_0;
    %pad/u 32;
    %cmpi/ne 0, 0, 32;
    %flag_or 4, 8;
    %flag_mov 8, 4;
    %load/vec4 v000002486da22670_0;
    %pad/u 32;
    %cmpi/ne 0, 0, 32;
    %flag_or 4, 8;
    %jmp/0xz  T_1.12, 4;
    %vpi_call 2 64 "$display", "===== t=%d FAILED, value does not match =====", $time {0 0 0};
    %vpi_call 2 65 "$display", "===== t=%d Expected value is %b, Actual gate_model value is %b, Actual dataflow value is %b, Actual behavioral_model value is %b =====", $time, 32'sb00000000000000000000000000000001, v000002486da22990_0, v000002486da21f90_0, v000002486da22670_0 {0 0 0};
    %jmp T_1.13;
T_1.12 ;
    %load/vec4 v000002486da22350_0;
    %pad/u 32;
    %cmpi/ne 1, 0, 32;
    %flag_mov 8, 4;
    %load/vec4 v000002486da222b0_0;
    %pad/u 32;
    %cmpi/ne 1, 0, 32;
    %flag_or 4, 8;
    %flag_mov 8, 4;
    %load/vec4 v000002486da22a30_0;
    %pad/u 32;
    %cmpi/ne 1, 0, 32;
    %flag_or 4, 8;
    %jmp/0xz  T_1.14, 4;
    %vpi_call 2 68 "$display", "===== t=%d FAILED, value does not match =====", $time {0 0 0};
    %vpi_call 2 69 "$display", "===== t=%d Expected value is %b, Actual gate_model carry is %b, Actual dataflow carry is %b, Actual behavioral_model carry is %b =====", $time, 32'sb00000000000000000000000000000001, v000002486da22350_0, v000002486da222b0_0, v000002486da22a30_0 {0 0 0};
    %jmp T_1.15;
T_1.14 ;
    %vpi_call 2 72 "$display", "===== PASSED SUCCESSFULLY =====" {0 0 0};
T_1.15 ;
T_1.13 ;
    %delay 1, 0;
    %vpi_call 2 76 "$finish" {0 0 0};
    %end;
    .thread T_1;
# The file index is used to find the file name in the following table.
:file_names 4;
    "N/A";
    "<interactive>";
    "test_bench5.v";
    "half_adder.v";
