#! /c/Source/iverilog-install/bin/vvp
:ivl_version "12.0 (devel)" "(s20150603-1110-g18392a46)";
:ivl_delay_selection "TYPICAL";
:vpi_time_precision + 0;
:vpi_module "C:\iverilog\lib\ivl\system.vpi";
:vpi_module "C:\iverilog\lib\ivl\vhdl_sys.vpi";
:vpi_module "C:\iverilog\lib\ivl\vhdl_textio.vpi";
:vpi_module "C:\iverilog\lib\ivl\v2005_math.vpi";
:vpi_module "C:\iverilog\lib\ivl\va_math.vpi";
S_00000200f2beabe0 .scope module, "test_bench2" "test_bench2" 2 1;
 .timescale 0 0;
v00000200f2c827d0_0 .var "A", 0 0;
v00000200f2c82eb0_0 .var "B", 0 0;
v00000200f2c82a50_0 .var "C", 0 0;
v00000200f2c82730_0 .net "F", 0 0, L_00000200f2bea240;  1 drivers
S_00000200f2bead70 .scope module, "DUT" "second_module" 2 6, 3 1 0, S_00000200f2beabe0;
 .timescale 0 0;
    .port_info 0 /INPUT 1 "A";
    .port_info 1 /INPUT 1 "B";
    .port_info 2 /INPUT 1 "C";
    .port_info 3 /OUTPUT 1 "F";
L_00000200f2bea010 .functor AND 1, v00000200f2c827d0_0, v00000200f2c82eb0_0, C4<1>, C4<1>;
L_00000200f2bea4e0 .functor NOT 1, v00000200f2c82a50_0, C4<0>, C4<0>, C4<0>;
L_00000200f2bea080 .functor AND 1, v00000200f2c827d0_0, L_00000200f2bea4e0, C4<1>, C4<1>;
L_00000200f2bea0f0 .functor AND 1, L_00000200f2bea010, L_00000200f2bea080, C4<1>, C4<1>;
L_00000200f2bea470 .functor NOT 1, v00000200f2c827d0_0, C4<0>, C4<0>, C4<0>;
L_00000200f2bea5c0 .functor AND 1, L_00000200f2bea470, v00000200f2c82a50_0, C4<1>, C4<1>;
L_00000200f2bea240 .functor OR 1, L_00000200f2bea0f0, L_00000200f2bea5c0, C4<0>, C4<0>;
v00000200f2c02da0_0 .net "A", 0 0, v00000200f2c827d0_0;  1 drivers
v00000200f2c36b70_0 .net "B", 0 0, v00000200f2c82eb0_0;  1 drivers
v00000200f2beaf00_0 .net "C", 0 0, v00000200f2c82a50_0;  1 drivers
v00000200f2c35460_0 .net "F", 0 0, L_00000200f2bea240;  alias, 1 drivers
v00000200f2be8b20_0 .net "F1", 0 0, L_00000200f2bea0f0;  1 drivers
v00000200f2be9d60_0 .net "F2", 0 0, L_00000200f2bea5c0;  1 drivers
v00000200f2c024d0_0 .net *"_ivl_1", 0 0, L_00000200f2bea010;  1 drivers
v00000200f2c824b0_0 .net *"_ivl_2", 0 0, L_00000200f2bea4e0;  1 drivers
v00000200f2c829b0_0 .net *"_ivl_5", 0 0, L_00000200f2bea080;  1 drivers
v00000200f2c82910_0 .net *"_ivl_8", 0 0, L_00000200f2bea470;  1 drivers
    .scope S_00000200f2beabe0;
T_0 ;
    %vpi_call 2 9 "$dumpfile", "wave2.vcd" {0 0 0};
    %vpi_call 2 10 "$dumpvars", 32'sb00000000000000000000000000000000, S_00000200f2beabe0 {0 0 0};
    %vpi_call 2 11 "$monitor", "===== t=%d  A = %b, B = %b, C = %b, F = %b =====", $time, v00000200f2c827d0_0, v00000200f2c82eb0_0, v00000200f2c82a50_0, v00000200f2c82730_0 {0 0 0};
    %pushi/vec4 0, 0, 1;
    %store/vec4 v00000200f2c827d0_0, 0, 1;
    %pushi/vec4 0, 0, 1;
    %store/vec4 v00000200f2c82eb0_0, 0, 1;
    %pushi/vec4 0, 0, 1;
    %store/vec4 v00000200f2c82a50_0, 0, 1;
    %delay 1, 0;
    %pushi/vec4 0, 0, 1;
    %store/vec4 v00000200f2c827d0_0, 0, 1;
    %pushi/vec4 0, 0, 1;
    %store/vec4 v00000200f2c82eb0_0, 0, 1;
    %pushi/vec4 1, 0, 1;
    %store/vec4 v00000200f2c82a50_0, 0, 1;
    %delay 1, 0;
    %pushi/vec4 0, 0, 1;
    %store/vec4 v00000200f2c827d0_0, 0, 1;
    %pushi/vec4 1, 0, 1;
    %store/vec4 v00000200f2c82eb0_0, 0, 1;
    %pushi/vec4 0, 0, 1;
    %store/vec4 v00000200f2c82a50_0, 0, 1;
    %delay 1, 0;
    %pushi/vec4 0, 0, 1;
    %store/vec4 v00000200f2c827d0_0, 0, 1;
    %pushi/vec4 1, 0, 1;
    %store/vec4 v00000200f2c82eb0_0, 0, 1;
    %pushi/vec4 1, 0, 1;
    %store/vec4 v00000200f2c82a50_0, 0, 1;
    %delay 1, 0;
    %pushi/vec4 1, 0, 1;
    %store/vec4 v00000200f2c827d0_0, 0, 1;
    %pushi/vec4 0, 0, 1;
    %store/vec4 v00000200f2c82eb0_0, 0, 1;
    %pushi/vec4 0, 0, 1;
    %store/vec4 v00000200f2c82a50_0, 0, 1;
    %delay 1, 0;
    %pushi/vec4 1, 0, 1;
    %store/vec4 v00000200f2c827d0_0, 0, 1;
    %pushi/vec4 0, 0, 1;
    %store/vec4 v00000200f2c82eb0_0, 0, 1;
    %pushi/vec4 1, 0, 1;
    %store/vec4 v00000200f2c82a50_0, 0, 1;
    %delay 1, 0;
    %pushi/vec4 1, 0, 1;
    %store/vec4 v00000200f2c827d0_0, 0, 1;
    %pushi/vec4 1, 0, 1;
    %store/vec4 v00000200f2c82eb0_0, 0, 1;
    %pushi/vec4 0, 0, 1;
    %store/vec4 v00000200f2c82a50_0, 0, 1;
    %delay 1, 0;
    %pushi/vec4 1, 0, 1;
    %store/vec4 v00000200f2c827d0_0, 0, 1;
    %pushi/vec4 1, 0, 1;
    %store/vec4 v00000200f2c82eb0_0, 0, 1;
    %pushi/vec4 1, 0, 1;
    %store/vec4 v00000200f2c82a50_0, 0, 1;
    %delay 1, 0;
    %vpi_call 2 28 "$finish" {0 0 0};
    %end;
    .thread T_0;
# The file index is used to find the file name in the following table.
:file_names 4;
    "N/A";
    "<interactive>";
    "test_bench2.v";
    "second_module.v";
