#! /c/Source/iverilog-install/bin/vvp
:ivl_version "12.0 (devel)" "(s20150603-1110-g18392a46)";
:ivl_delay_selection "TYPICAL";
:vpi_time_precision + 0;
:vpi_module "C:\iverilog\lib\ivl\system.vpi";
:vpi_module "C:\iverilog\lib\ivl\vhdl_sys.vpi";
:vpi_module "C:\iverilog\lib\ivl\vhdl_textio.vpi";
:vpi_module "C:\iverilog\lib\ivl\v2005_math.vpi";
:vpi_module "C:\iverilog\lib\ivl\va_math.vpi";
S_000002aeca0b9770 .scope module, "test_bench3" "test_bench3" 2 1;
 .timescale 0 0;
v000002aeca176980_0 .var "A", 0 0;
v000002aeca176a20_0 .var "B", 0 0;
v000002aeca176ac0_0 .var "C", 0 0;
v000002aeca1c1580_0 .net "F", 0 0, L_000002aeca0b9d00;  1 drivers
S_000002aeca1766b0 .scope module, "DUT" "third_module" 2 6, 3 1 0, S_000002aeca0b9770;
 .timescale 0 0;
    .port_info 0 /INPUT 1 "A";
    .port_info 1 /INPUT 1 "B";
    .port_info 2 /INPUT 1 "C";
    .port_info 3 /OUTPUT 1 "F";
L_000002aeca0b9c90 .functor AND 1, v000002aeca176980_0, v000002aeca176a20_0, C4<1>, C4<1>;
L_000002aeca0b9ec0 .functor NOT 1, v000002aeca176980_0, C4<0>, C4<0>, C4<0>;
L_000002aeca0ba240 .functor AND 1, L_000002aeca0b9ec0, v000002aeca176ac0_0, C4<1>, C4<1>;
L_000002aeca0b9d00 .functor OR 1, L_000002aeca0b9c90, L_000002aeca0ba240, C4<0>, C4<0>;
v000002aeca142da0_0 .net "A", 0 0, v000002aeca176980_0;  1 drivers
v000002aeca0b9900_0 .net "B", 0 0, v000002aeca176a20_0;  1 drivers
v000002aeca0baf20_0 .net "C", 0 0, v000002aeca176ac0_0;  1 drivers
v000002aeca1428d0_0 .net "F", 0 0, L_000002aeca0b9d00;  alias, 1 drivers
v000002aeca0b7c40_0 .net "F1", 0 0, L_000002aeca0b9c90;  1 drivers
v000002aeca176840_0 .net "F2", 0 0, L_000002aeca0ba240;  1 drivers
v000002aeca1768e0_0 .net *"_ivl_2", 0 0, L_000002aeca0b9ec0;  1 drivers
    .scope S_000002aeca0b9770;
T_0 ;
    %vpi_call 2 9 "$dumpfile", "wave3.vcd" {0 0 0};
    %vpi_call 2 10 "$dumpvars", 32'sb00000000000000000000000000000000, S_000002aeca0b9770 {0 0 0};
    %vpi_call 2 11 "$monitor", "===== t=%d  A = %b, B = %b, C = %b, F = %b =====", $time, v000002aeca176980_0, v000002aeca176a20_0, v000002aeca176ac0_0, v000002aeca1c1580_0 {0 0 0};
    %pushi/vec4 0, 0, 1;
    %store/vec4 v000002aeca176980_0, 0, 1;
    %pushi/vec4 0, 0, 1;
    %store/vec4 v000002aeca176a20_0, 0, 1;
    %pushi/vec4 0, 0, 1;
    %store/vec4 v000002aeca176ac0_0, 0, 1;
    %delay 1, 0;
    %pushi/vec4 0, 0, 1;
    %store/vec4 v000002aeca176980_0, 0, 1;
    %pushi/vec4 0, 0, 1;
    %store/vec4 v000002aeca176a20_0, 0, 1;
    %pushi/vec4 1, 0, 1;
    %store/vec4 v000002aeca176ac0_0, 0, 1;
    %delay 1, 0;
    %pushi/vec4 0, 0, 1;
    %store/vec4 v000002aeca176980_0, 0, 1;
    %pushi/vec4 1, 0, 1;
    %store/vec4 v000002aeca176a20_0, 0, 1;
    %pushi/vec4 0, 0, 1;
    %store/vec4 v000002aeca176ac0_0, 0, 1;
    %delay 1, 0;
    %pushi/vec4 0, 0, 1;
    %store/vec4 v000002aeca176980_0, 0, 1;
    %pushi/vec4 1, 0, 1;
    %store/vec4 v000002aeca176a20_0, 0, 1;
    %pushi/vec4 1, 0, 1;
    %store/vec4 v000002aeca176ac0_0, 0, 1;
    %delay 1, 0;
    %pushi/vec4 1, 0, 1;
    %store/vec4 v000002aeca176980_0, 0, 1;
    %pushi/vec4 0, 0, 1;
    %store/vec4 v000002aeca176a20_0, 0, 1;
    %pushi/vec4 0, 0, 1;
    %store/vec4 v000002aeca176ac0_0, 0, 1;
    %delay 1, 0;
    %pushi/vec4 1, 0, 1;
    %store/vec4 v000002aeca176980_0, 0, 1;
    %pushi/vec4 0, 0, 1;
    %store/vec4 v000002aeca176a20_0, 0, 1;
    %pushi/vec4 1, 0, 1;
    %store/vec4 v000002aeca176ac0_0, 0, 1;
    %delay 1, 0;
    %pushi/vec4 1, 0, 1;
    %store/vec4 v000002aeca176980_0, 0, 1;
    %pushi/vec4 1, 0, 1;
    %store/vec4 v000002aeca176a20_0, 0, 1;
    %pushi/vec4 0, 0, 1;
    %store/vec4 v000002aeca176ac0_0, 0, 1;
    %delay 1, 0;
    %pushi/vec4 1, 0, 1;
    %store/vec4 v000002aeca176980_0, 0, 1;
    %pushi/vec4 1, 0, 1;
    %store/vec4 v000002aeca176a20_0, 0, 1;
    %pushi/vec4 1, 0, 1;
    %store/vec4 v000002aeca176ac0_0, 0, 1;
    %delay 1, 0;
    %vpi_call 2 28 "$finish" {0 0 0};
    %end;
    .thread T_0;
# The file index is used to find the file name in the following table.
:file_names 4;
    "N/A";
    "<interactive>";
    "test_bench3.v";
    "third_module.v";
