#! /c/Source/iverilog-install/bin/vvp
:ivl_version "12.0 (devel)" "(s20150603-1110-g18392a46)";
:ivl_delay_selection "TYPICAL";
:vpi_time_precision + 0;
:vpi_module "C:\iverilog\lib\ivl\system.vpi";
:vpi_module "C:\iverilog\lib\ivl\vhdl_sys.vpi";
:vpi_module "C:\iverilog\lib\ivl\vhdl_textio.vpi";
:vpi_module "C:\iverilog\lib\ivl\v2005_math.vpi";
:vpi_module "C:\iverilog\lib\ivl\va_math.vpi";
S_00000253cc8c1bf0 .scope module, "test_bench" "test_bench" 2 1;
 .timescale 0 0;
v00000253cc973170_0 .var "M", 3 0;
v00000253cc972f90_0 .var "Q", 3 0;
v00000253cc971eb0_0 .net "behav_out", 7 0, v00000253cc96fd50_0;  1 drivers
v00000253cc9721d0_0 .net "data_out", 7 0, L_00000253cc9c5bd0;  1 drivers
v00000253cc9732b0_0 .net "gate_out", 7 0, L_00000253cc975290;  1 drivers
v00000253cc9728b0_0 .var/i "i", 31 0;
v00000253cc972810_0 .var/i "j", 31 0;
S_00000253cc8c1d80 .scope module, "DUT" "booth_multiplier" 2 7, 3 1 0, S_00000253cc8c1bf0;
 .timescale 0 0;
    .port_info 0 /INPUT 4 "Q";
    .port_info 1 /INPUT 4 "M";
    .port_info 2 /OUTPUT 8 "gate_out";
    .port_info 3 /OUTPUT 8 "data_out";
    .port_info 4 /OUTPUT 8 "behav_out";
L_00000253cc8b7530 .functor AND 1, L_00000253cc9723b0, L_00000253cc973710, C4<1>, C4<1>;
L_00000253cc8b73e0 .functor AND 1, L_00000253cc9735d0, L_00000253cc972950, C4<1>, C4<1>;
L_00000253cc8b7a00 .functor AND 1, L_00000253cc9729f0, L_00000253cc972270, C4<1>, C4<1>;
L_00000253cc8b7df0 .functor AND 1, L_00000253cc9737b0, L_00000253cc971f50, C4<1>, C4<1>;
L_00000253cc8b7610 .functor AND 1, L_00000253cc9733f0, L_00000253cc971ff0, C4<1>, C4<1>;
L_00000253cc8b7450 .functor AND 1, L_00000253cc972c70, L_00000253cc971910, C4<1>, C4<1>;
L_00000253cc8b7a70 .functor AND 1, L_00000253cc9719b0, L_00000253cc972db0, C4<1>, C4<1>;
L_00000253cc8b7680 .functor AND 1, L_00000253cc9738f0, L_00000253cc9730d0, C4<1>, C4<1>;
L_00000253cc8b7e60 .functor AND 1, L_00000253cc973530, L_00000253cc973ad0, C4<1>, C4<1>;
L_00000253cc8b77d0 .functor AND 1, L_00000253cc971730, L_00000253cc9724f0, C4<1>, C4<1>;
L_00000253cc8b7b50 .functor AND 1, L_00000253cc972090, L_00000253cc973210, C4<1>, C4<1>;
L_00000253cc8b7bc0 .functor AND 1, L_00000253cc973670, L_00000253cc972a90, C4<1>, C4<1>;
L_00000253cc8b7ae0 .functor AND 1, L_00000253cc972b30, L_00000253cc973990, C4<1>, C4<1>;
L_00000253cc8b76f0 .functor AND 1, L_00000253cc973a30, L_00000253cc972bd0, C4<1>, C4<1>;
L_00000253cc8b7f40 .functor AND 1, L_00000253cc9717d0, L_00000253cc972d10, C4<1>, C4<1>;
L_00000253cc8b7760 .functor AND 1, L_00000253cc973cb0, L_00000253cc972630, C4<1>, C4<1>;
L_00000253cc978ff0 .functor NOT 32, L_00000253cc9c4690, C4<00000000000000000000000000000000>, C4<00000000000000000000000000000000>, C4<00000000000000000000000000000000>;
L_00000253cc978880 .functor NOT 32, L_00000253cc9c38d0, C4<00000000000000000000000000000000>, C4<00000000000000000000000000000000>, C4<00000000000000000000000000000000>;
L_00000253cc9788f0 .functor NOT 32, L_00000253cc9c5630, C4<00000000000000000000000000000000>, C4<00000000000000000000000000000000>, C4<00000000000000000000000000000000>;
L_00000253cc9793e0 .functor NOT 32, L_00000253cc9c5450, C4<00000000000000000000000000000000>, C4<00000000000000000000000000000000>, C4<00000000000000000000000000000000>;
v00000253cc9687c0_0 .var "A", 3 0;
v00000253cc96c460_0 .net "M", 3 0, v00000253cc973170_0;  1 drivers
v00000253cc96bba0_0 .net "M_ext", 7 0, L_00000253cc973d50;  1 drivers
v00000253cc96b740_0 .net "Q", 3 0, v00000253cc972f90_0;  1 drivers
L_00000253cc97b548 .functor BUFT 1, C4<0>, C4<0>, C4<0>, C4<0>;
v00000253cc96c6e0_0 .net "Q_1", 0 0, L_00000253cc97b548;  1 drivers
v00000253cc96bce0_0 .var "Q_reg", 3 0;
v00000253cc96b6a0_0 .net *"_ivl_1", 0 0, L_00000253cc8b7530;  1 drivers
v00000253cc96bc40_0 .net *"_ivl_100", 0 0, L_00000253cc972bd0;  1 drivers
v00000253cc96bb00_0 .net *"_ivl_102", 0 0, L_00000253cc8b7f40;  1 drivers
v00000253cc96b100_0 .net *"_ivl_105", 0 0, L_00000253cc9717d0;  1 drivers
v00000253cc96c0a0_0 .net *"_ivl_107", 0 0, L_00000253cc972d10;  1 drivers
v00000253cc96bf60_0 .net *"_ivl_109", 0 0, L_00000253cc8b7760;  1 drivers
v00000253cc96b920_0 .net *"_ivl_11", 0 0, L_00000253cc9735d0;  1 drivers
v00000253cc96b420_0 .net *"_ivl_113", 0 0, L_00000253cc973cb0;  1 drivers
v00000253cc96bd80_0 .net *"_ivl_115", 0 0, L_00000253cc972630;  1 drivers
v00000253cc96c8c0_0 .net *"_ivl_119", 0 0, L_00000253cc973350;  1 drivers
v00000253cc96b4c0_0 .net *"_ivl_13", 0 0, L_00000253cc972950;  1 drivers
v00000253cc96be20_0 .net *"_ivl_15", 0 0, L_00000253cc8b7a00;  1 drivers
v00000253cc96cdc0_0 .net *"_ivl_18", 0 0, L_00000253cc9729f0;  1 drivers
v00000253cc96b560_0 .net *"_ivl_20", 0 0, L_00000253cc972270;  1 drivers
v00000253cc96c780_0 .net *"_ivl_22", 0 0, L_00000253cc8b7df0;  1 drivers
v00000253cc96cc80_0 .net *"_ivl_236", 0 0, L_00000253cc974390;  1 drivers
v00000253cc96b380_0 .net *"_ivl_237", 3 0, L_00000253cc9753d0;  1 drivers
v00000253cc96bec0_0 .net *"_ivl_244", 0 0, L_00000253cc9746b0;  1 drivers
v00000253cc96c000_0 .net *"_ivl_245", 1 0, L_00000253cc973df0;  1 drivers
L_00000253cc97b590 .functor BUFT 1, C4<01>, C4<0>, C4<0>, C4<0>;
v00000253cc96caa0_0 .net/2u *"_ivl_247", 1 0, L_00000253cc97b590;  1 drivers
v00000253cc96b2e0_0 .net *"_ivl_249", 0 0, L_00000253cc9744d0;  1 drivers
v00000253cc96b7e0_0 .net *"_ivl_252", 0 0, L_00000253cc974570;  1 drivers
v00000253cc96c500_0 .net *"_ivl_253", 1 0, L_00000253cc9c49b0;  1 drivers
L_00000253cc97b5d8 .functor BUFT 1, C4<10>, C4<0>, C4<0>, C4<0>;
v00000253cc96c1e0_0 .net/2u *"_ivl_255", 1 0, L_00000253cc97b5d8;  1 drivers
v00000253cc96b600_0 .net *"_ivl_257", 0 0, L_00000253cc9c45f0;  1 drivers
v00000253cc96c140_0 .net *"_ivl_259", 31 0, L_00000253cc9c4690;  1 drivers
v00000253cc96cf00_0 .net *"_ivl_26", 0 0, L_00000253cc9737b0;  1 drivers
L_00000253cc97b620 .functor BUFT 1, C4<000000000000000000000000>, C4<0>, C4<0>, C4<0>;
v00000253cc96b880_0 .net *"_ivl_262", 23 0, L_00000253cc97b620;  1 drivers
v00000253cc96c280_0 .net *"_ivl_263", 31 0, L_00000253cc978ff0;  1 drivers
L_00000253cc97b668 .functor BUFT 1, C4<00000000000000000000000000000001>, C4<0>, C4<0>, C4<0>;
v00000253cc96c320_0 .net/2u *"_ivl_265", 31 0, L_00000253cc97b668;  1 drivers
v00000253cc96c960_0 .net *"_ivl_267", 31 0, L_00000253cc9c4730;  1 drivers
v00000253cc96ca00_0 .net/s *"_ivl_269", 7 0, L_00000253cc9c4cd0;  1 drivers
L_00000253cc97b6b0 .functor BUFT 1, C4<00000000>, C4<0>, C4<0>, C4<0>;
v00000253cc96c640_0 .net/2s *"_ivl_271", 7 0, L_00000253cc97b6b0;  1 drivers
v00000253cc96cfa0_0 .net *"_ivl_273", 7 0, L_00000253cc9c3830;  1 drivers
v00000253cc96b9c0_0 .net *"_ivl_278", 0 0, L_00000253cc9c4d70;  1 drivers
v00000253cc96ba60_0 .net *"_ivl_28", 0 0, L_00000253cc971f50;  1 drivers
v00000253cc96c3c0_0 .net *"_ivl_280", 0 0, L_00000253cc9c4870;  1 drivers
v00000253cc96c5a0_0 .net *"_ivl_281", 1 0, L_00000253cc9c3dd0;  1 drivers
L_00000253cc97b6f8 .functor BUFT 1, C4<01>, C4<0>, C4<0>, C4<0>;
v00000253cc96c820_0 .net/2u *"_ivl_283", 1 0, L_00000253cc97b6f8;  1 drivers
v00000253cc96cb40_0 .net *"_ivl_285", 0 0, L_00000253cc9c4050;  1 drivers
v00000253cc96cbe0_0 .net *"_ivl_287", 7 0, L_00000253cc9c4190;  1 drivers
v00000253cc96cd20_0 .net *"_ivl_289", 6 0, L_00000253cc9c4c30;  1 drivers
L_00000253cc97b740 .functor BUFT 1, C4<0>, C4<0>, C4<0>, C4<0>;
v00000253cc96ce60_0 .net *"_ivl_291", 0 0, L_00000253cc97b740;  1 drivers
v00000253cc96b240_0 .net *"_ivl_294", 0 0, L_00000253cc9c3fb0;  1 drivers
v00000253cc96b1a0_0 .net *"_ivl_296", 0 0, L_00000253cc9c3ab0;  1 drivers
v00000253cc96e650_0 .net *"_ivl_297", 1 0, L_00000253cc9c3e70;  1 drivers
L_00000253cc97b788 .functor BUFT 1, C4<10>, C4<0>, C4<0>, C4<0>;
v00000253cc96e970_0 .net/2u *"_ivl_299", 1 0, L_00000253cc97b788;  1 drivers
v00000253cc96d9d0_0 .net *"_ivl_30", 0 0, L_00000253cc8b7610;  1 drivers
v00000253cc96ea10_0 .net *"_ivl_301", 0 0, L_00000253cc9c3a10;  1 drivers
v00000253cc96dbb0_0 .net *"_ivl_303", 31 0, L_00000253cc9c38d0;  1 drivers
L_00000253cc97b7d0 .functor BUFT 1, C4<000000000000000000000000>, C4<0>, C4<0>, C4<0>;
v00000253cc96de30_0 .net *"_ivl_306", 23 0, L_00000253cc97b7d0;  1 drivers
v00000253cc96e470_0 .net *"_ivl_307", 31 0, L_00000253cc978880;  1 drivers
L_00000253cc97b818 .functor BUFT 1, C4<00000000000000000000000000000001>, C4<0>, C4<0>, C4<0>;
v00000253cc96e3d0_0 .net/2u *"_ivl_309", 31 0, L_00000253cc97b818;  1 drivers
v00000253cc96d750_0 .net *"_ivl_311", 31 0, L_00000253cc9c5090;  1 drivers
v00000253cc96d7f0_0 .net *"_ivl_313", 31 0, L_00000253cc9c36f0;  1 drivers
v00000253cc96d930_0 .net *"_ivl_315", 30 0, L_00000253cc9c4230;  1 drivers
L_00000253cc97b860 .functor BUFT 1, C4<0>, C4<0>, C4<0>, C4<0>;
v00000253cc96d890_0 .net *"_ivl_317", 0 0, L_00000253cc97b860;  1 drivers
v00000253cc96e8d0_0 .net/s *"_ivl_319", 7 0, L_00000253cc9c4e10;  1 drivers
L_00000253cc97b8a8 .functor BUFT 1, C4<00000000>, C4<0>, C4<0>, C4<0>;
v00000253cc96d250_0 .net/2s *"_ivl_321", 7 0, L_00000253cc97b8a8;  1 drivers
v00000253cc96da70_0 .net *"_ivl_323", 7 0, L_00000253cc9c5b30;  1 drivers
v00000253cc96e510_0 .net *"_ivl_328", 0 0, L_00000253cc9c4910;  1 drivers
v00000253cc96ded0_0 .net *"_ivl_33", 0 0, L_00000253cc9733f0;  1 drivers
v00000253cc96efb0_0 .net *"_ivl_330", 0 0, L_00000253cc9c4a50;  1 drivers
v00000253cc96e790_0 .net *"_ivl_331", 1 0, L_00000253cc9c4af0;  1 drivers
L_00000253cc97b8f0 .functor BUFT 1, C4<01>, C4<0>, C4<0>, C4<0>;
v00000253cc96df70_0 .net/2u *"_ivl_333", 1 0, L_00000253cc97b8f0;  1 drivers
v00000253cc96eab0_0 .net *"_ivl_335", 0 0, L_00000253cc9c54f0;  1 drivers
v00000253cc96d6b0_0 .net *"_ivl_337", 7 0, L_00000253cc9c4370;  1 drivers
v00000253cc96d570_0 .net *"_ivl_339", 5 0, L_00000253cc9c4b90;  1 drivers
L_00000253cc97b938 .functor BUFT 1, C4<00>, C4<0>, C4<0>, C4<0>;
v00000253cc96db10_0 .net *"_ivl_341", 1 0, L_00000253cc97b938;  1 drivers
v00000253cc96d610_0 .net *"_ivl_344", 0 0, L_00000253cc9c3b50;  1 drivers
v00000253cc96e6f0_0 .net *"_ivl_346", 0 0, L_00000253cc9c5810;  1 drivers
v00000253cc96d2f0_0 .net *"_ivl_347", 1 0, L_00000253cc9c51d0;  1 drivers
L_00000253cc97b980 .functor BUFT 1, C4<10>, C4<0>, C4<0>, C4<0>;
v00000253cc96dc50_0 .net/2u *"_ivl_349", 1 0, L_00000253cc97b980;  1 drivers
v00000253cc96e830_0 .net *"_ivl_35", 0 0, L_00000253cc971ff0;  1 drivers
v00000253cc96d390_0 .net *"_ivl_351", 0 0, L_00000253cc9c4eb0;  1 drivers
v00000253cc96e010_0 .net *"_ivl_353", 31 0, L_00000253cc9c5630;  1 drivers
L_00000253cc97b9c8 .functor BUFT 1, C4<000000000000000000000000>, C4<0>, C4<0>, C4<0>;
v00000253cc96eb50_0 .net *"_ivl_356", 23 0, L_00000253cc97b9c8;  1 drivers
v00000253cc96ebf0_0 .net *"_ivl_357", 31 0, L_00000253cc9788f0;  1 drivers
L_00000253cc97ba10 .functor BUFT 1, C4<00000000000000000000000000000001>, C4<0>, C4<0>, C4<0>;
v00000253cc96ef10_0 .net/2u *"_ivl_359", 31 0, L_00000253cc97ba10;  1 drivers
v00000253cc96d4d0_0 .net *"_ivl_361", 31 0, L_00000253cc9c3970;  1 drivers
v00000253cc96ec90_0 .net *"_ivl_363", 31 0, L_00000253cc9c5590;  1 drivers
v00000253cc96dcf0_0 .net *"_ivl_365", 29 0, L_00000253cc9c4f50;  1 drivers
L_00000253cc97ba58 .functor BUFT 1, C4<00>, C4<0>, C4<0>, C4<0>;
v00000253cc96dd90_0 .net *"_ivl_367", 1 0, L_00000253cc97ba58;  1 drivers
v00000253cc96ed30_0 .net/s *"_ivl_369", 7 0, L_00000253cc9c3bf0;  1 drivers
v00000253cc96e0b0_0 .net *"_ivl_37", 0 0, L_00000253cc8b7450;  1 drivers
L_00000253cc97baa0 .functor BUFT 1, C4<00000000>, C4<0>, C4<0>, C4<0>;
v00000253cc96e150_0 .net/2s *"_ivl_371", 7 0, L_00000253cc97baa0;  1 drivers
v00000253cc96e1f0_0 .net *"_ivl_373", 7 0, L_00000253cc9c59f0;  1 drivers
v00000253cc96e290_0 .net *"_ivl_378", 0 0, L_00000253cc9c5770;  1 drivers
v00000253cc96edd0_0 .net *"_ivl_380", 0 0, L_00000253cc9c3f10;  1 drivers
v00000253cc96ee70_0 .net *"_ivl_381", 1 0, L_00000253cc9c5d10;  1 drivers
L_00000253cc97bae8 .functor BUFT 1, C4<01>, C4<0>, C4<0>, C4<0>;
v00000253cc96e330_0 .net/2u *"_ivl_383", 1 0, L_00000253cc97bae8;  1 drivers
v00000253cc96d110_0 .net *"_ivl_385", 0 0, L_00000253cc9c4ff0;  1 drivers
v00000253cc96d430_0 .net *"_ivl_387", 7 0, L_00000253cc9c56d0;  1 drivers
v00000253cc96e5b0_0 .net *"_ivl_389", 4 0, L_00000253cc9c5130;  1 drivers
L_00000253cc97bb30 .functor BUFT 1, C4<000>, C4<0>, C4<0>, C4<0>;
v00000253cc96d1b0_0 .net *"_ivl_391", 2 0, L_00000253cc97bb30;  1 drivers
v00000253cc970a70_0 .net *"_ivl_394", 0 0, L_00000253cc9c40f0;  1 drivers
v00000253cc96f990_0 .net *"_ivl_396", 0 0, L_00000253cc9c3790;  1 drivers
v00000253cc96fa30_0 .net *"_ivl_397", 1 0, L_00000253cc9c5270;  1 drivers
L_00000253cc97bb78 .functor BUFT 1, C4<10>, C4<0>, C4<0>, C4<0>;
v00000253cc970ed0_0 .net/2u *"_ivl_399", 1 0, L_00000253cc97bb78;  1 drivers
v00000253cc970430_0 .net *"_ivl_4", 0 0, L_00000253cc9723b0;  1 drivers
v00000253cc970610_0 .net *"_ivl_40", 0 0, L_00000253cc972c70;  1 drivers
v00000253cc96f8f0_0 .net *"_ivl_401", 0 0, L_00000253cc9c42d0;  1 drivers
v00000253cc96f5d0_0 .net *"_ivl_403", 31 0, L_00000253cc9c5450;  1 drivers
L_00000253cc97bbc0 .functor BUFT 1, C4<000000000000000000000000>, C4<0>, C4<0>, C4<0>;
v00000253cc971010_0 .net *"_ivl_406", 23 0, L_00000253cc97bbc0;  1 drivers
v00000253cc9704d0_0 .net *"_ivl_407", 31 0, L_00000253cc9793e0;  1 drivers
L_00000253cc97bc08 .functor BUFT 1, C4<00000000000000000000000000000001>, C4<0>, C4<0>, C4<0>;
v00000253cc970d90_0 .net/2u *"_ivl_409", 31 0, L_00000253cc97bc08;  1 drivers
v00000253cc96f670_0 .net *"_ivl_411", 31 0, L_00000253cc9c3c90;  1 drivers
v00000253cc970570_0 .net *"_ivl_413", 31 0, L_00000253cc9c58b0;  1 drivers
v00000253cc970b10_0 .net *"_ivl_415", 28 0, L_00000253cc9c4410;  1 drivers
L_00000253cc97bc50 .functor BUFT 1, C4<000>, C4<0>, C4<0>, C4<0>;
v00000253cc96fb70_0 .net *"_ivl_417", 2 0, L_00000253cc97bc50;  1 drivers
v00000253cc970110_0 .net/s *"_ivl_419", 7 0, L_00000253cc9c4550;  1 drivers
v00000253cc971290_0 .net *"_ivl_42", 0 0, L_00000253cc971910;  1 drivers
L_00000253cc97bc98 .functor BUFT 1, C4<00000000>, C4<0>, C4<0>, C4<0>;
v00000253cc96f7b0_0 .net/2s *"_ivl_421", 7 0, L_00000253cc97bc98;  1 drivers
v00000253cc9706b0_0 .net *"_ivl_423", 7 0, L_00000253cc9c5310;  1 drivers
v00000253cc970390_0 .net/s *"_ivl_427", 7 0, L_00000253cc9c5950;  1 drivers
v00000253cc970cf0_0 .net/s *"_ivl_429", 7 0, L_00000253cc9c5a90;  1 drivers
v00000253cc970e30_0 .net *"_ivl_44", 0 0, L_00000253cc8b7a70;  1 drivers
v00000253cc9709d0_0 .net *"_ivl_47", 0 0, L_00000253cc9719b0;  1 drivers
v00000253cc971330_0 .net *"_ivl_49", 0 0, L_00000253cc972db0;  1 drivers
v00000253cc96f710_0 .net *"_ivl_51", 0 0, L_00000253cc8b7680;  1 drivers
v00000253cc96fad0_0 .net *"_ivl_55", 0 0, L_00000253cc9738f0;  1 drivers
v00000253cc96fc10_0 .net *"_ivl_57", 0 0, L_00000253cc9730d0;  1 drivers
v00000253cc96fcb0_0 .net *"_ivl_59", 0 0, L_00000253cc8b7e60;  1 drivers
v00000253cc9701b0_0 .net *"_ivl_6", 0 0, L_00000253cc973710;  1 drivers
v00000253cc970bb0_0 .net *"_ivl_62", 0 0, L_00000253cc973530;  1 drivers
v00000253cc970250_0 .net *"_ivl_64", 0 0, L_00000253cc973ad0;  1 drivers
v00000253cc970750_0 .net *"_ivl_66", 0 0, L_00000253cc8b77d0;  1 drivers
v00000253cc9702f0_0 .net *"_ivl_69", 0 0, L_00000253cc971730;  1 drivers
v00000253cc970930_0 .net *"_ivl_71", 0 0, L_00000253cc9724f0;  1 drivers
v00000253cc970c50_0 .net *"_ivl_73", 0 0, L_00000253cc8b7b50;  1 drivers
v00000253cc970f70_0 .net *"_ivl_76", 0 0, L_00000253cc972090;  1 drivers
v00000253cc9710b0_0 .net *"_ivl_78", 0 0, L_00000253cc973210;  1 drivers
v00000253cc96fdf0_0 .net *"_ivl_8", 0 0, L_00000253cc8b73e0;  1 drivers
v00000253cc971150_0 .net *"_ivl_80", 0 0, L_00000253cc8b7bc0;  1 drivers
v00000253cc9711f0_0 .net *"_ivl_84", 0 0, L_00000253cc973670;  1 drivers
v00000253cc9707f0_0 .net *"_ivl_86", 0 0, L_00000253cc972a90;  1 drivers
v00000253cc970890_0 .net *"_ivl_88", 0 0, L_00000253cc8b7ae0;  1 drivers
v00000253cc9713d0_0 .net *"_ivl_91", 0 0, L_00000253cc972b30;  1 drivers
v00000253cc96f530_0 .net *"_ivl_93", 0 0, L_00000253cc973990;  1 drivers
v00000253cc96ffd0_0 .net *"_ivl_95", 0 0, L_00000253cc8b76f0;  1 drivers
v00000253cc96f850_0 .net *"_ivl_98", 0 0, L_00000253cc973a30;  1 drivers
v00000253cc96fd50_0 .var "behav_out", 7 0;
v00000253cc96fe90_0 .net "c", 10 0, L_00000253cc9742f0;  1 drivers
v00000253cc96ff30_0 .net "data_out", 7 0, L_00000253cc9c5bd0;  alias, 1 drivers
v00000253cc970070_0 .net "gate_out", 7 0, L_00000253cc975290;  alias, 1 drivers
v00000253cc971d70_0 .var/i "i", 31 0;
v00000253cc971b90_0 .net "p0", 3 0, L_00000253cc973490;  1 drivers
v00000253cc973030_0 .net "p1", 3 0, L_00000253cc972450;  1 drivers
v00000253cc971af0_0 .net "p2", 3 0, L_00000253cc972590;  1 drivers
v00000253cc972130_0 .net "p3", 3 0, L_00000253cc973b70;  1 drivers
v00000253cc972e50_0 .net "pp0", 7 0, L_00000253cc9c47d0;  1 drivers
v00000253cc973850_0 .net "pp1", 7 0, L_00000253cc9c3d30;  1 drivers
v00000253cc971c30_0 .net "pp2", 7 0, L_00000253cc9c44b0;  1 drivers
v00000253cc971cd0_0 .net "pp3", 7 0, L_00000253cc9c53b0;  1 drivers
v00000253cc972770_0 .var "q_1", 0 0;
v00000253cc971870_0 .net "s", 5 0, L_00000253cc974110;  1 drivers
E_00000253cc8a55e0/0 .event anyedge, v00000253cc96b740_0, v00000253cc96bce0_0, v00000253cc972770_0, v00000253cc9687c0_0;
E_00000253cc8a55e0/1 .event anyedge, v00000253cc96c460_0;
E_00000253cc8a55e0 .event/or E_00000253cc8a55e0/0, E_00000253cc8a55e0/1;
L_00000253cc9723b0 .part v00000253cc972f90_0, 0, 1;
L_00000253cc973710 .part v00000253cc973170_0, 0, 1;
L_00000253cc9735d0 .part v00000253cc972f90_0, 0, 1;
L_00000253cc972950 .part v00000253cc973170_0, 1, 1;
L_00000253cc9729f0 .part v00000253cc972f90_0, 0, 1;
L_00000253cc972270 .part v00000253cc973170_0, 2, 1;
L_00000253cc973490 .concat8 [ 1 1 1 1], L_00000253cc8b7530, L_00000253cc8b73e0, L_00000253cc8b7a00, L_00000253cc8b7df0;
L_00000253cc9737b0 .part v00000253cc972f90_0, 0, 1;
L_00000253cc971f50 .part v00000253cc973170_0, 3, 1;
L_00000253cc9733f0 .part v00000253cc972f90_0, 1, 1;
L_00000253cc971ff0 .part v00000253cc973170_0, 0, 1;
L_00000253cc972c70 .part v00000253cc972f90_0, 1, 1;
L_00000253cc971910 .part v00000253cc973170_0, 1, 1;
L_00000253cc9719b0 .part v00000253cc972f90_0, 1, 1;
L_00000253cc972db0 .part v00000253cc973170_0, 2, 1;
L_00000253cc972450 .concat8 [ 1 1 1 1], L_00000253cc8b7610, L_00000253cc8b7450, L_00000253cc8b7a70, L_00000253cc8b7680;
L_00000253cc9738f0 .part v00000253cc972f90_0, 1, 1;
L_00000253cc9730d0 .part v00000253cc973170_0, 3, 1;
L_00000253cc973530 .part v00000253cc972f90_0, 2, 1;
L_00000253cc973ad0 .part v00000253cc973170_0, 0, 1;
L_00000253cc971730 .part v00000253cc972f90_0, 2, 1;
L_00000253cc9724f0 .part v00000253cc973170_0, 1, 1;
L_00000253cc972090 .part v00000253cc972f90_0, 2, 1;
L_00000253cc973210 .part v00000253cc973170_0, 2, 1;
L_00000253cc972590 .concat8 [ 1 1 1 1], L_00000253cc8b7e60, L_00000253cc8b77d0, L_00000253cc8b7b50, L_00000253cc8b7bc0;
L_00000253cc973670 .part v00000253cc972f90_0, 2, 1;
L_00000253cc972a90 .part v00000253cc973170_0, 3, 1;
L_00000253cc972b30 .part v00000253cc972f90_0, 3, 1;
L_00000253cc973990 .part v00000253cc973170_0, 0, 1;
L_00000253cc973a30 .part v00000253cc972f90_0, 3, 1;
L_00000253cc972bd0 .part v00000253cc973170_0, 1, 1;
L_00000253cc9717d0 .part v00000253cc972f90_0, 3, 1;
L_00000253cc972d10 .part v00000253cc973170_0, 2, 1;
L_00000253cc973b70 .concat8 [ 1 1 1 1], L_00000253cc8b7ae0, L_00000253cc8b76f0, L_00000253cc8b7f40, L_00000253cc8b7760;
L_00000253cc973cb0 .part v00000253cc972f90_0, 3, 1;
L_00000253cc972630 .part v00000253cc973170_0, 3, 1;
L_00000253cc973350 .part L_00000253cc973490, 0, 1;
L_00000253cc971550 .part L_00000253cc973490, 1, 1;
L_00000253cc9715f0 .part L_00000253cc972450, 0, 1;
L_00000253cc971690 .part L_00000253cc972450, 1, 1;
L_00000253cc9726d0 .part L_00000253cc972590, 0, 1;
L_00000253cc971a50 .part L_00000253cc972590, 1, 1;
L_00000253cc9749d0 .part L_00000253cc973b70, 0, 1;
L_00000253cc975330 .part L_00000253cc973490, 2, 1;
L_00000253cc974c50 .part L_00000253cc9742f0, 0, 1;
L_00000253cc974070 .part L_00000253cc974110, 0, 1;
L_00000253cc9747f0 .part L_00000253cc972450, 2, 1;
L_00000253cc974b10 .part L_00000253cc9742f0, 1, 1;
L_00000253cc973fd0 .part L_00000253cc974110, 1, 1;
L_00000253cc974890 .part L_00000253cc972590, 2, 1;
L_00000253cc974750 .part L_00000253cc9742f0, 2, 1;
L_00000253cc974930 .part L_00000253cc973b70, 1, 1;
L_00000253cc975150 .part L_00000253cc973490, 3, 1;
L_00000253cc974e30 .part L_00000253cc9742f0, 3, 1;
L_00000253cc973e90 .part L_00000253cc974110, 2, 1;
L_00000253cc974430 .part L_00000253cc972450, 3, 1;
L_00000253cc973f30 .part L_00000253cc9742f0, 4, 1;
L_00000253cc974ed0 .part L_00000253cc974110, 3, 1;
L_00000253cc974a70 .part L_00000253cc972590, 3, 1;
L_00000253cc974d90 .part L_00000253cc9742f0, 5, 1;
L_00000253cc974bb0 .part L_00000253cc973b70, 2, 1;
LS_00000253cc974110_0_0 .concat8 [ 1 1 1 1], L_00000253cc8b71b0, L_00000253cc8b7220, L_00000253cc9779c0, L_00000253cc977950;
LS_00000253cc974110_0_4 .concat8 [ 1 1 0 0], L_00000253cc978050, L_00000253cc977e20;
L_00000253cc974110 .concat8 [ 4 2 0 0], LS_00000253cc974110_0_0, LS_00000253cc974110_0_4;
L_00000253cc974610 .part L_00000253cc9742f0, 6, 1;
L_00000253cc974cf0 .part L_00000253cc974110, 4, 1;
L_00000253cc9741b0 .part L_00000253cc9742f0, 9, 1;
L_00000253cc974f70 .part L_00000253cc9742f0, 7, 1;
L_00000253cc974250 .part L_00000253cc974110, 5, 1;
LS_00000253cc9742f0_0_0 .concat8 [ 1 1 1 1], L_00000253cc8b7ed0, L_00000253cc8b7990, L_00000253cc8b7300, L_00000253cc9781a0;
LS_00000253cc9742f0_0_4 .concat8 [ 1 1 1 1], L_00000253cc977b10, L_00000253cc977b80, L_00000253cc9776b0, L_00000253cc9782f0;
LS_00000253cc9742f0_0_8 .concat8 [ 1 1 1 0], L_00000253cc978130, L_00000253cc977e90, L_00000253cc979370;
L_00000253cc9742f0 .concat8 [ 4 4 3 0], LS_00000253cc9742f0_0_0, LS_00000253cc9742f0_0_4, LS_00000253cc9742f0_0_8;
L_00000253cc975010 .part L_00000253cc9742f0, 10, 1;
L_00000253cc9750b0 .part L_00000253cc9742f0, 8, 1;
L_00000253cc9751f0 .part L_00000253cc973b70, 3, 1;
LS_00000253cc975290_0_0 .concat8 [ 1 1 1 1], L_00000253cc973350, L_00000253cc8b78b0, L_00000253cc977870, L_00000253cc978280;
LS_00000253cc975290_0_4 .concat8 [ 1 1 1 1], L_00000253cc978360, L_00000253cc977560, L_00000253cc979220, L_00000253cc979140;
L_00000253cc975290 .concat8 [ 4 4 0 0], LS_00000253cc975290_0_0, LS_00000253cc975290_0_4;
L_00000253cc974390 .part v00000253cc973170_0, 3, 1;
L_00000253cc9753d0 .concat [ 1 1 1 1], L_00000253cc974390, L_00000253cc974390, L_00000253cc974390, L_00000253cc974390;
L_00000253cc973d50 .concat [ 4 4 0 0], v00000253cc973170_0, L_00000253cc9753d0;
L_00000253cc9746b0 .part v00000253cc972f90_0, 0, 1;
L_00000253cc973df0 .concat [ 1 1 0 0], L_00000253cc97b548, L_00000253cc9746b0;
L_00000253cc9744d0 .cmp/eq 2, L_00000253cc973df0, L_00000253cc97b590;
L_00000253cc974570 .part v00000253cc972f90_0, 0, 1;
L_00000253cc9c49b0 .concat [ 1 1 0 0], L_00000253cc97b548, L_00000253cc974570;
L_00000253cc9c45f0 .cmp/eq 2, L_00000253cc9c49b0, L_00000253cc97b5d8;
L_00000253cc9c4690 .concat [ 8 24 0 0], L_00000253cc973d50, L_00000253cc97b620;
L_00000253cc9c4730 .arith/sum 32, L_00000253cc978ff0, L_00000253cc97b668;
L_00000253cc9c4cd0 .part L_00000253cc9c4730, 0, 8;
L_00000253cc9c3830 .functor MUXZ 8, L_00000253cc97b6b0, L_00000253cc9c4cd0, L_00000253cc9c45f0, C4<>;
L_00000253cc9c47d0 .functor MUXZ 8, L_00000253cc9c3830, L_00000253cc973d50, L_00000253cc9744d0, C4<>;
L_00000253cc9c4d70 .part v00000253cc972f90_0, 1, 1;
L_00000253cc9c4870 .part v00000253cc972f90_0, 0, 1;
L_00000253cc9c3dd0 .concat [ 1 1 0 0], L_00000253cc9c4870, L_00000253cc9c4d70;
L_00000253cc9c4050 .cmp/eq 2, L_00000253cc9c3dd0, L_00000253cc97b6f8;
L_00000253cc9c4c30 .part L_00000253cc973d50, 0, 7;
L_00000253cc9c4190 .concat [ 1 7 0 0], L_00000253cc97b740, L_00000253cc9c4c30;
L_00000253cc9c3fb0 .part v00000253cc972f90_0, 1, 1;
L_00000253cc9c3ab0 .part v00000253cc972f90_0, 0, 1;
L_00000253cc9c3e70 .concat [ 1 1 0 0], L_00000253cc9c3ab0, L_00000253cc9c3fb0;
L_00000253cc9c3a10 .cmp/eq 2, L_00000253cc9c3e70, L_00000253cc97b788;
L_00000253cc9c38d0 .concat [ 8 24 0 0], L_00000253cc973d50, L_00000253cc97b7d0;
L_00000253cc9c5090 .arith/sum 32, L_00000253cc978880, L_00000253cc97b818;
L_00000253cc9c4230 .part L_00000253cc9c5090, 0, 31;
L_00000253cc9c36f0 .concat [ 1 31 0 0], L_00000253cc97b860, L_00000253cc9c4230;
L_00000253cc9c4e10 .part L_00000253cc9c36f0, 0, 8;
L_00000253cc9c5b30 .functor MUXZ 8, L_00000253cc97b8a8, L_00000253cc9c4e10, L_00000253cc9c3a10, C4<>;
L_00000253cc9c3d30 .functor MUXZ 8, L_00000253cc9c5b30, L_00000253cc9c4190, L_00000253cc9c4050, C4<>;
L_00000253cc9c4910 .part v00000253cc972f90_0, 2, 1;
L_00000253cc9c4a50 .part v00000253cc972f90_0, 1, 1;
L_00000253cc9c4af0 .concat [ 1 1 0 0], L_00000253cc9c4a50, L_00000253cc9c4910;
L_00000253cc9c54f0 .cmp/eq 2, L_00000253cc9c4af0, L_00000253cc97b8f0;
L_00000253cc9c4b90 .part L_00000253cc973d50, 0, 6;
L_00000253cc9c4370 .concat [ 2 6 0 0], L_00000253cc97b938, L_00000253cc9c4b90;
L_00000253cc9c3b50 .part v00000253cc972f90_0, 2, 1;
L_00000253cc9c5810 .part v00000253cc972f90_0, 1, 1;
L_00000253cc9c51d0 .concat [ 1 1 0 0], L_00000253cc9c5810, L_00000253cc9c3b50;
L_00000253cc9c4eb0 .cmp/eq 2, L_00000253cc9c51d0, L_00000253cc97b980;
L_00000253cc9c5630 .concat [ 8 24 0 0], L_00000253cc973d50, L_00000253cc97b9c8;
L_00000253cc9c3970 .arith/sum 32, L_00000253cc9788f0, L_00000253cc97ba10;
L_00000253cc9c4f50 .part L_00000253cc9c3970, 0, 30;
L_00000253cc9c5590 .concat [ 2 30 0 0], L_00000253cc97ba58, L_00000253cc9c4f50;
L_00000253cc9c3bf0 .part L_00000253cc9c5590, 0, 8;
L_00000253cc9c59f0 .functor MUXZ 8, L_00000253cc97baa0, L_00000253cc9c3bf0, L_00000253cc9c4eb0, C4<>;
L_00000253cc9c44b0 .functor MUXZ 8, L_00000253cc9c59f0, L_00000253cc9c4370, L_00000253cc9c54f0, C4<>;
L_00000253cc9c5770 .part v00000253cc972f90_0, 3, 1;
L_00000253cc9c3f10 .part v00000253cc972f90_0, 2, 1;
L_00000253cc9c5d10 .concat [ 1 1 0 0], L_00000253cc9c3f10, L_00000253cc9c5770;
L_00000253cc9c4ff0 .cmp/eq 2, L_00000253cc9c5d10, L_00000253cc97bae8;
L_00000253cc9c5130 .part L_00000253cc973d50, 0, 5;
L_00000253cc9c56d0 .concat [ 3 5 0 0], L_00000253cc97bb30, L_00000253cc9c5130;
L_00000253cc9c40f0 .part v00000253cc972f90_0, 3, 1;
L_00000253cc9c3790 .part v00000253cc972f90_0, 2, 1;
L_00000253cc9c5270 .concat [ 1 1 0 0], L_00000253cc9c3790, L_00000253cc9c40f0;
L_00000253cc9c42d0 .cmp/eq 2, L_00000253cc9c5270, L_00000253cc97bb78;
L_00000253cc9c5450 .concat [ 8 24 0 0], L_00000253cc973d50, L_00000253cc97bbc0;
L_00000253cc9c3c90 .arith/sum 32, L_00000253cc9793e0, L_00000253cc97bc08;
L_00000253cc9c4410 .part L_00000253cc9c3c90, 0, 29;
L_00000253cc9c58b0 .concat [ 3 29 0 0], L_00000253cc97bc50, L_00000253cc9c4410;
L_00000253cc9c4550 .part L_00000253cc9c58b0, 0, 8;
L_00000253cc9c5310 .functor MUXZ 8, L_00000253cc97bc98, L_00000253cc9c4550, L_00000253cc9c42d0, C4<>;
L_00000253cc9c53b0 .functor MUXZ 8, L_00000253cc9c5310, L_00000253cc9c56d0, L_00000253cc9c4ff0, C4<>;
L_00000253cc9c5950 .arith/sum 8, L_00000253cc9c47d0, L_00000253cc9c3d30;
L_00000253cc9c5a90 .arith/sum 8, L_00000253cc9c5950, L_00000253cc9c44b0;
L_00000253cc9c5bd0 .arith/sum 8, L_00000253cc9c5a90, L_00000253cc9c53b0;
S_00000253cc8c06a0 .scope module, "fa0" "full_adder" 3 64, 4 1 0, S_00000253cc8c1d80;
 .timescale 0 0;
    .port_info 0 /INPUT 1 "a";
    .port_info 1 /INPUT 1 "b";
    .port_info 2 /INPUT 1 "cin";
    .port_info 3 /OUTPUT 1 "sum";
    .port_info 4 /OUTPUT 1 "carry";
L_00000253cc8b74c0 .functor XOR 1, L_00000253cc975330, L_00000253cc974c50, C4<0>, C4<0>;
L_00000253cc9778e0 .functor AND 1, L_00000253cc975330, L_00000253cc974c50, C4<1>, C4<1>;
L_00000253cc9775d0 .functor AND 1, L_00000253cc8b74c0, L_00000253cc974070, C4<1>, C4<1>;
L_00000253cc977870 .functor XOR 1, L_00000253cc8b74c0, L_00000253cc974070, C4<0>, C4<0>;
L_00000253cc9781a0 .functor OR 1, L_00000253cc9778e0, L_00000253cc9775d0, C4<0>, C4<0>;
v00000253cc8b4130_0 .net "a", 0 0, L_00000253cc975330;  1 drivers
v00000253cc8b3410_0 .net "b", 0 0, L_00000253cc974c50;  1 drivers
v00000253cc8b4ef0_0 .net "carry", 0 0, L_00000253cc9781a0;  1 drivers
v00000253cc8b43b0_0 .net "carry_1", 0 0, L_00000253cc9778e0;  1 drivers
v00000253cc8b4c70_0 .net "carry_2", 0 0, L_00000253cc9775d0;  1 drivers
v00000253cc8b34b0_0 .net "cin", 0 0, L_00000253cc974070;  1 drivers
v00000253cc8b3af0_0 .net "sum", 0 0, L_00000253cc977870;  1 drivers
v00000253cc8b4450_0 .net "sum_1", 0 0, L_00000253cc8b74c0;  1 drivers
S_00000253cc8c0830 .scope module, "fa1" "full_adder" 3 72, 4 1 0, S_00000253cc8c1d80;
 .timescale 0 0;
    .port_info 0 /INPUT 1 "a";
    .port_info 1 /INPUT 1 "b";
    .port_info 2 /INPUT 1 "cin";
    .port_info 3 /OUTPUT 1 "sum";
    .port_info 4 /OUTPUT 1 "carry";
L_00000253cc977aa0 .functor XOR 1, L_00000253cc9747f0, L_00000253cc974b10, C4<0>, C4<0>;
L_00000253cc977cd0 .functor AND 1, L_00000253cc9747f0, L_00000253cc974b10, C4<1>, C4<1>;
L_00000253cc977800 .functor AND 1, L_00000253cc977aa0, L_00000253cc973fd0, C4<1>, C4<1>;
L_00000253cc9779c0 .functor XOR 1, L_00000253cc977aa0, L_00000253cc973fd0, C4<0>, C4<0>;
L_00000253cc977b10 .functor OR 1, L_00000253cc977cd0, L_00000253cc977800, C4<0>, C4<0>;
v00000253cc8b3370_0 .net "a", 0 0, L_00000253cc9747f0;  1 drivers
v00000253cc8b37d0_0 .net "b", 0 0, L_00000253cc974b10;  1 drivers
v00000253cc8b4590_0 .net "carry", 0 0, L_00000253cc977b10;  1 drivers
v00000253cc8b44f0_0 .net "carry_1", 0 0, L_00000253cc977cd0;  1 drivers
v00000253cc8b3e10_0 .net "carry_2", 0 0, L_00000253cc977800;  1 drivers
v00000253cc8b3c30_0 .net "cin", 0 0, L_00000253cc973fd0;  1 drivers
v00000253cc8b3ff0_0 .net "sum", 0 0, L_00000253cc9779c0;  1 drivers
v00000253cc8b49f0_0 .net "sum_1", 0 0, L_00000253cc977aa0;  1 drivers
S_00000253cc86f7c0 .scope module, "fa2" "full_adder" 3 80, 4 1 0, S_00000253cc8c1d80;
 .timescale 0 0;
    .port_info 0 /INPUT 1 "a";
    .port_info 1 /INPUT 1 "b";
    .port_info 2 /INPUT 1 "cin";
    .port_info 3 /OUTPUT 1 "sum";
    .port_info 4 /OUTPUT 1 "carry";
L_00000253cc977640 .functor XOR 1, L_00000253cc974890, L_00000253cc974750, C4<0>, C4<0>;
L_00000253cc977a30 .functor AND 1, L_00000253cc974890, L_00000253cc974750, C4<1>, C4<1>;
L_00000253cc977fe0 .functor AND 1, L_00000253cc977640, L_00000253cc974930, C4<1>, C4<1>;
L_00000253cc977950 .functor XOR 1, L_00000253cc977640, L_00000253cc974930, C4<0>, C4<0>;
L_00000253cc977b80 .functor OR 1, L_00000253cc977a30, L_00000253cc977fe0, C4<0>, C4<0>;
v00000253cc8b3eb0_0 .net "a", 0 0, L_00000253cc974890;  1 drivers
v00000253cc8b3f50_0 .net "b", 0 0, L_00000253cc974750;  1 drivers
v00000253cc8b41d0_0 .net "carry", 0 0, L_00000253cc977b80;  1 drivers
v00000253cc8b4b30_0 .net "carry_1", 0 0, L_00000253cc977a30;  1 drivers
v00000253cc8b3550_0 .net "carry_2", 0 0, L_00000253cc977fe0;  1 drivers
v00000253cc8b46d0_0 .net "cin", 0 0, L_00000253cc974930;  1 drivers
v00000253cc8b4630_0 .net "sum", 0 0, L_00000253cc977950;  1 drivers
v00000253cc8b48b0_0 .net "sum_1", 0 0, L_00000253cc977640;  1 drivers
S_00000253cc86f950 .scope module, "fa3" "full_adder" 3 89, 4 1 0, S_00000253cc8c1d80;
 .timescale 0 0;
    .port_info 0 /INPUT 1 "a";
    .port_info 1 /INPUT 1 "b";
    .port_info 2 /INPUT 1 "cin";
    .port_info 3 /OUTPUT 1 "sum";
    .port_info 4 /OUTPUT 1 "carry";
L_00000253cc977bf0 .functor XOR 1, L_00000253cc975150, L_00000253cc974e30, C4<0>, C4<0>;
L_00000253cc977720 .functor AND 1, L_00000253cc975150, L_00000253cc974e30, C4<1>, C4<1>;
L_00000253cc978210 .functor AND 1, L_00000253cc977bf0, L_00000253cc973e90, C4<1>, C4<1>;
L_00000253cc978280 .functor XOR 1, L_00000253cc977bf0, L_00000253cc973e90, C4<0>, C4<0>;
L_00000253cc9776b0 .functor OR 1, L_00000253cc977720, L_00000253cc978210, C4<0>, C4<0>;
v00000253cc8b35f0_0 .net "a", 0 0, L_00000253cc975150;  1 drivers
v00000253cc8b3690_0 .net "b", 0 0, L_00000253cc974e30;  1 drivers
v00000253cc8b4950_0 .net "carry", 0 0, L_00000253cc9776b0;  1 drivers
v00000253cc8b4bd0_0 .net "carry_1", 0 0, L_00000253cc977720;  1 drivers
v00000253cc8b3870_0 .net "carry_2", 0 0, L_00000253cc978210;  1 drivers
v00000253cc8b3730_0 .net "cin", 0 0, L_00000253cc973e90;  1 drivers
v00000253cc8b4d10_0 .net "sum", 0 0, L_00000253cc978280;  1 drivers
v00000253cc968d60_0 .net "sum_1", 0 0, L_00000253cc977bf0;  1 drivers
S_00000253cc86fae0 .scope module, "fa4" "full_adder" 3 96, 4 1 0, S_00000253cc8c1d80;
 .timescale 0 0;
    .port_info 0 /INPUT 1 "a";
    .port_info 1 /INPUT 1 "b";
    .port_info 2 /INPUT 1 "cin";
    .port_info 3 /OUTPUT 1 "sum";
    .port_info 4 /OUTPUT 1 "carry";
L_00000253cc977790 .functor XOR 1, L_00000253cc974430, L_00000253cc973f30, C4<0>, C4<0>;
L_00000253cc977d40 .functor AND 1, L_00000253cc974430, L_00000253cc973f30, C4<1>, C4<1>;
L_00000253cc977c60 .functor AND 1, L_00000253cc977790, L_00000253cc974ed0, C4<1>, C4<1>;
L_00000253cc978050 .functor XOR 1, L_00000253cc977790, L_00000253cc974ed0, C4<0>, C4<0>;
L_00000253cc9782f0 .functor OR 1, L_00000253cc977d40, L_00000253cc977c60, C4<0>, C4<0>;
v00000253cc969260_0 .net "a", 0 0, L_00000253cc974430;  1 drivers
v00000253cc969bc0_0 .net "b", 0 0, L_00000253cc973f30;  1 drivers
v00000253cc969440_0 .net "carry", 0 0, L_00000253cc9782f0;  1 drivers
v00000253cc968f40_0 .net "carry_1", 0 0, L_00000253cc977d40;  1 drivers
v00000253cc9694e0_0 .net "carry_2", 0 0, L_00000253cc977c60;  1 drivers
v00000253cc969580_0 .net "cin", 0 0, L_00000253cc974ed0;  1 drivers
v00000253cc9682c0_0 .net "sum", 0 0, L_00000253cc978050;  1 drivers
v00000253cc969ee0_0 .net "sum_1", 0 0, L_00000253cc977790;  1 drivers
S_00000253cc86e9a0 .scope module, "fa5" "full_adder" 3 103, 4 1 0, S_00000253cc8c1d80;
 .timescale 0 0;
    .port_info 0 /INPUT 1 "a";
    .port_info 1 /INPUT 1 "b";
    .port_info 2 /INPUT 1 "cin";
    .port_info 3 /OUTPUT 1 "sum";
    .port_info 4 /OUTPUT 1 "carry";
L_00000253cc977db0 .functor XOR 1, L_00000253cc974a70, L_00000253cc974d90, C4<0>, C4<0>;
L_00000253cc9780c0 .functor AND 1, L_00000253cc974a70, L_00000253cc974d90, C4<1>, C4<1>;
L_00000253cc977f70 .functor AND 1, L_00000253cc977db0, L_00000253cc974bb0, C4<1>, C4<1>;
L_00000253cc977e20 .functor XOR 1, L_00000253cc977db0, L_00000253cc974bb0, C4<0>, C4<0>;
L_00000253cc978130 .functor OR 1, L_00000253cc9780c0, L_00000253cc977f70, C4<0>, C4<0>;
v00000253cc9684a0_0 .net "a", 0 0, L_00000253cc974a70;  1 drivers
v00000253cc969f80_0 .net "b", 0 0, L_00000253cc974d90;  1 drivers
v00000253cc9689a0_0 .net "carry", 0 0, L_00000253cc978130;  1 drivers
v00000253cc968c20_0 .net "carry_1", 0 0, L_00000253cc9780c0;  1 drivers
v00000253cc968a40_0 .net "carry_2", 0 0, L_00000253cc977f70;  1 drivers
v00000253cc969620_0 .net "cin", 0 0, L_00000253cc974bb0;  1 drivers
v00000253cc9696c0_0 .net "sum", 0 0, L_00000253cc977e20;  1 drivers
v00000253cc969760_0 .net "sum_1", 0 0, L_00000253cc977db0;  1 drivers
S_00000253cc86eb30 .scope module, "fa6" "full_adder" 3 119, 4 1 0, S_00000253cc8c1d80;
 .timescale 0 0;
    .port_info 0 /INPUT 1 "a";
    .port_info 1 /INPUT 1 "b";
    .port_info 2 /INPUT 1 "cin";
    .port_info 3 /OUTPUT 1 "sum";
    .port_info 4 /OUTPUT 1 "carry";
L_00000253cc977f00 .functor XOR 1, L_00000253cc9741b0, L_00000253cc974f70, C4<0>, C4<0>;
L_00000253cc9783d0 .functor AND 1, L_00000253cc9741b0, L_00000253cc974f70, C4<1>, C4<1>;
L_00000253cc978440 .functor AND 1, L_00000253cc977f00, L_00000253cc974250, C4<1>, C4<1>;
L_00000253cc977560 .functor XOR 1, L_00000253cc977f00, L_00000253cc974250, C4<0>, C4<0>;
L_00000253cc979370 .functor OR 1, L_00000253cc9783d0, L_00000253cc978440, C4<0>, C4<0>;
v00000253cc968ea0_0 .net "a", 0 0, L_00000253cc9741b0;  1 drivers
v00000253cc968cc0_0 .net "b", 0 0, L_00000253cc974f70;  1 drivers
v00000253cc969800_0 .net "carry", 0 0, L_00000253cc979370;  1 drivers
v00000253cc968fe0_0 .net "carry_1", 0 0, L_00000253cc9783d0;  1 drivers
v00000253cc968ae0_0 .net "carry_2", 0 0, L_00000253cc978440;  1 drivers
v00000253cc9693a0_0 .net "cin", 0 0, L_00000253cc974250;  1 drivers
v00000253cc9698a0_0 .net "sum", 0 0, L_00000253cc977560;  1 drivers
v00000253cc968b80_0 .net "sum_1", 0 0, L_00000253cc977f00;  1 drivers
S_00000253cc86ecc0 .scope module, "fa7" "full_adder" 3 127, 4 1 0, S_00000253cc8c1d80;
 .timescale 0 0;
    .port_info 0 /INPUT 1 "a";
    .port_info 1 /INPUT 1 "b";
    .port_info 2 /INPUT 1 "cin";
    .port_info 3 /OUTPUT 1 "sum";
    .port_info 4 /OUTPUT 1 "carry";
L_00000253cc978810 .functor XOR 1, L_00000253cc975010, L_00000253cc9750b0, C4<0>, C4<0>;
L_00000253cc978ce0 .functor AND 1, L_00000253cc975010, L_00000253cc9750b0, C4<1>, C4<1>;
L_00000253cc978730 .functor AND 1, L_00000253cc978810, L_00000253cc9751f0, C4<1>, C4<1>;
L_00000253cc979220 .functor XOR 1, L_00000253cc978810, L_00000253cc9751f0, C4<0>, C4<0>;
L_00000253cc979140 .functor OR 1, L_00000253cc978ce0, L_00000253cc978730, C4<0>, C4<0>;
v00000253cc969940_0 .net "a", 0 0, L_00000253cc975010;  1 drivers
v00000253cc968860_0 .net "b", 0 0, L_00000253cc9750b0;  1 drivers
v00000253cc969b20_0 .net "carry", 0 0, L_00000253cc979140;  1 drivers
v00000253cc969080_0 .net "carry_1", 0 0, L_00000253cc978ce0;  1 drivers
v00000253cc9680e0_0 .net "carry_2", 0 0, L_00000253cc978730;  1 drivers
v00000253cc969120_0 .net "cin", 0 0, L_00000253cc9751f0;  1 drivers
v00000253cc9691c0_0 .net "sum", 0 0, L_00000253cc979220;  1 drivers
v00000253cc969300_0 .net "sum_1", 0 0, L_00000253cc978810;  1 drivers
S_00000253cc86c190 .scope module, "ha0" "half_adder" 3 44, 5 1 0, S_00000253cc8c1d80;
 .timescale 0 0;
    .port_info 0 /INPUT 1 "a";
    .port_info 1 /INPUT 1 "b";
    .port_info 2 /OUTPUT 1 "sum";
    .port_info 3 /OUTPUT 1 "carry";
L_00000253cc8b78b0 .functor XOR 1, L_00000253cc971550, L_00000253cc9715f0, C4<0>, C4<0>;
L_00000253cc8b7ed0 .functor AND 1, L_00000253cc971550, L_00000253cc9715f0, C4<1>, C4<1>;
v00000253cc9699e0_0 .net "a", 0 0, L_00000253cc971550;  1 drivers
v00000253cc969a80_0 .net "b", 0 0, L_00000253cc9715f0;  1 drivers
v00000253cc969c60_0 .net "carry", 0 0, L_00000253cc8b7ed0;  1 drivers
v00000253cc968180_0 .net "sum", 0 0, L_00000253cc8b78b0;  1 drivers
S_00000253cc86c320 .scope module, "ha1" "half_adder" 3 50, 5 1 0, S_00000253cc8c1d80;
 .timescale 0 0;
    .port_info 0 /INPUT 1 "a";
    .port_info 1 /INPUT 1 "b";
    .port_info 2 /OUTPUT 1 "sum";
    .port_info 3 /OUTPUT 1 "carry";
L_00000253cc8b71b0 .functor XOR 1, L_00000253cc971690, L_00000253cc9726d0, C4<0>, C4<0>;
L_00000253cc8b7990 .functor AND 1, L_00000253cc971690, L_00000253cc9726d0, C4<1>, C4<1>;
v00000253cc969d00_0 .net "a", 0 0, L_00000253cc971690;  1 drivers
v00000253cc968400_0 .net "b", 0 0, L_00000253cc9726d0;  1 drivers
v00000253cc969da0_0 .net "carry", 0 0, L_00000253cc8b7990;  1 drivers
v00000253cc968220_0 .net "sum", 0 0, L_00000253cc8b71b0;  1 drivers
S_00000253cc86c4b0 .scope module, "ha2" "half_adder" 3 56, 5 1 0, S_00000253cc8c1d80;
 .timescale 0 0;
    .port_info 0 /INPUT 1 "a";
    .port_info 1 /INPUT 1 "b";
    .port_info 2 /OUTPUT 1 "sum";
    .port_info 3 /OUTPUT 1 "carry";
L_00000253cc8b7220 .functor XOR 1, L_00000253cc971a50, L_00000253cc9749d0, C4<0>, C4<0>;
L_00000253cc8b7300 .functor AND 1, L_00000253cc971a50, L_00000253cc9749d0, C4<1>, C4<1>;
v00000253cc968360_0 .net "a", 0 0, L_00000253cc971a50;  1 drivers
v00000253cc968e00_0 .net "b", 0 0, L_00000253cc9749d0;  1 drivers
v00000253cc969e40_0 .net "carry", 0 0, L_00000253cc8b7300;  1 drivers
v00000253cc968540_0 .net "sum", 0 0, L_00000253cc8b7220;  1 drivers
S_00000253cc822510 .scope module, "ha3" "half_adder" 3 112, 5 1 0, S_00000253cc8c1d80;
 .timescale 0 0;
    .port_info 0 /INPUT 1 "a";
    .port_info 1 /INPUT 1 "b";
    .port_info 2 /OUTPUT 1 "sum";
    .port_info 3 /OUTPUT 1 "carry";
L_00000253cc978360 .functor XOR 1, L_00000253cc974610, L_00000253cc974cf0, C4<0>, C4<0>;
L_00000253cc977e90 .functor AND 1, L_00000253cc974610, L_00000253cc974cf0, C4<1>, C4<1>;
v00000253cc9685e0_0 .net "a", 0 0, L_00000253cc974610;  1 drivers
v00000253cc968680_0 .net "b", 0 0, L_00000253cc974cf0;  1 drivers
v00000253cc968900_0 .net "carry", 0 0, L_00000253cc977e90;  1 drivers
v00000253cc968720_0 .net "sum", 0 0, L_00000253cc978360;  1 drivers
S_00000253cc8226a0 .scope task, "check_result" "check_result" 2 26, 2 26 0, S_00000253cc8c1bf0;
 .timescale 0 0;
v00000253cc973c10_0 .var "e", 7 0;
v00000253cc972ef0_0 .var "f", 7 0;
v00000253cc972310_0 .var "g", 7 0;
v00000253cc971e10_0 .var "result", 7 0;
TD_test_bench.check_result ;
    %load/vec4 v00000253cc973c10_0;
    %load/vec4 v00000253cc971e10_0;
    %cmp/ne;
    %flag_get/vec4 4;
    %load/vec4 v00000253cc972ef0_0;
    %load/vec4 v00000253cc971e10_0;
    %cmp/ne;
    %flag_get/vec4 4;
    %or;
    %load/vec4 v00000253cc972310_0;
    %load/vec4 v00000253cc971e10_0;
    %cmp/ne;
    %flag_get/vec4 4;
    %or;
    %flag_set/vec4 8;
    %jmp/0xz  T_0.0, 8;
    %vpi_call 2 33 "$display", "===== t=%d FAILED, output does not match =====", $time {0 0 0};
    %vpi_call 2 34 "$display", "===== t=%d Expected value is %b, Actual gate value is %b, Actual data value is %b, Actual behavioral value is %b =====", $time, v00000253cc971e10_0, v00000253cc973c10_0, v00000253cc972ef0_0, v00000253cc972310_0 {0 0 0};
    %jmp T_0.1;
T_0.0 ;
    %vpi_call 2 37 "$display", "===== t=%d PASSED SUCCESSFULLY =====", $time {0 0 0};
T_0.1 ;
    %end;
    .scope S_00000253cc8c1d80;
T_1 ;
    %wait E_00000253cc8a55e0;
    %pushi/vec4 0, 0, 4;
    %store/vec4 v00000253cc9687c0_0, 0, 4;
    %load/vec4 v00000253cc96b740_0;
    %store/vec4 v00000253cc96bce0_0, 0, 4;
    %pushi/vec4 0, 0, 1;
    %store/vec4 v00000253cc972770_0, 0, 1;
    %pushi/vec4 0, 0, 32;
    %store/vec4 v00000253cc971d70_0, 0, 32;
T_1.0 ;
    %load/vec4 v00000253cc971d70_0;
    %cmpi/s 4, 0, 32;
    %jmp/0xz T_1.1, 5;
    %load/vec4 v00000253cc96bce0_0;
    %parti/s 1, 0, 2;
    %load/vec4 v00000253cc972770_0;
    %concat/vec4; draw_concat_vec4
    %dup/vec4;
    %pushi/vec4 1, 0, 2;
    %cmp/u;
    %jmp/1 T_1.2, 6;
    %dup/vec4;
    %pushi/vec4 2, 0, 2;
    %cmp/u;
    %jmp/1 T_1.3, 6;
    %load/vec4 v00000253cc9687c0_0;
    %store/vec4 v00000253cc9687c0_0, 0, 4;
    %jmp T_1.5;
T_1.2 ;
    %load/vec4 v00000253cc9687c0_0;
    %load/vec4 v00000253cc96c460_0;
    %add;
    %store/vec4 v00000253cc9687c0_0, 0, 4;
    %jmp T_1.5;
T_1.3 ;
    %load/vec4 v00000253cc9687c0_0;
    %load/vec4 v00000253cc96c460_0;
    %sub;
    %store/vec4 v00000253cc9687c0_0, 0, 4;
    %jmp T_1.5;
T_1.5 ;
    %pop/vec4 1;
    %load/vec4 v00000253cc96bce0_0;
    %parti/s 1, 0, 2;
    %store/vec4 v00000253cc972770_0, 0, 1;
    %load/vec4 v00000253cc9687c0_0;
    %load/vec4 v00000253cc96bce0_0;
    %concat/vec4; draw_concat_vec4
    %ix/load 4, 1, 0;
    %flag_set/imm 4, 0;
    %shiftr 4;
    %split/vec4 4;
    %store/vec4 v00000253cc96bce0_0, 0, 4;
    %store/vec4 v00000253cc9687c0_0, 0, 4;
    %load/vec4 v00000253cc971d70_0;
    %addi 1, 0, 32;
    %store/vec4 v00000253cc971d70_0, 0, 32;
    %jmp T_1.0;
T_1.1 ;
    %load/vec4 v00000253cc9687c0_0;
    %load/vec4 v00000253cc96bce0_0;
    %concat/vec4; draw_concat_vec4
    %store/vec4 v00000253cc96fd50_0, 0, 8;
    %jmp T_1;
    .thread T_1, $push;
    .scope S_00000253cc8c1bf0;
T_2 ;
    %vpi_call 2 10 "$dumpfile", "wave.vcd" {0 0 0};
    %vpi_call 2 11 "$dumpvars", 32'sb00000000000000000000000000000000, S_00000253cc8c1bf0 {0 0 0};
    %vpi_call 2 12 "$display", "===== Test Booth Multiplier =====" {0 0 0};
    %vpi_call 2 13 "$monitor", "===== Q = %4b, M = %4b =====", v00000253cc972f90_0, v00000253cc973170_0 {0 0 0};
    %pushi/vec4 0, 0, 32;
    %store/vec4 v00000253cc9728b0_0, 0, 32;
T_2.0 ;
    %load/vec4 v00000253cc9728b0_0;
    %cmpi/s 16, 0, 32;
    %jmp/0xz T_2.1, 5;
    %pushi/vec4 0, 0, 32;
    %store/vec4 v00000253cc972810_0, 0, 32;
T_2.2 ;
    %load/vec4 v00000253cc972810_0;
    %cmpi/s 16, 0, 32;
    %jmp/0xz T_2.3, 5;
    %load/vec4 v00000253cc9728b0_0;
    %parti/s 4, 0, 2;
    %store/vec4 v00000253cc973170_0, 0, 4;
    %load/vec4 v00000253cc972810_0;
    %parti/s 4, 0, 2;
    %store/vec4 v00000253cc972f90_0, 0, 4;
    %delay 1, 0;
    %load/vec4 v00000253cc973170_0;
    %pad/u 8;
    %load/vec4 v00000253cc972f90_0;
    %pad/u 8;
    %mul;
    %store/vec4 v00000253cc971e10_0, 0, 8;
    %load/vec4 v00000253cc9732b0_0;
    %store/vec4 v00000253cc973c10_0, 0, 8;
    %load/vec4 v00000253cc9721d0_0;
    %store/vec4 v00000253cc972ef0_0, 0, 8;
    %load/vec4 v00000253cc971eb0_0;
    %store/vec4 v00000253cc972310_0, 0, 8;
    %fork TD_test_bench.check_result, S_00000253cc8226a0;
    %join;
    %load/vec4 v00000253cc972810_0;
    %addi 1, 0, 32;
    %store/vec4 v00000253cc972810_0, 0, 32;
    %jmp T_2.2;
T_2.3 ;
    %load/vec4 v00000253cc9728b0_0;
    %addi 1, 0, 32;
    %store/vec4 v00000253cc9728b0_0, 0, 32;
    %jmp T_2.0;
T_2.1 ;
    %vpi_call 2 22 "$display", "===== t=%d Finished Stimulation =====", $time {0 0 0};
    %vpi_call 2 23 "$finish" {0 0 0};
    %end;
    .thread T_2;
# The file index is used to find the file name in the following table.
:file_names 6;
    "N/A";
    "<interactive>";
    "../tb/test_bench.v";
    "../rtl/booth_multiplier.v";
    "../rtl/full_adder.v";
    "../rtl/half_adder.v";
