#! /c/Source/iverilog-install/bin/vvp
:ivl_version "12.0 (devel)" "(s20150603-1110-g18392a46)";
:ivl_delay_selection "TYPICAL";
:vpi_time_precision + 0;
:vpi_module "C:\iverilog\lib\ivl\system.vpi";
:vpi_module "C:\iverilog\lib\ivl\vhdl_sys.vpi";
:vpi_module "C:\iverilog\lib\ivl\vhdl_textio.vpi";
:vpi_module "C:\iverilog\lib\ivl\v2005_math.vpi";
:vpi_module "C:\iverilog\lib\ivl\va_math.vpi";
S_0000021a70d05860 .scope module, "test_bench7" "test_bench7" 2 1;
 .timescale 0 0;
v0000021a70d7b980_0 .var "I0", 0 0;
v0000021a70d7b7a0_0 .var "I1", 0 0;
v0000021a70d7ba20_0 .var "I2", 0 0;
v0000021a70d7bb60_0 .var "I3", 0 0;
v0000021a70d7bc00_0 .net "behav_out", 1 0, v0000021a70d7b840_0;  1 drivers
v0000021a70d7af80_0 .net "data_out", 1 0, L_0000021a70d7b160;  1 drivers
v0000021a70d7bca0_0 .net "gate_out", 1 0, L_0000021a70d7bde0;  1 drivers
S_0000021a70d28be0 .scope module, "DUT" "binary_encoder" 2 6, 3 1 0, S_0000021a70d05860;
 .timescale 0 0;
    .port_info 0 /INPUT 1 "I0";
    .port_info 1 /INPUT 1 "I1";
    .port_info 2 /INPUT 1 "I2";
    .port_info 3 /INPUT 1 "I3";
    .port_info 4 /OUTPUT 2 "gate_out";
    .port_info 5 /OUTPUT 2 "data_out";
    .port_info 6 /OUTPUT 2 "behav_out";
L_0000021a70d23790 .functor OR 1, v0000021a70d7b7a0_0, v0000021a70d7bb60_0, C4<0>, C4<0>;
L_0000021a70d23870 .functor OR 1, v0000021a70d7ba20_0, v0000021a70d7bb60_0, C4<0>, C4<0>;
v0000021a70ce2be0_0 .net "I0", 0 0, v0000021a70d7b980_0;  1 drivers
v0000021a70dfbba0_0 .net "I1", 0 0, v0000021a70d7b7a0_0;  1 drivers
v0000021a70d06310_0 .net "I2", 0 0, v0000021a70d7ba20_0;  1 drivers
v0000021a70d06e70_0 .net "I3", 0 0, v0000021a70d7bb60_0;  1 drivers
v0000021a70d7b520_0 .net *"_ivl_1", 0 0, L_0000021a70d23790;  1 drivers
L_0000021a70d7bf38 .functor BUFT 1, C4<01>, C4<0>, C4<0>, C4<0>;
v0000021a70d7b3e0_0 .net/2u *"_ivl_11", 1 0, L_0000021a70d7bf38;  1 drivers
L_0000021a70d7bf80 .functor BUFT 1, C4<00>, C4<0>, C4<0>, C4<0>;
v0000021a70d7b5c0_0 .net/2u *"_ivl_13", 1 0, L_0000021a70d7bf80;  1 drivers
L_0000021a70d7bfc8 .functor BUFT 1, C4<00>, C4<0>, C4<0>, C4<0>;
v0000021a70d7b660_0 .net/2u *"_ivl_15", 1 0, L_0000021a70d7bfc8;  1 drivers
v0000021a70d7bd40_0 .net *"_ivl_17", 1 0, L_0000021a70d7aee0;  1 drivers
v0000021a70d7b700_0 .net *"_ivl_19", 1 0, L_0000021a70d7b020;  1 drivers
v0000021a70d7b200_0 .net *"_ivl_21", 1 0, L_0000021a70d7b0c0;  1 drivers
v0000021a70d7b340_0 .net *"_ivl_4", 0 0, L_0000021a70d23870;  1 drivers
L_0000021a70d7bea8 .functor BUFT 1, C4<11>, C4<0>, C4<0>, C4<0>;
v0000021a70d7b2a0_0 .net/2u *"_ivl_7", 1 0, L_0000021a70d7bea8;  1 drivers
L_0000021a70d7bef0 .functor BUFT 1, C4<10>, C4<0>, C4<0>, C4<0>;
v0000021a70d7bac0_0 .net/2u *"_ivl_9", 1 0, L_0000021a70d7bef0;  1 drivers
v0000021a70d7b840_0 .var "behav_out", 1 0;
v0000021a70d7b8e0_0 .net "data_out", 1 0, L_0000021a70d7b160;  alias, 1 drivers
v0000021a70d7b480_0 .net "gate_out", 1 0, L_0000021a70d7bde0;  alias, 1 drivers
E_0000021a70d0df40 .event anyedge, v0000021a70d06e70_0, v0000021a70d06310_0, v0000021a70dfbba0_0, v0000021a70ce2be0_0;
L_0000021a70d7bde0 .concat8 [ 1 1 0 0], L_0000021a70d23790, L_0000021a70d23870;
L_0000021a70d7aee0 .functor MUXZ 2, L_0000021a70d7bfc8, L_0000021a70d7bf80, v0000021a70d7b980_0, C4<>;
L_0000021a70d7b020 .functor MUXZ 2, L_0000021a70d7aee0, L_0000021a70d7bf38, v0000021a70d7b7a0_0, C4<>;
L_0000021a70d7b0c0 .functor MUXZ 2, L_0000021a70d7b020, L_0000021a70d7bef0, v0000021a70d7ba20_0, C4<>;
L_0000021a70d7b160 .functor MUXZ 2, L_0000021a70d7b0c0, L_0000021a70d7bea8, v0000021a70d7bb60_0, C4<>;
    .scope S_0000021a70d28be0;
T_0 ;
    %wait E_0000021a70d0df40;
    %load/vec4 v0000021a70d06e70_0;
    %flag_set/vec4 8;
    %jmp/0xz  T_0.0, 8;
    %pushi/vec4 3, 0, 2;
    %assign/vec4 v0000021a70d7b840_0, 0;
    %jmp T_0.1;
T_0.0 ;
    %load/vec4 v0000021a70d06310_0;
    %flag_set/vec4 8;
    %jmp/0xz  T_0.2, 8;
    %pushi/vec4 2, 0, 2;
    %assign/vec4 v0000021a70d7b840_0, 0;
    %jmp T_0.3;
T_0.2 ;
    %load/vec4 v0000021a70dfbba0_0;
    %flag_set/vec4 8;
    %jmp/0xz  T_0.4, 8;
    %pushi/vec4 1, 0, 2;
    %assign/vec4 v0000021a70d7b840_0, 0;
    %jmp T_0.5;
T_0.4 ;
    %load/vec4 v0000021a70ce2be0_0;
    %flag_set/vec4 8;
    %jmp/0xz  T_0.6, 8;
    %pushi/vec4 0, 0, 2;
    %assign/vec4 v0000021a70d7b840_0, 0;
    %jmp T_0.7;
T_0.6 ;
    %pushi/vec4 0, 0, 2;
    %assign/vec4 v0000021a70d7b840_0, 0;
T_0.7 ;
T_0.5 ;
T_0.3 ;
T_0.1 ;
    %jmp T_0;
    .thread T_0, $push;
    .scope S_0000021a70d05860;
T_1 ;
    %vpi_call 2 9 "$dumpfile", "wave.vcd" {0 0 0};
    %vpi_call 2 10 "$dumpvars", 32'sb00000000000000000000000000000000, S_0000021a70d05860 {0 0 0};
    %vpi_call 2 11 "$display", "===== Test Encoder =====" {0 0 0};
    %vpi_call 2 12 "$display", "====== I0 = 0, I1 = 0, I2 = 0, I3 = 0 =======" {0 0 0};
    %pushi/vec4 0, 0, 1;
    %store/vec4 v0000021a70d7b980_0, 0, 1;
    %pushi/vec4 0, 0, 1;
    %store/vec4 v0000021a70d7b7a0_0, 0, 1;
    %pushi/vec4 0, 0, 1;
    %store/vec4 v0000021a70d7ba20_0, 0, 1;
    %pushi/vec4 0, 0, 1;
    %store/vec4 v0000021a70d7bb60_0, 0, 1;
    %delay 1, 0;
    %load/vec4 v0000021a70d7af80_0;
    %cmpi/ne 0, 0, 2;
    %flag_mov 8, 4;
    %load/vec4 v0000021a70d7bca0_0;
    %cmpi/ne 0, 0, 2;
    %flag_or 4, 8;
    %flag_mov 8, 4;
    %load/vec4 v0000021a70d7bc00_0;
    %cmpi/ne 0, 0, 2;
    %flag_or 4, 8;
    %jmp/0xz  T_1.0, 4;
    %vpi_call 2 16 "$display", "===== t=%d FAILED, output does not match =====", $time {0 0 0};
    %vpi_call 2 17 "$display", "===== t=%d Expected value is %b, Actual gate value is %b, Actual data value is %b, Actual behavioral value is %b =====", $time, 2'b00, v0000021a70d7af80_0, v0000021a70d7bca0_0, v0000021a70d7bc00_0 {0 0 0};
    %jmp T_1.1;
T_1.0 ;
    %vpi_call 2 20 "$display", "===== t=%d PASSED SUCCESSFULLY =====", $time {0 0 0};
T_1.1 ;
    %vpi_call 2 23 "$display", "====== I0 = 1, I1 = 0, I2 = 0, I3 = 0 =======" {0 0 0};
    %pushi/vec4 1, 0, 1;
    %store/vec4 v0000021a70d7b980_0, 0, 1;
    %pushi/vec4 0, 0, 1;
    %store/vec4 v0000021a70d7b7a0_0, 0, 1;
    %pushi/vec4 0, 0, 1;
    %store/vec4 v0000021a70d7ba20_0, 0, 1;
    %pushi/vec4 0, 0, 1;
    %store/vec4 v0000021a70d7bb60_0, 0, 1;
    %delay 1, 0;
    %load/vec4 v0000021a70d7af80_0;
    %cmpi/ne 0, 0, 2;
    %flag_mov 8, 4;
    %load/vec4 v0000021a70d7bca0_0;
    %cmpi/ne 0, 0, 2;
    %flag_or 4, 8;
    %flag_mov 8, 4;
    %load/vec4 v0000021a70d7bc00_0;
    %cmpi/ne 0, 0, 2;
    %flag_or 4, 8;
    %jmp/0xz  T_1.2, 4;
    %vpi_call 2 27 "$display", "===== t=%d FAILED, output does not match =====", $time {0 0 0};
    %vpi_call 2 28 "$display", "===== t=%d Expected value is %b, Actual gate value is %b, Actual data value is %b, Actual behavioral value is %b =====", $time, 2'b00, v0000021a70d7af80_0, v0000021a70d7bca0_0, v0000021a70d7bc00_0 {0 0 0};
    %jmp T_1.3;
T_1.2 ;
    %vpi_call 2 31 "$display", "===== t=%d PASSED SUCCESSFULLY =====", $time {0 0 0};
T_1.3 ;
    %vpi_call 2 34 "$display", "====== I0 = 0, I1 = 1, I2 = 0, I3 = 0 =======" {0 0 0};
    %pushi/vec4 0, 0, 1;
    %store/vec4 v0000021a70d7b980_0, 0, 1;
    %pushi/vec4 1, 0, 1;
    %store/vec4 v0000021a70d7b7a0_0, 0, 1;
    %pushi/vec4 0, 0, 1;
    %store/vec4 v0000021a70d7ba20_0, 0, 1;
    %pushi/vec4 0, 0, 1;
    %store/vec4 v0000021a70d7bb60_0, 0, 1;
    %delay 1, 0;
    %load/vec4 v0000021a70d7af80_0;
    %cmpi/ne 1, 0, 2;
    %flag_mov 8, 4;
    %load/vec4 v0000021a70d7bca0_0;
    %cmpi/ne 1, 0, 2;
    %flag_or 4, 8;
    %flag_mov 8, 4;
    %load/vec4 v0000021a70d7bc00_0;
    %cmpi/ne 1, 0, 2;
    %flag_or 4, 8;
    %jmp/0xz  T_1.4, 4;
    %vpi_call 2 38 "$display", "===== t=%d FAILED, output does not match =====", $time {0 0 0};
    %vpi_call 2 39 "$display", "===== t=%d Expected value is %b, Actual gate value is %b, Actual data value is %b, Actual behavioral value is %b =====", $time, 2'b01, v0000021a70d7af80_0, v0000021a70d7bca0_0, v0000021a70d7bc00_0 {0 0 0};
    %jmp T_1.5;
T_1.4 ;
    %vpi_call 2 42 "$display", "===== t=%d PASSED SUCCESSFULLY =====", $time {0 0 0};
T_1.5 ;
    %vpi_call 2 45 "$display", "====== I0 = 0, I1 = 0, I2 = 1, I3 = 0 =======" {0 0 0};
    %pushi/vec4 0, 0, 1;
    %store/vec4 v0000021a70d7b980_0, 0, 1;
    %pushi/vec4 0, 0, 1;
    %store/vec4 v0000021a70d7b7a0_0, 0, 1;
    %pushi/vec4 1, 0, 1;
    %store/vec4 v0000021a70d7ba20_0, 0, 1;
    %pushi/vec4 0, 0, 1;
    %store/vec4 v0000021a70d7bb60_0, 0, 1;
    %delay 1, 0;
    %load/vec4 v0000021a70d7af80_0;
    %cmpi/ne 2, 0, 2;
    %flag_mov 8, 4;
    %load/vec4 v0000021a70d7bca0_0;
    %cmpi/ne 2, 0, 2;
    %flag_or 4, 8;
    %flag_mov 8, 4;
    %load/vec4 v0000021a70d7bc00_0;
    %cmpi/ne 2, 0, 2;
    %flag_or 4, 8;
    %jmp/0xz  T_1.6, 4;
    %vpi_call 2 49 "$display", "===== t=%d FAILED, output does not match =====", $time {0 0 0};
    %vpi_call 2 50 "$display", "===== t=%d Expected value is %b, Actual gate value is %b, Actual data value is %b, Actual behavioral value is %b =====", $time, 2'b10, v0000021a70d7af80_0, v0000021a70d7bca0_0, v0000021a70d7bc00_0 {0 0 0};
    %jmp T_1.7;
T_1.6 ;
    %vpi_call 2 53 "$display", "===== t=%d PASSED SUCCESSFULLY =====", $time {0 0 0};
T_1.7 ;
    %vpi_call 2 56 "$display", "====== I0 = 0, I1 = 0, I2 = 0, I3 = 1 =======" {0 0 0};
    %pushi/vec4 0, 0, 1;
    %store/vec4 v0000021a70d7b980_0, 0, 1;
    %pushi/vec4 0, 0, 1;
    %store/vec4 v0000021a70d7b7a0_0, 0, 1;
    %pushi/vec4 0, 0, 1;
    %store/vec4 v0000021a70d7ba20_0, 0, 1;
    %pushi/vec4 1, 0, 1;
    %store/vec4 v0000021a70d7bb60_0, 0, 1;
    %delay 1, 0;
    %load/vec4 v0000021a70d7af80_0;
    %cmpi/ne 3, 0, 2;
    %flag_mov 8, 4;
    %load/vec4 v0000021a70d7bca0_0;
    %cmpi/ne 3, 0, 2;
    %flag_or 4, 8;
    %flag_mov 8, 4;
    %load/vec4 v0000021a70d7bc00_0;
    %cmpi/ne 3, 0, 2;
    %flag_or 4, 8;
    %jmp/0xz  T_1.8, 4;
    %vpi_call 2 60 "$display", "===== t=%d FAILED, output does not match =====", $time {0 0 0};
    %vpi_call 2 61 "$display", "===== t=%d Expected value is %b, Actual gate value is %b, Actual data value is %b, Actual behavioral value is %b =====", $time, 2'b11, v0000021a70d7af80_0, v0000021a70d7bca0_0, v0000021a70d7bc00_0 {0 0 0};
    %jmp T_1.9;
T_1.8 ;
    %vpi_call 2 64 "$display", "===== t=%d PASSED SUCCESSFULLY =====", $time {0 0 0};
T_1.9 ;
    %delay 1, 0;
    %vpi_call 2 68 "$finish" {0 0 0};
    %end;
    .thread T_1;
# The file index is used to find the file name in the following table.
:file_names 4;
    "N/A";
    "<interactive>";
    "../tb/test_bench7.v";
    "../rtl/binary_encoder.v";
