#! /c/Source/iverilog-install/bin/vvp
:ivl_version "12.0 (devel)" "(s20150603-1110-g18392a46)";
:ivl_delay_selection "TYPICAL";
:vpi_time_precision + 0;
:vpi_module "C:\iverilog\lib\ivl\system.vpi";
:vpi_module "C:\iverilog\lib\ivl\vhdl_sys.vpi";
:vpi_module "C:\iverilog\lib\ivl\vhdl_textio.vpi";
:vpi_module "C:\iverilog\lib\ivl\v2005_math.vpi";
:vpi_module "C:\iverilog\lib\ivl\va_math.vpi";
S_000001b6133a0dc0 .scope module, "test_bench" "test_bench" 2 1;
 .timescale 0 0;
v000001b61340ed10_0 .var "a", 0 0;
v000001b61340f210_0 .net "behav_out_0", 0 0, v000001b61340f030_0;  1 drivers
v000001b61340f8f0_0 .net "behav_out_1", 0 0, v000001b61340f0d0_0;  1 drivers
v000001b61340fa30_0 .net "behav_out_2", 0 0, v000001b61340f5d0_0;  1 drivers
v000001b61340f2b0_0 .net "behav_out_3", 0 0, v000001b613410390_0;  1 drivers
v000001b61340f350_0 .net "data_out_0", 0 0, L_000001b613410610;  1 drivers
v000001b61340fad0_0 .net "data_out_1", 0 0, L_000001b61340fb70;  1 drivers
v000001b613410a70_0 .net "data_out_2", 0 0, L_000001b61340ff30;  1 drivers
v000001b6134101b0_0 .net "data_out_3", 0 0, L_000001b6134102f0;  1 drivers
v000001b613410110_0 .net "gate_out_0", 0 0, L_000001b61339ec50;  1 drivers
v000001b6134107f0_0 .net "gate_out_1", 0 0, L_000001b61339ef60;  1 drivers
v000001b613410930_0 .net "gate_out_2", 0 0, L_000001b61339e400;  1 drivers
v000001b61340fcb0_0 .net "gate_out_3", 0 0, L_000001b61339e240;  1 drivers
v000001b61340fd50_0 .var "s", 1 0;
S_000001b6133a4640 .scope module, "DUT" "demux_1to4" 2 10, 3 1 0, S_000001b6133a0dc0;
 .timescale 0 0;
    .port_info 0 /INPUT 1 "a";
    .port_info 1 /INPUT 2 "s";
    .port_info 2 /OUTPUT 1 "gate_out_0";
    .port_info 3 /OUTPUT 1 "gate_out_1";
    .port_info 4 /OUTPUT 1 "gate_out_2";
    .port_info 5 /OUTPUT 1 "gate_out_3";
    .port_info 6 /OUTPUT 1 "data_out_0";
    .port_info 7 /OUTPUT 1 "data_out_1";
    .port_info 8 /OUTPUT 1 "data_out_2";
    .port_info 9 /OUTPUT 1 "data_out_3";
    .port_info 10 /OUTPUT 1 "behav_out_0";
    .port_info 11 /OUTPUT 1 "behav_out_1";
    .port_info 12 /OUTPUT 1 "behav_out_2";
    .port_info 13 /OUTPUT 1 "behav_out_3";
L_000001b61339e160 .functor NOT 1, L_000001b613410250, C4<0>, C4<0>, C4<0>;
L_000001b61339e630 .functor NOT 1, L_000001b61340fdf0, C4<0>, C4<0>, C4<0>;
L_000001b61339ec50 .functor AND 1, L_000001b61339e630, L_000001b61339e160, v000001b61340ed10_0, C4<1>;
L_000001b61339ef60 .functor AND 1, L_000001b61339e630, L_000001b61340f3f0, v000001b61340ed10_0, C4<1>;
L_000001b61339e400 .functor AND 1, L_000001b613410570, L_000001b61339e160, v000001b61340ed10_0, C4<1>;
L_000001b61339e240 .functor AND 1, L_000001b61340ebd0, L_000001b61340f490, v000001b61340ed10_0, C4<1>;
v000001b61339c6c0_0 .net *"_ivl_12", 0 0, L_000001b613410570;  1 drivers
v000001b61339c760_0 .net *"_ivl_15", 0 0, L_000001b61340ebd0;  1 drivers
v000001b61339cee0_0 .net *"_ivl_17", 0 0, L_000001b61340f490;  1 drivers
L_000001b6134113a8 .functor BUFT 1, C4<00>, C4<0>, C4<0>, C4<0>;
v000001b61339c3a0_0 .net/2u *"_ivl_18", 1 0, L_000001b6134113a8;  1 drivers
v000001b61339c8a0_0 .net *"_ivl_2", 0 0, L_000001b613410250;  1 drivers
v000001b61339c940_0 .net *"_ivl_20", 0 0, L_000001b61340ec70;  1 drivers
L_000001b6134113f0 .functor BUFT 1, C4<0>, C4<0>, C4<0>, C4<0>;
v000001b61339c300_0 .net/2u *"_ivl_22", 0 0, L_000001b6134113f0;  1 drivers
L_000001b613411438 .functor BUFT 1, C4<01>, C4<0>, C4<0>, C4<0>;
v000001b61339ca80_0 .net/2u *"_ivl_26", 1 0, L_000001b613411438;  1 drivers
v000001b61339cbc0_0 .net *"_ivl_28", 0 0, L_000001b61340f530;  1 drivers
L_000001b613411480 .functor BUFT 1, C4<0>, C4<0>, C4<0>, C4<0>;
v000001b61339cd00_0 .net/2u *"_ivl_30", 0 0, L_000001b613411480;  1 drivers
L_000001b6134114c8 .functor BUFT 1, C4<10>, C4<0>, C4<0>, C4<0>;
v000001b61339cf80_0 .net/2u *"_ivl_34", 1 0, L_000001b6134114c8;  1 drivers
v000001b61339c120_0 .net *"_ivl_36", 0 0, L_000001b61340fe90;  1 drivers
L_000001b613411510 .functor BUFT 1, C4<0>, C4<0>, C4<0>, C4<0>;
v000001b61339c1c0_0 .net/2u *"_ivl_38", 0 0, L_000001b613411510;  1 drivers
L_000001b613411558 .functor BUFT 1, C4<11>, C4<0>, C4<0>, C4<0>;
v000001b61340ee50_0 .net/2u *"_ivl_42", 1 0, L_000001b613411558;  1 drivers
v000001b6134109d0_0 .net *"_ivl_44", 0 0, L_000001b61340ffd0;  1 drivers
L_000001b6134115a0 .functor BUFT 1, C4<0>, C4<0>, C4<0>, C4<0>;
v000001b613410430_0 .net/2u *"_ivl_46", 0 0, L_000001b6134115a0;  1 drivers
v000001b61340f670_0 .net *"_ivl_5", 0 0, L_000001b61340fdf0;  1 drivers
v000001b61340ef90_0 .net *"_ivl_9", 0 0, L_000001b61340f3f0;  1 drivers
v000001b61340eef0_0 .net "a", 0 0, v000001b61340ed10_0;  1 drivers
v000001b61340f030_0 .var "behav_out_0", 0 0;
v000001b61340f0d0_0 .var "behav_out_1", 0 0;
v000001b61340f5d0_0 .var "behav_out_2", 0 0;
v000001b613410390_0 .var "behav_out_3", 0 0;
v000001b61340f990_0 .net "data_out_0", 0 0, L_000001b613410610;  alias, 1 drivers
v000001b61340edb0_0 .net "data_out_1", 0 0, L_000001b61340fb70;  alias, 1 drivers
v000001b61340f170_0 .net "data_out_2", 0 0, L_000001b61340ff30;  alias, 1 drivers
v000001b613410070_0 .net "data_out_3", 0 0, L_000001b6134102f0;  alias, 1 drivers
v000001b613410750_0 .net "gate_out_0", 0 0, L_000001b61339ec50;  alias, 1 drivers
v000001b61340f710_0 .net "gate_out_1", 0 0, L_000001b61339ef60;  alias, 1 drivers
v000001b61340f7b0_0 .net "gate_out_2", 0 0, L_000001b61339e400;  alias, 1 drivers
v000001b613410890_0 .net "gate_out_3", 0 0, L_000001b61339e240;  alias, 1 drivers
v000001b61340fc10_0 .net "s", 1 0, v000001b61340fd50_0;  1 drivers
v000001b6134104d0_0 .net "s0_or", 0 0, L_000001b61339e160;  1 drivers
v000001b61340f850_0 .net "s1_or", 0 0, L_000001b61339e630;  1 drivers
E_000001b6133b7880 .event anyedge, v000001b61340fc10_0, v000001b61340eef0_0;
L_000001b613410250 .part v000001b61340fd50_0, 0, 1;
L_000001b61340fdf0 .part v000001b61340fd50_0, 1, 1;
L_000001b61340f3f0 .part v000001b61340fd50_0, 0, 1;
L_000001b613410570 .part v000001b61340fd50_0, 1, 1;
L_000001b61340ebd0 .part v000001b61340fd50_0, 1, 1;
L_000001b61340f490 .part v000001b61340fd50_0, 0, 1;
L_000001b61340ec70 .cmp/eq 2, v000001b61340fd50_0, L_000001b6134113a8;
L_000001b613410610 .functor MUXZ 1, L_000001b6134113f0, v000001b61340ed10_0, L_000001b61340ec70, C4<>;
L_000001b61340f530 .cmp/eq 2, v000001b61340fd50_0, L_000001b613411438;
L_000001b61340fb70 .functor MUXZ 1, L_000001b613411480, v000001b61340ed10_0, L_000001b61340f530, C4<>;
L_000001b61340fe90 .cmp/eq 2, v000001b61340fd50_0, L_000001b6134114c8;
L_000001b61340ff30 .functor MUXZ 1, L_000001b613411510, v000001b61340ed10_0, L_000001b61340fe90, C4<>;
L_000001b61340ffd0 .cmp/eq 2, v000001b61340fd50_0, L_000001b613411558;
L_000001b6134102f0 .functor MUXZ 1, L_000001b6134115a0, v000001b61340ed10_0, L_000001b61340ffd0, C4<>;
    .scope S_000001b6133a4640;
T_0 ;
    %wait E_000001b6133b7880;
    %pushi/vec4 0, 0, 1;
    %assign/vec4 v000001b61340f0d0_0, 0;
    %pushi/vec4 0, 0, 1;
    %assign/vec4 v000001b61340f030_0, 0;
    %pushi/vec4 0, 0, 1;
    %assign/vec4 v000001b61340f5d0_0, 0;
    %pushi/vec4 0, 0, 1;
    %assign/vec4 v000001b613410390_0, 0;
    %load/vec4 v000001b61340fc10_0;
    %dup/vec4;
    %pushi/vec4 0, 0, 2;
    %cmp/u;
    %jmp/1 T_0.0, 6;
    %dup/vec4;
    %pushi/vec4 1, 0, 2;
    %cmp/u;
    %jmp/1 T_0.1, 6;
    %dup/vec4;
    %pushi/vec4 2, 0, 2;
    %cmp/u;
    %jmp/1 T_0.2, 6;
    %dup/vec4;
    %pushi/vec4 3, 0, 2;
    %cmp/u;
    %jmp/1 T_0.3, 6;
    %jmp T_0.4;
T_0.0 ;
    %load/vec4 v000001b61340eef0_0;
    %assign/vec4 v000001b61340f030_0, 0;
    %jmp T_0.4;
T_0.1 ;
    %load/vec4 v000001b61340eef0_0;
    %assign/vec4 v000001b61340f0d0_0, 0;
    %jmp T_0.4;
T_0.2 ;
    %load/vec4 v000001b61340eef0_0;
    %assign/vec4 v000001b61340f5d0_0, 0;
    %jmp T_0.4;
T_0.3 ;
    %load/vec4 v000001b61340eef0_0;
    %assign/vec4 v000001b613410390_0, 0;
    %jmp T_0.4;
T_0.4 ;
    %pop/vec4 1;
    %jmp T_0;
    .thread T_0, $push;
    .scope S_000001b6133a0dc0;
T_1 ;
    %vpi_call 2 13 "$dumpfile", "wave.vcd" {0 0 0};
    %vpi_call 2 14 "$dumpvars", 32'sb00000000000000000000000000000000, S_000001b6133a0dc0 {0 0 0};
    %vpi_call 2 15 "$display", "===== Test DEMUX 1 to 4 =====" {0 0 0};
    %vpi_call 2 16 "$display", "====== A = 0, S = 2'b00  =======" {0 0 0};
    %pushi/vec4 1, 0, 1;
    %store/vec4 v000001b61340ed10_0, 0, 1;
    %pushi/vec4 0, 0, 2;
    %store/vec4 v000001b61340fd50_0, 0, 2;
    %delay 1, 0;
    %load/vec4 v000001b61340f350_0;
    %load/vec4 v000001b61340ed10_0;
    %cmp/ne;
    %flag_mov 8, 4;
    %load/vec4 v000001b613410110_0;
    %load/vec4 v000001b61340ed10_0;
    %cmp/ne;
    %flag_or 4, 8;
    %flag_mov 8, 4;
    %load/vec4 v000001b61340f210_0;
    %load/vec4 v000001b61340ed10_0;
    %cmp/ne;
    %flag_or 4, 8;
    %jmp/0xz  T_1.0, 4;
    %vpi_call 2 20 "$display", "===== t=%d FAILED, output does not match =====", $time {0 0 0};
    %vpi_call 2 21 "$display", "===== t=%d Expected value is %b, Actual gate value is %b, Actual data value is %b, Actual behavioral value is %b =====", $time, v000001b61340ed10_0, v000001b613410110_0, v000001b61340f350_0, v000001b61340f210_0 {0 0 0};
    %jmp T_1.1;
T_1.0 ;
    %vpi_call 2 24 "$display", "===== t=%d PASSED SUCCESSFULLY =====", $time {0 0 0};
T_1.1 ;
    %vpi_call 2 27 "$display", "====== A = 1, S = 2'b01 =======" {0 0 0};
    %pushi/vec4 1, 0, 1;
    %store/vec4 v000001b61340ed10_0, 0, 1;
    %pushi/vec4 1, 0, 2;
    %store/vec4 v000001b61340fd50_0, 0, 2;
    %delay 1, 0;
    %load/vec4 v000001b61340fad0_0;
    %load/vec4 v000001b61340ed10_0;
    %cmp/ne;
    %flag_mov 8, 4;
    %load/vec4 v000001b6134107f0_0;
    %load/vec4 v000001b61340ed10_0;
    %cmp/ne;
    %flag_or 4, 8;
    %flag_mov 8, 4;
    %load/vec4 v000001b61340f8f0_0;
    %load/vec4 v000001b61340ed10_0;
    %cmp/ne;
    %flag_or 4, 8;
    %jmp/0xz  T_1.2, 4;
    %vpi_call 2 31 "$display", "===== t=%d FAILED, output does not match =====", $time {0 0 0};
    %vpi_call 2 32 "$display", "===== t=%d Expected value is %b, Actual gate value is %b, Actual data value is %b, Actual behavioral value is %b =====", $time, v000001b61340ed10_0, v000001b613410110_0, v000001b61340f350_0, v000001b61340f210_0 {0 0 0};
    %jmp T_1.3;
T_1.2 ;
    %vpi_call 2 35 "$display", "===== t=%d PASSED SUCCESSFULLY =====", $time {0 0 0};
T_1.3 ;
    %vpi_call 2 38 "$display", "====== A = 1, S = 2'b10  =======" {0 0 0};
    %pushi/vec4 1, 0, 1;
    %store/vec4 v000001b61340ed10_0, 0, 1;
    %pushi/vec4 2, 0, 2;
    %store/vec4 v000001b61340fd50_0, 0, 2;
    %delay 1, 0;
    %load/vec4 v000001b613410a70_0;
    %load/vec4 v000001b61340ed10_0;
    %cmp/ne;
    %flag_mov 8, 4;
    %load/vec4 v000001b613410930_0;
    %load/vec4 v000001b61340ed10_0;
    %cmp/ne;
    %flag_or 4, 8;
    %flag_mov 8, 4;
    %load/vec4 v000001b61340fa30_0;
    %load/vec4 v000001b61340ed10_0;
    %cmp/ne;
    %flag_or 4, 8;
    %jmp/0xz  T_1.4, 4;
    %vpi_call 2 42 "$display", "===== t=%d FAILED, output does not match =====", $time {0 0 0};
    %vpi_call 2 43 "$display", "===== t=%d Expected value is %b, Actual gate value is %b, Actual data value is %b, Actual behavioral value is %b =====", $time, v000001b61340ed10_0, v000001b6134107f0_0, v000001b61340fad0_0, v000001b61340f8f0_0 {0 0 0};
    %jmp T_1.5;
T_1.4 ;
    %vpi_call 2 46 "$display", "===== t=%d PASSED SUCCESSFULLY =====", $time {0 0 0};
T_1.5 ;
    %vpi_call 2 49 "$display", "====== A = 1, S = 2'b1 =======" {0 0 0};
    %pushi/vec4 1, 0, 1;
    %store/vec4 v000001b61340ed10_0, 0, 1;
    %pushi/vec4 3, 0, 2;
    %store/vec4 v000001b61340fd50_0, 0, 2;
    %delay 1, 0;
    %load/vec4 v000001b6134101b0_0;
    %load/vec4 v000001b61340ed10_0;
    %cmp/ne;
    %flag_mov 8, 4;
    %load/vec4 v000001b61340fcb0_0;
    %load/vec4 v000001b61340ed10_0;
    %cmp/ne;
    %flag_or 4, 8;
    %flag_mov 8, 4;
    %load/vec4 v000001b61340f2b0_0;
    %load/vec4 v000001b61340ed10_0;
    %cmp/ne;
    %flag_or 4, 8;
    %jmp/0xz  T_1.6, 4;
    %vpi_call 2 53 "$display", "===== t=%d FAILED, output does not match =====", $time {0 0 0};
    %vpi_call 2 54 "$display", "===== t=%d Expected value is %b, Actual gate value is %b, Actual data value is %b, Actual behavioral value is %b =====", $time, v000001b61340ed10_0, v000001b6134107f0_0, v000001b61340fad0_0, v000001b61340f8f0_0 {0 0 0};
    %jmp T_1.7;
T_1.6 ;
    %vpi_call 2 57 "$display", "===== t=%d PASSED SUCCESSFULLY =====", $time {0 0 0};
T_1.7 ;
    %delay 1, 0;
    %vpi_call 2 60 "$finish" {0 0 0};
    %end;
    .thread T_1;
# The file index is used to find the file name in the following table.
:file_names 4;
    "N/A";
    "<interactive>";
    "../tb/test_bench.v";
    "../rtl/demux_1to4.v";
