#! /c/Source/iverilog-install/bin/vvp
:ivl_version "12.0 (devel)" "(s20150603-1110-g18392a46)";
:ivl_delay_selection "TYPICAL";
:vpi_time_precision + 0;
:vpi_module "C:\iverilog\lib\ivl\system.vpi";
:vpi_module "C:\iverilog\lib\ivl\vhdl_sys.vpi";
:vpi_module "C:\iverilog\lib\ivl\vhdl_textio.vpi";
:vpi_module "C:\iverilog\lib\ivl\v2005_math.vpi";
:vpi_module "C:\iverilog\lib\ivl\va_math.vpi";
S_000002293fec2c70 .scope module, "test_bench" "test_bench" 2 1;
 .timescale 0 0;
v000002293ff2f9d0_0 .var "a", 3 0;
v000002293ff300b0_0 .var "b", 3 0;
v000002293ff2fa70_0 .net "behav_out", 7 0, v000002293ff2a100_0;  1 drivers
v000002293ff2fe30_0 .net "data_out", 7 0, L_000002293ff2cff0;  1 drivers
v000002293ff2f6b0_0 .net "gate_out", 7 0, L_000002293ff2f1b0;  1 drivers
v000002293ff30290_0 .var/i "i", 31 0;
v000002293ff2f750_0 .var/i "j", 31 0;
S_000002293fec2e00 .scope module, "DUT" "wallace_tree_multiplier" 2 7, 3 1 0, S_000002293fec2c70;
 .timescale 0 0;
    .port_info 0 /INPUT 4 "a";
    .port_info 1 /INPUT 4 "b";
    .port_info 2 /OUTPUT 8 "gate_out";
    .port_info 3 /OUTPUT 8 "data_out";
    .port_info 4 /OUTPUT 8 "behav_out";
L_000002293feb9710 .functor AND 1, L_000002293ff30150, L_000002293ff2f7f0, C4<1>, C4<1>;
L_000002293feb9a90 .functor AND 1, L_000002293ff303d0, L_000002293ff2f890, C4<1>, C4<1>;
L_000002293feb8ec0 .functor AND 1, L_000002293ff2fb10, L_000002293ff2f430, C4<1>, C4<1>;
L_000002293feb8f30 .functor AND 1, L_000002293ff2fcf0, L_000002293ff30330, C4<1>, C4<1>;
L_000002293feb8d00 .functor AND 1, L_000002293ff2f930, L_000002293ff2fd90, C4<1>, C4<1>;
L_000002293feb8fa0 .functor AND 1, L_000002293ff2fed0, L_000002293ff2ff70, C4<1>, C4<1>;
L_000002293feb9010 .functor AND 1, L_000002293ff2fbb0, L_000002293ff30010, C4<1>, C4<1>;
L_000002293feb9390 .functor AND 1, L_000002293ff30470, L_000002293ff30510, C4<1>, C4<1>;
L_000002293feb97f0 .functor AND 1, L_000002293ff305b0, L_000002293ff30650, C4<1>, C4<1>;
L_000002293feb9320 .functor AND 1, L_000002293ff306f0, L_000002293ff2f2f0, C4<1>, C4<1>;
L_000002293feb92b0 .functor AND 1, L_000002293ff30790, L_000002293ff30830, C4<1>, C4<1>;
L_000002293feb9860 .functor AND 1, L_000002293ff30970, L_000002293ff2f390, C4<1>, C4<1>;
L_000002293feb9470 .functor AND 1, L_000002293ff2f4d0, L_000002293ff2f570, C4<1>, C4<1>;
L_000002293feb9940 .functor AND 1, L_000002293ff2f610, L_000002293ff2e990, C4<1>, C4<1>;
L_000002293feb98d0 .functor AND 1, L_000002293ff2df90, L_000002293ff2e710, C4<1>, C4<1>;
L_000002293feb9b00 .functor AND 1, L_000002293ff2eb70, L_000002293ff2e5d0, C4<1>, C4<1>;
L_000002293ff7b120 .functor BUF 1, L_000002293ff2cb90, C4<0>, C4<0>, C4<0>;
L_000002293ff7e990 .functor AND 4, v000002293ff2f9d0_0, L_000002293ff2cc30, C4<1111>, C4<1111>;
L_000002293ff7ebc0 .functor AND 4, v000002293ff2f9d0_0, L_000002293ff2dbd0, C4<1111>, C4<1111>;
L_000002293ff7e290 .functor AND 4, v000002293ff2f9d0_0, L_000002293ff2ecb0, C4<1111>, C4<1111>;
L_000002293ff7e220 .functor AND 4, v000002293ff2f9d0_0, L_000002293ff2dd10, C4<1111>, C4<1111>;
v000002293ff1a6d0_0 .net *"_ivl_1", 0 0, L_000002293feb9710;  1 drivers
v000002293ff1b5d0_0 .net *"_ivl_100", 0 0, L_000002293ff2e990;  1 drivers
v000002293ff1b8f0_0 .net *"_ivl_102", 0 0, L_000002293feb98d0;  1 drivers
v000002293ff1b490_0 .net *"_ivl_105", 0 0, L_000002293ff2df90;  1 drivers
v000002293ff1b0d0_0 .net *"_ivl_107", 0 0, L_000002293ff2e710;  1 drivers
v000002293ff1b990_0 .net *"_ivl_109", 0 0, L_000002293feb9b00;  1 drivers
v000002293ff1bd50_0 .net *"_ivl_11", 0 0, L_000002293ff303d0;  1 drivers
v000002293ff1b170_0 .net *"_ivl_113", 0 0, L_000002293ff2eb70;  1 drivers
v000002293ff1a950_0 .net *"_ivl_115", 0 0, L_000002293ff2e5d0;  1 drivers
v000002293ff1c070_0 .net *"_ivl_13", 0 0, L_000002293ff2f890;  1 drivers
v000002293ff1ad10_0 .net *"_ivl_15", 0 0, L_000002293feb8ec0;  1 drivers
v000002293ff1b350_0 .net *"_ivl_18", 0 0, L_000002293ff2fb10;  1 drivers
v000002293ff1a9f0_0 .net *"_ivl_181", 0 0, L_000002293ff7b120;  1 drivers
v000002293ff1ae50_0 .net *"_ivl_185", 0 0, L_000002293ff2cb90;  1 drivers
v000002293ff1c1b0_0 .net *"_ivl_187", 0 0, L_000002293ff2e490;  1 drivers
v000002293ff1b710_0 .net *"_ivl_188", 3 0, L_000002293ff2cc30;  1 drivers
v000002293ff1ab30_0 .net *"_ivl_193", 0 0, L_000002293ff2e210;  1 drivers
v000002293ff1b7b0_0 .net *"_ivl_194", 3 0, L_000002293ff2dbd0;  1 drivers
v000002293ff1b850_0 .net *"_ivl_199", 0 0, L_000002293ff2d8b0;  1 drivers
v000002293ff1ba30_0 .net *"_ivl_20", 0 0, L_000002293ff2f430;  1 drivers
v000002293ff1c2f0_0 .net *"_ivl_200", 3 0, L_000002293ff2ecb0;  1 drivers
v000002293ff1bb70_0 .net *"_ivl_205", 0 0, L_000002293ff2e0d0;  1 drivers
v000002293ff1bcb0_0 .net *"_ivl_206", 3 0, L_000002293ff2dd10;  1 drivers
v000002293ff1bdf0_0 .net *"_ivl_210", 7 0, L_000002293ff2ee90;  1 drivers
L_000002293ff332b8 .functor BUFT 1, C4<0000>, C4<0>, C4<0>, C4<0>;
v000002293ff1be90_0 .net *"_ivl_213", 3 0, L_000002293ff332b8;  1 drivers
v000002293ff1c110_0 .net *"_ivl_214", 7 0, L_000002293ff2d310;  1 drivers
L_000002293ff33300 .functor BUFT 1, C4<0000>, C4<0>, C4<0>, C4<0>;
v000002293ff1a4f0_0 .net *"_ivl_217", 3 0, L_000002293ff33300;  1 drivers
v000002293ff1d900_0 .net *"_ivl_218", 7 0, L_000002293ff2d3b0;  1 drivers
v000002293ff1d040_0 .net *"_ivl_22", 0 0, L_000002293feb8f30;  1 drivers
v000002293ff1dd60_0 .net *"_ivl_220", 6 0, L_000002293ff2d9f0;  1 drivers
L_000002293ff33348 .functor BUFT 1, C4<0>, C4<0>, C4<0>, C4<0>;
v000002293ff1cfa0_0 .net *"_ivl_222", 0 0, L_000002293ff33348;  1 drivers
v000002293ff1d2c0_0 .net *"_ivl_224", 7 0, L_000002293ff2e7b0;  1 drivers
v000002293ff1cbe0_0 .net *"_ivl_226", 7 0, L_000002293ff2ef30;  1 drivers
L_000002293ff33390 .functor BUFT 1, C4<0000>, C4<0>, C4<0>, C4<0>;
v000002293ff1d9a0_0 .net *"_ivl_229", 3 0, L_000002293ff33390;  1 drivers
v000002293ff1de00_0 .net *"_ivl_230", 7 0, L_000002293ff2ddb0;  1 drivers
v000002293ff1dae0_0 .net *"_ivl_232", 5 0, L_000002293ff2ce10;  1 drivers
L_000002293ff333d8 .functor BUFT 1, C4<00>, C4<0>, C4<0>, C4<0>;
v000002293ff1d180_0 .net *"_ivl_234", 1 0, L_000002293ff333d8;  1 drivers
v000002293ff1dea0_0 .net *"_ivl_236", 7 0, L_000002293ff2cf50;  1 drivers
v000002293ff1d860_0 .net *"_ivl_238", 7 0, L_000002293ff2ed50;  1 drivers
L_000002293ff33420 .functor BUFT 1, C4<0000>, C4<0>, C4<0>, C4<0>;
v000002293ff1da40_0 .net *"_ivl_241", 3 0, L_000002293ff33420;  1 drivers
v000002293ff1d720_0 .net *"_ivl_242", 7 0, L_000002293ff2f070;  1 drivers
v000002293ff1ce60_0 .net *"_ivl_244", 4 0, L_000002293ff2edf0;  1 drivers
L_000002293ff33468 .functor BUFT 1, C4<000>, C4<0>, C4<0>, C4<0>;
v000002293ff1d220_0 .net *"_ivl_246", 2 0, L_000002293ff33468;  1 drivers
v000002293ff1e1c0_0 .net *"_ivl_26", 0 0, L_000002293ff2fcf0;  1 drivers
v000002293ff1c460_0 .net *"_ivl_28", 0 0, L_000002293ff30330;  1 drivers
v000002293ff1db80_0 .net *"_ivl_30", 0 0, L_000002293feb8d00;  1 drivers
v000002293ff1c820_0 .net *"_ivl_33", 0 0, L_000002293ff2f930;  1 drivers
v000002293ff1c780_0 .net *"_ivl_35", 0 0, L_000002293ff2fd90;  1 drivers
v000002293ff1d360_0 .net *"_ivl_37", 0 0, L_000002293feb8fa0;  1 drivers
v000002293ff1d5e0_0 .net *"_ivl_4", 0 0, L_000002293ff30150;  1 drivers
v000002293ff1cf00_0 .net *"_ivl_40", 0 0, L_000002293ff2fed0;  1 drivers
v000002293ff1d400_0 .net *"_ivl_42", 0 0, L_000002293ff2ff70;  1 drivers
v000002293ff1d4a0_0 .net *"_ivl_44", 0 0, L_000002293feb9010;  1 drivers
v000002293ff1c640_0 .net *"_ivl_47", 0 0, L_000002293ff2fbb0;  1 drivers
v000002293ff1dc20_0 .net *"_ivl_49", 0 0, L_000002293ff30010;  1 drivers
v000002293ff1d7c0_0 .net *"_ivl_51", 0 0, L_000002293feb9390;  1 drivers
v000002293ff1d540_0 .net *"_ivl_55", 0 0, L_000002293ff30470;  1 drivers
v000002293ff1c500_0 .net *"_ivl_57", 0 0, L_000002293ff30510;  1 drivers
v000002293ff1d680_0 .net *"_ivl_59", 0 0, L_000002293feb97f0;  1 drivers
v000002293ff1c6e0_0 .net *"_ivl_6", 0 0, L_000002293ff2f7f0;  1 drivers
v000002293ff1dcc0_0 .net *"_ivl_62", 0 0, L_000002293ff305b0;  1 drivers
v000002293ff1df40_0 .net *"_ivl_64", 0 0, L_000002293ff30650;  1 drivers
v000002293ff1d0e0_0 .net *"_ivl_66", 0 0, L_000002293feb9320;  1 drivers
v000002293ff1dfe0_0 .net *"_ivl_69", 0 0, L_000002293ff306f0;  1 drivers
v000002293ff1cc80_0 .net *"_ivl_71", 0 0, L_000002293ff2f2f0;  1 drivers
v000002293ff1ca00_0 .net *"_ivl_73", 0 0, L_000002293feb92b0;  1 drivers
v000002293ff1e080_0 .net *"_ivl_76", 0 0, L_000002293ff30790;  1 drivers
v000002293ff1cb40_0 .net *"_ivl_78", 0 0, L_000002293ff30830;  1 drivers
v000002293ff1e120_0 .net *"_ivl_8", 0 0, L_000002293feb9a90;  1 drivers
v000002293ff1e260_0 .net *"_ivl_80", 0 0, L_000002293feb9860;  1 drivers
v000002293ff1e300_0 .net *"_ivl_84", 0 0, L_000002293ff30970;  1 drivers
v000002293ff1c5a0_0 .net *"_ivl_86", 0 0, L_000002293ff2f390;  1 drivers
v000002293ff1c8c0_0 .net *"_ivl_88", 0 0, L_000002293feb9470;  1 drivers
v000002293ff1caa0_0 .net *"_ivl_91", 0 0, L_000002293ff2f4d0;  1 drivers
v000002293ff1cd20_0 .net *"_ivl_93", 0 0, L_000002293ff2f570;  1 drivers
v000002293ff1c960_0 .net *"_ivl_95", 0 0, L_000002293feb9940;  1 drivers
v000002293ff1cdc0_0 .net *"_ivl_98", 0 0, L_000002293ff2f610;  1 drivers
v000002293ff29c00_0 .net "a", 3 0, v000002293ff2f9d0_0;  1 drivers
v000002293ff2a9c0_0 .net "b", 3 0, v000002293ff300b0_0;  1 drivers
v000002293ff2a240_0 .var "b0", 3 0;
v000002293ff2a4c0_0 .var "b1", 3 0;
v000002293ff2a600_0 .var "b2", 3 0;
v000002293ff2b820_0 .var "b3", 3 0;
v000002293ff2a100_0 .var "behav_out", 7 0;
v000002293ff29ac0_0 .net "c0", 0 0, L_000002293feb9be0;  1 drivers
v000002293ff2b280_0 .net "c1", 0 0, L_000002293ff32330;  1 drivers
v000002293ff2a740_0 .net "c10", 0 0, L_000002293ff7bb30;  1 drivers
v000002293ff29f20_0 .net "c11", 0 0, L_000002293feb9080;  1 drivers
v000002293ff2a2e0_0 .net "c12", 0 0, L_000002293feb8de0;  1 drivers
v000002293ff29fc0_0 .net "c13", 0 0, L_000002293ff328e0;  1 drivers
v000002293ff2af60_0 .net "c14", 0 0, L_000002293ff323a0;  1 drivers
v000002293ff2a7e0_0 .net "c15", 0 0, L_000002293ff7b890;  1 drivers
v000002293ff2a1a0_0 .net "c16", 0 0, L_000002293ff7b4a0;  1 drivers
v000002293ff2a880_0 .net "c17", 0 0, L_000002293ff7b0b0;  1 drivers
v000002293ff2a560_0 .net "c2", 0 0, L_000002293ff32db0;  1 drivers
v000002293ff2b5a0_0 .net "c21", 0 0, L_000002293ff7bd60;  1 drivers
v000002293ff2b500_0 .net "c3", 0 0, L_000002293ff32bf0;  1 drivers
v000002293ff2a6a0_0 .net "c4", 0 0, L_000002293ff7b200;  1 drivers
v000002293ff2a920_0 .net "c6", 0 0, L_000002293ff32720;  1 drivers
v000002293ff29de0_0 .net "c7", 0 0, L_000002293ff32410;  1 drivers
v000002293ff2a060_0 .net "c8", 0 0, L_000002293ff32950;  1 drivers
v000002293ff29ca0_0 .net "c9", 0 0, L_000002293ff7bac0;  1 drivers
v000002293ff2b000_0 .net "d0", 3 0, L_000002293ff7e990;  1 drivers
v000002293ff2b0a0_0 .net "d1", 3 0, L_000002293ff7ebc0;  1 drivers
v000002293ff2b640_0 .net "d2", 3 0, L_000002293ff7e290;  1 drivers
v000002293ff29d40_0 .net "d3", 3 0, L_000002293ff7e220;  1 drivers
v000002293ff2b8c0_0 .net "data_out", 7 0, L_000002293ff2cff0;  alias, 1 drivers
v000002293ff2aa60_0 .net "g0", 3 0, L_000002293ff2fc50;  1 drivers
v000002293ff29e80_0 .net "g1", 3 0, L_000002293ff301f0;  1 drivers
v000002293ff2b6e0_0 .net "g2", 3 0, L_000002293ff308d0;  1 drivers
v000002293ff2ab00_0 .net "g3", 3 0, L_000002293ff2e530;  1 drivers
v000002293ff29b60_0 .net "gate_out", 7 0, L_000002293ff2f1b0;  alias, 1 drivers
v000002293ff2a380_0 .net "s0", 0 0, L_000002293feb99b0;  1 drivers
v000002293ff2aba0_0 .net "s1", 0 0, L_000002293feb94e0;  1 drivers
v000002293ff2a420_0 .net "s10", 0 0, L_000002293ff7be40;  1 drivers
v000002293ff2ac40_0 .net "s2", 0 0, L_000002293ff329c0;  1 drivers
v000002293ff2ace0_0 .net "s3", 0 0, L_000002293ff32b10;  1 drivers
v000002293ff2ad80_0 .net "s4", 0 0, L_000002293ff7bba0;  1 drivers
v000002293ff2ae20_0 .net "s5", 0 0, L_000002293ff7b2e0;  1 drivers
v000002293ff2aec0_0 .net "s6", 0 0, L_000002293ff32e90;  1 drivers
v000002293ff2b140_0 .net "s7", 0 0, L_000002293ff32f00;  1 drivers
v000002293ff2b1e0_0 .net "s8", 0 0, L_000002293ff32c60;  1 drivers
v000002293ff2b320_0 .net "s9", 0 0, L_000002293ff7b9e0;  1 drivers
E_000002293febdc10/0 .event anyedge, v000002293ff29c00_0, v000002293ff2a9c0_0, v000002293ff2a240_0, v000002293ff2a4c0_0;
E_000002293febdc10/1 .event anyedge, v000002293ff2a600_0, v000002293ff2b820_0;
E_000002293febdc10 .event/or E_000002293febdc10/0, E_000002293febdc10/1;
L_000002293ff30150 .part v000002293ff2f9d0_0, 0, 1;
L_000002293ff2f7f0 .part v000002293ff300b0_0, 0, 1;
L_000002293ff303d0 .part v000002293ff2f9d0_0, 1, 1;
L_000002293ff2f890 .part v000002293ff300b0_0, 0, 1;
L_000002293ff2fb10 .part v000002293ff2f9d0_0, 2, 1;
L_000002293ff2f430 .part v000002293ff300b0_0, 0, 1;
L_000002293ff2fc50 .concat8 [ 1 1 1 1], L_000002293feb9710, L_000002293feb9a90, L_000002293feb8ec0, L_000002293feb8f30;
L_000002293ff2fcf0 .part v000002293ff2f9d0_0, 3, 1;
L_000002293ff30330 .part v000002293ff300b0_0, 0, 1;
L_000002293ff2f930 .part v000002293ff2f9d0_0, 0, 1;
L_000002293ff2fd90 .part v000002293ff300b0_0, 1, 1;
L_000002293ff2fed0 .part v000002293ff2f9d0_0, 1, 1;
L_000002293ff2ff70 .part v000002293ff300b0_0, 1, 1;
L_000002293ff2fbb0 .part v000002293ff2f9d0_0, 2, 1;
L_000002293ff30010 .part v000002293ff300b0_0, 1, 1;
L_000002293ff301f0 .concat8 [ 1 1 1 1], L_000002293feb8d00, L_000002293feb8fa0, L_000002293feb9010, L_000002293feb9390;
L_000002293ff30470 .part v000002293ff2f9d0_0, 3, 1;
L_000002293ff30510 .part v000002293ff300b0_0, 1, 1;
L_000002293ff305b0 .part v000002293ff2f9d0_0, 0, 1;
L_000002293ff30650 .part v000002293ff300b0_0, 2, 1;
L_000002293ff306f0 .part v000002293ff2f9d0_0, 1, 1;
L_000002293ff2f2f0 .part v000002293ff300b0_0, 2, 1;
L_000002293ff30790 .part v000002293ff2f9d0_0, 2, 1;
L_000002293ff30830 .part v000002293ff300b0_0, 2, 1;
L_000002293ff308d0 .concat8 [ 1 1 1 1], L_000002293feb97f0, L_000002293feb9320, L_000002293feb92b0, L_000002293feb9860;
L_000002293ff30970 .part v000002293ff2f9d0_0, 3, 1;
L_000002293ff2f390 .part v000002293ff300b0_0, 2, 1;
L_000002293ff2f4d0 .part v000002293ff2f9d0_0, 0, 1;
L_000002293ff2f570 .part v000002293ff300b0_0, 3, 1;
L_000002293ff2f610 .part v000002293ff2f9d0_0, 1, 1;
L_000002293ff2e990 .part v000002293ff300b0_0, 3, 1;
L_000002293ff2df90 .part v000002293ff2f9d0_0, 2, 1;
L_000002293ff2e710 .part v000002293ff300b0_0, 3, 1;
L_000002293ff2e530 .concat8 [ 1 1 1 1], L_000002293feb9470, L_000002293feb9940, L_000002293feb98d0, L_000002293feb9b00;
L_000002293ff2eb70 .part v000002293ff2f9d0_0, 3, 1;
L_000002293ff2e5d0 .part v000002293ff300b0_0, 3, 1;
L_000002293ff2ead0 .part L_000002293ff2fc50, 1, 1;
L_000002293ff2cd70 .part L_000002293ff301f0, 0, 1;
L_000002293ff2d130 .part L_000002293ff2fc50, 2, 1;
L_000002293ff2e670 .part L_000002293ff301f0, 1, 1;
L_000002293ff2db30 .part L_000002293ff308d0, 0, 1;
L_000002293ff2def0 .part L_000002293ff2fc50, 3, 1;
L_000002293ff2d950 .part L_000002293ff301f0, 2, 1;
L_000002293ff2ea30 .part L_000002293ff308d0, 1, 1;
L_000002293ff2d810 .part L_000002293ff2e530, 0, 1;
L_000002293ff2ec10 .part L_000002293ff2e530, 1, 1;
L_000002293ff2dc70 .part L_000002293ff301f0, 3, 1;
L_000002293ff2d090 .part L_000002293ff308d0, 2, 1;
L_000002293ff2f110 .part L_000002293ff2e530, 2, 1;
L_000002293ff2d1d0 .part L_000002293ff308d0, 3, 1;
L_000002293ff2e030 .part L_000002293ff2e530, 3, 1;
LS_000002293ff2f1b0_0_0 .concat8 [ 1 1 1 1], L_000002293ff7b120, L_000002293feb90f0, L_000002293feb9550, L_000002293ff32800;
LS_000002293ff2f1b0_0_4 .concat8 [ 1 1 1 1], L_000002293ff32090, L_000002293ff7b740, L_000002293ff7b580, L_000002293ff7b900;
L_000002293ff2f1b0 .concat8 [ 4 4 0 0], LS_000002293ff2f1b0_0_0, LS_000002293ff2f1b0_0_4;
L_000002293ff2cb90 .part L_000002293ff2fc50, 0, 1;
L_000002293ff2e490 .part v000002293ff300b0_0, 0, 1;
L_000002293ff2cc30 .concat [ 1 1 1 1], L_000002293ff2e490, L_000002293ff2e490, L_000002293ff2e490, L_000002293ff2e490;
L_000002293ff2e210 .part v000002293ff300b0_0, 1, 1;
L_000002293ff2dbd0 .concat [ 1 1 1 1], L_000002293ff2e210, L_000002293ff2e210, L_000002293ff2e210, L_000002293ff2e210;
L_000002293ff2d8b0 .part v000002293ff300b0_0, 2, 1;
L_000002293ff2ecb0 .concat [ 1 1 1 1], L_000002293ff2d8b0, L_000002293ff2d8b0, L_000002293ff2d8b0, L_000002293ff2d8b0;
L_000002293ff2e0d0 .part v000002293ff300b0_0, 3, 1;
L_000002293ff2dd10 .concat [ 1 1 1 1], L_000002293ff2e0d0, L_000002293ff2e0d0, L_000002293ff2e0d0, L_000002293ff2e0d0;
L_000002293ff2ee90 .concat [ 4 4 0 0], L_000002293ff7e990, L_000002293ff332b8;
L_000002293ff2d310 .concat [ 4 4 0 0], L_000002293ff7ebc0, L_000002293ff33300;
L_000002293ff2d9f0 .part L_000002293ff2d310, 0, 7;
L_000002293ff2d3b0 .concat [ 1 7 0 0], L_000002293ff33348, L_000002293ff2d9f0;
L_000002293ff2e7b0 .arith/sum 8, L_000002293ff2ee90, L_000002293ff2d3b0;
L_000002293ff2ef30 .concat [ 4 4 0 0], L_000002293ff7e290, L_000002293ff33390;
L_000002293ff2ce10 .part L_000002293ff2ef30, 0, 6;
L_000002293ff2ddb0 .concat [ 2 6 0 0], L_000002293ff333d8, L_000002293ff2ce10;
L_000002293ff2cf50 .arith/sum 8, L_000002293ff2e7b0, L_000002293ff2ddb0;
L_000002293ff2ed50 .concat [ 4 4 0 0], L_000002293ff7e220, L_000002293ff33420;
L_000002293ff2edf0 .part L_000002293ff2ed50, 0, 5;
L_000002293ff2f070 .concat [ 3 5 0 0], L_000002293ff33468, L_000002293ff2edf0;
L_000002293ff2cff0 .arith/sum 8, L_000002293ff2cf50, L_000002293ff2f070;
S_000002293fe1cff0 .scope module, "fa2_2" "full_adder" 3 40, 4 1 0, S_000002293fec2e00;
 .timescale 0 0;
    .port_info 0 /INPUT 1 "a";
    .port_info 1 /INPUT 1 "b";
    .port_info 2 /INPUT 1 "cin";
    .port_info 3 /OUTPUT 1 "sum";
    .port_info 4 /OUTPUT 1 "carry";
L_000002293feb95c0 .functor XOR 1, L_000002293feb99b0, L_000002293feb9080, C4<0>, C4<0>;
L_000002293feb9550 .functor XOR 1, L_000002293feb95c0, L_000002293ff2db30, C4<0>, C4<0>;
L_000002293feb8d70 .functor AND 1, L_000002293feb99b0, L_000002293feb9080, C4<1>, C4<1>;
L_000002293feb9160 .functor AND 1, L_000002293feb95c0, L_000002293ff2db30, C4<1>, C4<1>;
L_000002293feb8de0 .functor OR 1, L_000002293feb8d70, L_000002293feb9160, C4<0>, C4<0>;
v000002293feb0580_0 .net "a", 0 0, L_000002293feb99b0;  alias, 1 drivers
v000002293feb15c0_0 .net "b", 0 0, L_000002293feb9080;  alias, 1 drivers
v000002293feb1700_0 .net "c1", 0 0, L_000002293feb8d70;  1 drivers
v000002293feb17a0_0 .net "c2", 0 0, L_000002293feb9160;  1 drivers
v000002293fea1520_0 .net "carry", 0 0, L_000002293feb8de0;  alias, 1 drivers
v000002293fea1840_0 .net "cin", 0 0, L_000002293ff2db30;  1 drivers
v000002293fea0080_0 .net "s1", 0 0, L_000002293feb95c0;  1 drivers
v000002293fead390_0 .net "sum", 0 0, L_000002293feb9550;  1 drivers
S_000002293fe1d180 .scope module, "fa3_1" "full_adder" 3 42, 4 1 0, S_000002293fec2e00;
 .timescale 0 0;
    .port_info 0 /INPUT 1 "a";
    .port_info 1 /INPUT 1 "b";
    .port_info 2 /INPUT 1 "cin";
    .port_info 3 /OUTPUT 1 "sum";
    .port_info 4 /OUTPUT 1 "carry";
L_000002293feb8e50 .functor XOR 1, L_000002293ff2def0, L_000002293ff2d950, C4<0>, C4<0>;
L_000002293feb94e0 .functor XOR 1, L_000002293feb8e50, L_000002293ff2ea30, C4<0>, C4<0>;
L_000002293feb91d0 .functor AND 1, L_000002293ff2def0, L_000002293ff2d950, C4<1>, C4<1>;
L_000002293ff32870 .functor AND 1, L_000002293feb8e50, L_000002293ff2ea30, C4<1>, C4<1>;
L_000002293ff32330 .functor OR 1, L_000002293feb91d0, L_000002293ff32870, C4<0>, C4<0>;
v000002293feadc50_0 .net "a", 0 0, L_000002293ff2def0;  1 drivers
v000002293ff15b00_0 .net "b", 0 0, L_000002293ff2d950;  1 drivers
v000002293ff16960_0 .net "c1", 0 0, L_000002293feb91d0;  1 drivers
v000002293ff16a00_0 .net "c2", 0 0, L_000002293ff32870;  1 drivers
v000002293ff15ce0_0 .net "carry", 0 0, L_000002293ff32330;  alias, 1 drivers
v000002293ff16dc0_0 .net "cin", 0 0, L_000002293ff2ea30;  1 drivers
v000002293ff160a0_0 .net "s1", 0 0, L_000002293feb8e50;  1 drivers
v000002293ff15c40_0 .net "sum", 0 0, L_000002293feb94e0;  alias, 1 drivers
S_000002293fe1d310 .scope module, "fa3_2" "full_adder" 3 44, 4 1 0, S_000002293fec2e00;
 .timescale 0 0;
    .port_info 0 /INPUT 1 "a";
    .port_info 1 /INPUT 1 "b";
    .port_info 2 /INPUT 1 "cin";
    .port_info 3 /OUTPUT 1 "sum";
    .port_info 4 /OUTPUT 1 "carry";
L_000002293ff32aa0 .functor XOR 1, L_000002293ff32e90, L_000002293feb9be0, C4<0>, C4<0>;
L_000002293ff32800 .functor XOR 1, L_000002293ff32aa0, L_000002293feb8de0, C4<0>, C4<0>;
L_000002293ff32e20 .functor AND 1, L_000002293ff32e90, L_000002293feb9be0, C4<1>, C4<1>;
L_000002293ff32d40 .functor AND 1, L_000002293ff32aa0, L_000002293feb8de0, C4<1>, C4<1>;
L_000002293ff328e0 .functor OR 1, L_000002293ff32e20, L_000002293ff32d40, C4<0>, C4<0>;
v000002293ff15ba0_0 .net "a", 0 0, L_000002293ff32e90;  alias, 1 drivers
v000002293ff154c0_0 .net "b", 0 0, L_000002293feb9be0;  alias, 1 drivers
v000002293ff165a0_0 .net "c1", 0 0, L_000002293ff32e20;  1 drivers
v000002293ff15380_0 .net "c2", 0 0, L_000002293ff32d40;  1 drivers
v000002293ff159c0_0 .net "carry", 0 0, L_000002293ff328e0;  alias, 1 drivers
v000002293ff16e60_0 .net "cin", 0 0, L_000002293feb8de0;  alias, 1 drivers
v000002293ff16460_0 .net "s1", 0 0, L_000002293ff32aa0;  1 drivers
v000002293ff16b40_0 .net "sum", 0 0, L_000002293ff32800;  1 drivers
S_000002293fe66750 .scope module, "fa4_1" "full_adder" 3 46, 4 1 0, S_000002293fec2e00;
 .timescale 0 0;
    .port_info 0 /INPUT 1 "a";
    .port_info 1 /INPUT 1 "b";
    .port_info 2 /INPUT 1 "cin";
    .port_info 3 /OUTPUT 1 "sum";
    .port_info 4 /OUTPUT 1 "carry";
L_000002293ff32170 .functor XOR 1, L_000002293ff2ec10, L_000002293ff2dc70, C4<0>, C4<0>;
L_000002293ff329c0 .functor XOR 1, L_000002293ff32170, L_000002293ff2d090, C4<0>, C4<0>;
L_000002293ff32100 .functor AND 1, L_000002293ff2ec10, L_000002293ff2dc70, C4<1>, C4<1>;
L_000002293ff32020 .functor AND 1, L_000002293ff32170, L_000002293ff2d090, C4<1>, C4<1>;
L_000002293ff32db0 .functor OR 1, L_000002293ff32100, L_000002293ff32020, C4<0>, C4<0>;
v000002293ff15560_0 .net "a", 0 0, L_000002293ff2ec10;  1 drivers
v000002293ff15420_0 .net "b", 0 0, L_000002293ff2dc70;  1 drivers
v000002293ff15e20_0 .net "c1", 0 0, L_000002293ff32100;  1 drivers
v000002293ff152e0_0 .net "c2", 0 0, L_000002293ff32020;  1 drivers
v000002293ff16aa0_0 .net "carry", 0 0, L_000002293ff32db0;  alias, 1 drivers
v000002293ff15600_0 .net "cin", 0 0, L_000002293ff2d090;  1 drivers
v000002293ff16500_0 .net "s1", 0 0, L_000002293ff32170;  1 drivers
v000002293ff16640_0 .net "sum", 0 0, L_000002293ff329c0;  alias, 1 drivers
S_000002293fe668e0 .scope module, "fa4_2" "full_adder" 3 47, 4 1 0, S_000002293fec2e00;
 .timescale 0 0;
    .port_info 0 /INPUT 1 "a";
    .port_info 1 /INPUT 1 "b";
    .port_info 2 /INPUT 1 "cin";
    .port_info 3 /OUTPUT 1 "sum";
    .port_info 4 /OUTPUT 1 "carry";
L_000002293ff32fe8 .functor BUFT 1, C4<0>, C4<0>, C4<0>, C4<0>;
L_000002293ff321e0 .functor XOR 1, L_000002293ff329c0, L_000002293ff32fe8, C4<0>, C4<0>;
L_000002293ff32f00 .functor XOR 1, L_000002293ff321e0, L_000002293ff32330, C4<0>, C4<0>;
L_000002293ff32640 .functor AND 1, L_000002293ff329c0, L_000002293ff32fe8, C4<1>, C4<1>;
L_000002293ff32a30 .functor AND 1, L_000002293ff321e0, L_000002293ff32330, C4<1>, C4<1>;
L_000002293ff32410 .functor OR 1, L_000002293ff32640, L_000002293ff32a30, C4<0>, C4<0>;
v000002293ff15100_0 .net "a", 0 0, L_000002293ff329c0;  alias, 1 drivers
v000002293ff16be0_0 .net "b", 0 0, L_000002293ff32fe8;  1 drivers
v000002293ff16280_0 .net "c1", 0 0, L_000002293ff32640;  1 drivers
v000002293ff16000_0 .net "c2", 0 0, L_000002293ff32a30;  1 drivers
v000002293ff15d80_0 .net "carry", 0 0, L_000002293ff32410;  alias, 1 drivers
v000002293ff16140_0 .net "cin", 0 0, L_000002293ff32330;  alias, 1 drivers
v000002293ff16c80_0 .net "s1", 0 0, L_000002293ff321e0;  1 drivers
v000002293ff166e0_0 .net "sum", 0 0, L_000002293ff32f00;  alias, 1 drivers
S_000002293fe66a70 .scope module, "fa4_3" "full_adder" 3 48, 4 1 0, S_000002293fec2e00;
 .timescale 0 0;
    .port_info 0 /INPUT 1 "a";
    .port_info 1 /INPUT 1 "b";
    .port_info 2 /INPUT 1 "cin";
    .port_info 3 /OUTPUT 1 "sum";
    .port_info 4 /OUTPUT 1 "carry";
L_000002293ff32250 .functor XOR 1, L_000002293ff32f00, L_000002293ff328e0, C4<0>, C4<0>;
L_000002293ff32090 .functor XOR 1, L_000002293ff32250, L_000002293ff32720, C4<0>, C4<0>;
L_000002293ff322c0 .functor AND 1, L_000002293ff32f00, L_000002293ff328e0, C4<1>, C4<1>;
L_000002293ff32480 .functor AND 1, L_000002293ff32250, L_000002293ff32720, C4<1>, C4<1>;
L_000002293ff323a0 .functor OR 1, L_000002293ff322c0, L_000002293ff32480, C4<0>, C4<0>;
v000002293ff151a0_0 .net "a", 0 0, L_000002293ff32f00;  alias, 1 drivers
v000002293ff156a0_0 .net "b", 0 0, L_000002293ff328e0;  alias, 1 drivers
v000002293ff16780_0 .net "c1", 0 0, L_000002293ff322c0;  1 drivers
v000002293ff15a60_0 .net "c2", 0 0, L_000002293ff32480;  1 drivers
v000002293ff15f60_0 .net "carry", 0 0, L_000002293ff323a0;  alias, 1 drivers
v000002293ff15740_0 .net "cin", 0 0, L_000002293ff32720;  alias, 1 drivers
v000002293ff157e0_0 .net "s1", 0 0, L_000002293ff32250;  1 drivers
v000002293ff15ec0_0 .net "sum", 0 0, L_000002293ff32090;  1 drivers
S_000002293fe32510 .scope module, "fa5_1" "full_adder" 3 50, 4 1 0, S_000002293fec2e00;
 .timescale 0 0;
    .port_info 0 /INPUT 1 "a";
    .port_info 1 /INPUT 1 "b";
    .port_info 2 /INPUT 1 "cin";
    .port_info 3 /OUTPUT 1 "sum";
    .port_info 4 /OUTPUT 1 "carry";
L_000002293ff33030 .functor BUFT 1, C4<0>, C4<0>, C4<0>, C4<0>;
L_000002293ff326b0 .functor XOR 1, L_000002293ff2f110, L_000002293ff33030, C4<0>, C4<0>;
L_000002293ff32b10 .functor XOR 1, L_000002293ff326b0, L_000002293ff2d1d0, C4<0>, C4<0>;
L_000002293ff32790 .functor AND 1, L_000002293ff2f110, L_000002293ff33030, C4<1>, C4<1>;
L_000002293ff32b80 .functor AND 1, L_000002293ff326b0, L_000002293ff2d1d0, C4<1>, C4<1>;
L_000002293ff32bf0 .functor OR 1, L_000002293ff32790, L_000002293ff32b80, C4<0>, C4<0>;
v000002293ff15880_0 .net "a", 0 0, L_000002293ff2f110;  1 drivers
v000002293ff161e0_0 .net "b", 0 0, L_000002293ff33030;  1 drivers
v000002293ff16320_0 .net "c1", 0 0, L_000002293ff32790;  1 drivers
v000002293ff16f00_0 .net "c2", 0 0, L_000002293ff32b80;  1 drivers
v000002293ff15920_0 .net "carry", 0 0, L_000002293ff32bf0;  alias, 1 drivers
v000002293ff16d20_0 .net "cin", 0 0, L_000002293ff2d1d0;  1 drivers
v000002293ff16820_0 .net "s1", 0 0, L_000002293ff326b0;  1 drivers
v000002293ff168c0_0 .net "sum", 0 0, L_000002293ff32b10;  alias, 1 drivers
S_000002293fe326a0 .scope module, "fa5_2" "full_adder" 3 51, 4 1 0, S_000002293fec2e00;
 .timescale 0 0;
    .port_info 0 /INPUT 1 "a";
    .port_info 1 /INPUT 1 "b";
    .port_info 2 /INPUT 1 "cin";
    .port_info 3 /OUTPUT 1 "sum";
    .port_info 4 /OUTPUT 1 "carry";
L_000002293ff33078 .functor BUFT 1, C4<0>, C4<0>, C4<0>, C4<0>;
L_000002293ff324f0 .functor XOR 1, L_000002293ff32b10, L_000002293ff33078, C4<0>, C4<0>;
L_000002293ff32c60 .functor XOR 1, L_000002293ff324f0, L_000002293ff32db0, C4<0>, C4<0>;
L_000002293ff32560 .functor AND 1, L_000002293ff32b10, L_000002293ff33078, C4<1>, C4<1>;
L_000002293ff325d0 .functor AND 1, L_000002293ff324f0, L_000002293ff32db0, C4<1>, C4<1>;
L_000002293ff32950 .functor OR 1, L_000002293ff32560, L_000002293ff325d0, C4<0>, C4<0>;
v000002293ff163c0_0 .net "a", 0 0, L_000002293ff32b10;  alias, 1 drivers
v000002293ff16fa0_0 .net "b", 0 0, L_000002293ff33078;  1 drivers
v000002293ff15240_0 .net "c1", 0 0, L_000002293ff32560;  1 drivers
v000002293ff19de0_0 .net "c2", 0 0, L_000002293ff325d0;  1 drivers
v000002293ff19520_0 .net "carry", 0 0, L_000002293ff32950;  alias, 1 drivers
v000002293ff190c0_0 .net "cin", 0 0, L_000002293ff32db0;  alias, 1 drivers
v000002293ff19e80_0 .net "s1", 0 0, L_000002293ff324f0;  1 drivers
v000002293ff19c00_0 .net "sum", 0 0, L_000002293ff32c60;  alias, 1 drivers
S_000002293fe32830 .scope module, "fa5_3" "full_adder" 3 52, 4 1 0, S_000002293fec2e00;
 .timescale 0 0;
    .port_info 0 /INPUT 1 "a";
    .port_info 1 /INPUT 1 "b";
    .port_info 2 /INPUT 1 "cin";
    .port_info 3 /OUTPUT 1 "sum";
    .port_info 4 /OUTPUT 1 "carry";
L_000002293ff32cd0 .functor XOR 1, L_000002293ff32c60, L_000002293ff323a0, C4<0>, C4<0>;
L_000002293ff7b740 .functor XOR 1, L_000002293ff32cd0, L_000002293ff32410, C4<0>, C4<0>;
L_000002293ff7b6d0 .functor AND 1, L_000002293ff32c60, L_000002293ff323a0, C4<1>, C4<1>;
L_000002293ff7b270 .functor AND 1, L_000002293ff32cd0, L_000002293ff32410, C4<1>, C4<1>;
L_000002293ff7b890 .functor OR 1, L_000002293ff7b6d0, L_000002293ff7b270, C4<0>, C4<0>;
v000002293ff19200_0 .net "a", 0 0, L_000002293ff32c60;  alias, 1 drivers
v000002293ff18f80_0 .net "b", 0 0, L_000002293ff323a0;  alias, 1 drivers
v000002293ff195c0_0 .net "c1", 0 0, L_000002293ff7b6d0;  1 drivers
v000002293ff198e0_0 .net "c2", 0 0, L_000002293ff7b270;  1 drivers
v000002293ff18d00_0 .net "carry", 0 0, L_000002293ff7b890;  alias, 1 drivers
v000002293ff19980_0 .net "cin", 0 0, L_000002293ff32410;  alias, 1 drivers
v000002293ff19b60_0 .net "s1", 0 0, L_000002293ff32cd0;  1 drivers
v000002293ff19a20_0 .net "sum", 0 0, L_000002293ff7b740;  1 drivers
S_000002293fec0a00 .scope module, "fa6_1" "full_adder" 3 54, 4 1 0, S_000002293fec2e00;
 .timescale 0 0;
    .port_info 0 /INPUT 1 "a";
    .port_info 1 /INPUT 1 "b";
    .port_info 2 /INPUT 1 "cin";
    .port_info 3 /OUTPUT 1 "sum";
    .port_info 4 /OUTPUT 1 "carry";
L_000002293ff330c0 .functor BUFT 1, C4<0>, C4<0>, C4<0>, C4<0>;
L_000002293ff7b350 .functor XOR 1, L_000002293ff2e030, L_000002293ff330c0, C4<0>, C4<0>;
L_000002293ff33108 .functor BUFT 1, C4<0>, C4<0>, C4<0>, C4<0>;
L_000002293ff7bba0 .functor XOR 1, L_000002293ff7b350, L_000002293ff33108, C4<0>, C4<0>;
L_000002293ff7b7b0 .functor AND 1, L_000002293ff2e030, L_000002293ff330c0, C4<1>, C4<1>;
L_000002293ff7b5f0 .functor AND 1, L_000002293ff7b350, L_000002293ff33108, C4<1>, C4<1>;
L_000002293ff7b200 .functor OR 1, L_000002293ff7b7b0, L_000002293ff7b5f0, C4<0>, C4<0>;
v000002293ff19660_0 .net "a", 0 0, L_000002293ff2e030;  1 drivers
v000002293ff18940_0 .net "b", 0 0, L_000002293ff330c0;  1 drivers
v000002293ff18580_0 .net "c1", 0 0, L_000002293ff7b7b0;  1 drivers
v000002293ff19700_0 .net "c2", 0 0, L_000002293ff7b5f0;  1 drivers
v000002293ff189e0_0 .net "carry", 0 0, L_000002293ff7b200;  alias, 1 drivers
v000002293ff19f20_0 .net "cin", 0 0, L_000002293ff33108;  1 drivers
v000002293ff188a0_0 .net "s1", 0 0, L_000002293ff7b350;  1 drivers
v000002293ff192a0_0 .net "sum", 0 0, L_000002293ff7bba0;  alias, 1 drivers
S_000002293fec0b90 .scope module, "fa6_2" "full_adder" 3 55, 4 1 0, S_000002293fec2e00;
 .timescale 0 0;
    .port_info 0 /INPUT 1 "a";
    .port_info 1 /INPUT 1 "b";
    .port_info 2 /INPUT 1 "cin";
    .port_info 3 /OUTPUT 1 "sum";
    .port_info 4 /OUTPUT 1 "carry";
L_000002293ff33150 .functor BUFT 1, C4<0>, C4<0>, C4<0>, C4<0>;
L_000002293ff7b430 .functor XOR 1, L_000002293ff7bba0, L_000002293ff33150, C4<0>, C4<0>;
L_000002293ff7b9e0 .functor XOR 1, L_000002293ff7b430, L_000002293ff32bf0, C4<0>, C4<0>;
L_000002293ff7bcf0 .functor AND 1, L_000002293ff7bba0, L_000002293ff33150, C4<1>, C4<1>;
L_000002293ff7bc10 .functor AND 1, L_000002293ff7b430, L_000002293ff32bf0, C4<1>, C4<1>;
L_000002293ff7bac0 .functor OR 1, L_000002293ff7bcf0, L_000002293ff7bc10, C4<0>, C4<0>;
v000002293ff18c60_0 .net "a", 0 0, L_000002293ff7bba0;  alias, 1 drivers
v000002293ff19fc0_0 .net "b", 0 0, L_000002293ff33150;  1 drivers
v000002293ff197a0_0 .net "c1", 0 0, L_000002293ff7bcf0;  1 drivers
v000002293ff18760_0 .net "c2", 0 0, L_000002293ff7bc10;  1 drivers
v000002293ff19ca0_0 .net "carry", 0 0, L_000002293ff7bac0;  alias, 1 drivers
v000002293ff18da0_0 .net "cin", 0 0, L_000002293ff32bf0;  alias, 1 drivers
v000002293ff19340_0 .net "s1", 0 0, L_000002293ff7b430;  1 drivers
v000002293ff19480_0 .net "sum", 0 0, L_000002293ff7b9e0;  alias, 1 drivers
S_000002293fec0d20 .scope module, "fa6_3" "full_adder" 3 56, 4 1 0, S_000002293fec2e00;
 .timescale 0 0;
    .port_info 0 /INPUT 1 "a";
    .port_info 1 /INPUT 1 "b";
    .port_info 2 /INPUT 1 "cin";
    .port_info 3 /OUTPUT 1 "sum";
    .port_info 4 /OUTPUT 1 "carry";
L_000002293ff7b660 .functor XOR 1, L_000002293ff7b9e0, L_000002293ff7b890, C4<0>, C4<0>;
L_000002293ff7b580 .functor XOR 1, L_000002293ff7b660, L_000002293ff32950, C4<0>, C4<0>;
L_000002293ff7ba50 .functor AND 1, L_000002293ff7b9e0, L_000002293ff7b890, C4<1>, C4<1>;
L_000002293ff7b190 .functor AND 1, L_000002293ff7b660, L_000002293ff32950, C4<1>, C4<1>;
L_000002293ff7b4a0 .functor OR 1, L_000002293ff7ba50, L_000002293ff7b190, C4<0>, C4<0>;
v000002293ff19840_0 .net "a", 0 0, L_000002293ff7b9e0;  alias, 1 drivers
v000002293ff19ac0_0 .net "b", 0 0, L_000002293ff7b890;  alias, 1 drivers
v000002293ff18a80_0 .net "c1", 0 0, L_000002293ff7ba50;  1 drivers
v000002293ff18620_0 .net "c2", 0 0, L_000002293ff7b190;  1 drivers
v000002293ff18b20_0 .net "carry", 0 0, L_000002293ff7b4a0;  alias, 1 drivers
v000002293ff19d40_0 .net "cin", 0 0, L_000002293ff32950;  alias, 1 drivers
v000002293ff18800_0 .net "s1", 0 0, L_000002293ff7b660;  1 drivers
v000002293ff18bc0_0 .net "sum", 0 0, L_000002293ff7b580;  1 drivers
S_000002293ff1a0e0 .scope module, "fa7_1" "full_adder" 3 58, 4 1 0, S_000002293fec2e00;
 .timescale 0 0;
    .port_info 0 /INPUT 1 "a";
    .port_info 1 /INPUT 1 "b";
    .port_info 2 /INPUT 1 "cin";
    .port_info 3 /OUTPUT 1 "sum";
    .port_info 4 /OUTPUT 1 "carry";
L_000002293ff33198 .functor BUFT 1, C4<0>, C4<0>, C4<0>, C4<0>;
L_000002293ff331e0 .functor BUFT 1, C4<0>, C4<0>, C4<0>, C4<0>;
L_000002293ff7b040 .functor XOR 1, L_000002293ff33198, L_000002293ff331e0, C4<0>, C4<0>;
L_000002293ff33228 .functor BUFT 1, C4<0>, C4<0>, C4<0>, C4<0>;
L_000002293ff7b2e0 .functor XOR 1, L_000002293ff7b040, L_000002293ff33228, C4<0>, C4<0>;
L_000002293ff7b510 .functor AND 1, L_000002293ff33198, L_000002293ff331e0, C4<1>, C4<1>;
L_000002293ff7bc80 .functor AND 1, L_000002293ff7b040, L_000002293ff33228, C4<1>, C4<1>;
L_000002293ff7bd60 .functor OR 1, L_000002293ff7b510, L_000002293ff7bc80, C4<0>, C4<0>;
v000002293ff18120_0 .net "a", 0 0, L_000002293ff33198;  1 drivers
v000002293ff181c0_0 .net "b", 0 0, L_000002293ff331e0;  1 drivers
v000002293ff18260_0 .net "c1", 0 0, L_000002293ff7b510;  1 drivers
v000002293ff18e40_0 .net "c2", 0 0, L_000002293ff7bc80;  1 drivers
v000002293ff18300_0 .net "carry", 0 0, L_000002293ff7bd60;  alias, 1 drivers
v000002293ff18440_0 .net "cin", 0 0, L_000002293ff33228;  1 drivers
v000002293ff183a0_0 .net "s1", 0 0, L_000002293ff7b040;  1 drivers
v000002293ff184e0_0 .net "sum", 0 0, L_000002293ff7b2e0;  alias, 1 drivers
S_000002293ff1a270 .scope module, "fa7_2" "full_adder" 3 59, 4 1 0, S_000002293fec2e00;
 .timescale 0 0;
    .port_info 0 /INPUT 1 "a";
    .port_info 1 /INPUT 1 "b";
    .port_info 2 /INPUT 1 "cin";
    .port_info 3 /OUTPUT 1 "sum";
    .port_info 4 /OUTPUT 1 "carry";
L_000002293ff33270 .functor BUFT 1, C4<0>, C4<0>, C4<0>, C4<0>;
L_000002293ff7b3c0 .functor XOR 1, L_000002293ff7b2e0, L_000002293ff33270, C4<0>, C4<0>;
L_000002293ff7be40 .functor XOR 1, L_000002293ff7b3c0, L_000002293ff7b200, C4<0>, C4<0>;
L_000002293ff7b970 .functor AND 1, L_000002293ff7b2e0, L_000002293ff33270, C4<1>, C4<1>;
L_000002293ff7b820 .functor AND 1, L_000002293ff7b3c0, L_000002293ff7b200, C4<1>, C4<1>;
L_000002293ff7bb30 .functor OR 1, L_000002293ff7b970, L_000002293ff7b820, C4<0>, C4<0>;
v000002293ff186c0_0 .net "a", 0 0, L_000002293ff7b2e0;  alias, 1 drivers
v000002293ff18ee0_0 .net "b", 0 0, L_000002293ff33270;  1 drivers
v000002293ff19020_0 .net "c1", 0 0, L_000002293ff7b970;  1 drivers
v000002293ff19160_0 .net "c2", 0 0, L_000002293ff7b820;  1 drivers
v000002293ff193e0_0 .net "carry", 0 0, L_000002293ff7bb30;  alias, 1 drivers
v000002293ff1a590_0 .net "cin", 0 0, L_000002293ff7b200;  alias, 1 drivers
v000002293ff1aa90_0 .net "s1", 0 0, L_000002293ff7b3c0;  1 drivers
v000002293ff1bf30_0 .net "sum", 0 0, L_000002293ff7be40;  alias, 1 drivers
S_000002293ff28090 .scope module, "fa7_3" "full_adder" 3 60, 4 1 0, S_000002293fec2e00;
 .timescale 0 0;
    .port_info 0 /INPUT 1 "a";
    .port_info 1 /INPUT 1 "b";
    .port_info 2 /INPUT 1 "cin";
    .port_info 3 /OUTPUT 1 "sum";
    .port_info 4 /OUTPUT 1 "carry";
L_000002293ff7bdd0 .functor XOR 1, L_000002293ff7be40, L_000002293ff7b4a0, C4<0>, C4<0>;
L_000002293ff7b900 .functor XOR 1, L_000002293ff7bdd0, L_000002293ff7bac0, C4<0>, C4<0>;
L_000002293ff7beb0 .functor AND 1, L_000002293ff7be40, L_000002293ff7b4a0, C4<1>, C4<1>;
L_000002293ff7bf20 .functor AND 1, L_000002293ff7bdd0, L_000002293ff7bac0, C4<1>, C4<1>;
L_000002293ff7b0b0 .functor OR 1, L_000002293ff7beb0, L_000002293ff7bf20, C4<0>, C4<0>;
v000002293ff1b3f0_0 .net "a", 0 0, L_000002293ff7be40;  alias, 1 drivers
v000002293ff1a630_0 .net "b", 0 0, L_000002293ff7b4a0;  alias, 1 drivers
v000002293ff1b2b0_0 .net "c1", 0 0, L_000002293ff7beb0;  1 drivers
v000002293ff1b530_0 .net "c2", 0 0, L_000002293ff7bf20;  1 drivers
v000002293ff1a450_0 .net "carry", 0 0, L_000002293ff7b0b0;  alias, 1 drivers
v000002293ff1aef0_0 .net "cin", 0 0, L_000002293ff7bac0;  alias, 1 drivers
v000002293ff1bad0_0 .net "s1", 0 0, L_000002293ff7bdd0;  1 drivers
v000002293ff1abd0_0 .net "sum", 0 0, L_000002293ff7b900;  1 drivers
S_000002293ff28400 .scope module, "ha1_1" "half_adder" 3 37, 5 1 0, S_000002293fec2e00;
 .timescale 0 0;
    .port_info 0 /INPUT 1 "a";
    .port_info 1 /INPUT 1 "b";
    .port_info 2 /OUTPUT 1 "sum";
    .port_info 3 /OUTPUT 1 "carry";
L_000002293feb90f0 .functor XOR 1, L_000002293ff2ead0, L_000002293ff2cd70, C4<0>, C4<0>;
L_000002293feb9080 .functor AND 1, L_000002293ff2ead0, L_000002293ff2cd70, C4<1>, C4<1>;
v000002293ff1af90_0 .net "a", 0 0, L_000002293ff2ead0;  1 drivers
v000002293ff1a770_0 .net "b", 0 0, L_000002293ff2cd70;  1 drivers
v000002293ff1b030_0 .net "carry", 0 0, L_000002293feb9080;  alias, 1 drivers
v000002293ff1bc10_0 .net "sum", 0 0, L_000002293feb90f0;  1 drivers
S_000002293ff28bd0 .scope module, "ha2_1" "half_adder" 3 39, 5 1 0, S_000002293fec2e00;
 .timescale 0 0;
    .port_info 0 /INPUT 1 "a";
    .port_info 1 /INPUT 1 "b";
    .port_info 2 /OUTPUT 1 "sum";
    .port_info 3 /OUTPUT 1 "carry";
L_000002293feb99b0 .functor XOR 1, L_000002293ff2d130, L_000002293ff2e670, C4<0>, C4<0>;
L_000002293feb9be0 .functor AND 1, L_000002293ff2d130, L_000002293ff2e670, C4<1>, C4<1>;
v000002293ff1a810_0 .net "a", 0 0, L_000002293ff2d130;  1 drivers
v000002293ff1bfd0_0 .net "b", 0 0, L_000002293ff2e670;  1 drivers
v000002293ff1b670_0 .net "carry", 0 0, L_000002293feb9be0;  alias, 1 drivers
v000002293ff1b210_0 .net "sum", 0 0, L_000002293feb99b0;  alias, 1 drivers
S_000002293ff28270 .scope module, "ha3_1" "half_adder" 3 43, 5 1 0, S_000002293fec2e00;
 .timescale 0 0;
    .port_info 0 /INPUT 1 "a";
    .port_info 1 /INPUT 1 "b";
    .port_info 2 /OUTPUT 1 "sum";
    .port_info 3 /OUTPUT 1 "carry";
L_000002293ff32e90 .functor XOR 1, L_000002293feb94e0, L_000002293ff2d810, C4<0>, C4<0>;
L_000002293ff32720 .functor AND 1, L_000002293feb94e0, L_000002293ff2d810, C4<1>, C4<1>;
v000002293ff1ac70_0 .net "a", 0 0, L_000002293feb94e0;  alias, 1 drivers
v000002293ff1a8b0_0 .net "b", 0 0, L_000002293ff2d810;  1 drivers
v000002293ff1c250_0 .net "carry", 0 0, L_000002293ff32720;  alias, 1 drivers
v000002293ff1adb0_0 .net "sum", 0 0, L_000002293ff32e90;  alias, 1 drivers
S_000002293ff28720 .scope task, "check_result" "check_result" 2 26, 2 26 0, S_000002293fec2c70;
 .timescale 0 0;
v000002293ff2b3c0_0 .var "e", 7 0;
v000002293ff2b460_0 .var "f", 7 0;
v000002293ff2b960_0 .var "g", 7 0;
v000002293ff2b780_0 .var "result", 7 0;
TD_test_bench.check_result ;
    %load/vec4 v000002293ff2b3c0_0;
    %load/vec4 v000002293ff2b780_0;
    %cmp/ne;
    %flag_get/vec4 4;
    %load/vec4 v000002293ff2b460_0;
    %load/vec4 v000002293ff2b780_0;
    %cmp/ne;
    %flag_get/vec4 4;
    %or;
    %load/vec4 v000002293ff2b960_0;
    %load/vec4 v000002293ff2b780_0;
    %cmp/ne;
    %flag_get/vec4 4;
    %or;
    %flag_set/vec4 8;
    %jmp/0xz  T_0.0, 8;
    %vpi_call 2 33 "$display", "===== t=%d FAILED, output does not match =====", $time {0 0 0};
    %vpi_call 2 34 "$display", "===== t=%d Expected value is %b, Actual gate value is %b, Actual data value is %b, Actual behavioral value is %b =====", $time, v000002293ff2b780_0, v000002293ff2b3c0_0, v000002293ff2b460_0, v000002293ff2b960_0 {0 0 0};
    %jmp T_0.1;
T_0.0 ;
    %vpi_call 2 37 "$display", "===== t=%d PASSED SUCCESSFULLY =====", $time {0 0 0};
T_0.1 ;
    %end;
    .scope S_000002293fec2e00;
T_1 ;
    %wait E_000002293febdc10;
    %load/vec4 v000002293ff29c00_0;
    %load/vec4 v000002293ff2a9c0_0;
    %parti/s 1, 0, 2;
    %replicate 4;
    %and;
    %store/vec4 v000002293ff2a240_0, 0, 4;
    %load/vec4 v000002293ff29c00_0;
    %load/vec4 v000002293ff2a9c0_0;
    %parti/s 1, 1, 2;
    %replicate 4;
    %and;
    %store/vec4 v000002293ff2a4c0_0, 0, 4;
    %load/vec4 v000002293ff29c00_0;
    %load/vec4 v000002293ff2a9c0_0;
    %parti/s 1, 2, 3;
    %replicate 4;
    %and;
    %store/vec4 v000002293ff2a600_0, 0, 4;
    %load/vec4 v000002293ff29c00_0;
    %load/vec4 v000002293ff2a9c0_0;
    %parti/s 1, 3, 3;
    %replicate 4;
    %and;
    %store/vec4 v000002293ff2b820_0, 0, 4;
    %load/vec4 v000002293ff2a240_0;
    %pad/u 8;
    %load/vec4 v000002293ff2a4c0_0;
    %pad/u 8;
    %ix/load 4, 1, 0;
    %flag_set/imm 4, 0;
    %shiftl 4;
    %add;
    %load/vec4 v000002293ff2a600_0;
    %pad/u 8;
    %ix/load 4, 2, 0;
    %flag_set/imm 4, 0;
    %shiftl 4;
    %add;
    %load/vec4 v000002293ff2b820_0;
    %pad/u 8;
    %ix/load 4, 3, 0;
    %flag_set/imm 4, 0;
    %shiftl 4;
    %add;
    %store/vec4 v000002293ff2a100_0, 0, 8;
    %jmp T_1;
    .thread T_1, $push;
    .scope S_000002293fec2c70;
T_2 ;
    %vpi_call 2 10 "$dumpfile", "wave.vcd" {0 0 0};
    %vpi_call 2 11 "$dumpvars", 32'sb00000000000000000000000000000000, S_000002293fec2c70 {0 0 0};
    %vpi_call 2 12 "$display", "===== Test Wallace Tree Multiplier =====" {0 0 0};
    %vpi_call 2 13 "$monitor", "===== Q = %4b, M = %4b =====", v000002293ff2f9d0_0, v000002293ff300b0_0 {0 0 0};
    %pushi/vec4 0, 0, 32;
    %store/vec4 v000002293ff30290_0, 0, 32;
T_2.0 ;
    %load/vec4 v000002293ff30290_0;
    %cmpi/s 16, 0, 32;
    %jmp/0xz T_2.1, 5;
    %pushi/vec4 0, 0, 32;
    %store/vec4 v000002293ff2f750_0, 0, 32;
T_2.2 ;
    %load/vec4 v000002293ff2f750_0;
    %cmpi/s 16, 0, 32;
    %jmp/0xz T_2.3, 5;
    %load/vec4 v000002293ff30290_0;
    %parti/s 4, 0, 2;
    %store/vec4 v000002293ff2f9d0_0, 0, 4;
    %load/vec4 v000002293ff2f750_0;
    %parti/s 4, 0, 2;
    %store/vec4 v000002293ff300b0_0, 0, 4;
    %delay 1, 0;
    %load/vec4 v000002293ff2f9d0_0;
    %pad/u 8;
    %load/vec4 v000002293ff300b0_0;
    %pad/u 8;
    %mul;
    %store/vec4 v000002293ff2b780_0, 0, 8;
    %load/vec4 v000002293ff2f6b0_0;
    %store/vec4 v000002293ff2b3c0_0, 0, 8;
    %load/vec4 v000002293ff2fe30_0;
    %store/vec4 v000002293ff2b460_0, 0, 8;
    %load/vec4 v000002293ff2fa70_0;
    %store/vec4 v000002293ff2b960_0, 0, 8;
    %fork TD_test_bench.check_result, S_000002293ff28720;
    %join;
    %load/vec4 v000002293ff2f750_0;
    %addi 1, 0, 32;
    %store/vec4 v000002293ff2f750_0, 0, 32;
    %jmp T_2.2;
T_2.3 ;
    %load/vec4 v000002293ff30290_0;
    %addi 1, 0, 32;
    %store/vec4 v000002293ff30290_0, 0, 32;
    %jmp T_2.0;
T_2.1 ;
    %vpi_call 2 22 "$display", "===== t=%d Finished Stimulation =====", $time {0 0 0};
    %vpi_call 2 23 "$finish" {0 0 0};
    %end;
    .thread T_2;
# The file index is used to find the file name in the following table.
:file_names 6;
    "N/A";
    "<interactive>";
    "../tb/test_bench.v";
    "../rtl/wallace_tree_multiplier.v";
    "../rtl/full_adder.v";
    "../rtl/half_adder.v";
