#! /c/Source/iverilog-install/bin/vvp
:ivl_version "12.0 (devel)" "(s20150603-1110-g18392a46)";
:ivl_delay_selection "TYPICAL";
:vpi_time_precision + 0;
:vpi_module "C:\iverilog\lib\ivl\system.vpi";
:vpi_module "C:\iverilog\lib\ivl\vhdl_sys.vpi";
:vpi_module "C:\iverilog\lib\ivl\vhdl_textio.vpi";
:vpi_module "C:\iverilog\lib\ivl\v2005_math.vpi";
:vpi_module "C:\iverilog\lib\ivl\va_math.vpi";
S_0000029c95ba53f0 .scope module, "test_bench17" "test_bench17" 2 1;
 .timescale 0 0;
v0000029c95b9aa00_0 .var "a", 1 0;
v0000029c95c0c1d0_0 .var "b", 1 0;
v0000029c95c0c8b0_0 .net "behav_out", 1 0, v0000029c95b9ad20_0;  1 drivers
v0000029c95c0ce50_0 .net "data_out", 1 0, L_0000029c95c0c6d0;  1 drivers
v0000029c95c0c630_0 .net "gate_out", 1 0, L_0000029c95c0c270;  1 drivers
v0000029c95c0bcd0_0 .var "s", 0 0;
S_0000029c95b9d1e0 .scope module, "DUT" "mux_2bit" 2 7, 3 1 0, S_0000029c95ba53f0;
 .timescale 0 0;
    .port_info 0 /INPUT 2 "a";
    .port_info 1 /INPUT 2 "b";
    .port_info 2 /INPUT 1 "s";
    .port_info 3 /OUTPUT 2 "gate_out";
    .port_info 4 /OUTPUT 2 "data_out";
    .port_info 5 /OUTPUT 2 "behav_out";
L_0000029c95b96410 .functor NOT 1, v0000029c95c0bcd0_0, C4<0>, C4<0>, C4<0>;
L_0000029c95b95840 .functor AND 1, L_0000029c95b96410, L_0000029c95c0c590, C4<1>, C4<1>;
L_0000029c95b964f0 .functor AND 1, v0000029c95c0bcd0_0, L_0000029c95c0bc30, C4<1>, C4<1>;
L_0000029c95b95760 .functor OR 1, L_0000029c95c0b910, L_0000029c95c0cc70, C4<0>, C4<0>;
L_0000029c95b957d0 .functor AND 1, L_0000029c95b96410, L_0000029c95c0ca90, C4<1>, C4<1>;
L_0000029c95b958b0 .functor AND 1, v0000029c95c0bcd0_0, L_0000029c95c0b7d0, C4<1>, C4<1>;
L_0000029c95b95990 .functor OR 1, L_0000029c95c0bff0, L_0000029c95c0c9f0, C4<0>, C4<0>;
v0000029c95b9a5a0_0 .net *"_ivl_10", 0 0, L_0000029c95c0bc30;  1 drivers
v0000029c95b9ac80_0 .net *"_ivl_12", 0 0, L_0000029c95b95760;  1 drivers
v0000029c95b9ab40_0 .net *"_ivl_15", 0 0, L_0000029c95c0b910;  1 drivers
v0000029c95b9abe0_0 .net *"_ivl_17", 0 0, L_0000029c95c0cc70;  1 drivers
v0000029c95b9a640_0 .net *"_ivl_19", 0 0, L_0000029c95b957d0;  1 drivers
v0000029c95b9a6e0_0 .net *"_ivl_2", 0 0, L_0000029c95b95840;  1 drivers
v0000029c95b9a320_0 .net *"_ivl_23", 0 0, L_0000029c95c0ca90;  1 drivers
v0000029c95b9a000_0 .net *"_ivl_25", 0 0, L_0000029c95b958b0;  1 drivers
v0000029c95b9ae60_0 .net *"_ivl_29", 0 0, L_0000029c95c0b7d0;  1 drivers
v0000029c95b9a140_0 .net *"_ivl_31", 0 0, L_0000029c95b95990;  1 drivers
v0000029c95b9a960_0 .net *"_ivl_35", 0 0, L_0000029c95c0bff0;  1 drivers
v0000029c95b9aaa0_0 .net *"_ivl_37", 0 0, L_0000029c95c0c9f0;  1 drivers
v0000029c95b9a500_0 .net *"_ivl_5", 0 0, L_0000029c95c0c590;  1 drivers
v0000029c95b9a780_0 .net *"_ivl_7", 0 0, L_0000029c95b964f0;  1 drivers
v0000029c95b99f60_0 .net "a", 1 0, v0000029c95b9aa00_0;  1 drivers
v0000029c95b9a820_0 .net "b", 1 0, v0000029c95c0c1d0_0;  1 drivers
v0000029c95b9ad20_0 .var "behav_out", 1 0;
v0000029c95b9adc0_0 .net "data_out", 1 0, L_0000029c95c0c6d0;  alias, 1 drivers
v0000029c95b9a0a0_0 .net "f1", 1 0, L_0000029c95c0bf50;  1 drivers
v0000029c95b9a1e0_0 .net "f2", 1 0, L_0000029c95c0c950;  1 drivers
v0000029c95b9a3c0_0 .net "gate_out", 1 0, L_0000029c95c0c270;  alias, 1 drivers
v0000029c95b9a460_0 .net "s", 0 0, v0000029c95c0bcd0_0;  1 drivers
v0000029c95b9a8c0_0 .net "s_or", 0 0, L_0000029c95b96410;  1 drivers
E_0000029c95b9c140 .event anyedge, v0000029c95b9a460_0, v0000029c95b99f60_0, v0000029c95b9a820_0;
L_0000029c95c0c590 .part v0000029c95c0c1d0_0, 0, 1;
L_0000029c95c0bc30 .part v0000029c95b9aa00_0, 0, 1;
L_0000029c95c0b910 .part L_0000029c95c0bf50, 0, 1;
L_0000029c95c0cc70 .part L_0000029c95c0c950, 0, 1;
L_0000029c95c0bf50 .concat8 [ 1 1 0 0], L_0000029c95b95840, L_0000029c95b957d0;
L_0000029c95c0ca90 .part v0000029c95c0c1d0_0, 1, 1;
L_0000029c95c0c950 .concat8 [ 1 1 0 0], L_0000029c95b964f0, L_0000029c95b958b0;
L_0000029c95c0b7d0 .part v0000029c95b9aa00_0, 1, 1;
L_0000029c95c0c270 .concat8 [ 1 1 0 0], L_0000029c95b95760, L_0000029c95b95990;
L_0000029c95c0bff0 .part L_0000029c95c0bf50, 1, 1;
L_0000029c95c0c9f0 .part L_0000029c95c0c950, 1, 1;
L_0000029c95c0c6d0 .functor MUXZ 2, v0000029c95c0c1d0_0, v0000029c95b9aa00_0, v0000029c95c0bcd0_0, C4<>;
    .scope S_0000029c95b9d1e0;
T_0 ;
    %wait E_0000029c95b9c140;
    %load/vec4 v0000029c95b9a460_0;
    %flag_set/vec4 8;
    %jmp/0xz  T_0.0, 8;
    %load/vec4 v0000029c95b99f60_0;
    %assign/vec4 v0000029c95b9ad20_0, 0;
    %jmp T_0.1;
T_0.0 ;
    %load/vec4 v0000029c95b9a820_0;
    %assign/vec4 v0000029c95b9ad20_0, 0;
T_0.1 ;
    %jmp T_0;
    .thread T_0, $push;
    .scope S_0000029c95ba53f0;
T_1 ;
    %vpi_call 2 10 "$dumpfile", "wave17.vcd" {0 0 0};
    %vpi_call 2 11 "$dumpvars", 32'sb00000000000000000000000000000000, S_0000029c95ba53f0 {0 0 0};
    %vpi_call 2 12 "$display", "===== Test MUX 2 bits =====" {0 0 0};
    %vpi_call 2 13 "$display", "====== A = 2'b01, B = 2'b00, S = 0  =======" {0 0 0};
    %pushi/vec4 1, 0, 2;
    %store/vec4 v0000029c95b9aa00_0, 0, 2;
    %pushi/vec4 0, 0, 2;
    %store/vec4 v0000029c95c0c1d0_0, 0, 2;
    %pushi/vec4 0, 0, 1;
    %store/vec4 v0000029c95c0bcd0_0, 0, 1;
    %delay 1, 0;
    %load/vec4 v0000029c95c0ce50_0;
    %load/vec4 v0000029c95c0c1d0_0;
    %cmp/ne;
    %flag_mov 8, 4;
    %load/vec4 v0000029c95c0c630_0;
    %load/vec4 v0000029c95c0c1d0_0;
    %cmp/ne;
    %flag_or 4, 8;
    %flag_mov 8, 4;
    %load/vec4 v0000029c95c0c8b0_0;
    %load/vec4 v0000029c95c0c1d0_0;
    %cmp/ne;
    %flag_or 4, 8;
    %jmp/0xz  T_1.0, 4;
    %vpi_call 2 17 "$display", "===== t=%d FAILED, output does not match =====", $time {0 0 0};
    %vpi_call 2 18 "$display", "===== t=%d Expected value is %b, Actual gate value is %b, Actual data value is %b, Actual behavioral value is %b =====", $time, v0000029c95c0c1d0_0, v0000029c95c0ce50_0, v0000029c95c0c630_0, v0000029c95c0c8b0_0 {0 0 0};
    %jmp T_1.1;
T_1.0 ;
    %vpi_call 2 21 "$display", "===== t=%d PASSED SUCCESSFULLY =====", $time {0 0 0};
T_1.1 ;
    %vpi_call 2 24 "$display", "====== A = 2'b01, B = 2'b00, S = 1  =======" {0 0 0};
    %pushi/vec4 1, 0, 2;
    %store/vec4 v0000029c95b9aa00_0, 0, 2;
    %pushi/vec4 0, 0, 2;
    %store/vec4 v0000029c95c0c1d0_0, 0, 2;
    %pushi/vec4 1, 0, 1;
    %store/vec4 v0000029c95c0bcd0_0, 0, 1;
    %delay 1, 0;
    %load/vec4 v0000029c95c0ce50_0;
    %load/vec4 v0000029c95b9aa00_0;
    %cmp/ne;
    %flag_mov 8, 4;
    %load/vec4 v0000029c95c0c630_0;
    %load/vec4 v0000029c95b9aa00_0;
    %cmp/ne;
    %flag_or 4, 8;
    %flag_mov 8, 4;
    %load/vec4 v0000029c95c0c8b0_0;
    %load/vec4 v0000029c95b9aa00_0;
    %cmp/ne;
    %flag_or 4, 8;
    %jmp/0xz  T_1.2, 4;
    %vpi_call 2 28 "$display", "===== t=%d FAILED, output does not match =====", $time {0 0 0};
    %vpi_call 2 29 "$display", "===== t=%d Expected value is %b, Actual gate value is %b, Actual data value is %b, Actual behavioral value is %b =====", $time, v0000029c95b9aa00_0, v0000029c95c0ce50_0, v0000029c95c0c630_0, v0000029c95c0c8b0_0 {0 0 0};
    %jmp T_1.3;
T_1.2 ;
    %vpi_call 2 32 "$display", "===== t=%d PASSED SUCCESSFULLY =====", $time {0 0 0};
T_1.3 ;
    %vpi_call 2 35 "$display", "====== A = 2'b00, B = 2'b01, S = 0  =======" {0 0 0};
    %pushi/vec4 0, 0, 2;
    %store/vec4 v0000029c95b9aa00_0, 0, 2;
    %pushi/vec4 1, 0, 2;
    %store/vec4 v0000029c95c0c1d0_0, 0, 2;
    %pushi/vec4 0, 0, 1;
    %store/vec4 v0000029c95c0bcd0_0, 0, 1;
    %delay 1, 0;
    %load/vec4 v0000029c95c0ce50_0;
    %load/vec4 v0000029c95c0c1d0_0;
    %cmp/ne;
    %flag_mov 8, 4;
    %load/vec4 v0000029c95c0c630_0;
    %load/vec4 v0000029c95c0c1d0_0;
    %cmp/ne;
    %flag_or 4, 8;
    %flag_mov 8, 4;
    %load/vec4 v0000029c95c0c8b0_0;
    %load/vec4 v0000029c95c0c1d0_0;
    %cmp/ne;
    %flag_or 4, 8;
    %jmp/0xz  T_1.4, 4;
    %vpi_call 2 39 "$display", "===== t=%d FAILED, output does not match =====", $time {0 0 0};
    %vpi_call 2 40 "$display", "===== t=%d Expected value is %b, Actual gate value is %b, Actual data value is %b, Actual behavioral value is %b =====", $time, v0000029c95c0c1d0_0, v0000029c95c0ce50_0, v0000029c95c0c630_0, v0000029c95c0c8b0_0 {0 0 0};
    %jmp T_1.5;
T_1.4 ;
    %vpi_call 2 43 "$display", "===== t=%d PASSED SUCCESSFULLY =====", $time {0 0 0};
T_1.5 ;
    %vpi_call 2 46 "$display", "====== A = 2'b00, B = 2'b01, S = 1  =======" {0 0 0};
    %pushi/vec4 0, 0, 2;
    %store/vec4 v0000029c95b9aa00_0, 0, 2;
    %pushi/vec4 1, 0, 2;
    %store/vec4 v0000029c95c0c1d0_0, 0, 2;
    %pushi/vec4 1, 0, 1;
    %store/vec4 v0000029c95c0bcd0_0, 0, 1;
    %delay 1, 0;
    %load/vec4 v0000029c95c0ce50_0;
    %load/vec4 v0000029c95b9aa00_0;
    %cmp/ne;
    %flag_mov 8, 4;
    %load/vec4 v0000029c95c0c630_0;
    %load/vec4 v0000029c95b9aa00_0;
    %cmp/ne;
    %flag_or 4, 8;
    %flag_mov 8, 4;
    %load/vec4 v0000029c95c0c8b0_0;
    %load/vec4 v0000029c95b9aa00_0;
    %cmp/ne;
    %flag_or 4, 8;
    %jmp/0xz  T_1.6, 4;
    %vpi_call 2 50 "$display", "===== t=%d FAILED, output does not match =====", $time {0 0 0};
    %vpi_call 2 51 "$display", "===== t=%d Expected value is %b, Actual gate value is %b, Actual data value is %b, Actual behavioral value is %b =====", $time, v0000029c95b9aa00_0, v0000029c95c0ce50_0, v0000029c95c0c630_0, v0000029c95c0c8b0_0 {0 0 0};
    %jmp T_1.7;
T_1.6 ;
    %vpi_call 2 54 "$display", "===== t=%d PASSED SUCCESSFULLY =====", $time {0 0 0};
T_1.7 ;
    %delay 1, 0;
    %vpi_call 2 57 "$finish" {0 0 0};
    %end;
    .thread T_1;
# The file index is used to find the file name in the following table.
:file_names 4;
    "N/A";
    "<interactive>";
    "test_bench17.v";
    "mux_2bit.v";
