#! /c/Source/iverilog-install/bin/vvp
:ivl_version "12.0 (devel)" "(s20150603-1110-g18392a46)";
:ivl_delay_selection "TYPICAL";
:vpi_time_precision + 0;
:vpi_module "C:\iverilog\lib\ivl\system.vpi";
:vpi_module "C:\iverilog\lib\ivl\vhdl_sys.vpi";
:vpi_module "C:\iverilog\lib\ivl\vhdl_textio.vpi";
:vpi_module "C:\iverilog\lib\ivl\v2005_math.vpi";
:vpi_module "C:\iverilog\lib\ivl\va_math.vpi";
S_00000190b289b930 .scope module, "test_bench19" "test_bench19" 2 1;
 .timescale 0 0;
v00000190b2913710_0 .var "a", 3 0;
v00000190b2914f70_0 .net "behav_out", 4 0, v00000190b2913cb0_0;  1 drivers
v00000190b2915010_0 .net "behav_parity", 0 0, v00000190b2914610_0;  1 drivers
v00000190b2913670_0 .net "data_out", 4 0, L_00000190b2914390;  1 drivers
v00000190b29138f0_0 .net "data_parity", 0 0, L_00000190b2898710;  1 drivers
v00000190b2913c10_0 .net "gate_out", 4 0, L_00000190b2914bb0;  1 drivers
v00000190b29133f0_0 .net "gate_parity", 0 0, L_00000190b28990b0;  1 drivers
S_00000190b28a8d40 .scope module, "DUT" "parity_generator" 2 7, 3 1 0, S_00000190b289b930;
 .timescale 0 0;
    .port_info 0 /INPUT 4 "a";
    .port_info 1 /OUTPUT 5 "gate_out";
    .port_info 2 /OUTPUT 1 "gate_parity";
    .port_info 3 /OUTPUT 5 "data_out";
    .port_info 4 /OUTPUT 1 "data_parity";
    .port_info 5 /OUTPUT 5 "behav_out";
    .port_info 6 /OUTPUT 1 "behav_parity";
L_00000190b2898f60 .functor XOR 1, L_00000190b2913210, L_00000190b2913490, L_00000190b29146b0, L_00000190b2914e30;
L_00000190b28990b0 .functor NOT 1, L_00000190b2898f60, C4<0>, C4<0>, C4<0>;
L_00000190b28988d0 .functor BUF 1, L_00000190b2913d50, C4<0>, C4<0>, C4<0>;
L_00000190b2898940 .functor BUF 1, L_00000190b2913e90, C4<0>, C4<0>, C4<0>;
L_00000190b2898630 .functor BUF 1, L_00000190b2914070, C4<0>, C4<0>, C4<0>;
L_00000190b2898da0 .functor BUF 1, L_00000190b2914110, C4<0>, C4<0>, C4<0>;
L_00000190b2898a20 .functor BUF 1, L_00000190b28990b0, C4<0>, C4<0>, C4<0>;
L_00000190b28986a0 .functor XOR 1, L_00000190b2914c50, L_00000190b2913f30, C4<0>, C4<0>;
L_00000190b2898a90 .functor XOR 1, L_00000190b28986a0, L_00000190b2914250, C4<0>, C4<0>;
L_00000190b2899510 .functor XOR 1, L_00000190b2898a90, L_00000190b29142f0, C4<0>, C4<0>;
L_00000190b2898710 .functor NOT 1, L_00000190b2899510, C4<0>, C4<0>, C4<0>;
v00000190b28a1ca0_0 .net *"_ivl_11", 0 0, L_00000190b28988d0;  1 drivers
v00000190b28a2380_0 .net *"_ivl_14", 0 0, L_00000190b2913d50;  1 drivers
v00000190b28a29c0_0 .net *"_ivl_16", 0 0, L_00000190b2898940;  1 drivers
v00000190b28a1f20_0 .net *"_ivl_19", 0 0, L_00000190b2913e90;  1 drivers
v00000190b28a2a60_0 .net *"_ivl_2", 0 0, L_00000190b2913210;  1 drivers
v00000190b28a2420_0 .net *"_ivl_21", 0 0, L_00000190b2898630;  1 drivers
v00000190b28a2b00_0 .net *"_ivl_24", 0 0, L_00000190b2914070;  1 drivers
v00000190b28a22e0_0 .net *"_ivl_26", 0 0, L_00000190b2898da0;  1 drivers
v00000190b28a1c00_0 .net *"_ivl_29", 0 0, L_00000190b2914110;  1 drivers
v00000190b28a1d40_0 .net *"_ivl_31", 0 0, L_00000190b2898a20;  1 drivers
v00000190b28a1fc0_0 .net *"_ivl_35", 0 0, L_00000190b2914c50;  1 drivers
v00000190b28a24c0_0 .net *"_ivl_37", 0 0, L_00000190b2913f30;  1 drivers
v00000190b28a1de0_0 .net *"_ivl_38", 0 0, L_00000190b28986a0;  1 drivers
v00000190b29149d0_0 .net *"_ivl_4", 0 0, L_00000190b2913490;  1 drivers
v00000190b29132b0_0 .net *"_ivl_41", 0 0, L_00000190b2914250;  1 drivers
v00000190b2913fd0_0 .net *"_ivl_42", 0 0, L_00000190b2898a90;  1 drivers
v00000190b2914930_0 .net *"_ivl_45", 0 0, L_00000190b29142f0;  1 drivers
v00000190b2914750_0 .net *"_ivl_46", 0 0, L_00000190b2899510;  1 drivers
v00000190b2914570_0 .net *"_ivl_6", 0 0, L_00000190b29146b0;  1 drivers
v00000190b2913530_0 .net *"_ivl_8", 0 0, L_00000190b2914e30;  1 drivers
v00000190b2913850_0 .net "a", 3 0, v00000190b2913710_0;  1 drivers
v00000190b2913cb0_0 .var "behav_out", 4 0;
v00000190b2914610_0 .var "behav_parity", 0 0;
v00000190b2913990_0 .net "data_out", 4 0, L_00000190b2914390;  alias, 1 drivers
v00000190b29141b0_0 .net "data_parity", 0 0, L_00000190b2898710;  alias, 1 drivers
v00000190b2913170_0 .net "gate_out", 4 0, L_00000190b2914bb0;  alias, 1 drivers
v00000190b2913ad0_0 .net "gate_parity", 0 0, L_00000190b28990b0;  alias, 1 drivers
v00000190b29144d0_0 .net "gate_parity_1", 0 0, L_00000190b2898f60;  1 drivers
v00000190b2913df0_0 .var/i "i", 31 0;
v00000190b29147f0_0 .var/i "sum", 31 0;
E_00000190b28ba120 .event anyedge, v00000190b29147f0_0, v00000190b2913850_0, v00000190b2914610_0;
L_00000190b2913210 .part v00000190b2913710_0, 0, 1;
L_00000190b2913490 .part v00000190b2913710_0, 1, 1;
L_00000190b29146b0 .part v00000190b2913710_0, 2, 1;
L_00000190b2914e30 .part v00000190b2913710_0, 3, 1;
L_00000190b2913d50 .part v00000190b2913710_0, 3, 1;
L_00000190b2913e90 .part v00000190b2913710_0, 2, 1;
L_00000190b2914070 .part v00000190b2913710_0, 1, 1;
L_00000190b2914110 .part v00000190b2913710_0, 0, 1;
LS_00000190b2914bb0_0_0 .concat8 [ 1 1 1 1], L_00000190b2898a20, L_00000190b2898da0, L_00000190b2898630, L_00000190b2898940;
LS_00000190b2914bb0_0_4 .concat8 [ 1 0 0 0], L_00000190b28988d0;
L_00000190b2914bb0 .concat8 [ 4 1 0 0], LS_00000190b2914bb0_0_0, LS_00000190b2914bb0_0_4;
L_00000190b2914c50 .part v00000190b2913710_0, 0, 1;
L_00000190b2913f30 .part v00000190b2913710_0, 1, 1;
L_00000190b2914250 .part v00000190b2913710_0, 2, 1;
L_00000190b29142f0 .part v00000190b2913710_0, 3, 1;
L_00000190b2914390 .concat [ 1 4 0 0], L_00000190b2898710, v00000190b2913710_0;
S_00000190b28a8ed0 .scope task, "check_parity" "check_parity" 2 88, 2 88 0, S_00000190b289b930;
 .timescale 0 0;
v00000190b29137b0_0 .var "b_parity", 0 0;
v00000190b2913a30_0 .var "d_parity", 0 0;
v00000190b2914890_0 .var "expected_parity", 0 0;
v00000190b2914b10_0 .var "g_parity", 0 0;
TD_test_bench19.check_parity ;
    %load/vec4 v00000190b2914b10_0;
    %load/vec4 v00000190b2914890_0;
    %cmp/ne;
    %flag_mov 8, 4;
    %load/vec4 v00000190b2913a30_0;
    %load/vec4 v00000190b2914890_0;
    %cmp/ne;
    %flag_or 4, 8;
    %flag_mov 8, 4;
    %load/vec4 v00000190b29137b0_0;
    %load/vec4 v00000190b2914890_0;
    %cmp/ne;
    %flag_or 4, 8;
    %jmp/0xz  T_0.0, 4;
    %vpi_call 2 94 "$display", "===== t=%d FAILED, output does not match =====", $time {0 0 0};
    %vpi_call 2 95 "$display", "===== t=%d Expected parity is %b, Actual gate parity is %b, Actual dataflow parity is %b, Actual behavioral parity is %b =====", $time, v00000190b2914890_0, v00000190b2914b10_0, v00000190b2913a30_0, v00000190b29137b0_0 {0 0 0};
    %jmp T_0.1;
T_0.0 ;
    %vpi_call 2 98 "$display", "===== t=%d PASSED SUCCESSFULLY =====", $time {0 0 0};
T_0.1 ;
    %end;
S_00000190b28a9060 .scope task, "check_result" "check_result" 2 74, 2 74 0, S_00000190b289b930;
 .timescale 0 0;
v00000190b2914a70_0 .var "b_out", 4 0;
v00000190b2913350_0 .var "d_out", 4 0;
v00000190b29135d0_0 .var "expected_result", 4 0;
v00000190b2913b70_0 .var "g_out", 4 0;
TD_test_bench19.check_result ;
    %load/vec4 v00000190b2913b70_0;
    %load/vec4 v00000190b29135d0_0;
    %cmp/ne;
    %flag_mov 8, 4;
    %load/vec4 v00000190b2913350_0;
    %load/vec4 v00000190b29135d0_0;
    %cmp/ne;
    %flag_or 4, 8;
    %flag_mov 8, 4;
    %load/vec4 v00000190b2914a70_0;
    %load/vec4 v00000190b29135d0_0;
    %cmp/ne;
    %flag_or 4, 8;
    %jmp/0xz  T_1.2, 4;
    %vpi_call 2 80 "$display", "===== t=%d FAILED, output does not match =====", $time {0 0 0};
    %vpi_call 2 81 "$display", "===== t=%d Expected output is %b, Actual gate output is %b, Actual dataflow output is %b, Actual behavioral output is %b =====", $time, v00000190b29135d0_0, v00000190b2913b70_0, v00000190b2913350_0, v00000190b2914a70_0 {0 0 0};
    %jmp T_1.3;
T_1.2 ;
    %vpi_call 2 84 "$display", "===== t=%d PASSED SUCCESSFULLY =====", $time {0 0 0};
T_1.3 ;
    %end;
    .scope S_00000190b28a8d40;
T_2 ;
    %wait E_00000190b28ba120;
    %pushi/vec4 0, 0, 32;
    %store/vec4 v00000190b29147f0_0, 0, 32;
    %pushi/vec4 0, 0, 32;
    %store/vec4 v00000190b2913df0_0, 0, 32;
T_2.0 ;
    %load/vec4 v00000190b2913df0_0;
    %cmpi/s 4, 0, 32;
    %jmp/0xz T_2.1, 5;
    %load/vec4 v00000190b29147f0_0;
    %load/vec4 v00000190b2913850_0;
    %load/vec4 v00000190b2913df0_0;
    %part/s 1;
    %pad/u 32;
    %add;
    %store/vec4 v00000190b29147f0_0, 0, 32;
    %load/vec4 v00000190b2913df0_0;
    %addi 1, 0, 32;
    %store/vec4 v00000190b2913df0_0, 0, 32;
    %jmp T_2.0;
T_2.1 ;
    %load/vec4 v00000190b29147f0_0;
    %pushi/vec4 2, 0, 32;
    %mod/s;
    %cmpi/e 0, 0, 32;
    %flag_mov 8, 4;
    %jmp/0 T_2.2, 8;
    %pushi/vec4 1, 0, 2;
    %jmp/1 T_2.3, 8;
T_2.2 ; End of true expr.
    %pushi/vec4 0, 0, 2;
    %jmp/0 T_2.3, 8;
 ; End of false expr.
    %blend;
T_2.3;
    %pad/s 1;
    %store/vec4 v00000190b2914610_0, 0, 1;
    %load/vec4 v00000190b2913850_0;
    %load/vec4 v00000190b2914610_0;
    %concat/vec4; draw_concat_vec4
    %store/vec4 v00000190b2913cb0_0, 0, 5;
    %jmp T_2;
    .thread T_2, $push;
    .scope S_00000190b289b930;
T_3 ;
    %vpi_call 2 10 "$dumpfile", "wave19.vcd" {0 0 0};
    %vpi_call 2 11 "$dumpvars", 32'sb00000000000000000000000000000000, S_00000190b289b930 {0 0 0};
    %vpi_call 2 12 "$display", "===== Test Parity Generator =====" {0 0 0};
    %vpi_call 2 13 "$monitor", "===== A = %b =====", v00000190b2913710_0 {0 0 0};
    %pushi/vec4 0, 0, 4;
    %store/vec4 v00000190b2913710_0, 0, 4;
    %delay 1, 0;
    %pushi/vec4 1, 0, 5;
    %store/vec4 v00000190b29135d0_0, 0, 5;
    %load/vec4 v00000190b2913c10_0;
    %store/vec4 v00000190b2913b70_0, 0, 5;
    %load/vec4 v00000190b2913670_0;
    %store/vec4 v00000190b2913350_0, 0, 5;
    %load/vec4 v00000190b2914f70_0;
    %store/vec4 v00000190b2914a70_0, 0, 5;
    %fork TD_test_bench19.check_result, S_00000190b28a9060;
    %join;
    %pushi/vec4 1, 0, 1;
    %store/vec4 v00000190b2914890_0, 0, 1;
    %load/vec4 v00000190b29133f0_0;
    %store/vec4 v00000190b2914b10_0, 0, 1;
    %load/vec4 v00000190b29138f0_0;
    %store/vec4 v00000190b2913a30_0, 0, 1;
    %load/vec4 v00000190b2915010_0;
    %store/vec4 v00000190b29137b0_0, 0, 1;
    %fork TD_test_bench19.check_parity, S_00000190b28a8ed0;
    %join;
    %pushi/vec4 1, 0, 4;
    %store/vec4 v00000190b2913710_0, 0, 4;
    %delay 1, 0;
    %pushi/vec4 2, 0, 5;
    %store/vec4 v00000190b29135d0_0, 0, 5;
    %load/vec4 v00000190b2913c10_0;
    %store/vec4 v00000190b2913b70_0, 0, 5;
    %load/vec4 v00000190b2913670_0;
    %store/vec4 v00000190b2913350_0, 0, 5;
    %load/vec4 v00000190b2914f70_0;
    %store/vec4 v00000190b2914a70_0, 0, 5;
    %fork TD_test_bench19.check_result, S_00000190b28a9060;
    %join;
    %pushi/vec4 0, 0, 1;
    %store/vec4 v00000190b2914890_0, 0, 1;
    %load/vec4 v00000190b29133f0_0;
    %store/vec4 v00000190b2914b10_0, 0, 1;
    %load/vec4 v00000190b29138f0_0;
    %store/vec4 v00000190b2913a30_0, 0, 1;
    %load/vec4 v00000190b2915010_0;
    %store/vec4 v00000190b29137b0_0, 0, 1;
    %fork TD_test_bench19.check_parity, S_00000190b28a8ed0;
    %join;
    %pushi/vec4 2, 0, 4;
    %store/vec4 v00000190b2913710_0, 0, 4;
    %delay 1, 0;
    %pushi/vec4 4, 0, 5;
    %store/vec4 v00000190b29135d0_0, 0, 5;
    %load/vec4 v00000190b2913c10_0;
    %store/vec4 v00000190b2913b70_0, 0, 5;
    %load/vec4 v00000190b2913670_0;
    %store/vec4 v00000190b2913350_0, 0, 5;
    %load/vec4 v00000190b2914f70_0;
    %store/vec4 v00000190b2914a70_0, 0, 5;
    %fork TD_test_bench19.check_result, S_00000190b28a9060;
    %join;
    %pushi/vec4 0, 0, 1;
    %store/vec4 v00000190b2914890_0, 0, 1;
    %load/vec4 v00000190b29133f0_0;
    %store/vec4 v00000190b2914b10_0, 0, 1;
    %load/vec4 v00000190b29138f0_0;
    %store/vec4 v00000190b2913a30_0, 0, 1;
    %load/vec4 v00000190b2915010_0;
    %store/vec4 v00000190b29137b0_0, 0, 1;
    %fork TD_test_bench19.check_parity, S_00000190b28a8ed0;
    %join;
    %pushi/vec4 4, 0, 4;
    %store/vec4 v00000190b2913710_0, 0, 4;
    %delay 1, 0;
    %pushi/vec4 8, 0, 5;
    %store/vec4 v00000190b29135d0_0, 0, 5;
    %load/vec4 v00000190b2913c10_0;
    %store/vec4 v00000190b2913b70_0, 0, 5;
    %load/vec4 v00000190b2913670_0;
    %store/vec4 v00000190b2913350_0, 0, 5;
    %load/vec4 v00000190b2914f70_0;
    %store/vec4 v00000190b2914a70_0, 0, 5;
    %fork TD_test_bench19.check_result, S_00000190b28a9060;
    %join;
    %pushi/vec4 0, 0, 1;
    %store/vec4 v00000190b2914890_0, 0, 1;
    %load/vec4 v00000190b29133f0_0;
    %store/vec4 v00000190b2914b10_0, 0, 1;
    %load/vec4 v00000190b29138f0_0;
    %store/vec4 v00000190b2913a30_0, 0, 1;
    %load/vec4 v00000190b2915010_0;
    %store/vec4 v00000190b29137b0_0, 0, 1;
    %fork TD_test_bench19.check_parity, S_00000190b28a8ed0;
    %join;
    %pushi/vec4 8, 0, 4;
    %store/vec4 v00000190b2913710_0, 0, 4;
    %delay 1, 0;
    %pushi/vec4 16, 0, 5;
    %store/vec4 v00000190b29135d0_0, 0, 5;
    %load/vec4 v00000190b2913c10_0;
    %store/vec4 v00000190b2913b70_0, 0, 5;
    %load/vec4 v00000190b2913670_0;
    %store/vec4 v00000190b2913350_0, 0, 5;
    %load/vec4 v00000190b2914f70_0;
    %store/vec4 v00000190b2914a70_0, 0, 5;
    %fork TD_test_bench19.check_result, S_00000190b28a9060;
    %join;
    %pushi/vec4 0, 0, 1;
    %store/vec4 v00000190b2914890_0, 0, 1;
    %load/vec4 v00000190b29133f0_0;
    %store/vec4 v00000190b2914b10_0, 0, 1;
    %load/vec4 v00000190b29138f0_0;
    %store/vec4 v00000190b2913a30_0, 0, 1;
    %load/vec4 v00000190b2915010_0;
    %store/vec4 v00000190b29137b0_0, 0, 1;
    %fork TD_test_bench19.check_parity, S_00000190b28a8ed0;
    %join;
    %pushi/vec4 3, 0, 4;
    %store/vec4 v00000190b2913710_0, 0, 4;
    %delay 1, 0;
    %pushi/vec4 7, 0, 5;
    %store/vec4 v00000190b29135d0_0, 0, 5;
    %load/vec4 v00000190b2913c10_0;
    %store/vec4 v00000190b2913b70_0, 0, 5;
    %load/vec4 v00000190b2913670_0;
    %store/vec4 v00000190b2913350_0, 0, 5;
    %load/vec4 v00000190b2914f70_0;
    %store/vec4 v00000190b2914a70_0, 0, 5;
    %fork TD_test_bench19.check_result, S_00000190b28a9060;
    %join;
    %pushi/vec4 1, 0, 1;
    %store/vec4 v00000190b2914890_0, 0, 1;
    %load/vec4 v00000190b29133f0_0;
    %store/vec4 v00000190b2914b10_0, 0, 1;
    %load/vec4 v00000190b29138f0_0;
    %store/vec4 v00000190b2913a30_0, 0, 1;
    %load/vec4 v00000190b2915010_0;
    %store/vec4 v00000190b29137b0_0, 0, 1;
    %fork TD_test_bench19.check_parity, S_00000190b28a8ed0;
    %join;
    %pushi/vec4 7, 0, 4;
    %store/vec4 v00000190b2913710_0, 0, 4;
    %delay 1, 0;
    %pushi/vec4 14, 0, 5;
    %store/vec4 v00000190b29135d0_0, 0, 5;
    %load/vec4 v00000190b2913c10_0;
    %store/vec4 v00000190b2913b70_0, 0, 5;
    %load/vec4 v00000190b2913670_0;
    %store/vec4 v00000190b2913350_0, 0, 5;
    %load/vec4 v00000190b2914f70_0;
    %store/vec4 v00000190b2914a70_0, 0, 5;
    %fork TD_test_bench19.check_result, S_00000190b28a9060;
    %join;
    %pushi/vec4 0, 0, 1;
    %store/vec4 v00000190b2914890_0, 0, 1;
    %load/vec4 v00000190b29133f0_0;
    %store/vec4 v00000190b2914b10_0, 0, 1;
    %load/vec4 v00000190b29138f0_0;
    %store/vec4 v00000190b2913a30_0, 0, 1;
    %load/vec4 v00000190b2915010_0;
    %store/vec4 v00000190b29137b0_0, 0, 1;
    %fork TD_test_bench19.check_parity, S_00000190b28a8ed0;
    %join;
    %pushi/vec4 5, 0, 4;
    %store/vec4 v00000190b2913710_0, 0, 4;
    %delay 1, 0;
    %pushi/vec4 11, 0, 5;
    %store/vec4 v00000190b29135d0_0, 0, 5;
    %load/vec4 v00000190b2913c10_0;
    %store/vec4 v00000190b2913b70_0, 0, 5;
    %load/vec4 v00000190b2913670_0;
    %store/vec4 v00000190b2913350_0, 0, 5;
    %load/vec4 v00000190b2914f70_0;
    %store/vec4 v00000190b2914a70_0, 0, 5;
    %fork TD_test_bench19.check_result, S_00000190b28a9060;
    %join;
    %pushi/vec4 1, 0, 1;
    %store/vec4 v00000190b2914890_0, 0, 1;
    %load/vec4 v00000190b29133f0_0;
    %store/vec4 v00000190b2914b10_0, 0, 1;
    %load/vec4 v00000190b29138f0_0;
    %store/vec4 v00000190b2913a30_0, 0, 1;
    %load/vec4 v00000190b2915010_0;
    %store/vec4 v00000190b29137b0_0, 0, 1;
    %fork TD_test_bench19.check_parity, S_00000190b28a8ed0;
    %join;
    %pushi/vec4 13, 0, 4;
    %store/vec4 v00000190b2913710_0, 0, 4;
    %delay 1, 0;
    %pushi/vec4 26, 0, 5;
    %store/vec4 v00000190b29135d0_0, 0, 5;
    %load/vec4 v00000190b2913c10_0;
    %store/vec4 v00000190b2913b70_0, 0, 5;
    %load/vec4 v00000190b2913670_0;
    %store/vec4 v00000190b2913350_0, 0, 5;
    %load/vec4 v00000190b2914f70_0;
    %store/vec4 v00000190b2914a70_0, 0, 5;
    %fork TD_test_bench19.check_result, S_00000190b28a9060;
    %join;
    %pushi/vec4 0, 0, 1;
    %store/vec4 v00000190b2914890_0, 0, 1;
    %load/vec4 v00000190b29133f0_0;
    %store/vec4 v00000190b2914b10_0, 0, 1;
    %load/vec4 v00000190b29138f0_0;
    %store/vec4 v00000190b2913a30_0, 0, 1;
    %load/vec4 v00000190b2915010_0;
    %store/vec4 v00000190b29137b0_0, 0, 1;
    %fork TD_test_bench19.check_parity, S_00000190b28a8ed0;
    %join;
    %pushi/vec4 11, 0, 4;
    %store/vec4 v00000190b2913710_0, 0, 4;
    %delay 1, 0;
    %pushi/vec4 22, 0, 5;
    %store/vec4 v00000190b29135d0_0, 0, 5;
    %load/vec4 v00000190b2913c10_0;
    %store/vec4 v00000190b2913b70_0, 0, 5;
    %load/vec4 v00000190b2913670_0;
    %store/vec4 v00000190b2913350_0, 0, 5;
    %load/vec4 v00000190b2914f70_0;
    %store/vec4 v00000190b2914a70_0, 0, 5;
    %fork TD_test_bench19.check_result, S_00000190b28a9060;
    %join;
    %pushi/vec4 0, 0, 1;
    %store/vec4 v00000190b2914890_0, 0, 1;
    %load/vec4 v00000190b29133f0_0;
    %store/vec4 v00000190b2914b10_0, 0, 1;
    %load/vec4 v00000190b29138f0_0;
    %store/vec4 v00000190b2913a30_0, 0, 1;
    %load/vec4 v00000190b2915010_0;
    %store/vec4 v00000190b29137b0_0, 0, 1;
    %fork TD_test_bench19.check_parity, S_00000190b28a8ed0;
    %join;
    %pushi/vec4 15, 0, 4;
    %store/vec4 v00000190b2913710_0, 0, 4;
    %delay 1, 0;
    %pushi/vec4 31, 0, 5;
    %store/vec4 v00000190b29135d0_0, 0, 5;
    %load/vec4 v00000190b2913c10_0;
    %store/vec4 v00000190b2913b70_0, 0, 5;
    %load/vec4 v00000190b2913670_0;
    %store/vec4 v00000190b2913350_0, 0, 5;
    %load/vec4 v00000190b2914f70_0;
    %store/vec4 v00000190b2914a70_0, 0, 5;
    %fork TD_test_bench19.check_result, S_00000190b28a9060;
    %join;
    %pushi/vec4 1, 0, 1;
    %store/vec4 v00000190b2914890_0, 0, 1;
    %load/vec4 v00000190b29133f0_0;
    %store/vec4 v00000190b2914b10_0, 0, 1;
    %load/vec4 v00000190b29138f0_0;
    %store/vec4 v00000190b2913a30_0, 0, 1;
    %load/vec4 v00000190b2915010_0;
    %store/vec4 v00000190b29137b0_0, 0, 1;
    %fork TD_test_bench19.check_parity, S_00000190b28a8ed0;
    %join;
    %delay 1, 0;
    %vpi_call 2 70 "$finish" {0 0 0};
    %end;
    .thread T_3;
# The file index is used to find the file name in the following table.
:file_names 4;
    "N/A";
    "<interactive>";
    "test_bench19.v";
    "parity_generator.v";
