#! /c/Source/iverilog-install/bin/vvp
:ivl_version "12.0 (devel)" "(s20150603-1110-g18392a46)";
:ivl_delay_selection "TYPICAL";
:vpi_time_precision + 0;
:vpi_module "C:\iverilog\lib\ivl\system.vpi";
:vpi_module "C:\iverilog\lib\ivl\vhdl_sys.vpi";
:vpi_module "C:\iverilog\lib\ivl\vhdl_textio.vpi";
:vpi_module "C:\iverilog\lib\ivl\v2005_math.vpi";
:vpi_module "C:\iverilog\lib\ivl\va_math.vpi";
S_00000181621a7c50 .scope module, "test_bench14" "test_bench14" 2 1;
 .timescale 0 0;
v00000181621d10e0_0 .var "a", 0 0;
v00000181621d0dc0_0 .var "b", 0 0;
v00000181621d1220_0 .net "behav_carry", 0 0, v00000181621d12c0_0;  1 drivers
v00000181621d0c80_0 .net "behav_out", 0 0, v00000181621d1360_0;  1 drivers
v00000181621d0aa0_0 .net "data_carry", 0 0, L_00000181621c1970;  1 drivers
v00000181621d14a0_0 .net "data_out", 0 0, L_00000181621c1890;  1 drivers
v00000181621d15e0_0 .net "gate_carry", 0 0, L_00000181621c17b0;  1 drivers
v00000181621d0820_0 .net "gate_out", 0 0, L_00000181621c16d0;  1 drivers
S_00000181621b4640 .scope module, "DUT" "half_subtractor" 2 7, 3 1 0, S_00000181621a7c50;
 .timescale 0 0;
    .port_info 0 /INPUT 1 "a";
    .port_info 1 /INPUT 1 "b";
    .port_info 2 /OUTPUT 1 "gate_out";
    .port_info 3 /OUTPUT 1 "gate_carry";
    .port_info 4 /OUTPUT 1 "data_out";
    .port_info 5 /OUTPUT 1 "data_carry";
    .port_info 6 /OUTPUT 1 "behav_out";
    .port_info 7 /OUTPUT 1 "behav_carry";
L_00000181621c16d0 .functor XOR 1, v00000181621d10e0_0, v00000181621d0dc0_0, C4<0>, C4<0>;
L_00000181621c1740 .functor NOT 1, v00000181621d10e0_0, C4<0>, C4<0>, C4<0>;
L_00000181621c17b0 .functor AND 1, L_00000181621c1740, v00000181621d0dc0_0, C4<1>, C4<1>;
L_00000181621c1890 .functor XOR 1, v00000181621d10e0_0, v00000181621d0dc0_0, C4<0>, C4<0>;
L_00000181621c1900 .functor NOT 1, v00000181621d10e0_0, C4<0>, C4<0>, C4<0>;
L_00000181621c1970 .functor AND 1, L_00000181621c1900, v00000181621d0dc0_0, C4<1>, C4<1>;
v00000181621d0be0_0 .net *"_ivl_5", 0 0, L_00000181621c1900;  1 drivers
v00000181621d0a00_0 .net "a", 0 0, v00000181621d10e0_0;  1 drivers
v00000181621d1540_0 .net "b", 0 0, v00000181621d0dc0_0;  1 drivers
v00000181621d12c0_0 .var "behav_carry", 0 0;
v00000181621d1360_0 .var "behav_out", 0 0;
v00000181621d1400_0 .net "data_carry", 0 0, L_00000181621c1970;  alias, 1 drivers
v00000181621d0e60_0 .net "data_out", 0 0, L_00000181621c1890;  alias, 1 drivers
v00000181621d0fa0_0 .net "gate_carry", 0 0, L_00000181621c17b0;  alias, 1 drivers
v00000181621d0b40_0 .net "gate_out", 0 0, L_00000181621c16d0;  alias, 1 drivers
v00000181621d1040_0 .net "n_a", 0 0, L_00000181621c1740;  1 drivers
E_00000181621ce900 .event anyedge, v00000181621d0a00_0, v00000181621d1540_0;
    .scope S_00000181621b4640;
T_0 ;
    %wait E_00000181621ce900;
    %load/vec4 v00000181621d0a00_0;
    %load/vec4 v00000181621d1540_0;
    %xor;
    %store/vec4 v00000181621d1360_0, 0, 1;
    %load/vec4 v00000181621d0a00_0;
    %inv;
    %load/vec4 v00000181621d1540_0;
    %and;
    %store/vec4 v00000181621d12c0_0, 0, 1;
    %jmp T_0;
    .thread T_0, $push;
    .scope S_00000181621a7c50;
T_1 ;
    %vpi_call 2 10 "$dumpfile", "wave.vcd" {0 0 0};
    %vpi_call 2 11 "$dumpvars", 32'sb00000000000000000000000000000000, S_00000181621a7c50 {0 0 0};
    %vpi_call 2 12 "$display", "===== Test Half Subtractor =====" {0 0 0};
    %vpi_call 2 13 "$display", "===== A = 1'b0, B = 1'b0 =====" {0 0 0};
    %pushi/vec4 0, 0, 1;
    %store/vec4 v00000181621d10e0_0, 0, 1;
    %pushi/vec4 0, 0, 1;
    %store/vec4 v00000181621d0dc0_0, 0, 1;
    %delay 1, 0;
    %load/vec4 v00000181621d0820_0;
    %pad/u 32;
    %cmpi/ne 0, 0, 32;
    %flag_mov 8, 4;
    %load/vec4 v00000181621d14a0_0;
    %pad/u 32;
    %cmpi/ne 0, 0, 32;
    %flag_or 4, 8;
    %flag_mov 8, 4;
    %load/vec4 v00000181621d0c80_0;
    %pad/u 32;
    %cmpi/ne 0, 0, 32;
    %flag_or 4, 8;
    %jmp/0xz  T_1.0, 4;
    %vpi_call 2 17 "$display", "===== t=%d FAILED, output does not match =====", $time {0 0 0};
    %vpi_call 2 18 "$display", "===== t=%d Expected value is %b, Actual gate_model value is %b, Actual dataflow value is %b, Actual behavioural model value is %b =====", $time, 32'sb00000000000000000000000000000000, v00000181621d0820_0, v00000181621d14a0_0, v00000181621d0c80_0 {0 0 0};
    %jmp T_1.1;
T_1.0 ;
    %load/vec4 v00000181621d15e0_0;
    %pad/u 32;
    %cmpi/ne 0, 0, 32;
    %flag_mov 8, 4;
    %load/vec4 v00000181621d0aa0_0;
    %pad/u 32;
    %cmpi/ne 0, 0, 32;
    %flag_or 4, 8;
    %flag_mov 8, 4;
    %load/vec4 v00000181621d1220_0;
    %pad/u 32;
    %cmpi/ne 0, 0, 32;
    %flag_or 4, 8;
    %jmp/0xz  T_1.2, 4;
    %vpi_call 2 21 "$display", "===== t=%d FAILED, output does not match =====", $time {0 0 0};
    %vpi_call 2 22 "$display", "===== t=%d Expected value is %b, Actual gate_model value is %b, Actual dataflow value is %b, Actual behavioural model value is %b =====", $time, 32'sb00000000000000000000000000000000, v00000181621d15e0_0, v00000181621d0aa0_0, v00000181621d1220_0 {0 0 0};
    %jmp T_1.3;
T_1.2 ;
    %vpi_call 2 25 "$display", "===== t=%d PASSED SUCCESSFULLY =====", $time {0 0 0};
T_1.3 ;
T_1.1 ;
    %vpi_call 2 28 "$display", "===== A = 1'b0, B = 1'b1 =====" {0 0 0};
    %pushi/vec4 0, 0, 1;
    %store/vec4 v00000181621d10e0_0, 0, 1;
    %pushi/vec4 1, 0, 1;
    %store/vec4 v00000181621d0dc0_0, 0, 1;
    %delay 1, 0;
    %load/vec4 v00000181621d0820_0;
    %pad/u 32;
    %cmpi/ne 1, 0, 32;
    %flag_mov 8, 4;
    %load/vec4 v00000181621d14a0_0;
    %pad/u 32;
    %cmpi/ne 1, 0, 32;
    %flag_or 4, 8;
    %flag_mov 8, 4;
    %load/vec4 v00000181621d0c80_0;
    %pad/u 32;
    %cmpi/ne 1, 0, 32;
    %flag_or 4, 8;
    %jmp/0xz  T_1.4, 4;
    %vpi_call 2 32 "$display", "===== t=%d FAILED, output does not match =====", $time {0 0 0};
    %vpi_call 2 33 "$display", "===== t=%d Expected value is %b, Actual gate_model value is %b, Actual dataflow value is %b, Actual behavioural model value is %b =====", $time, 32'sb00000000000000000000000000000001, v00000181621d0820_0, v00000181621d14a0_0, v00000181621d0c80_0 {0 0 0};
    %jmp T_1.5;
T_1.4 ;
    %load/vec4 v00000181621d15e0_0;
    %pad/u 32;
    %cmpi/ne 1, 0, 32;
    %flag_mov 8, 4;
    %load/vec4 v00000181621d0aa0_0;
    %pad/u 32;
    %cmpi/ne 1, 0, 32;
    %flag_or 4, 8;
    %flag_mov 8, 4;
    %load/vec4 v00000181621d1220_0;
    %pad/u 32;
    %cmpi/ne 1, 0, 32;
    %flag_or 4, 8;
    %jmp/0xz  T_1.6, 4;
    %vpi_call 2 36 "$display", "===== t=%d FAILED, output does not match =====", $time {0 0 0};
    %vpi_call 2 37 "$display", "===== t=%d Expected value is %b, Actual gate_model value is %b, Actual dataflow value is %b, Actual behavioural model value is %b =====", $time, 32'sb00000000000000000000000000000001, v00000181621d15e0_0, v00000181621d0aa0_0, v00000181621d1220_0 {0 0 0};
    %jmp T_1.7;
T_1.6 ;
    %vpi_call 2 40 "$display", "===== t=%d PASSED SUCCESSFULLY =====", $time {0 0 0};
T_1.7 ;
T_1.5 ;
    %vpi_call 2 43 "$display", "===== A = 1'b1, B = 1'b0 =====" {0 0 0};
    %pushi/vec4 1, 0, 1;
    %store/vec4 v00000181621d10e0_0, 0, 1;
    %pushi/vec4 0, 0, 1;
    %store/vec4 v00000181621d0dc0_0, 0, 1;
    %delay 1, 0;
    %load/vec4 v00000181621d0820_0;
    %pad/u 32;
    %cmpi/ne 1, 0, 32;
    %flag_mov 8, 4;
    %load/vec4 v00000181621d14a0_0;
    %pad/u 32;
    %cmpi/ne 1, 0, 32;
    %flag_or 4, 8;
    %flag_mov 8, 4;
    %load/vec4 v00000181621d0c80_0;
    %pad/u 32;
    %cmpi/ne 1, 0, 32;
    %flag_or 4, 8;
    %jmp/0xz  T_1.8, 4;
    %vpi_call 2 47 "$display", "===== t=%d FAILED, output does not match =====", $time {0 0 0};
    %vpi_call 2 48 "$display", "===== t=%d Expected value is %b, Actual gate_model value is %b, Actual dataflow value is %b, Actual behavioural model value is %b =====", $time, 32'sb00000000000000000000000000000001, v00000181621d0820_0, v00000181621d14a0_0, v00000181621d0c80_0 {0 0 0};
    %jmp T_1.9;
T_1.8 ;
    %load/vec4 v00000181621d15e0_0;
    %pad/u 32;
    %cmpi/ne 0, 0, 32;
    %flag_mov 8, 4;
    %load/vec4 v00000181621d0aa0_0;
    %pad/u 32;
    %cmpi/ne 0, 0, 32;
    %flag_or 4, 8;
    %flag_mov 8, 4;
    %load/vec4 v00000181621d1220_0;
    %pad/u 32;
    %cmpi/ne 0, 0, 32;
    %flag_or 4, 8;
    %jmp/0xz  T_1.10, 4;
    %vpi_call 2 51 "$display", "===== t=%d FAILED, output does not match =====", $time {0 0 0};
    %vpi_call 2 52 "$display", "===== t=%d Expected value is %b, Actual gate_model value is %b, Actual dataflow value is %b, Actual behavioural model value is %b =====", $time, 32'sb00000000000000000000000000000000, v00000181621d15e0_0, v00000181621d0aa0_0, v00000181621d1220_0 {0 0 0};
    %jmp T_1.11;
T_1.10 ;
    %vpi_call 2 55 "$display", "===== t=%d PASSED SUCCESSFULLY =====", $time {0 0 0};
T_1.11 ;
T_1.9 ;
    %vpi_call 2 58 "$display", "===== A = 1'b1, B = 1'b1 =====" {0 0 0};
    %pushi/vec4 1, 0, 1;
    %store/vec4 v00000181621d10e0_0, 0, 1;
    %pushi/vec4 1, 0, 1;
    %store/vec4 v00000181621d0dc0_0, 0, 1;
    %delay 1, 0;
    %load/vec4 v00000181621d0820_0;
    %pad/u 32;
    %cmpi/ne 0, 0, 32;
    %flag_mov 8, 4;
    %load/vec4 v00000181621d14a0_0;
    %pad/u 32;
    %cmpi/ne 0, 0, 32;
    %flag_or 4, 8;
    %flag_mov 8, 4;
    %load/vec4 v00000181621d0c80_0;
    %pad/u 32;
    %cmpi/ne 0, 0, 32;
    %flag_or 4, 8;
    %jmp/0xz  T_1.12, 4;
    %vpi_call 2 62 "$display", "===== t=%d FAILED, output does not match =====", $time {0 0 0};
    %vpi_call 2 63 "$display", "===== t=%d Expected value is %b, Actual gate_model value is %b, Actual dataflow value is %b, Actual behavioural model value is %b =====", $time, 32'sb00000000000000000000000000000001, v00000181621d0820_0, v00000181621d14a0_0, v00000181621d0c80_0 {0 0 0};
    %jmp T_1.13;
T_1.12 ;
    %load/vec4 v00000181621d15e0_0;
    %pad/u 32;
    %cmpi/ne 0, 0, 32;
    %flag_mov 8, 4;
    %load/vec4 v00000181621d0aa0_0;
    %pad/u 32;
    %cmpi/ne 0, 0, 32;
    %flag_or 4, 8;
    %flag_mov 8, 4;
    %load/vec4 v00000181621d1220_0;
    %pad/u 32;
    %cmpi/ne 0, 0, 32;
    %flag_or 4, 8;
    %jmp/0xz  T_1.14, 4;
    %vpi_call 2 66 "$display", "===== t=%d FAILED, output does not match =====", $time {0 0 0};
    %vpi_call 2 67 "$display", "===== t=%d Expected value is %b, Actual gate_model value is %b, Actual dataflow value is %b, Actual behavioural model value is %b =====", $time, 32'sb00000000000000000000000000000000, v00000181621d15e0_0, v00000181621d0aa0_0, v00000181621d1220_0 {0 0 0};
    %jmp T_1.15;
T_1.14 ;
    %vpi_call 2 70 "$display", "===== t=%d PASSED SUCCESSFULLY =====", $time {0 0 0};
T_1.15 ;
T_1.13 ;
    %end;
    .thread T_1;
# The file index is used to find the file name in the following table.
:file_names 4;
    "N/A";
    "<interactive>";
    "../tb/test_bench14.v";
    "../rtl/half_subtractor.v";
