#! /c/Source/iverilog-install/bin/vvp
:ivl_version "12.0 (devel)" "(s20150603-1110-g18392a46)";
:ivl_delay_selection "TYPICAL";
:vpi_time_precision + 0;
:vpi_module "C:\iverilog\lib\ivl\system.vpi";
:vpi_module "C:\iverilog\lib\ivl\vhdl_sys.vpi";
:vpi_module "C:\iverilog\lib\ivl\vhdl_textio.vpi";
:vpi_module "C:\iverilog\lib\ivl\v2005_math.vpi";
:vpi_module "C:\iverilog\lib\ivl\va_math.vpi";
S_000001de16e3fae0 .scope module, "test_bench" "test_bench" 2 1;
 .timescale 0 0;
v000001de16e3af70_0 .net "Q", 3 0, L_000001de16e9d5a0;  1 drivers
v000001de16e3b0b0_0 .var "a", 3 0;
v000001de16e3aed0_0 .var "clk", 0 0;
v000001de16e3b150_0 .var/i "i", 31 0;
v000001de16e9d8c0_0 .var "rst_n", 0 0;
E_000001de16e3e030 .event posedge, v000001de16e3ae30_0;
S_000001de16f2d9c0 .scope module, "DUT" "asyn_counter" 2 8, 3 1 0, S_000001de16e3fae0;
 .timescale 0 0;
    .port_info 0 /INPUT 1 "clk";
    .port_info 1 /INPUT 1 "rst_n";
    .port_info 2 /OUTPUT 4 "Q";
v000001de16e3acf0_0 .net "Q", 3 0, L_000001de16e9d5a0;  alias, 1 drivers
v000001de16e3b010_0 .net "clk", 0 0, v000001de16e3aed0_0;  1 drivers
v000001de16e3ad90_0 .net "rst_n", 0 0, v000001de16e9d8c0_0;  1 drivers
L_000001de16e9e900 .part L_000001de16e9d5a0, 0, 1;
L_000001de16e9db40 .part L_000001de16e9d5a0, 1, 1;
L_000001de16e9daa0 .part L_000001de16e9d5a0, 2, 1;
L_000001de16e9d5a0 .concat8 [ 1 1 1 1], v000001de16e3b1f0_0, v000001de16e3b470_0, v000001de16e3aa70_0, v000001de16e3b830_0;
S_000001de16f2db50 .scope module, "t1" "t_ff" 3 7, 4 1 0, S_000001de16f2d9c0;
 .timescale 0 0;
    .port_info 0 /INPUT 1 "clk";
    .port_info 1 /INPUT 1 "rst_n";
    .port_info 2 /INPUT 1 "T";
    .port_info 3 /OUTPUT 1 "Q";
v000001de16e3b1f0_0 .var "Q", 0 0;
L_000001de16e9f068 .functor BUFT 1, C4<1>, C4<0>, C4<0>, C4<0>;
v000001de16e3a9d0_0 .net "T", 0 0, L_000001de16e9f068;  1 drivers
v000001de16e3ae30_0 .net "clk", 0 0, v000001de16e3aed0_0;  alias, 1 drivers
v000001de16e3b3d0_0 .net "rst_n", 0 0, v000001de16e9d8c0_0;  alias, 1 drivers
E_000001de16e3e830/0 .event negedge, v000001de16e3b3d0_0;
E_000001de16e3e830/1 .event posedge, v000001de16e3ae30_0;
E_000001de16e3e830 .event/or E_000001de16e3e830/0, E_000001de16e3e830/1;
S_000001de16f2dce0 .scope module, "t2" "t_ff" 3 8, 4 1 0, S_000001de16f2d9c0;
 .timescale 0 0;
    .port_info 0 /INPUT 1 "clk";
    .port_info 1 /INPUT 1 "rst_n";
    .port_info 2 /INPUT 1 "T";
    .port_info 3 /OUTPUT 1 "Q";
v000001de16e3b470_0 .var "Q", 0 0;
L_000001de16e9f0b0 .functor BUFT 1, C4<1>, C4<0>, C4<0>, C4<0>;
v000001de16e3b290_0 .net "T", 0 0, L_000001de16e9f0b0;  1 drivers
v000001de16e3b5b0_0 .net "clk", 0 0, L_000001de16e9e900;  1 drivers
v000001de16e3b6f0_0 .net "rst_n", 0 0, v000001de16e9d8c0_0;  alias, 1 drivers
E_000001de16e3e1b0/0 .event negedge, v000001de16e3b3d0_0;
E_000001de16e3e1b0/1 .event posedge, v000001de16e3b5b0_0;
E_000001de16e3e1b0 .event/or E_000001de16e3e1b0/0, E_000001de16e3e1b0/1;
S_000001de16e3bbc0 .scope module, "t3" "t_ff" 3 9, 4 1 0, S_000001de16f2d9c0;
 .timescale 0 0;
    .port_info 0 /INPUT 1 "clk";
    .port_info 1 /INPUT 1 "rst_n";
    .port_info 2 /INPUT 1 "T";
    .port_info 3 /OUTPUT 1 "Q";
v000001de16e3aa70_0 .var "Q", 0 0;
L_000001de16e9f0f8 .functor BUFT 1, C4<1>, C4<0>, C4<0>, C4<0>;
v000001de16e3b510_0 .net "T", 0 0, L_000001de16e9f0f8;  1 drivers
v000001de16e3b650_0 .net "clk", 0 0, L_000001de16e9db40;  1 drivers
v000001de16e3ab10_0 .net "rst_n", 0 0, v000001de16e9d8c0_0;  alias, 1 drivers
E_000001de16e3e2f0/0 .event negedge, v000001de16e3b3d0_0;
E_000001de16e3e2f0/1 .event posedge, v000001de16e3b650_0;
E_000001de16e3e2f0 .event/or E_000001de16e3e2f0/0, E_000001de16e3e2f0/1;
S_000001de16e3bd50 .scope module, "t4" "t_ff" 3 10, 4 1 0, S_000001de16f2d9c0;
 .timescale 0 0;
    .port_info 0 /INPUT 1 "clk";
    .port_info 1 /INPUT 1 "rst_n";
    .port_info 2 /INPUT 1 "T";
    .port_info 3 /OUTPUT 1 "Q";
v000001de16e3b830_0 .var "Q", 0 0;
L_000001de16e9f140 .functor BUFT 1, C4<1>, C4<0>, C4<0>, C4<0>;
v000001de16e3b330_0 .net "T", 0 0, L_000001de16e9f140;  1 drivers
v000001de16e3abb0_0 .net "clk", 0 0, L_000001de16e9daa0;  1 drivers
v000001de16e3ac50_0 .net "rst_n", 0 0, v000001de16e9d8c0_0;  alias, 1 drivers
E_000001de16e3e9f0/0 .event negedge, v000001de16e3b3d0_0;
E_000001de16e3e9f0/1 .event posedge, v000001de16e3abb0_0;
E_000001de16e3e9f0 .event/or E_000001de16e3e9f0/0, E_000001de16e3e9f0/1;
    .scope S_000001de16f2db50;
T_0 ;
    %wait E_000001de16e3e830;
    %load/vec4 v000001de16e3b3d0_0;
    %nor/r;
    %flag_set/vec4 8;
    %jmp/0xz  T_0.0, 8;
    %pushi/vec4 0, 0, 1;
    %assign/vec4 v000001de16e3b1f0_0, 0;
    %jmp T_0.1;
T_0.0 ;
    %load/vec4 v000001de16e3a9d0_0;
    %flag_set/vec4 8;
    %jmp/0xz  T_0.2, 8;
    %load/vec4 v000001de16e3b1f0_0;
    %inv;
    %assign/vec4 v000001de16e3b1f0_0, 0;
    %jmp T_0.3;
T_0.2 ;
    %load/vec4 v000001de16e3b1f0_0;
    %assign/vec4 v000001de16e3b1f0_0, 0;
T_0.3 ;
T_0.1 ;
    %jmp T_0;
    .thread T_0;
    .scope S_000001de16f2dce0;
T_1 ;
    %wait E_000001de16e3e1b0;
    %load/vec4 v000001de16e3b6f0_0;
    %nor/r;
    %flag_set/vec4 8;
    %jmp/0xz  T_1.0, 8;
    %pushi/vec4 0, 0, 1;
    %assign/vec4 v000001de16e3b470_0, 0;
    %jmp T_1.1;
T_1.0 ;
    %load/vec4 v000001de16e3b290_0;
    %flag_set/vec4 8;
    %jmp/0xz  T_1.2, 8;
    %load/vec4 v000001de16e3b470_0;
    %inv;
    %assign/vec4 v000001de16e3b470_0, 0;
    %jmp T_1.3;
T_1.2 ;
    %load/vec4 v000001de16e3b470_0;
    %assign/vec4 v000001de16e3b470_0, 0;
T_1.3 ;
T_1.1 ;
    %jmp T_1;
    .thread T_1;
    .scope S_000001de16e3bbc0;
T_2 ;
    %wait E_000001de16e3e2f0;
    %load/vec4 v000001de16e3ab10_0;
    %nor/r;
    %flag_set/vec4 8;
    %jmp/0xz  T_2.0, 8;
    %pushi/vec4 0, 0, 1;
    %assign/vec4 v000001de16e3aa70_0, 0;
    %jmp T_2.1;
T_2.0 ;
    %load/vec4 v000001de16e3b510_0;
    %flag_set/vec4 8;
    %jmp/0xz  T_2.2, 8;
    %load/vec4 v000001de16e3aa70_0;
    %inv;
    %assign/vec4 v000001de16e3aa70_0, 0;
    %jmp T_2.3;
T_2.2 ;
    %load/vec4 v000001de16e3aa70_0;
    %assign/vec4 v000001de16e3aa70_0, 0;
T_2.3 ;
T_2.1 ;
    %jmp T_2;
    .thread T_2;
    .scope S_000001de16e3bd50;
T_3 ;
    %wait E_000001de16e3e9f0;
    %load/vec4 v000001de16e3ac50_0;
    %nor/r;
    %flag_set/vec4 8;
    %jmp/0xz  T_3.0, 8;
    %pushi/vec4 0, 0, 1;
    %assign/vec4 v000001de16e3b830_0, 0;
    %jmp T_3.1;
T_3.0 ;
    %load/vec4 v000001de16e3b330_0;
    %flag_set/vec4 8;
    %jmp/0xz  T_3.2, 8;
    %load/vec4 v000001de16e3b830_0;
    %inv;
    %assign/vec4 v000001de16e3b830_0, 0;
    %jmp T_3.3;
T_3.2 ;
    %load/vec4 v000001de16e3b830_0;
    %assign/vec4 v000001de16e3b830_0, 0;
T_3.3 ;
T_3.1 ;
    %jmp T_3;
    .thread T_3;
    .scope S_000001de16e3fae0;
T_4 ;
    %pushi/vec4 0, 0, 1;
    %store/vec4 v000001de16e3aed0_0, 0, 1;
T_4.0 ;
    %delay 25, 0;
    %load/vec4 v000001de16e3aed0_0;
    %inv;
    %store/vec4 v000001de16e3aed0_0, 0, 1;
    %jmp T_4.0;
    %end;
    .thread T_4;
    .scope S_000001de16e3fae0;
T_5 ;
    %vpi_call 2 16 "$dumpfile", "wave.vcd" {0 0 0};
    %vpi_call 2 17 "$dumpvars", 32'sb00000000000000000000000000000000, S_000001de16e3fae0 {0 0 0};
    %vpi_call 2 18 "$display", "===== Asynchronous Counter Testbench =====" {0 0 0};
    %vpi_call 2 19 "$monitor", "===== With Reset value = %b =====", v000001de16e9d8c0_0 {0 0 0};
    %pushi/vec4 0, 0, 1;
    %store/vec4 v000001de16e9d8c0_0, 0, 1;
    %wait E_000001de16e3e030;
    %delay 1, 0;
    %load/vec4 v000001de16e3af70_0;
    %pad/u 32;
    %cmpi/ne 0, 0, 32;
    %jmp/0xz  T_5.0, 4;
    %vpi_call 2 24 "$display", "===== t=%d FAILED, output does not match =====", $time {0 0 0};
    %vpi_call 2 25 "$display", "===== t=%d Expected value is %b, Actual value is %b =====", $time, 32'sb00000000000000000000000000000000, v000001de16e3af70_0 {0 0 0};
    %jmp T_5.1;
T_5.0 ;
    %vpi_call 2 28 "$display", "===== t=%d PASSED SUCCESSFULLY =====", $time {0 0 0};
T_5.1 ;
    %pushi/vec4 1, 0, 1;
    %store/vec4 v000001de16e9d8c0_0, 0, 1;
    %pushi/vec4 15, 0, 4;
    %store/vec4 v000001de16e3b0b0_0, 0, 4;
    %pushi/vec4 0, 0, 32;
    %store/vec4 v000001de16e3b150_0, 0, 32;
T_5.2 ;
    %load/vec4 v000001de16e3b150_0;
    %cmpi/s 16, 0, 32;
    %jmp/0xz T_5.3, 5;
    %wait E_000001de16e3e030;
    %delay 1, 0;
    %load/vec4 v000001de16e3af70_0;
    %load/vec4 v000001de16e3b0b0_0;
    %cmp/ne;
    %jmp/0xz  T_5.4, 4;
    %vpi_call 2 36 "$display", "===== t=%d FAILED, output does not match =====", $time {0 0 0};
    %vpi_call 2 37 "$display", "===== t=%d Expected value is %b, Actual value is %b =====", $time, v000001de16e3b0b0_0, v000001de16e3af70_0 {0 0 0};
    %jmp T_5.5;
T_5.4 ;
    %vpi_call 2 40 "$display", "===== t=%d PASSED SUCCESSFULLY =====", $time {0 0 0};
T_5.5 ;
    %load/vec4 v000001de16e3b0b0_0;
    %subi 1, 0, 4;
    %store/vec4 v000001de16e3b0b0_0, 0, 4;
    %load/vec4 v000001de16e3b150_0;
    %addi 1, 0, 32;
    %store/vec4 v000001de16e3b150_0, 0, 32;
    %jmp T_5.2;
T_5.3 ;
    %delay 10, 0;
    %vpi_call 2 45 "$finish" {0 0 0};
    %end;
    .thread T_5;
# The file index is used to find the file name in the following table.
:file_names 5;
    "N/A";
    "<interactive>";
    "../tb/test_bench.v";
    "../rtl/asyn_counter.v";
    "../rtl/t_ff.v";
