#! /c/Source/iverilog-install/bin/vvp
:ivl_version "12.0 (devel)" "(s20150603-1110-g18392a46)";
:ivl_delay_selection "TYPICAL";
:vpi_time_precision + 0;
:vpi_module "C:\iverilog\lib\ivl\system.vpi";
:vpi_module "C:\iverilog\lib\ivl\vhdl_sys.vpi";
:vpi_module "C:\iverilog\lib\ivl\vhdl_textio.vpi";
:vpi_module "C:\iverilog\lib\ivl\v2005_math.vpi";
:vpi_module "C:\iverilog\lib\ivl\va_math.vpi";
S_000001df8ac6a210 .scope module, "test_bench14" "test_bench14" 2 1;
 .timescale 0 0;
v000001df8ac6b850_0 .var "a", 0 0;
v000001df8ac6bdf0_0 .var "b", 0 0;
v000001df8ac6be90_0 .net "behav_carry", 0 0, v000001df8ac6b2b0_0;  1 drivers
v000001df8ac6b670_0 .net "behav_out", 0 0, v000001df8ac6bfd0_0;  1 drivers
v000001df8ac6bb70_0 .net "data_carry", 0 0, L_000001df8ac81700;  1 drivers
v000001df8ac6bf30_0 .net "data_out", 0 0, L_000001df8ac815b0;  1 drivers
v000001df8ac6b350_0 .net "gate_carry", 0 0, L_000001df8ac81310;  1 drivers
v000001df8ac6c070_0 .net "gate_out", 0 0, L_000001df8ac81150;  1 drivers
S_000001df8ac85500 .scope module, "DUT" "half_subtractor" 2 7, 3 1 0, S_000001df8ac6a210;
 .timescale 0 0;
    .port_info 0 /INPUT 1 "a";
    .port_info 1 /INPUT 1 "b";
    .port_info 2 /OUTPUT 1 "gate_out";
    .port_info 3 /OUTPUT 1 "gate_carry";
    .port_info 4 /OUTPUT 1 "data_out";
    .port_info 5 /OUTPUT 1 "data_carry";
    .port_info 6 /OUTPUT 1 "behav_out";
    .port_info 7 /OUTPUT 1 "behav_carry";
L_000001df8ac81150 .functor XOR 1, v000001df8ac6b850_0, v000001df8ac6bdf0_0, C4<0>, C4<0>;
L_000001df8ac811c0 .functor NOT 1, v000001df8ac6b850_0, C4<0>, C4<0>, C4<0>;
L_000001df8ac81310 .functor AND 1, L_000001df8ac811c0, v000001df8ac6bdf0_0, C4<1>, C4<1>;
L_000001df8ac815b0 .functor XOR 1, v000001df8ac6b850_0, v000001df8ac6bdf0_0, C4<0>, C4<0>;
L_000001df8ac81690 .functor NOT 1, v000001df8ac6b850_0, C4<0>, C4<0>, C4<0>;
L_000001df8ac81700 .functor AND 1, L_000001df8ac81690, v000001df8ac6bdf0_0, C4<1>, C4<1>;
v000001df8ac6c110_0 .net *"_ivl_5", 0 0, L_000001df8ac81690;  1 drivers
v000001df8ac6b990_0 .net "a", 0 0, v000001df8ac6b850_0;  1 drivers
v000001df8ac6bad0_0 .net "b", 0 0, v000001df8ac6bdf0_0;  1 drivers
v000001df8ac6b2b0_0 .var "behav_carry", 0 0;
v000001df8ac6bfd0_0 .var "behav_out", 0 0;
v000001df8ac6b210_0 .net "data_carry", 0 0, L_000001df8ac81700;  alias, 1 drivers
v000001df8ac6b8f0_0 .net "data_out", 0 0, L_000001df8ac815b0;  alias, 1 drivers
v000001df8ac6b5d0_0 .net "gate_carry", 0 0, L_000001df8ac81310;  alias, 1 drivers
v000001df8ac6b7b0_0 .net "gate_out", 0 0, L_000001df8ac81150;  alias, 1 drivers
v000001df8ac6ba30_0 .net "n_a", 0 0, L_000001df8ac811c0;  1 drivers
E_000001df8ac8df30 .event anyedge, v000001df8ac6b990_0, v000001df8ac6bad0_0;
    .scope S_000001df8ac85500;
T_0 ;
    %wait E_000001df8ac8df30;
    %load/vec4 v000001df8ac6b990_0;
    %load/vec4 v000001df8ac6bad0_0;
    %xor;
    %store/vec4 v000001df8ac6bfd0_0, 0, 1;
    %load/vec4 v000001df8ac6b990_0;
    %inv;
    %load/vec4 v000001df8ac6bad0_0;
    %and;
    %store/vec4 v000001df8ac6b2b0_0, 0, 1;
    %jmp T_0;
    .thread T_0, $push;
    .scope S_000001df8ac6a210;
T_1 ;
    %vpi_call 2 10 "$dumpfile", "wave14.vcd" {0 0 0};
    %vpi_call 2 11 "$dumpvars", 32'sb00000000000000000000000000000000, S_000001df8ac6a210 {0 0 0};
    %vpi_call 2 12 "$display", "===== Test Half Subtractor =====" {0 0 0};
    %vpi_call 2 13 "$display", "===== A = 1'b0, B = 1'b0 =====" {0 0 0};
    %pushi/vec4 0, 0, 1;
    %store/vec4 v000001df8ac6b850_0, 0, 1;
    %pushi/vec4 0, 0, 1;
    %store/vec4 v000001df8ac6bdf0_0, 0, 1;
    %delay 1, 0;
    %load/vec4 v000001df8ac6c070_0;
    %pad/u 32;
    %cmpi/ne 0, 0, 32;
    %flag_mov 8, 4;
    %load/vec4 v000001df8ac6bf30_0;
    %pad/u 32;
    %cmpi/ne 0, 0, 32;
    %flag_or 4, 8;
    %flag_mov 8, 4;
    %load/vec4 v000001df8ac6b670_0;
    %pad/u 32;
    %cmpi/ne 0, 0, 32;
    %flag_or 4, 8;
    %jmp/0xz  T_1.0, 4;
    %vpi_call 2 17 "$display", "===== t=%d FAILED, output does not match =====", $time {0 0 0};
    %vpi_call 2 18 "$display", "===== t=%d Expected value is %b, Actual gate_model value is %b, Actual dataflow value is %b, Actual behavioural model value is %b =====", $time, 32'sb00000000000000000000000000000000, v000001df8ac6c070_0, v000001df8ac6bf30_0, v000001df8ac6b670_0 {0 0 0};
    %jmp T_1.1;
T_1.0 ;
    %load/vec4 v000001df8ac6b350_0;
    %pad/u 32;
    %cmpi/ne 0, 0, 32;
    %flag_mov 8, 4;
    %load/vec4 v000001df8ac6bb70_0;
    %pad/u 32;
    %cmpi/ne 0, 0, 32;
    %flag_or 4, 8;
    %flag_mov 8, 4;
    %load/vec4 v000001df8ac6be90_0;
    %pad/u 32;
    %cmpi/ne 0, 0, 32;
    %flag_or 4, 8;
    %jmp/0xz  T_1.2, 4;
    %vpi_call 2 21 "$display", "===== t=%d FAILED, output does not match =====", $time {0 0 0};
    %vpi_call 2 22 "$display", "===== t=%d Expected value is %b, Actual gate_model value is %b, Actual dataflow value is %b, Actual behavioural model value is %b =====", $time, 32'sb00000000000000000000000000000000, v000001df8ac6b350_0, v000001df8ac6bb70_0, v000001df8ac6be90_0 {0 0 0};
    %jmp T_1.3;
T_1.2 ;
    %vpi_call 2 25 "$display", "===== t=%d PASSED SUCCESSFULLY =====", $time {0 0 0};
T_1.3 ;
T_1.1 ;
    %vpi_call 2 28 "$display", "===== A = 1'b0, B = 1'b1 =====" {0 0 0};
    %pushi/vec4 0, 0, 1;
    %store/vec4 v000001df8ac6b850_0, 0, 1;
    %pushi/vec4 1, 0, 1;
    %store/vec4 v000001df8ac6bdf0_0, 0, 1;
    %delay 1, 0;
    %load/vec4 v000001df8ac6c070_0;
    %pad/u 32;
    %cmpi/ne 1, 0, 32;
    %flag_mov 8, 4;
    %load/vec4 v000001df8ac6bf30_0;
    %pad/u 32;
    %cmpi/ne 1, 0, 32;
    %flag_or 4, 8;
    %flag_mov 8, 4;
    %load/vec4 v000001df8ac6b670_0;
    %pad/u 32;
    %cmpi/ne 1, 0, 32;
    %flag_or 4, 8;
    %jmp/0xz  T_1.4, 4;
    %vpi_call 2 32 "$display", "===== t=%d FAILED, output does not match =====", $time {0 0 0};
    %vpi_call 2 33 "$display", "===== t=%d Expected value is %b, Actual gate_model value is %b, Actual dataflow value is %b, Actual behavioural model value is %b =====", $time, 32'sb00000000000000000000000000000001, v000001df8ac6c070_0, v000001df8ac6bf30_0, v000001df8ac6b670_0 {0 0 0};
    %jmp T_1.5;
T_1.4 ;
    %load/vec4 v000001df8ac6b350_0;
    %pad/u 32;
    %cmpi/ne 1, 0, 32;
    %flag_mov 8, 4;
    %load/vec4 v000001df8ac6bb70_0;
    %pad/u 32;
    %cmpi/ne 1, 0, 32;
    %flag_or 4, 8;
    %flag_mov 8, 4;
    %load/vec4 v000001df8ac6be90_0;
    %pad/u 32;
    %cmpi/ne 1, 0, 32;
    %flag_or 4, 8;
    %jmp/0xz  T_1.6, 4;
    %vpi_call 2 36 "$display", "===== t=%d FAILED, output does not match =====", $time {0 0 0};
    %vpi_call 2 37 "$display", "===== t=%d Expected value is %b, Actual gate_model value is %b, Actual dataflow value is %b, Actual behavioural model value is %b =====", $time, 32'sb00000000000000000000000000000001, v000001df8ac6b350_0, v000001df8ac6bb70_0, v000001df8ac6be90_0 {0 0 0};
    %jmp T_1.7;
T_1.6 ;
    %vpi_call 2 40 "$display", "===== t=%d PASSED SUCCESSFULLY =====", $time {0 0 0};
T_1.7 ;
T_1.5 ;
    %vpi_call 2 43 "$display", "===== A = 1'b1, B = 1'b0 =====" {0 0 0};
    %pushi/vec4 1, 0, 1;
    %store/vec4 v000001df8ac6b850_0, 0, 1;
    %pushi/vec4 0, 0, 1;
    %store/vec4 v000001df8ac6bdf0_0, 0, 1;
    %delay 1, 0;
    %load/vec4 v000001df8ac6c070_0;
    %pad/u 32;
    %cmpi/ne 1, 0, 32;
    %flag_mov 8, 4;
    %load/vec4 v000001df8ac6bf30_0;
    %pad/u 32;
    %cmpi/ne 1, 0, 32;
    %flag_or 4, 8;
    %flag_mov 8, 4;
    %load/vec4 v000001df8ac6b670_0;
    %pad/u 32;
    %cmpi/ne 1, 0, 32;
    %flag_or 4, 8;
    %jmp/0xz  T_1.8, 4;
    %vpi_call 2 47 "$display", "===== t=%d FAILED, output does not match =====", $time {0 0 0};
    %vpi_call 2 48 "$display", "===== t=%d Expected value is %b, Actual gate_model value is %b, Actual dataflow value is %b, Actual behavioural model value is %b =====", $time, 32'sb00000000000000000000000000000001, v000001df8ac6c070_0, v000001df8ac6bf30_0, v000001df8ac6b670_0 {0 0 0};
    %jmp T_1.9;
T_1.8 ;
    %load/vec4 v000001df8ac6b350_0;
    %pad/u 32;
    %cmpi/ne 0, 0, 32;
    %flag_mov 8, 4;
    %load/vec4 v000001df8ac6bb70_0;
    %pad/u 32;
    %cmpi/ne 0, 0, 32;
    %flag_or 4, 8;
    %flag_mov 8, 4;
    %load/vec4 v000001df8ac6be90_0;
    %pad/u 32;
    %cmpi/ne 0, 0, 32;
    %flag_or 4, 8;
    %jmp/0xz  T_1.10, 4;
    %vpi_call 2 51 "$display", "===== t=%d FAILED, output does not match =====", $time {0 0 0};
    %vpi_call 2 52 "$display", "===== t=%d Expected value is %b, Actual gate_model value is %b, Actual dataflow value is %b, Actual behavioural model value is %b =====", $time, 32'sb00000000000000000000000000000000, v000001df8ac6b350_0, v000001df8ac6bb70_0, v000001df8ac6be90_0 {0 0 0};
    %jmp T_1.11;
T_1.10 ;
    %vpi_call 2 55 "$display", "===== t=%d PASSED SUCCESSFULLY =====", $time {0 0 0};
T_1.11 ;
T_1.9 ;
    %vpi_call 2 58 "$display", "===== A = 1'b1, B = 1'b1 =====" {0 0 0};
    %pushi/vec4 1, 0, 1;
    %store/vec4 v000001df8ac6b850_0, 0, 1;
    %pushi/vec4 1, 0, 1;
    %store/vec4 v000001df8ac6bdf0_0, 0, 1;
    %delay 1, 0;
    %load/vec4 v000001df8ac6c070_0;
    %pad/u 32;
    %cmpi/ne 0, 0, 32;
    %flag_mov 8, 4;
    %load/vec4 v000001df8ac6bf30_0;
    %pad/u 32;
    %cmpi/ne 0, 0, 32;
    %flag_or 4, 8;
    %flag_mov 8, 4;
    %load/vec4 v000001df8ac6b670_0;
    %pad/u 32;
    %cmpi/ne 0, 0, 32;
    %flag_or 4, 8;
    %jmp/0xz  T_1.12, 4;
    %vpi_call 2 62 "$display", "===== t=%d FAILED, output does not match =====", $time {0 0 0};
    %vpi_call 2 63 "$display", "===== t=%d Expected value is %b, Actual gate_model value is %b, Actual dataflow value is %b, Actual behavioural model value is %b =====", $time, 32'sb00000000000000000000000000000001, v000001df8ac6c070_0, v000001df8ac6bf30_0, v000001df8ac6b670_0 {0 0 0};
    %jmp T_1.13;
T_1.12 ;
    %load/vec4 v000001df8ac6b350_0;
    %pad/u 32;
    %cmpi/ne 0, 0, 32;
    %flag_mov 8, 4;
    %load/vec4 v000001df8ac6bb70_0;
    %pad/u 32;
    %cmpi/ne 0, 0, 32;
    %flag_or 4, 8;
    %flag_mov 8, 4;
    %load/vec4 v000001df8ac6be90_0;
    %pad/u 32;
    %cmpi/ne 0, 0, 32;
    %flag_or 4, 8;
    %jmp/0xz  T_1.14, 4;
    %vpi_call 2 66 "$display", "===== t=%d FAILED, output does not match =====", $time {0 0 0};
    %vpi_call 2 67 "$display", "===== t=%d Expected value is %b, Actual gate_model value is %b, Actual dataflow value is %b, Actual behavioural model value is %b =====", $time, 32'sb00000000000000000000000000000000, v000001df8ac6b350_0, v000001df8ac6bb70_0, v000001df8ac6be90_0 {0 0 0};
    %jmp T_1.15;
T_1.14 ;
    %vpi_call 2 70 "$display", "===== t=%d PASSED SUCCESSFULLY =====", $time {0 0 0};
T_1.15 ;
T_1.13 ;
    %end;
    .thread T_1;
# The file index is used to find the file name in the following table.
:file_names 4;
    "N/A";
    "<interactive>";
    "test_bench14.v";
    "half_subtractor.v";
