#! /c/Source/iverilog-install/bin/vvp
:ivl_version "12.0 (devel)" "(s20150603-1110-g18392a46)";
:ivl_delay_selection "TYPICAL";
:vpi_time_precision + 0;
:vpi_module "C:\iverilog\lib\ivl\system.vpi";
:vpi_module "C:\iverilog\lib\ivl\vhdl_sys.vpi";
:vpi_module "C:\iverilog\lib\ivl\vhdl_textio.vpi";
:vpi_module "C:\iverilog\lib\ivl\v2005_math.vpi";
:vpi_module "C:\iverilog\lib\ivl\va_math.vpi";
S_0000016e8658cb20 .scope module, "test_bench16" "test_bench16" 2 1;
 .timescale 0 0;
v0000016e8662f540_0 .var "a", 0 0;
v0000016e8662f5e0_0 .var "b", 0 0;
v0000016e8662ff40_0 .net "behav_out", 0 0, v0000016e8662f2c0_0;  1 drivers
v0000016e8662f680_0 .var "c", 0 0;
v0000016e8662f860_0 .net "data_out", 0 0, L_0000016e86631800;  1 drivers
v0000016e8662f9a0_0 .net "gate_out", 0 0, L_0000016e866311e0;  1 drivers
S_0000016e8658ccb0 .scope module, "DUT" "majority_circuit" 2 6, 3 1 0, S_0000016e8658cb20;
 .timescale 0 0;
    .port_info 0 /INPUT 1 "a";
    .port_info 1 /INPUT 1 "b";
    .port_info 2 /INPUT 1 "c";
    .port_info 3 /OUTPUT 1 "gate_out";
    .port_info 4 /OUTPUT 1 "data_out";
    .port_info 5 /OUTPUT 1 "behav_out";
L_0000016e865c5fe0 .functor AND 1, v0000016e8662f540_0, v0000016e8662f5e0_0, C4<1>, C4<1>;
L_0000016e865c6050 .functor AND 1, v0000016e8662f540_0, v0000016e8662f680_0, C4<1>, C4<1>;
L_0000016e86631e20 .functor AND 1, v0000016e8662f680_0, v0000016e8662f5e0_0, C4<1>, C4<1>;
L_0000016e866311e0 .functor OR 1, L_0000016e865c5fe0, L_0000016e865c6050, L_0000016e86631e20, C4<0>;
L_0000016e86631790 .functor AND 1, v0000016e8662f540_0, v0000016e8662f5e0_0, C4<1>, C4<1>;
L_0000016e86631250 .functor AND 1, v0000016e8662f540_0, v0000016e8662f680_0, C4<1>, C4<1>;
L_0000016e86631100 .functor OR 1, L_0000016e86631790, L_0000016e86631250, C4<0>, C4<0>;
L_0000016e86631480 .functor AND 1, v0000016e8662f5e0_0, v0000016e8662f680_0, C4<1>, C4<1>;
L_0000016e86631800 .functor OR 1, L_0000016e86631100, L_0000016e86631480, C4<0>, C4<0>;
v0000016e865a2ba0_0 .net *"_ivl_10", 0 0, L_0000016e86631480;  1 drivers
v0000016e865a2dc0_0 .net *"_ivl_4", 0 0, L_0000016e86631790;  1 drivers
v0000016e865cca30_0 .net *"_ivl_6", 0 0, L_0000016e86631250;  1 drivers
v0000016e865cd3d0_0 .net *"_ivl_8", 0 0, L_0000016e86631100;  1 drivers
v0000016e8658ce40_0 .net "a", 0 0, v0000016e8662f540_0;  1 drivers
v0000016e8662fcc0_0 .net "b", 0 0, v0000016e8662f5e0_0;  1 drivers
v0000016e8662f2c0_0 .var "behav_out", 0 0;
v0000016e8662fd60_0 .net "c", 0 0, v0000016e8662f680_0;  1 drivers
v0000016e8662f4a0_0 .net "data_out", 0 0, L_0000016e86631800;  alias, 1 drivers
v0000016e8662ffe0_0 .net "f1", 0 0, L_0000016e865c5fe0;  1 drivers
v0000016e8662f0e0_0 .net "f2", 0 0, L_0000016e865c6050;  1 drivers
v0000016e8662fb80_0 .net "f3", 0 0, L_0000016e86631e20;  1 drivers
v0000016e8662f400_0 .net "gate_out", 0 0, L_0000016e866311e0;  alias, 1 drivers
E_0000016e865cee90 .event anyedge, v0000016e8658ce40_0, v0000016e8662fcc0_0, v0000016e8662fd60_0;
S_0000016e865d5250 .scope task, "check_result" "check_result" 2 49, 2 49 0, S_0000016e8658cb20;
 .timescale 0 0;
v0000016e8662fc20_0 .var "e", 0 0;
v0000016e8662f220_0 .var "expected_result", 0 0;
v0000016e8662f180_0 .var "f", 0 0;
v0000016e8662f360_0 .var "g", 0 0;
TD_test_bench16.check_result ;
    %load/vec4 v0000016e8662fc20_0;
    %load/vec4 v0000016e8662f220_0;
    %cmp/ne;
    %flag_mov 8, 4;
    %load/vec4 v0000016e8662f180_0;
    %load/vec4 v0000016e8662f220_0;
    %cmp/ne;
    %flag_or 4, 8;
    %flag_mov 8, 4;
    %load/vec4 v0000016e8662f360_0;
    %load/vec4 v0000016e8662f220_0;
    %cmp/ne;
    %flag_or 4, 8;
    %jmp/0xz  T_0.0, 4;
    %vpi_call 2 56 "$display", "===== t=%d FAILED, output value does not match =====", $time {0 0 0};
    %vpi_call 2 57 "$display", "===== t=%d Expected value is %2d, Actual gate_model value is %2d, Actual dataflow value is %2d, Actual behavioral_model value is %2d =====", $time, v0000016e8662f220_0, v0000016e8662fc20_0, v0000016e8662f180_0, v0000016e8662f360_0 {0 0 0};
    %jmp T_0.1;
T_0.0 ;
    %vpi_call 2 61 "$display", "===== t=%d PASSED SUCCESSFULLY =====", $time {0 0 0};
T_0.1 ;
    %end;
    .scope S_0000016e8658ccb0;
T_1 ;
    %wait E_0000016e865cee90;
    %load/vec4 v0000016e8658ce40_0;
    %load/vec4 v0000016e8662fcc0_0;
    %and;
    %load/vec4 v0000016e8658ce40_0;
    %load/vec4 v0000016e8662fd60_0;
    %and;
    %or;
    %load/vec4 v0000016e8662fcc0_0;
    %load/vec4 v0000016e8662fd60_0;
    %and;
    %or;
    %store/vec4 v0000016e8662f2c0_0, 0, 1;
    %jmp T_1;
    .thread T_1, $push;
    .scope S_0000016e8658cb20;
T_2 ;
    %vpi_call 2 9 "$dumpfile", "wave16.vcd" {0 0 0};
    %vpi_call 2 10 "$dumpvars", 32'sb00000000000000000000000000000000, S_0000016e8658cb20 {0 0 0};
    %vpi_call 2 11 "$display", "===== Majority Circuit Testbench =====" {0 0 0};
    %vpi_call 2 12 "$monitor", "===== With A = %b, B = %b, C = %b =====", v0000016e8662f540_0, v0000016e8662f5e0_0, v0000016e8662f680_0 {0 0 0};
    %pushi/vec4 0, 0, 1;
    %store/vec4 v0000016e8662f540_0, 0, 1;
    %pushi/vec4 0, 0, 1;
    %store/vec4 v0000016e8662f5e0_0, 0, 1;
    %pushi/vec4 0, 0, 1;
    %store/vec4 v0000016e8662f680_0, 0, 1;
    %delay 1, 0;
    %pushi/vec4 0, 0, 1;
    %store/vec4 v0000016e8662f220_0, 0, 1;
    %load/vec4 v0000016e8662f9a0_0;
    %store/vec4 v0000016e8662fc20_0, 0, 1;
    %load/vec4 v0000016e8662f860_0;
    %store/vec4 v0000016e8662f180_0, 0, 1;
    %load/vec4 v0000016e8662ff40_0;
    %store/vec4 v0000016e8662f360_0, 0, 1;
    %fork TD_test_bench16.check_result, S_0000016e865d5250;
    %join;
    %pushi/vec4 0, 0, 1;
    %store/vec4 v0000016e8662f540_0, 0, 1;
    %pushi/vec4 0, 0, 1;
    %store/vec4 v0000016e8662f5e0_0, 0, 1;
    %pushi/vec4 1, 0, 1;
    %store/vec4 v0000016e8662f680_0, 0, 1;
    %delay 1, 0;
    %pushi/vec4 0, 0, 1;
    %store/vec4 v0000016e8662f220_0, 0, 1;
    %load/vec4 v0000016e8662f9a0_0;
    %store/vec4 v0000016e8662fc20_0, 0, 1;
    %load/vec4 v0000016e8662f860_0;
    %store/vec4 v0000016e8662f180_0, 0, 1;
    %load/vec4 v0000016e8662ff40_0;
    %store/vec4 v0000016e8662f360_0, 0, 1;
    %fork TD_test_bench16.check_result, S_0000016e865d5250;
    %join;
    %pushi/vec4 0, 0, 1;
    %store/vec4 v0000016e8662f540_0, 0, 1;
    %pushi/vec4 1, 0, 1;
    %store/vec4 v0000016e8662f5e0_0, 0, 1;
    %pushi/vec4 0, 0, 1;
    %store/vec4 v0000016e8662f680_0, 0, 1;
    %delay 1, 0;
    %pushi/vec4 0, 0, 1;
    %store/vec4 v0000016e8662f220_0, 0, 1;
    %load/vec4 v0000016e8662f9a0_0;
    %store/vec4 v0000016e8662fc20_0, 0, 1;
    %load/vec4 v0000016e8662f860_0;
    %store/vec4 v0000016e8662f180_0, 0, 1;
    %load/vec4 v0000016e8662ff40_0;
    %store/vec4 v0000016e8662f360_0, 0, 1;
    %fork TD_test_bench16.check_result, S_0000016e865d5250;
    %join;
    %pushi/vec4 1, 0, 1;
    %store/vec4 v0000016e8662f540_0, 0, 1;
    %pushi/vec4 0, 0, 1;
    %store/vec4 v0000016e8662f5e0_0, 0, 1;
    %pushi/vec4 0, 0, 1;
    %store/vec4 v0000016e8662f680_0, 0, 1;
    %delay 1, 0;
    %pushi/vec4 0, 0, 1;
    %store/vec4 v0000016e8662f220_0, 0, 1;
    %load/vec4 v0000016e8662f9a0_0;
    %store/vec4 v0000016e8662fc20_0, 0, 1;
    %load/vec4 v0000016e8662f860_0;
    %store/vec4 v0000016e8662f180_0, 0, 1;
    %load/vec4 v0000016e8662ff40_0;
    %store/vec4 v0000016e8662f360_0, 0, 1;
    %fork TD_test_bench16.check_result, S_0000016e865d5250;
    %join;
    %pushi/vec4 0, 0, 1;
    %store/vec4 v0000016e8662f540_0, 0, 1;
    %pushi/vec4 1, 0, 1;
    %store/vec4 v0000016e8662f5e0_0, 0, 1;
    %pushi/vec4 1, 0, 1;
    %store/vec4 v0000016e8662f680_0, 0, 1;
    %delay 1, 0;
    %pushi/vec4 1, 0, 1;
    %store/vec4 v0000016e8662f220_0, 0, 1;
    %load/vec4 v0000016e8662f9a0_0;
    %store/vec4 v0000016e8662fc20_0, 0, 1;
    %load/vec4 v0000016e8662f860_0;
    %store/vec4 v0000016e8662f180_0, 0, 1;
    %load/vec4 v0000016e8662ff40_0;
    %store/vec4 v0000016e8662f360_0, 0, 1;
    %fork TD_test_bench16.check_result, S_0000016e865d5250;
    %join;
    %pushi/vec4 1, 0, 1;
    %store/vec4 v0000016e8662f540_0, 0, 1;
    %pushi/vec4 0, 0, 1;
    %store/vec4 v0000016e8662f5e0_0, 0, 1;
    %pushi/vec4 1, 0, 1;
    %store/vec4 v0000016e8662f680_0, 0, 1;
    %delay 1, 0;
    %pushi/vec4 1, 0, 1;
    %store/vec4 v0000016e8662f220_0, 0, 1;
    %load/vec4 v0000016e8662f9a0_0;
    %store/vec4 v0000016e8662fc20_0, 0, 1;
    %load/vec4 v0000016e8662f860_0;
    %store/vec4 v0000016e8662f180_0, 0, 1;
    %load/vec4 v0000016e8662ff40_0;
    %store/vec4 v0000016e8662f360_0, 0, 1;
    %fork TD_test_bench16.check_result, S_0000016e865d5250;
    %join;
    %pushi/vec4 1, 0, 1;
    %store/vec4 v0000016e8662f540_0, 0, 1;
    %pushi/vec4 1, 0, 1;
    %store/vec4 v0000016e8662f5e0_0, 0, 1;
    %pushi/vec4 0, 0, 1;
    %store/vec4 v0000016e8662f680_0, 0, 1;
    %delay 1, 0;
    %pushi/vec4 1, 0, 1;
    %store/vec4 v0000016e8662f220_0, 0, 1;
    %load/vec4 v0000016e8662f9a0_0;
    %store/vec4 v0000016e8662fc20_0, 0, 1;
    %load/vec4 v0000016e8662f860_0;
    %store/vec4 v0000016e8662f180_0, 0, 1;
    %load/vec4 v0000016e8662ff40_0;
    %store/vec4 v0000016e8662f360_0, 0, 1;
    %fork TD_test_bench16.check_result, S_0000016e865d5250;
    %join;
    %pushi/vec4 1, 0, 1;
    %store/vec4 v0000016e8662f540_0, 0, 1;
    %pushi/vec4 1, 0, 1;
    %store/vec4 v0000016e8662f5e0_0, 0, 1;
    %pushi/vec4 1, 0, 1;
    %store/vec4 v0000016e8662f680_0, 0, 1;
    %delay 1, 0;
    %pushi/vec4 1, 0, 1;
    %store/vec4 v0000016e8662f220_0, 0, 1;
    %load/vec4 v0000016e8662f9a0_0;
    %store/vec4 v0000016e8662fc20_0, 0, 1;
    %load/vec4 v0000016e8662f860_0;
    %store/vec4 v0000016e8662f180_0, 0, 1;
    %load/vec4 v0000016e8662ff40_0;
    %store/vec4 v0000016e8662f360_0, 0, 1;
    %fork TD_test_bench16.check_result, S_0000016e865d5250;
    %join;
    %vpi_call 2 45 "$finish" {0 0 0};
    %end;
    .thread T_2;
# The file index is used to find the file name in the following table.
:file_names 4;
    "N/A";
    "<interactive>";
    "test_bench16.v";
    "majority_circuit.v";
