#! /c/Source/iverilog-install/bin/vvp
:ivl_version "12.0 (devel)" "(s20150603-1110-g18392a46)";
:ivl_delay_selection "TYPICAL";
:vpi_time_precision + 0;
:vpi_module "C:\iverilog\lib\ivl\system.vpi";
:vpi_module "C:\iverilog\lib\ivl\vhdl_sys.vpi";
:vpi_module "C:\iverilog\lib\ivl\vhdl_textio.vpi";
:vpi_module "C:\iverilog\lib\ivl\v2005_math.vpi";
:vpi_module "C:\iverilog\lib\ivl\va_math.vpi";
S_000001f4e532ae50 .scope module, "test_bench6" "test_bench6" 2 1;
 .timescale 0 0;
v000001f4e536af70_0 .var "a", 0 0;
v000001f4e536b0b0_0 .var "b", 0 0;
v000001f4e536b150_0 .net "behav_carry", 0 0, v000001f4e536acf0_0;  1 drivers
v000001f4e536b1f0_0 .net "behav_sum", 0 0, v000001f4e536aed0_0;  1 drivers
v000001f4e5421db0_0 .var "cin", 0 0;
v000001f4e5421bd0_0 .net "data_carry", 0 0, L_000001f4e53abc80;  1 drivers
v000001f4e5421a90_0 .net "data_sum", 0 0, L_000001f4e53ab5f0;  1 drivers
v000001f4e5422990_0 .net "gate_carry", 0 0, L_000001f4e53ab510;  1 drivers
v000001f4e54227b0_0 .net "gate_sum", 0 0, L_000001f4e53ab270;  1 drivers
S_000001f4e53a65a0 .scope module, "DUT" "full_adder" 2 7, 3 1 0, S_000001f4e532ae50;
 .timescale 0 0;
    .port_info 0 /INPUT 1 "a";
    .port_info 1 /INPUT 1 "b";
    .port_info 2 /INPUT 1 "cin";
    .port_info 3 /OUTPUT 1 "gate_sum";
    .port_info 4 /OUTPUT 1 "data_sum";
    .port_info 5 /OUTPUT 1 "behav_sum";
    .port_info 6 /OUTPUT 1 "gate_carry";
    .port_info 7 /OUTPUT 1 "data_carry";
    .port_info 8 /OUTPUT 1 "behav_carry";
L_000001f4e53ab4a0 .functor XOR 1, v000001f4e536af70_0, v000001f4e536b0b0_0, C4<0>, C4<0>;
L_000001f4e53abd60 .functor AND 1, v000001f4e536af70_0, v000001f4e536b0b0_0, C4<1>, C4<1>;
L_000001f4e53abeb0 .functor AND 1, L_000001f4e53ab4a0, v000001f4e5421db0_0, C4<1>, C4<1>;
L_000001f4e53ab270 .functor XOR 1, L_000001f4e53ab4a0, v000001f4e5421db0_0, C4<0>, C4<0>;
L_000001f4e53ab510 .functor OR 1, L_000001f4e53abd60, L_000001f4e53abeb0, C4<0>, C4<0>;
L_000001f4e53ab970 .functor XOR 1, v000001f4e536af70_0, v000001f4e536b0b0_0, C4<0>, C4<0>;
L_000001f4e53ab660 .functor AND 1, v000001f4e536af70_0, v000001f4e536b0b0_0, C4<1>, C4<1>;
L_000001f4e53abb30 .functor AND 1, L_000001f4e53ab970, v000001f4e5421db0_0, C4<1>, C4<1>;
L_000001f4e53ab5f0 .functor XOR 1, L_000001f4e53ab970, v000001f4e5421db0_0, C4<0>, C4<0>;
L_000001f4e53abc80 .functor OR 1, L_000001f4e53ab660, L_000001f4e53abb30, C4<0>, C4<0>;
v000001f4e536b330_0 .net "a", 0 0, v000001f4e536af70_0;  1 drivers
v000001f4e536a930_0 .net "b", 0 0, v000001f4e536b0b0_0;  1 drivers
v000001f4e536acf0_0 .var "behav_carry", 0 0;
v000001f4e536a9d0_0 .var "behav_carry_1", 0 0;
v000001f4e536ae30_0 .var "behav_carry_2", 0 0;
v000001f4e536aed0_0 .var "behav_sum", 0 0;
v000001f4e536b290_0 .var "behav_sum_1", 0 0;
v000001f4e536ab10_0 .net "cin", 0 0, v000001f4e5421db0_0;  1 drivers
v000001f4e536b470_0 .net "data_carry", 0 0, L_000001f4e53abc80;  alias, 1 drivers
v000001f4e536abb0_0 .net "data_carry_1", 0 0, L_000001f4e53ab660;  1 drivers
v000001f4e536a750_0 .net "data_carry_2", 0 0, L_000001f4e53abb30;  1 drivers
v000001f4e536b010_0 .net "data_sum", 0 0, L_000001f4e53ab5f0;  alias, 1 drivers
v000001f4e536b510_0 .net "data_sum_1", 0 0, L_000001f4e53ab970;  1 drivers
v000001f4e536b5b0_0 .net "gate_carry", 0 0, L_000001f4e53ab510;  alias, 1 drivers
v000001f4e536ac50_0 .net "gate_carry_1", 0 0, L_000001f4e53abd60;  1 drivers
v000001f4e536a7f0_0 .net "gate_carry_2", 0 0, L_000001f4e53abeb0;  1 drivers
v000001f4e536a890_0 .net "gate_sum", 0 0, L_000001f4e53ab270;  alias, 1 drivers
v000001f4e536ad90_0 .net "gate_sum_1", 0 0, L_000001f4e53ab4a0;  1 drivers
E_000001f4e53b9de0 .event anyedge, v000001f4e536ae30_0, v000001f4e536a9d0_0, v000001f4e536b290_0, v000001f4e536ab10_0;
E_000001f4e53ba0a0 .event anyedge, v000001f4e536b290_0, v000001f4e536ab10_0;
E_000001f4e53ba3e0 .event anyedge, v000001f4e536b330_0, v000001f4e536a930_0;
    .scope S_000001f4e53a65a0;
T_0 ;
    %wait E_000001f4e53ba3e0;
    %load/vec4 v000001f4e536b330_0;
    %load/vec4 v000001f4e536a930_0;
    %and;
    %store/vec4 v000001f4e536a9d0_0, 0, 1;
    %load/vec4 v000001f4e536b330_0;
    %load/vec4 v000001f4e536a930_0;
    %xor;
    %store/vec4 v000001f4e536b290_0, 0, 1;
    %jmp T_0;
    .thread T_0, $push;
    .scope S_000001f4e53a65a0;
T_1 ;
    %wait E_000001f4e53ba0a0;
    %load/vec4 v000001f4e536b290_0;
    %load/vec4 v000001f4e536ab10_0;
    %and;
    %store/vec4 v000001f4e536ae30_0, 0, 1;
    %jmp T_1;
    .thread T_1, $push;
    .scope S_000001f4e53a65a0;
T_2 ;
    %wait E_000001f4e53b9de0;
    %load/vec4 v000001f4e536ae30_0;
    %load/vec4 v000001f4e536a9d0_0;
    %or;
    %store/vec4 v000001f4e536acf0_0, 0, 1;
    %load/vec4 v000001f4e536b290_0;
    %load/vec4 v000001f4e536ab10_0;
    %xor;
    %store/vec4 v000001f4e536aed0_0, 0, 1;
    %jmp T_2;
    .thread T_2, $push;
    .scope S_000001f4e532ae50;
T_3 ;
    %vpi_call 2 10 "$dumpfile", "wave6.vcd" {0 0 0};
    %vpi_call 2 11 "$dumpvars", 32'sb00000000000000000000000000000000, S_000001f4e532ae50 {0 0 0};
    %vpi_call 2 12 "$display", "===== Half Adder Testbench =====" {0 0 0};
    %vpi_call 2 13 "$display", "===== A = 0, B = 0, Cin = 0 =====" {0 0 0};
    %pushi/vec4 0, 0, 1;
    %store/vec4 v000001f4e536af70_0, 0, 1;
    %pushi/vec4 0, 0, 1;
    %store/vec4 v000001f4e536b0b0_0, 0, 1;
    %pushi/vec4 0, 0, 1;
    %store/vec4 v000001f4e5421db0_0, 0, 1;
    %load/vec4 v000001f4e54227b0_0;
    %pad/u 32;
    %cmpi/ne 0, 0, 32;
    %flag_mov 8, 4;
    %load/vec4 v000001f4e5421a90_0;
    %pad/u 32;
    %cmpi/ne 0, 0, 32;
    %flag_or 4, 8;
    %flag_mov 8, 4;
    %load/vec4 v000001f4e536b1f0_0;
    %pad/u 32;
    %cmpi/ne 0, 0, 32;
    %flag_or 4, 8;
    %jmp/0xz  T_3.0, 4;
    %vpi_call 2 16 "$display", "===== t=%d FAILED, value does not match =====", $time {0 0 0};
    %vpi_call 2 17 "$display", "===== t=%d Expected value is %b, Actual gate_model value is %b, Actual dataflow value is %b, Actual behavioral_model value is %b =====", $time, 32'sb00000000000000000000000000000000, v000001f4e54227b0_0, v000001f4e5421a90_0, v000001f4e536b1f0_0 {0 0 0};
    %jmp T_3.1;
T_3.0 ;
    %load/vec4 v000001f4e5422990_0;
    %pad/u 32;
    %cmpi/ne 0, 0, 32;
    %flag_mov 8, 4;
    %load/vec4 v000001f4e5421bd0_0;
    %pad/u 32;
    %cmpi/ne 0, 0, 32;
    %flag_or 4, 8;
    %flag_mov 8, 4;
    %load/vec4 v000001f4e536b150_0;
    %pad/u 32;
    %cmpi/ne 0, 0, 32;
    %flag_or 4, 8;
    %jmp/0xz  T_3.2, 4;
    %vpi_call 2 20 "$display", "===== t=%d FAILED, value does not match =====", $time {0 0 0};
    %vpi_call 2 21 "$display", "===== t=%d Expected value is %b, Actual gate_model carry is %b, Actual dataflow carry is %b, Actual behavioral_model carry is %b =====", $time, 32'sb00000000000000000000000000000000, v000001f4e5422990_0, v000001f4e5421bd0_0, v000001f4e536b150_0 {0 0 0};
    %jmp T_3.3;
T_3.2 ;
    %vpi_call 2 24 "$display", "===== PASSED SUCCESSFULLY =====" {0 0 0};
T_3.3 ;
T_3.1 ;
    %delay 1, 0;
    %vpi_call 2 28 "$display", "===== A = 0, B = 1, Cin = 0 =====" {0 0 0};
    %pushi/vec4 0, 0, 1;
    %store/vec4 v000001f4e536af70_0, 0, 1;
    %pushi/vec4 1, 0, 1;
    %store/vec4 v000001f4e536b0b0_0, 0, 1;
    %pushi/vec4 0, 0, 1;
    %store/vec4 v000001f4e5421db0_0, 0, 1;
    %delay 1, 0;
    %load/vec4 v000001f4e54227b0_0;
    %pad/u 32;
    %cmpi/ne 1, 0, 32;
    %flag_mov 8, 4;
    %load/vec4 v000001f4e5421a90_0;
    %pad/u 32;
    %cmpi/ne 1, 0, 32;
    %flag_or 4, 8;
    %flag_mov 8, 4;
    %load/vec4 v000001f4e536b1f0_0;
    %pad/u 32;
    %cmpi/ne 1, 0, 32;
    %flag_or 4, 8;
    %jmp/0xz  T_3.4, 4;
    %vpi_call 2 32 "$display", "===== t=%d FAILED, value does not match =====", $time {0 0 0};
    %vpi_call 2 33 "$display", "===== t=%d Expected value is %b, Actual gate_model value is %b, Actual dataflow value is %b, Actual behavioral_model value is %b =====", $time, 32'sb00000000000000000000000000000001, v000001f4e54227b0_0, v000001f4e5421a90_0, v000001f4e536b1f0_0 {0 0 0};
    %jmp T_3.5;
T_3.4 ;
    %load/vec4 v000001f4e5422990_0;
    %pad/u 32;
    %cmpi/ne 0, 0, 32;
    %flag_mov 8, 4;
    %load/vec4 v000001f4e5421bd0_0;
    %pad/u 32;
    %cmpi/ne 0, 0, 32;
    %flag_or 4, 8;
    %flag_mov 8, 4;
    %load/vec4 v000001f4e536b150_0;
    %pad/u 32;
    %cmpi/ne 0, 0, 32;
    %flag_or 4, 8;
    %jmp/0xz  T_3.6, 4;
    %vpi_call 2 36 "$display", "===== t=%d FAILED, value does not match =====", $time {0 0 0};
    %vpi_call 2 37 "$display", "===== t=%d Expected value is %b, Actual gate_model carry is %b, Actual dataflow carry is %b, Actual behavioral_model carry is %b =====", $time, 32'sb00000000000000000000000000000000, v000001f4e5422990_0, v000001f4e5421bd0_0, v000001f4e536b150_0 {0 0 0};
    %jmp T_3.7;
T_3.6 ;
    %vpi_call 2 40 "$display", "===== PASSED SUCCESSFULLY =====" {0 0 0};
T_3.7 ;
T_3.5 ;
    %delay 1, 0;
    %vpi_call 2 44 "$display", "===== A = 1, B = 0, Cin = 0 =====" {0 0 0};
    %pushi/vec4 1, 0, 1;
    %store/vec4 v000001f4e536af70_0, 0, 1;
    %pushi/vec4 0, 0, 1;
    %store/vec4 v000001f4e536b0b0_0, 0, 1;
    %pushi/vec4 0, 0, 1;
    %store/vec4 v000001f4e5421db0_0, 0, 1;
    %delay 1, 0;
    %load/vec4 v000001f4e54227b0_0;
    %pad/u 32;
    %cmpi/ne 1, 0, 32;
    %flag_mov 8, 4;
    %load/vec4 v000001f4e5421a90_0;
    %pad/u 32;
    %cmpi/ne 1, 0, 32;
    %flag_or 4, 8;
    %flag_mov 8, 4;
    %load/vec4 v000001f4e536b1f0_0;
    %pad/u 32;
    %cmpi/ne 1, 0, 32;
    %flag_or 4, 8;
    %jmp/0xz  T_3.8, 4;
    %vpi_call 2 48 "$display", "===== t=%d FAILED, value does not match =====", $time {0 0 0};
    %vpi_call 2 49 "$display", "===== t=%d Expected value is %b, Actual gate_model value is %b, Actual dataflow value is %b, Actual behavioral_model value is %b =====", $time, 32'sb00000000000000000000000000000001, v000001f4e54227b0_0, v000001f4e5421a90_0, v000001f4e536b1f0_0 {0 0 0};
    %jmp T_3.9;
T_3.8 ;
    %load/vec4 v000001f4e5422990_0;
    %pad/u 32;
    %cmpi/ne 0, 0, 32;
    %flag_mov 8, 4;
    %load/vec4 v000001f4e5421bd0_0;
    %pad/u 32;
    %cmpi/ne 0, 0, 32;
    %flag_or 4, 8;
    %flag_mov 8, 4;
    %load/vec4 v000001f4e536b150_0;
    %pad/u 32;
    %cmpi/ne 0, 0, 32;
    %flag_or 4, 8;
    %jmp/0xz  T_3.10, 4;
    %vpi_call 2 52 "$display", "===== t=%d FAILED, value does not match =====", $time {0 0 0};
    %vpi_call 2 53 "$display", "===== t=%d Expected value is %b, Actual gate_model carry is %b, Actual dataflow carry is %b, Actual behavioral_model carry is %b =====", $time, 32'sb00000000000000000000000000000000, v000001f4e5422990_0, v000001f4e5421bd0_0, v000001f4e536b150_0 {0 0 0};
    %jmp T_3.11;
T_3.10 ;
    %vpi_call 2 56 "$display", "===== PASSED SUCCESSFULLY =====" {0 0 0};
T_3.11 ;
T_3.9 ;
    %delay 1, 0;
    %vpi_call 2 60 "$display", "===== A = 0, B = 0, Cin = 1 =====" {0 0 0};
    %pushi/vec4 0, 0, 1;
    %store/vec4 v000001f4e536af70_0, 0, 1;
    %pushi/vec4 0, 0, 1;
    %store/vec4 v000001f4e536b0b0_0, 0, 1;
    %pushi/vec4 1, 0, 1;
    %store/vec4 v000001f4e5421db0_0, 0, 1;
    %delay 1, 0;
    %load/vec4 v000001f4e54227b0_0;
    %pad/u 32;
    %cmpi/ne 1, 0, 32;
    %flag_mov 8, 4;
    %load/vec4 v000001f4e5421a90_0;
    %pad/u 32;
    %cmpi/ne 1, 0, 32;
    %flag_or 4, 8;
    %flag_mov 8, 4;
    %load/vec4 v000001f4e536b1f0_0;
    %pad/u 32;
    %cmpi/ne 1, 0, 32;
    %flag_or 4, 8;
    %jmp/0xz  T_3.12, 4;
    %vpi_call 2 64 "$display", "===== t=%d FAILED, value does not match =====", $time {0 0 0};
    %vpi_call 2 65 "$display", "===== t=%d Expected value is %b, Actual gate_model value is %b, Actual dataflow value is %b, Actual behavioral_model value is %b =====", $time, 32'sb00000000000000000000000000000001, v000001f4e54227b0_0, v000001f4e5421a90_0, v000001f4e536b1f0_0 {0 0 0};
    %jmp T_3.13;
T_3.12 ;
    %load/vec4 v000001f4e5422990_0;
    %pad/u 32;
    %cmpi/ne 0, 0, 32;
    %flag_mov 8, 4;
    %load/vec4 v000001f4e5421bd0_0;
    %pad/u 32;
    %cmpi/ne 0, 0, 32;
    %flag_or 4, 8;
    %flag_mov 8, 4;
    %load/vec4 v000001f4e536b150_0;
    %pad/u 32;
    %cmpi/ne 0, 0, 32;
    %flag_or 4, 8;
    %jmp/0xz  T_3.14, 4;
    %vpi_call 2 68 "$display", "===== t=%d FAILED, value does not match =====", $time {0 0 0};
    %vpi_call 2 69 "$display", "===== t=%d Expected value is %b, Actual gate_model carry is %b, Actual dataflow carry is %b, Actual behavioral_model carry is %b =====", $time, 32'sb00000000000000000000000000000000, v000001f4e5422990_0, v000001f4e5421bd0_0, v000001f4e536b150_0 {0 0 0};
    %jmp T_3.15;
T_3.14 ;
    %vpi_call 2 72 "$display", "===== PASSED SUCCESSFULLY =====" {0 0 0};
T_3.15 ;
T_3.13 ;
    %delay 1, 0;
    %vpi_call 2 76 "$display", "===== A = 1, B = 1, Cin = 0 =====" {0 0 0};
    %pushi/vec4 1, 0, 1;
    %store/vec4 v000001f4e536af70_0, 0, 1;
    %pushi/vec4 1, 0, 1;
    %store/vec4 v000001f4e536b0b0_0, 0, 1;
    %pushi/vec4 0, 0, 1;
    %store/vec4 v000001f4e5421db0_0, 0, 1;
    %delay 1, 0;
    %load/vec4 v000001f4e54227b0_0;
    %pad/u 32;
    %cmpi/ne 0, 0, 32;
    %flag_mov 8, 4;
    %load/vec4 v000001f4e5421a90_0;
    %pad/u 32;
    %cmpi/ne 0, 0, 32;
    %flag_or 4, 8;
    %flag_mov 8, 4;
    %load/vec4 v000001f4e536b1f0_0;
    %pad/u 32;
    %cmpi/ne 0, 0, 32;
    %flag_or 4, 8;
    %jmp/0xz  T_3.16, 4;
    %vpi_call 2 80 "$display", "===== t=%d FAILED, value does not match =====", $time {0 0 0};
    %vpi_call 2 81 "$display", "===== t=%d Expected value is %b, Actual gate_model value is %b, Actual dataflow value is %b, Actual behavioral_model value is %b =====", $time, 32'sb00000000000000000000000000000001, v000001f4e54227b0_0, v000001f4e5421a90_0, v000001f4e536b1f0_0 {0 0 0};
    %jmp T_3.17;
T_3.16 ;
    %load/vec4 v000001f4e5422990_0;
    %pad/u 32;
    %cmpi/ne 1, 0, 32;
    %flag_mov 8, 4;
    %load/vec4 v000001f4e5421bd0_0;
    %pad/u 32;
    %cmpi/ne 1, 0, 32;
    %flag_or 4, 8;
    %flag_mov 8, 4;
    %load/vec4 v000001f4e536b150_0;
    %pad/u 32;
    %cmpi/ne 1, 0, 32;
    %flag_or 4, 8;
    %jmp/0xz  T_3.18, 4;
    %vpi_call 2 84 "$display", "===== t=%d FAILED, value does not match =====", $time {0 0 0};
    %vpi_call 2 85 "$display", "===== t=%d Expected value is %b, Actual gate_model carry is %b, Actual dataflow carry is %b, Actual behavioral_model carry is %b =====", $time, 32'sb00000000000000000000000000000001, v000001f4e5422990_0, v000001f4e5421bd0_0, v000001f4e536b150_0 {0 0 0};
    %jmp T_3.19;
T_3.18 ;
    %vpi_call 2 88 "$display", "===== PASSED SUCCESSFULLY =====" {0 0 0};
T_3.19 ;
T_3.17 ;
    %delay 1, 0;
    %vpi_call 2 92 "$display", "===== A = 0, B = 1, Cin = 1 =====" {0 0 0};
    %pushi/vec4 0, 0, 1;
    %store/vec4 v000001f4e536af70_0, 0, 1;
    %pushi/vec4 1, 0, 1;
    %store/vec4 v000001f4e536b0b0_0, 0, 1;
    %pushi/vec4 1, 0, 1;
    %store/vec4 v000001f4e5421db0_0, 0, 1;
    %delay 1, 0;
    %load/vec4 v000001f4e54227b0_0;
    %pad/u 32;
    %cmpi/ne 0, 0, 32;
    %flag_mov 8, 4;
    %load/vec4 v000001f4e5421a90_0;
    %pad/u 32;
    %cmpi/ne 0, 0, 32;
    %flag_or 4, 8;
    %flag_mov 8, 4;
    %load/vec4 v000001f4e536b1f0_0;
    %pad/u 32;
    %cmpi/ne 0, 0, 32;
    %flag_or 4, 8;
    %jmp/0xz  T_3.20, 4;
    %vpi_call 2 96 "$display", "===== t=%d FAILED, value does not match =====", $time {0 0 0};
    %vpi_call 2 97 "$display", "===== t=%d Expected value is %b, Actual gate_model value is %b, Actual dataflow value is %b, Actual behavioral_model value is %b =====", $time, 32'sb00000000000000000000000000000001, v000001f4e54227b0_0, v000001f4e5421a90_0, v000001f4e536b1f0_0 {0 0 0};
    %jmp T_3.21;
T_3.20 ;
    %load/vec4 v000001f4e5422990_0;
    %pad/u 32;
    %cmpi/ne 1, 0, 32;
    %flag_mov 8, 4;
    %load/vec4 v000001f4e5421bd0_0;
    %pad/u 32;
    %cmpi/ne 1, 0, 32;
    %flag_or 4, 8;
    %flag_mov 8, 4;
    %load/vec4 v000001f4e536b150_0;
    %pad/u 32;
    %cmpi/ne 1, 0, 32;
    %flag_or 4, 8;
    %jmp/0xz  T_3.22, 4;
    %vpi_call 2 100 "$display", "===== t=%d FAILED, value does not match =====", $time {0 0 0};
    %vpi_call 2 101 "$display", "===== t=%d Expected value is %b, Actual gate_model carry is %b, Actual dataflow carry is %b, Actual behavioral_model carry is %b =====", $time, 32'sb00000000000000000000000000000001, v000001f4e5422990_0, v000001f4e5421bd0_0, v000001f4e536b150_0 {0 0 0};
    %jmp T_3.23;
T_3.22 ;
    %vpi_call 2 104 "$display", "===== PASSED SUCCESSFULLY =====" {0 0 0};
T_3.23 ;
T_3.21 ;
    %delay 1, 0;
    %vpi_call 2 108 "$display", "===== A = 1, B = 0, Cin = 1 =====" {0 0 0};
    %pushi/vec4 1, 0, 1;
    %store/vec4 v000001f4e536af70_0, 0, 1;
    %pushi/vec4 0, 0, 1;
    %store/vec4 v000001f4e536b0b0_0, 0, 1;
    %pushi/vec4 1, 0, 1;
    %store/vec4 v000001f4e5421db0_0, 0, 1;
    %delay 1, 0;
    %load/vec4 v000001f4e54227b0_0;
    %pad/u 32;
    %cmpi/ne 0, 0, 32;
    %flag_mov 8, 4;
    %load/vec4 v000001f4e5421a90_0;
    %pad/u 32;
    %cmpi/ne 0, 0, 32;
    %flag_or 4, 8;
    %flag_mov 8, 4;
    %load/vec4 v000001f4e536b1f0_0;
    %pad/u 32;
    %cmpi/ne 0, 0, 32;
    %flag_or 4, 8;
    %jmp/0xz  T_3.24, 4;
    %vpi_call 2 112 "$display", "===== t=%d FAILED, value does not match =====", $time {0 0 0};
    %vpi_call 2 113 "$display", "===== t=%d Expected value is %b, Actual gate_model value is %b, Actual dataflow value is %b, Actual behavioral_model value is %b =====", $time, 32'sb00000000000000000000000000000001, v000001f4e54227b0_0, v000001f4e5421a90_0, v000001f4e536b1f0_0 {0 0 0};
    %jmp T_3.25;
T_3.24 ;
    %load/vec4 v000001f4e5422990_0;
    %pad/u 32;
    %cmpi/ne 1, 0, 32;
    %flag_mov 8, 4;
    %load/vec4 v000001f4e5421bd0_0;
    %pad/u 32;
    %cmpi/ne 1, 0, 32;
    %flag_or 4, 8;
    %flag_mov 8, 4;
    %load/vec4 v000001f4e536b150_0;
    %pad/u 32;
    %cmpi/ne 1, 0, 32;
    %flag_or 4, 8;
    %jmp/0xz  T_3.26, 4;
    %vpi_call 2 116 "$display", "===== t=%d FAILED, value does not match =====", $time {0 0 0};
    %vpi_call 2 117 "$display", "===== t=%d Expected value is %b, Actual gate_model carry is %b, Actual dataflow carry is %b, Actual behavioral_model carry is %b =====", $time, 32'sb00000000000000000000000000000001, v000001f4e5422990_0, v000001f4e5421bd0_0, v000001f4e536b150_0 {0 0 0};
    %jmp T_3.27;
T_3.26 ;
    %vpi_call 2 120 "$display", "===== PASSED SUCCESSFULLY =====" {0 0 0};
T_3.27 ;
T_3.25 ;
    %delay 1, 0;
    %vpi_call 2 124 "$display", "===== A = 1, B = 1, Cin = 1 =====" {0 0 0};
    %pushi/vec4 1, 0, 1;
    %store/vec4 v000001f4e536af70_0, 0, 1;
    %pushi/vec4 1, 0, 1;
    %store/vec4 v000001f4e536b0b0_0, 0, 1;
    %pushi/vec4 1, 0, 1;
    %store/vec4 v000001f4e5421db0_0, 0, 1;
    %delay 1, 0;
    %load/vec4 v000001f4e54227b0_0;
    %pad/u 32;
    %cmpi/ne 1, 0, 32;
    %flag_mov 8, 4;
    %load/vec4 v000001f4e5421a90_0;
    %pad/u 32;
    %cmpi/ne 1, 0, 32;
    %flag_or 4, 8;
    %flag_mov 8, 4;
    %load/vec4 v000001f4e536b1f0_0;
    %pad/u 32;
    %cmpi/ne 1, 0, 32;
    %flag_or 4, 8;
    %jmp/0xz  T_3.28, 4;
    %vpi_call 2 128 "$display", "===== t=%d FAILED, value does not match =====", $time {0 0 0};
    %vpi_call 2 129 "$display", "===== t=%d Expected value is %b, Actual gate_model value is %b, Actual dataflow value is %b, Actual behavioral_model value is %b =====", $time, 32'sb00000000000000000000000000000001, v000001f4e54227b0_0, v000001f4e5421a90_0, v000001f4e536b1f0_0 {0 0 0};
    %jmp T_3.29;
T_3.28 ;
    %load/vec4 v000001f4e5422990_0;
    %pad/u 32;
    %cmpi/ne 1, 0, 32;
    %flag_mov 8, 4;
    %load/vec4 v000001f4e5421bd0_0;
    %pad/u 32;
    %cmpi/ne 1, 0, 32;
    %flag_or 4, 8;
    %flag_mov 8, 4;
    %load/vec4 v000001f4e536b150_0;
    %pad/u 32;
    %cmpi/ne 1, 0, 32;
    %flag_or 4, 8;
    %jmp/0xz  T_3.30, 4;
    %vpi_call 2 132 "$display", "===== t=%d FAILED, value does not match =====", $time {0 0 0};
    %vpi_call 2 133 "$display", "===== t=%d Expected value is %b, Actual gate_model carry is %b, Actual dataflow carry is %b, Actual behavioral_model carry is %b =====", $time, 32'sb00000000000000000000000000000001, v000001f4e5422990_0, v000001f4e5421bd0_0, v000001f4e536b150_0 {0 0 0};
    %jmp T_3.31;
T_3.30 ;
    %vpi_call 2 136 "$display", "===== PASSED SUCCESSFULLY =====" {0 0 0};
T_3.31 ;
T_3.29 ;
    %delay 1, 0;
    %vpi_call 2 140 "$finish" {0 0 0};
    %end;
    .thread T_3;
# The file index is used to find the file name in the following table.
:file_names 4;
    "N/A";
    "<interactive>";
    "test_bench6.v";
    "full_adder.v";
